 line   address	contents
    1                      ; Linked by DLX-LD.
    2                      ; MemSize 24576
    3                      ; Data size: 414
    4                      ; Text size: 4852
    5                      ; Stack size: 8192
    6  00000000          	.text 0x1000
    7  00001000          	.data 0x3000
    8                      ; Compiled by GCC
    9  00003000          	.text
   10  00001000          	.align 2
   11  00001000          	.proc _isspace
   12  00001000          	.global _isspace
   13  00001000          	_isspace:
   14                      ;  Function 'isspace'; 0 bytes of locals, 1 regs to save.
   15  00001000  afbefffc	sw	-4(r29),r30; push fp
   16  00001004  001df020	add	r30,r0,r29; fp = sp
   17  00001008  afbffff8	sw	-8(r29),r31; push ret addr
   18  0000100c  2fbd0010	subui	r29,r29,#16; alloc local storage
   19  00001010  afa20000	sw	0(r29),r2
   20  00001014  83c20003	lb	r2,3(r30)
   21  00001018  201f0000	addi	r31,r0,#0
   22  0000101c  304100ff	andi	r1,r2,#0x00ff
   23  00001020  60210020	seqi	r1,r1,#32
   24  00001024  14200018	bnez	r1,L6_LF0
   25  00001028  54000000	nop; not filled.
   26  0000102c  2041fff7	addi	r1,r2,#-9
   27  00001030  302100ff	andi	r1,r1,#0x00ff
   28  00001034  70210001	sleui	r1,r1,#1
   29  00001038  10200008	beqz	r1,L5_LF0
   30  0000103c  54000000	nop; not filled.
   31  00001040          	L6_LF0:
   32  00001040  201f0001	addi	r31,r0,#1
   33  00001044          	L5_LF0:
   34  00001044  001f0820	add	r1,r0,r31
   35  00001048  8fa20000	lw	r2,0(r29)
   36  0000104c  8fdffff8	lw	r31,-8(r30)
   37  00001050  001ee820	add	r29,r0,r30
   38  00001054  8fdefffc	lw	r30,-4(r30)
   39  00001058  4be00000	jr	r31
   40  0000105c  54000000	nop
   41  00001060          	.endproc _isspace
   42  00001060          	.align 2
   43  00001060          	.proc _isxdigit
   44  00001060          	.global _isxdigit
   45  00001060          	_isxdigit:
   46                      ;  Function 'isxdigit'; 0 bytes of locals, 1 regs to save.
   47  00001060  afbefffc	sw	-4(r29),r30; push fp
   48  00001064  001df020	add	r30,r0,r29; fp = sp
   49  00001068  afbffff8	sw	-8(r29),r31; push ret addr
   50  0000106c  2fbd0010	subui	r29,r29,#16; alloc local storage
   51  00001070  afa20000	sw	0(r29),r2
   52  00001074  83df0003	lb	r31,3(r30)
   53  00001078  20020000	addi	r2,r0,#0
   54  0000107c  23e1ffd0	addi	r1,r31,#-48
   55  00001080  302100ff	andi	r1,r1,#0x00ff
   56  00001084  70210009	sleui	r1,r1,#9
   57  00001088  14200028	bnez	r1,L12_LF0
   58  0000108c  54000000	nop; not filled.
   59  00001090  23e1ff9f	addi	r1,r31,#-97
   60  00001094  302100ff	andi	r1,r1,#0x00ff
   61  00001098  70210005	sleui	r1,r1,#5
   62  0000109c  14200014	bnez	r1,L12_LF0
   63  000010a0  54000000	nop; not filled.
   64  000010a4  33e100ff	andi	r1,r31,#0x00ff
   65  000010a8  64210041	snei	r1,r1,#65
   66  000010ac  14200008	bnez	r1,L11_LF0
   67  000010b0  54000000	nop; not filled.
   68  000010b4          	L12_LF0:
   69  000010b4  20020001	addi	r2,r0,#1
   70  000010b8          	L11_LF0:
   71  000010b8  00020820	add	r1,r0,r2
   72  000010bc  8fa20000	lw	r2,0(r29)
   73  000010c0  8fdffff8	lw	r31,-8(r30)
   74  000010c4  001ee820	add	r29,r0,r30
   75  000010c8  8fdefffc	lw	r30,-4(r30)
   76  000010cc  4be00000	jr	r31
   77  000010d0  54000000	nop
   78  000010d4          	.endproc _isxdigit
   79  000010d4          	.data
   80  00003000          	.align 2
   81  00003000          	LC0_LF0:
   82  00003000  55736167	.ascii "Usage: \000"
   82  00003004  653a2000	
   83  00003008          	.align 2
   84  00003008          	LC1_LF0:
   85  00003008  203c6e75	.ascii " <number of processes to create>\n\000"
   85  0000300c  6d626572	
   85  00003010  206f6620	
   85  00003014  70726f63	
   85  00003018  65737365	
   85  0000301c  7320746f	
   85  00003020  20637265	
   85  00003024  6174653e	
   85  00003028  0a00    	
   86  0000302a          	.align 2
   87  0000302c          	LC2_LF0:
   88  0000302c  43726561	.ascii "Creating %d processes\n\000"
   88  00003030  74696e67	
   88  00003034  20256420	
   88  00003038  70726f63	
   88  0000303c  65737365	
   88  00003040  730a00  	
   89  00003043          	.align 2
   90  00003044          	LC3_LF0:
   91  00003044  4552524f	.ascii "ERROR: could not allocate shared memory page in \000"
   91  00003048  523a2063	
   91  0000304c  6f756c64	
   91  00003050  206e6f74	
   91  00003054  20616c6c	
   91  00003058  6f636174	
   91  0000305c  65207368	
   91  00003060  61726564	
   91  00003064  206d656d	
   91  00003068  6f727920	
   91  0000306c  70616765	
   91  00003070  20696e20	
   91  00003074  00      	
   92  00003075          	.align 2
   93  00003078          	LC4_LF0:
   94  00003078  2c206578	.ascii ", exiting...\n\000"
   94  0000307c  6974696e	
   94  00003080  672e2e2e	
   94  00003084  0a00    	
   95  00003086          	.align 2
   96  00003088          	LC5_LF0:
   97  00003088  436f756c	.ascii "Could not map the shared page to virtual address in \000"
   97  0000308c  64206e6f	
   97  00003090  74206d61	
   97  00003094  70207468	
   97  00003098  65207368	
   97  0000309c  61726564	
   97  000030a0  20706167	
   97  000030a4  6520746f	
   97  000030a8  20766972	
   97  000030ac  7475616c	
   97  000030b0  20616464	
   97  000030b4  72657373	
   97  000030b8  20696e20	
   97  000030bc  00      	
   98  000030bd          	.align 2
   99  000030c0          	LC6_LF0:
  100  000030c0  2c206578	.ascii ", exiting..\n\000"
  100  000030c4  6974696e	
  100  000030c8  672e2e0a	
  100  000030cc  00      	
  101  000030cd          	.align 2
  102  000030d0          	LC7_LF0:
  103  000030d0  42616420	.ascii "Bad sem_create in \000"
  103  000030d4  73656d5f	
  103  000030d8  63726561	
  103  000030dc  74652069	
  103  000030e0  6e2000  	
  104  000030e3          	.align 2
  105  000030e4          	LC8_LF0:
  106  000030e4  0a00    	.ascii "\n\000"
  107  000030e6          	.align 2
  108  000030e8          	LC9_LF0:
  109  000030e8  42616420	.ascii "Bad lock_create in\000"
  109  000030ec  6c6f636b	
  109  000030f0  5f637265	
  109  000030f4  61746520	
  109  000030f8  696e00  	
  110  000030fb          	.align 2
  111  000030fc          	LC10_LF0:
  112  000030fc  70726f64	.ascii "producer.dlx.obj\000"
  112  00003100  75636572	
  112  00003104  2e646c78	
  112  00003108  2e6f626a	
  112  0000310c  00      	
  113  0000310d          	.align 2
  114  00003110          	LC11_LF0:
  115  00003110  636f6e73	.ascii "consumer.dlx.obj\000"
  115  00003114  756d6572	
  115  00003118  2e646c78	
  115  0000311c  2e6f626a	
  115  00003120  00      	
  116  00003121          	.align 2
  117  00003124          	LC12_LF0:
  118  00003124  50726f63	.ascii "Processes %d created\n\000"
  118  00003128  65737365	
  118  0000312c  73202564	
  118  00003130  20637265	
  118  00003134  61746564	
  118  00003138  0a00    	
  119  0000313a          	.align 2
  120  0000313c          	LC13_LF0:
  121  0000313c  42616420	.ascii "Bad semaphore s_procs_completed (%d) in \000"
  121  00003140  73656d61	
  121  00003144  70686f72	
  121  00003148  6520735f	
  121  0000314c  70726f63	
  121  00003150  735f636f	
  121  00003154  6d706c65	
  121  00003158  74656420	
  121  0000315c  28256429	
  121  00003160  20696e20	
  121  00003164  00      	
  122  00003165          	.align 2
  123  00003168          	LC14_LF0:
  124  00003168  416c6c20	.ascii "All other processes completed, exiting main process.\n\000"
  124  0000316c  6f746865	
  124  00003170  72207072	
  124  00003174  6f636573	
  124  00003178  73657320	
  124  0000317c  636f6d70	
  124  00003180  6c657465	
  124  00003184  642c2065	
  124  00003188  78697469	
  124  0000318c  6e67206d	
  124  00003190  61696e20	
  124  00003194  70726f63	
  124  00003198  6573732e	
  124  0000319c  0a00    	
  125  0000319e          	.text
  126  000010d4          	.align 2
  127  000010d4          	.proc _main
  128  000010d4          	.global _main
  129  000010d4          	_main:
  130                      ;  Function 'main'; 48 bytes of locals, 0 regs to save.
  131  000010d4  afbefffc	sw	-4(r29),r30; push fp
  132  000010d8  001df020	add	r30,r0,r29; fp = sp
  133  000010dc  afbffff8	sw	-8(r29),r31; push ret addr
  134  000010e0  2fbd0038	subui	r29,r29,#56; alloc local storage
  135  000010e4  8fc20000	lw	r2,(r30)
  136  000010e8  8fc80004	lw	r8,4(r30)
  137  000010ec  0c0011fc	jal	___main
  138  000010f0  54000000	nop; not filled.
  139  000010f4  64410002	snei	r1,r2,#2
  140  000010f8  1020004c	beqz	r1,L14_LF0
  141  000010fc  54000000	nop; not filled.
  142  00001100  23bdfff8	addi	r29,r29,#-8
  143  00001104  3c090000	lhi	r9,((LC0_LF0)>>16)&0xffff
  144  00001108  25293000	addui	r9,r9,(LC0_LF0)&0xffff
  145  0000110c  afa90000	sw	(r29),r9
  146  00001110  0c0003d0	jal	_Printf
  147  00001114  54000000	nop; not filled.
  148  00001118  8d090000	lw	r9,(r8)
  149  0000111c  afa90000	sw	(r29),r9
  150  00001120  0c0003c0	jal	_Printf
  151  00001124  54000000	nop; not filled.
  152  00001128  3c090000	lhi	r9,((LC1_LF0)>>16)&0xffff
  153  0000112c  25293008	addui	r9,r9,(LC1_LF0)&0xffff
  154  00001130  afa90000	sw	(r29),r9
  155  00001134  0c0003ac	jal	_Printf
  156  00001138  54000000	nop; not filled.
  157  0000113c  0c000458	jal	_Exit
  158  00001140  54000000	nop; not filled.
  159  00001144  23bd0008	addi	r29,r29,#8
  160  00001148          	L14_LF0:
  161  00001148  23bdfff0	addi	r29,r29,#-16
  162  0000114c  8d090004	lw	r9,4(r8)
  163  00001150  afa90000	sw	(r29),r9
  164  00001154  20090000	addi	r9,r0,#0
  165  00001158  afa90004	sw	4(r29),r9
  166  0000115c  2009000a	addi	r9,r0,#10
  167  00001160  afa90008	sw	8(r29),r9
  168  00001164  0c000cdc	jal	_dstrtol
  169  00001168  54000000	nop; not filled.
  170  0000116c  00013820	add	r7,r0,r1
  171  00001170  3c090000	lhi	r9,((LC2_LF0)>>16)&0xffff
  172  00001174  2529302c	addui	r9,r9,(LC2_LF0)&0xffff
  173  00001178  afa90000	sw	(r29),r9
  174  0000117c  afa70004	sw	4(r29),r7
  175  00001180  0c000360	jal	_Printf
  176  00001184  54000000	nop; not filled.
  177  00001188  0c00037c	jal	_shmget
  178  0000118c  54000000	nop; not filled.
  179  00001190  00011820	add	r3,r0,r1
  180  00001194  23bd0010	addi	r29,r29,#16
  181  00001198  64610000	snei	r1,r3,#0
  182  0000119c  1420004c	bnez	r1,L15_LF0
  183  000011a0  54000000	nop; not filled.
  184  000011a4  23bdfff8	addi	r29,r29,#-8
  185  000011a8  3c090000	lhi	r9,((LC3_LF0)>>16)&0xffff
  186  000011ac  25293044	addui	r9,r9,(LC3_LF0)&0xffff
  187  000011b0  afa90000	sw	(r29),r9
  188  000011b4  0c00032c	jal	_Printf
  189  000011b8  54000000	nop; not filled.
  190  000011bc  8d090000	lw	r9,(r8)
  191  000011c0  afa90000	sw	(r29),r9
  192  000011c4  0c00031c	jal	_Printf
  193  000011c8  54000000	nop; not filled.
  194  000011cc  3c090000	lhi	r9,((LC4_LF0)>>16)&0xffff
  195  000011d0  25293078	addui	r9,r9,(LC4_LF0)&0xffff
  196  000011d4  afa90000	sw	(r29),r9
  197  000011d8  0c000308	jal	_Printf
  198  000011dc  54000000	nop; not filled.
  199  000011e0  0c0003b4	jal	_Exit
  200  000011e4  54000000	nop; not filled.
  201  000011e8  23bd0008	addi	r29,r29,#8
  202  000011ec          	L15_LF0:
  203  000011ec  23bdfff8	addi	r29,r29,#-8
  204  000011f0  afa30000	sw	(r29),r3
  205  000011f4  0c00031c	jal	_shmat
  206  000011f8  54000000	nop; not filled.
  207  000011fc  00011020	add	r2,r0,r1
  208  00001200  23bd0008	addi	r29,r29,#8
  209  00001204  64410000	snei	r1,r2,#0
  210  00001208  1420004c	bnez	r1,L16_LF0
  211  0000120c  54000000	nop; not filled.
  212  00001210  23bdfff8	addi	r29,r29,#-8
  213  00001214  3c090000	lhi	r9,((LC5_LF0)>>16)&0xffff
  214  00001218  25293088	addui	r9,r9,(LC5_LF0)&0xffff
  215  0000121c  afa90000	sw	(r29),r9
  216  00001220  0c0002c0	jal	_Printf
  217  00001224  54000000	nop; not filled.
  218  00001228  8d090000	lw	r9,(r8)
  219  0000122c  afa90000	sw	(r29),r9
  220  00001230  0c0002b0	jal	_Printf
  221  00001234  54000000	nop; not filled.
  222  00001238  3c090000	lhi	r9,((LC6_LF0)>>16)&0xffff
  223  0000123c  252930c0	addui	r9,r9,(LC6_LF0)&0xffff
  224  00001240  afa90000	sw	(r29),r9
  225  00001244  0c00029c	jal	_Printf
  226  00001248  54000000	nop; not filled.
  227  0000124c  0c000348	jal	_Exit
  228  00001250  54000000	nop; not filled.
  229  00001254  23bd0008	addi	r29,r29,#8
  230  00001258          	L16_LF0:
  231  00001258  20090000	addi	r9,r0,#0
  232  0000125c  ac490000	sw	(r2),r9
  233  00001260  ac490004	sw	4(r2),r9
  234  00001264  23bdfff8	addi	r29,r29,#-8
  235  00001268  20010001	addi	r1,r0,#1
  236  0000126c  00270822	sub	r1,r1,r7
  237  00001270  afa10000	sw	(r29),r1
  238  00001274  0c0002a8	jal	_sem_create
  239  00001278  54000000	nop; not filled.
  240  0000127c  00013020	add	r6,r0,r1
  241  00001280  23bd0008	addi	r29,r29,#8
  242  00001284  60c1ffff	seqi	r1,r6,#-1
  243  00001288  1020004c	beqz	r1,L17_LF0
  244  0000128c  54000000	nop; not filled.
  245  00001290  23bdfff8	addi	r29,r29,#-8
  246  00001294  3c090000	lhi	r9,((LC7_LF0)>>16)&0xffff
  247  00001298  252930d0	addui	r9,r9,(LC7_LF0)&0xffff
  248  0000129c  afa90000	sw	(r29),r9
  249  000012a0  0c000240	jal	_Printf
  250  000012a4  54000000	nop; not filled.
  251  000012a8  8d090000	lw	r9,(r8)
  252  000012ac  afa90000	sw	(r29),r9
  253  000012b0  0c000230	jal	_Printf
  254  000012b4  54000000	nop; not filled.
  255  000012b8  3c090000	lhi	r9,((LC8_LF0)>>16)&0xffff
  256  000012bc  252930e4	addui	r9,r9,(LC8_LF0)&0xffff
  257  000012c0  afa90000	sw	(r29),r9
  258  000012c4  0c00021c	jal	_Printf
  259  000012c8  54000000	nop; not filled.
  260  000012cc  0c0002c8	jal	_Exit
  261  000012d0  54000000	nop; not filled.
  262  000012d4  23bd0008	addi	r29,r29,#8
  263  000012d8          	L17_LF0:
  264  000012d8  0c000268	jal	_lock_create
  265  000012dc  54000000	nop; not filled.
  266  000012e0  00011020	add	r2,r0,r1
  267  000012e4  60410001	seqi	r1,r2,#1
  268  000012e8  1020004c	beqz	r1,L18_LF0
  269  000012ec  54000000	nop; not filled.
  270  000012f0  23bdfff8	addi	r29,r29,#-8
  271  000012f4  3c090000	lhi	r9,((LC9_LF0)>>16)&0xffff
  272  000012f8  252930e8	addui	r9,r9,(LC9_LF0)&0xffff
  273  000012fc  afa90000	sw	(r29),r9
  274  00001300  0c0001e0	jal	_Printf
  275  00001304  54000000	nop; not filled.
  276  00001308  8d090000	lw	r9,(r8)
  277  0000130c  afa90000	sw	(r29),r9
  278  00001310  0c0001d0	jal	_Printf
  279  00001314  54000000	nop; not filled.
  280  00001318  3c090000	lhi	r9,((LC8_LF0)>>16)&0xffff
  281  0000131c  252930e4	addui	r9,r9,(LC8_LF0)&0xffff
  282  00001320  afa90000	sw	(r29),r9
  283  00001324  0c0001bc	jal	_Printf
  284  00001328  54000000	nop; not filled.
  285  0000132c  0c000268	jal	_Exit
  286  00001330  54000000	nop; not filled.
  287  00001334  23bd0008	addi	r29,r29,#8
  288  00001338          	L18_LF0:
  289  00001338  23bdfff8	addi	r29,r29,#-8
  290  0000133c  afa30000	sw	(r29),r3
  291  00001340  23c5ffe8	addi	r5,r30,#-24
  292  00001344  afa50004	sw	4(r29),r5
  293  00001348  0c00096c	jal	_ditoa
  294  0000134c  54000000	nop; not filled.
  295  00001350  afa60000	sw	(r29),r6
  296  00001354  23c4ffd8	addi	r4,r30,#-40
  297  00001358  afa40004	sw	4(r29),r4
  298  0000135c  0c000958	jal	_ditoa
  299  00001360  54000000	nop; not filled.
  300  00001364  afa20000	sw	(r29),r2
  301  00001368  23c3ffc8	addi	r3,r30,#-56
  302  0000136c  afa30004	sw	4(r29),r3
  303  00001370  0c000944	jal	_ditoa
  304  00001374  54000000	nop; not filled.
  305  00001378  20020000	addi	r2,r0,#0
  306  0000137c  23bd0008	addi	r29,r29,#8
  307  00001380  0047082a	slt	r1,r2,r7
  308  00001384  10200084	beqz	r1,L20_LF0
  309  00001388  54000000	nop; not filled.
  310  0000138c          	L22_LF0:
  311  0000138c  23bdffe8	addi	r29,r29,#-24
  312  00001390  3c090000	lhi	r9,((LC10_LF0)>>16)&0xffff
  313  00001394  252930fc	addui	r9,r9,(LC10_LF0)&0xffff
  314  00001398  afa90000	sw	(r29),r9
  315  0000139c  afa50004	sw	4(r29),r5
  316  000013a0  afa40008	sw	8(r29),r4
  317  000013a4  afa3000c	sw	12(r29),r3
  318  000013a8  20090000	addi	r9,r0,#0
  319  000013ac  afa90010	sw	16(r29),r9
  320  000013b0  0c000148	jal	_process_create
  321  000013b4  54000000	nop; not filled.
  322  000013b8  3c090000	lhi	r9,((LC11_LF0)>>16)&0xffff
  323  000013bc  25293110	addui	r9,r9,(LC11_LF0)&0xffff
  324  000013c0  afa90000	sw	(r29),r9
  325  000013c4  afa50004	sw	4(r29),r5
  326  000013c8  afa40008	sw	8(r29),r4
  327  000013cc  afa3000c	sw	12(r29),r3
  328  000013d0  20090000	addi	r9,r0,#0
  329  000013d4  afa90010	sw	16(r29),r9
  330  000013d8  0c000120	jal	_process_create
  331  000013dc  54000000	nop; not filled.
  332  000013e0  3c090000	lhi	r9,((LC12_LF0)>>16)&0xffff
  333  000013e4  25293124	addui	r9,r9,(LC12_LF0)&0xffff
  334  000013e8  afa90000	sw	(r29),r9
  335  000013ec  afa20004	sw	4(r29),r2
  336  000013f0  0c0000f0	jal	_Printf
  337  000013f4  54000000	nop; not filled.
  338  000013f8  23bd0018	addi	r29,r29,#24
  339  000013fc  20420001	addi	r2,r2,#1
  340  00001400  0047082a	slt	r1,r2,r7
  341  00001404  1420ff84	bnez	r1,L22_LF0
  342  00001408  54000000	nop; not filled.
  343  0000140c          	L20_LF0:
  344  0000140c  23bdfff8	addi	r29,r29,#-8
  345  00001410  afa60000	sw	(r29),r6
  346  00001414  0c000114	jal	_sem_wait
  347  00001418  54000000	nop; not filled.
  348  0000141c  23bd0008	addi	r29,r29,#8
  349  00001420  64210001	snei	r1,r1,#1
  350  00001424  10200050	beqz	r1,L24_LF0
  351  00001428  54000000	nop; not filled.
  352  0000142c  23bdfff8	addi	r29,r29,#-8
  353  00001430  3c090000	lhi	r9,((LC13_LF0)>>16)&0xffff
  354  00001434  2529313c	addui	r9,r9,(LC13_LF0)&0xffff
  355  00001438  afa90000	sw	(r29),r9
  356  0000143c  afa60004	sw	4(r29),r6
  357  00001440  0c0000a0	jal	_Printf
  358  00001444  54000000	nop; not filled.
  359  00001448  8d080000	lw	r8,(r8)
  360  0000144c  afa80000	sw	(r29),r8
  361  00001450  0c000090	jal	_Printf
  362  00001454  54000000	nop; not filled.
  363  00001458  3c090000	lhi	r9,((LC8_LF0)>>16)&0xffff
  364  0000145c  252930e4	addui	r9,r9,(LC8_LF0)&0xffff
  365  00001460  afa90000	sw	(r29),r9
  366  00001464  0c00007c	jal	_Printf
  367  00001468  54000000	nop; not filled.
  368  0000146c  0c000128	jal	_Exit
  369  00001470  54000000	nop; not filled.
  370  00001474  23bd0008	addi	r29,r29,#8
  371  00001478          	L24_LF0:
  372  00001478  23bdfff8	addi	r29,r29,#-8
  373  0000147c  3c090000	lhi	r9,((LC14_LF0)>>16)&0xffff
  374  00001480  25293168	addui	r9,r9,(LC14_LF0)&0xffff
  375  00001484  afa90000	sw	(r29),r9
  376  00001488  0c000058	jal	_Printf
  377  0000148c  54000000	nop; not filled.
  378  00001490  23bd0008	addi	r29,r29,#8
  379  00001494  0c000e48	jal	_exit
  380  00001498  54000000	nop
  381  0000149c          	.endproc _main
  382                      ;;;
  383                      ;;; Stub functions for DLX traps.
  384                      ;;;
  385                      ;;; Ethan L. Miller, 1999.  Released to the public domain.
  386                      ;;;
  387                      ;;; The traps such as Open and Close
  388                      ;;; (note the capital letters) are for use by user programs.  The traps
  389                      ;;; with names such as open and close (lower case) are for use by the OS.
  390                      ;;;
  393  0000149c          	.align 2
  395                      ;;; The following are the traps to be used by user-level programs
  396                      ;;;
  398  0000149c          	.align 2
  399  0000149c          	.proc _Open
  400  0000149c          	.global _Open
  401  0000149c          	_Open:
  402                      ;;; Note that trap #0x213 actually causes a trap vector in the OS of
  403                      ;;; 0x1213.  The same is true for other user traps.  Thus, a user trap
  404                      ;;; with trap #0x240 will result in a trap vector of 0x1240 in the OS.
  405  0000149c  44000213	trap	#0x213
  406  000014a0  4be00000	jr	r31
  407  000014a4  54000000	nop
  408  000014a8          	.endproc _Open
  410  000014a8          	.proc _Close
  411  000014a8          	.global _Close
  412  000014a8          	_Close:
  413  000014a8  44000214	trap	#0x214
  414  000014ac  4be00000	jr	r31
  415  000014b0  54000000	nop
  416  000014b4          	.endproc _Close
  418  000014b4          	.proc _Read
  419  000014b4          	.global _Read
  420  000014b4          	_Read:
  421  000014b4  44000210	trap	#0x210
  422  000014b8  4be00000	jr	r31
  423  000014bc  54000000	nop
  424  000014c0          	.endproc _Read
  426  000014c0          	.proc _Write
  427  000014c0          	.global _Write
  428  000014c0          	_Write:
  429  000014c0  44000211	trap	#0x211
  430  000014c4  4be00000	jr	r31
  431  000014c8  54000000	nop
  432  000014cc          	.endproc _Write
  434  000014cc          	.proc _Lseek
  435  000014cc          	.global _Lseek
  436  000014cc          	_Lseek:
  437  000014cc  44000212	trap	#0x212
  438  000014d0  4be00000	jr	r31
  439  000014d4  54000000	nop
  440  000014d8          	.endproc _Lseek
  442  000014d8          	.proc _Putchar
  443  000014d8          	.global _Putchar
  444  000014d8          	_Putchar:
  445  000014d8  44000280	trap	#0x280
  446  000014dc  4be00000	jr	r31
  447  000014e0  54000000	nop
  448  000014e4          	.endproc _Putchar
  450  000014e4          	.proc _Printf
  451  000014e4          	.global _Printf
  452  000014e4          	_Printf:
  453  000014e4  44000201	trap	#0x201
  454  000014e8  4be00000	jr	r31
  455  000014ec  54000000	nop
  456  000014f0          	.endproc _Printf
  458  000014f0          	.proc _getpid
  459  000014f0          	.global _getpid
  460  000014f0          	_getpid:
  461  000014f0  44000431	trap	#0x431
  462  000014f4  4be00000	jr	r31
  463  000014f8  54000000	nop
  464  000014fc          	.endproc _getpid
  466  000014fc          	.proc _process_create
  467  000014fc          	.global _process_create
  468  000014fc          	_process_create:
  469  000014fc  44000432	trap	#0x432
  470  00001500  4be00000	jr	r31
  471  00001504  54000000	nop
  472  00001508          	.endproc _process_create
  474  00001508          	.proc _shmget
  475  00001508          	.global _shmget
  476  00001508          	_shmget:
  477  00001508  44000440	trap	#0x440
  478  0000150c  4be00000	jr	r31
  479  00001510  54000000	nop
  480  00001514          	.endproc _shmget
  482  00001514          	.proc _shmat
  483  00001514          	.global _shmat
  484  00001514          	_shmat:
  485  00001514  44000441	trap	#0x441
  486  00001518  4be00000	jr	r31
  487  0000151c  54000000	nop
  488  00001520          	.endproc _shmat
  490  00001520          	.proc _sem_create
  491  00001520          	.global _sem_create
  492  00001520          	_sem_create:
  493  00001520  44000450	trap	#0x450
  494  00001524  4be00000	jr	r31
  495  00001528  54000000	nop
  496  0000152c          	.endproc _sem_create
  498  0000152c          	.proc _sem_wait
  499  0000152c          	.global _sem_wait
  500  0000152c          	_sem_wait:
  501  0000152c  44000451	trap	#0x451
  502  00001530  4be00000	jr	r31
  503  00001534  54000000	nop
  504  00001538          	.endproc _sem_wait
  506  00001538          	.proc _sem_signal
  507  00001538          	.global _sem_signal
  508  00001538          	_sem_signal:
  509  00001538  44000452	trap	#0x452
  510  0000153c  4be00000	jr	r31
  511  00001540  54000000	nop
  512  00001544          	.endproc _sem_signal
  514  00001544          	.proc _lock_create
  515  00001544          	.global _lock_create
  516  00001544          	_lock_create:
  517  00001544  44000453	trap	#0x453
  518  00001548  4be00000	jr	r31
  519  0000154c  54000000	nop
  520  00001550          	.endproc _lock_create
  522  00001550          	.proc _lock_acquire
  523  00001550          	.global _lock_acquire
  524  00001550          	_lock_acquire:
  525  00001550  44000454	trap	#0x454
  526  00001554  4be00000	jr	r31
  527  00001558  54000000	nop
  528  0000155c          	.endproc _lock_acquire
  530  0000155c          	.proc _lock_release
  531  0000155c          	.global _lock_release
  532  0000155c          	_lock_release:
  533  0000155c  44000455	trap	#0x455
  534  00001560  4be00000	jr	r31
  535  00001564  54000000	nop
  536  00001568          	.endproc _lock_release
  538  00001568          	.proc _cond_create
  539  00001568          	.global _cond_create
  540  00001568          	_cond_create:
  541  00001568  44000456	trap	#0x456
  542  0000156c  4be00000	jr	r31
  543  00001570  54000000	nop
  544  00001574          	.endproc _cond_create
  546  00001574          	.proc _cond_wait
  547  00001574          	.global _cond_wait
  548  00001574          	_cond_wait:
  549  00001574  44000457	trap	#0x457
  550  00001578  4be00000	jr	r31
  551  0000157c  54000000	nop
  552  00001580          	.endproc _cond_wait
  554  00001580          	.proc _cond_signal
  555  00001580          	.global _cond_signal
  556  00001580          	_cond_signal:
  557  00001580  44000458	trap	#0x458
  558  00001584  4be00000	jr	r31
  559  00001588  54000000	nop
  560  0000158c          	.endproc _cond_signal
  562  0000158c          	.proc _cond_broadcast
  563  0000158c          	.global _cond_broadcast
  564  0000158c          	_cond_broadcast:
  565  0000158c  44000455	trap	#0x455
  566  00001590  4be00000	jr	r31
  567  00001594  54000000	nop
  568  00001598          	.endproc _cond_broadcast
  570  00001598          	.proc _Exit
  571  00001598          	.global _Exit
  572  00001598          	_Exit:
  573  00001598  44000500	trap	#0x500
  574  0000159c  4be00000	jr	r31
  575  000015a0  54000000	nop
  576  000015a4          	.endproc _Exit
  577                      ; Compiled by GCC
  579  000015a4          	.align 2
  580  000015a4          	.proc _isspace
  581  000015a4          	.global _isspace
  582  000015a4          	_isspace:
  583                      ;  Function 'isspace'; 0 bytes of locals, 3 regs to save.
  584  000015a4  afbefffc	sw	-4(r29),r30; push fp
  585  000015a8  001df020	add	r30,r0,r29; fp = sp
  586  000015ac  afbffff8	sw	-8(r29),r31; push ret addr
  587  000015b0  2fbd0018	subui	r29,r29,#24; alloc local storage
  588  000015b4  afa20000	sw	0(r29),r2
  589  000015b8  afa30004	sw	4(r29),r3
  590  000015bc  afa40008	sw	8(r29),r4
  591  000015c0  83c20003	lb	r2,3(r30)
  592  000015c4  20010000	addi	r1,r0,#0
  593  000015c8  304300ff	andi	r3,r2,#0x00ff
  594  000015cc  60640020	seqi	r4,r3,#32
  595  000015d0  1480002c	bnez	r4,L3_LF2
  596  000015d4  54000000	nop; delay slot nop
  597  000015d8  304300ff	andi	r3,r2,#0x00ff
  598  000015dc  60640009	seqi	r4,r3,#9
  599  000015e0  1480001c	bnez	r4,L3_LF2
  600  000015e4  54000000	nop; delay slot nop
  601  000015e8  304300ff	andi	r3,r2,#0x00ff
  602  000015ec  6064000a	seqi	r4,r3,#10
  603  000015f0  1480000c	bnez	r4,L3_LF2
  604  000015f4  54000000	nop; delay slot nop
  605  000015f8  08000008	j	L2_LF2
  606  000015fc  54000000	nop; delay slot nop
  607  00001600          	L3_LF2:
  608  00001600  20010001	addi	r1,r0,#1
  609  00001604          	L2_LF2:
  610  00001604  08000004	j	L1_LF2
  611  00001608  54000000	nop; delay slot nop
  612  0000160c          	L1_LF2:
  613  0000160c  8fa20000	lw	r2,0(r29)
  614  00001610  8fa30004	lw	r3,4(r29)
  615  00001614  8fa40008	lw	r4,8(r29)
  616  00001618  8fdffff8	lw	r31,-8(r30)
  617  0000161c  001ee820	add	r29,r0,r30
  618  00001620  8fdefffc	lw	r30,-4(r30)
  619  00001624  4be00000	jr	r31
  620  00001628  54000000	nop
  621  0000162c          	.endproc _isspace
  622  0000162c          	.align 2
  623  0000162c          	.proc _isxdigit
  624  0000162c          	.global _isxdigit
  625  0000162c          	_isxdigit:
  626                      ;  Function 'isxdigit'; 0 bytes of locals, 3 regs to save.
  627  0000162c  afbefffc	sw	-4(r29),r30; push fp
  628  00001630  001df020	add	r30,r0,r29; fp = sp
  629  00001634  afbffff8	sw	-8(r29),r31; push ret addr
  630  00001638  2fbd0018	subui	r29,r29,#24; alloc local storage
  631  0000163c  afa20000	sw	0(r29),r2
  632  00001640  afa30004	sw	4(r29),r3
  633  00001644  afa40008	sw	8(r29),r4
  634  00001648  83c20003	lb	r2,3(r30)
  635  0000164c  20010000	addi	r1,r0,#0
  636  00001650  304300ff	andi	r3,r2,#0x00ff
  637  00001654  6c64002f	sgtui	r4,r3,#47
  638  00001658  1080001c	beqz	r4,L7_LF2
  639  0000165c  54000000	nop; delay slot nop
  640  00001660  304300ff	andi	r3,r2,#0x00ff
  641  00001664  70640039	sleui	r4,r3,#57
  642  00001668  1480005c	bnez	r4,L6_LF2
  643  0000166c  54000000	nop; delay slot nop
  644  00001670  08000004	j	L7_LF2
  645  00001674  54000000	nop; delay slot nop
  646  00001678          	L7_LF2:
  647  00001678  304300ff	andi	r3,r2,#0x00ff
  648  0000167c  6c640060	sgtui	r4,r3,#96
  649  00001680  1080001c	beqz	r4,L8_LF2
  650  00001684  54000000	nop; delay slot nop
  651  00001688  304300ff	andi	r3,r2,#0x00ff
  652  0000168c  70640066	sleui	r4,r3,#102
  653  00001690  14800034	bnez	r4,L6_LF2
  654  00001694  54000000	nop; delay slot nop
  655  00001698  08000004	j	L8_LF2
  656  0000169c  54000000	nop; delay slot nop
  657  000016a0          	L8_LF2:
  658  000016a0  304300ff	andi	r3,r2,#0x00ff
  659  000016a4  6c640040	sgtui	r4,r3,#64
  660  000016a8  10800020	beqz	r4,L5_LF2
  661  000016ac  54000000	nop; delay slot nop
  662  000016b0  304300ff	andi	r3,r2,#0x00ff
  663  000016b4  70640041	sleui	r4,r3,#65
  664  000016b8  1480000c	bnez	r4,L6_LF2
  665  000016bc  54000000	nop; delay slot nop
  666  000016c0  08000008	j	L5_LF2
  667  000016c4  54000000	nop; delay slot nop
  668  000016c8          	L6_LF2:
  669  000016c8  20010001	addi	r1,r0,#1
  670  000016cc          	L5_LF2:
  671  000016cc  08000004	j	L4_LF2
  672  000016d0  54000000	nop; delay slot nop
  673  000016d4          	L4_LF2:
  674  000016d4  8fa20000	lw	r2,0(r29)
  675  000016d8  8fa30004	lw	r3,4(r29)
  676  000016dc  8fa40008	lw	r4,8(r29)
  677  000016e0  8fdffff8	lw	r31,-8(r30)
  678  000016e4  001ee820	add	r29,r0,r30
  679  000016e8  8fdefffc	lw	r30,-4(r30)
  680  000016ec  4be00000	jr	r31
  681  000016f0  54000000	nop
  682  000016f4          	.endproc _isxdigit
  683  000016f4          	.align 2
  684  000016f4          	.proc _dstrcpy
  685  000016f4          	.global _dstrcpy
  686  000016f4          	_dstrcpy:
  687                      ;  Function 'dstrcpy'; 8 bytes of locals, 2 regs to save.
  688  000016f4  afbefffc	sw	-4(r29),r30; push fp
  689  000016f8  001df020	add	r30,r0,r29; fp = sp
  690  000016fc  afbffff8	sw	-8(r29),r31; push ret addr
  691  00001700  2fbd0018	subui	r29,r29,#24; alloc local storage
  692  00001704  afa20000	sw	0(r29),r2
  693  00001708  afa30004	sw	4(r29),r3
  694  0000170c  8fc10000	lw	r1,(r30)
  695  00001710  afc1fff4	sw	-12(r30),r1
  696  00001714          	L10_LF2:
  697  00001714  8fc10000	lw	r1,(r30)
  698  00001718  20220001	addi	r2,r1,#1
  699  0000171c  afc20000	sw	(r30),r2
  700  00001720  8fc20004	lw	r2,4(r30)
  701  00001724  20430001	addi	r3,r2,#1
  702  00001728  afc30004	sw	4(r30),r3
  703  0000172c  80420000	lb	r2,(r2)
  704  00001730  a0220000	sb	(r1),r2
  705  00001734  a3c2fff3	sb	-13(r30),r2
  706  00001738          	L12_LF2:
  707  00001738  93c1fff3	lbu	r1,-13(r30)
  708  0000173c  64220000	snei	r2,r1,#0
  709  00001740  1440000c	bnez	r2,L13_LF2
  710  00001744  54000000	nop; delay slot nop
  711  00001748  0800000c	j	L11_LF2
  712  0000174c  54000000	nop; delay slot nop
  713  00001750          	L13_LF2:
  714  00001750  0bffffc0	j	L10_LF2
  715  00001754  54000000	nop; delay slot nop
  716  00001758          	L11_LF2:
  717  00001758  8fc1fff4	lw	r1,-12(r30)
  718  0000175c  08000004	j	L9_LF2
  719  00001760  54000000	nop; delay slot nop
  720  00001764          	L9_LF2:
  721  00001764  8fa20000	lw	r2,0(r29)
  722  00001768  8fa30004	lw	r3,4(r29)
  723  0000176c  8fdffff8	lw	r31,-8(r30)
  724  00001770  001ee820	add	r29,r0,r30
  725  00001774  8fdefffc	lw	r30,-4(r30)
  726  00001778  4be00000	jr	r31
  727  0000177c  54000000	nop
  728  00001780          	.endproc _dstrcpy
  729  00001780          	.align 2
  730  00001780          	.proc _dstrncpy
  731  00001780          	.global _dstrncpy
  732  00001780          	_dstrncpy:
  733                      ;  Function 'dstrncpy'; 8 bytes of locals, 2 regs to save.
  734  00001780  afbefffc	sw	-4(r29),r30; push fp
  735  00001784  001df020	add	r30,r0,r29; fp = sp
  736  00001788  afbffff8	sw	-8(r29),r31; push ret addr
  737  0000178c  2fbd0018	subui	r29,r29,#24; alloc local storage
  738  00001790  afa20000	sw	0(r29),r2
  739  00001794  afa30004	sw	4(r29),r3
  740  00001798  8fc10000	lw	r1,(r30)
  741  0000179c  afc1fff4	sw	-12(r30),r1
  742  000017a0          	L15_LF2:
  743  000017a0  8fc10008	lw	r1,8(r30)
  744  000017a4  2022ffff	addi	r2,r1,#-1
  745  000017a8  afc20008	sw	8(r30),r2
  746  000017ac  70210000	slei	r1,r1,#0
  747  000017b0  1020000c	beqz	r1,L18_LF2
  748  000017b4  54000000	nop; delay slot nop
  749  000017b8  08000048	j	L16_LF2
  750  000017bc  54000000	nop; delay slot nop
  751  000017c0          	L18_LF2:
  752  000017c0  8fc10000	lw	r1,(r30)
  753  000017c4  20220001	addi	r2,r1,#1
  754  000017c8  afc20000	sw	(r30),r2
  755  000017cc  8fc20004	lw	r2,4(r30)
  756  000017d0  20430001	addi	r3,r2,#1
  757  000017d4  afc30004	sw	4(r30),r3
  758  000017d8  80420000	lb	r2,(r2)
  759  000017dc  a0220000	sb	(r1),r2
  760  000017e0  a3c2fff3	sb	-13(r30),r2
  761  000017e4          	L17_LF2:
  762  000017e4  93c1fff3	lbu	r1,-13(r30)
  763  000017e8  64220000	snei	r2,r1,#0
  764  000017ec  1440000c	bnez	r2,L19_LF2
  765  000017f0  54000000	nop; delay slot nop
  766  000017f4  0800000c	j	L16_LF2
  767  000017f8  54000000	nop; delay slot nop
  768  000017fc          	L19_LF2:
  769  000017fc  0bffffa0	j	L15_LF2
  770  00001800  54000000	nop; delay slot nop
  771  00001804          	L16_LF2:
  772  00001804  8fc1fff4	lw	r1,-12(r30)
  773  00001808  08000004	j	L14_LF2
  774  0000180c  54000000	nop; delay slot nop
  775  00001810          	L14_LF2:
  776  00001810  8fa20000	lw	r2,0(r29)
  777  00001814  8fa30004	lw	r3,4(r29)
  778  00001818  8fdffff8	lw	r31,-8(r30)
  779  0000181c  001ee820	add	r29,r0,r30
  780  00001820  8fdefffc	lw	r30,-4(r30)
  781  00001824  4be00000	jr	r31
  782  00001828  54000000	nop
  783  0000182c          	.endproc _dstrncpy
  784  0000182c          	.align 2
  785  0000182c          	.proc _dstrcat
  786  0000182c          	.global _dstrcat
  787  0000182c          	_dstrcat:
  788                      ;  Function 'dstrcat'; 8 bytes of locals, 1 regs to save.
  789  0000182c  afbefffc	sw	-4(r29),r30; push fp
  790  00001830  001df020	add	r30,r0,r29; fp = sp
  791  00001834  afbffff8	sw	-8(r29),r31; push ret addr
  792  00001838  2fbd0018	subui	r29,r29,#24; alloc local storage
  793  0000183c  afa20000	sw	0(r29),r2
  794  00001840  8fc10000	lw	r1,(r30)
  795  00001844  afc1fff4	sw	-12(r30),r1
  796  00001848          	L21_LF2:
  797  00001848  8fc10000	lw	r1,(r30)
  798  0000184c  90220000	lbu	r2,(r1)
  799  00001850  64410000	snei	r1,r2,#0
  800  00001854  1420000c	bnez	r1,L23_LF2
  801  00001858  54000000	nop; delay slot nop
  802  0000185c  0800001c	j	L22_LF2
  803  00001860  54000000	nop; delay slot nop
  804  00001864          	L23_LF2:
  805  00001864  8fc20000	lw	r2,(r30)
  806  00001868  20410001	addi	r1,r2,#1
  807  0000186c  00011020	add	r2,r0,r1
  808  00001870  afc20000	sw	(r30),r2
  809  00001874  0bffffd0	j	L21_LF2
  810  00001878  54000000	nop; delay slot nop
  811  0000187c          	L22_LF2:
  812  0000187c  23bdfff8	addi	r29,r29,#-8
  813  00001880  001d0820	add	r1,r0,r29
  814  00001884  8fc20000	lw	r2,(r30)
  815  00001888  ac220000	sw	(r1),r2
  816  0000188c  8fc20004	lw	r2,4(r30)
  817  00001890  ac220004	sw	4(r1),r2
  818  00001894  0ffffe5c	jal	_dstrcpy
  819  00001898  54000000	nop; delay slot nop
  820  0000189c  23bd0008	addi	r29,r29,#8
  821  000018a0  8fc1fff4	lw	r1,-12(r30)
  822  000018a4  08000004	j	L20_LF2
  823  000018a8  54000000	nop; delay slot nop
  824  000018ac          	L20_LF2:
  825  000018ac  8fa20000	lw	r2,0(r29)
  826  000018b0  8fdffff8	lw	r31,-8(r30)
  827  000018b4  001ee820	add	r29,r0,r30
  828  000018b8  8fdefffc	lw	r30,-4(r30)
  829  000018bc  4be00000	jr	r31
  830  000018c0  54000000	nop
  831  000018c4          	.endproc _dstrcat
  832  000018c4          	.align 2
  833  000018c4          	.proc _dstrncmp
  834  000018c4          	.global _dstrncmp
  835  000018c4          	_dstrncmp:
  836                      ;  Function 'dstrncmp'; 8 bytes of locals, 2 regs to save.
  837  000018c4  afbefffc	sw	-4(r29),r30; push fp
  838  000018c8  001df020	add	r30,r0,r29; fp = sp
  839  000018cc  afbffff8	sw	-8(r29),r31; push ret addr
  840  000018d0  2fbd0018	subui	r29,r29,#24; alloc local storage
  841  000018d4  afa20000	sw	0(r29),r2
  842  000018d8  afa30004	sw	4(r29),r3
  843  000018dc  54000000	nop
  844  000018e0  20010000	addi	r1,r0,#0
  845  000018e4  afc1fff4	sw	-12(r30),r1
  846  000018e8          	L25_LF2:
  847  000018e8  8fc1fff4	lw	r1,-12(r30)
  848  000018ec  8fc20008	lw	r2,8(r30)
  849  000018f0  0022082a	slt	r1,r1,r2
  850  000018f4  1420000c	bnez	r1,L28_LF2
  851  000018f8  54000000	nop; delay slot nop
  852  000018fc  08000088	j	L26_LF2
  853  00001900  54000000	nop; delay slot nop
  854  00001904          	L28_LF2:
  855  00001904  8fc10004	lw	r1,4(r30)
  856  00001908  90220000	lbu	r2,(r1)
  857  0000190c  64410000	snei	r1,r2,#0
  858  00001910  14200018	bnez	r1,L29_LF2
  859  00001914  54000000	nop; delay slot nop
  860  00001918  20010000	addi	r1,r0,#0
  861  0000191c  080000d8	j	L24_LF2
  862  00001920  54000000	nop; delay slot nop
  863  00001924  08000028	j	L30_LF2
  864  00001928  54000000	nop; delay slot nop
  865  0000192c          	L29_LF2:
  866  0000192c  8fc10000	lw	r1,(r30)
  867  00001930  8fc20004	lw	r2,4(r30)
  868  00001934  90210000	lbu	r1,(r1)
  869  00001938  90420000	lbu	r2,(r2)
  870  0000193c  00220829	sne	r1,r1,r2
  871  00001940  1020000c	beqz	r1,L30_LF2
  872  00001944  54000000	nop; delay slot nop
  873  00001948  0800003c	j	L26_LF2
  874  0000194c  54000000	nop; delay slot nop
  875  00001950          	L31_LF2:
  876  00001950          	L30_LF2:
  877  00001950  8fc20000	lw	r2,(r30)
  878  00001954  20410001	addi	r1,r2,#1
  879  00001958  00011020	add	r2,r0,r1
  880  0000195c  afc20000	sw	(r30),r2
  881  00001960  8fc20004	lw	r2,4(r30)
  882  00001964  20410001	addi	r1,r2,#1
  883  00001968  00011020	add	r2,r0,r1
  884  0000196c  afc20004	sw	4(r30),r2
  885  00001970          	L27_LF2:
  886  00001970  8fc2fff4	lw	r2,-12(r30)
  887  00001974  20410001	addi	r1,r2,#1
  888  00001978  00011020	add	r2,r0,r1
  889  0000197c  afc2fff4	sw	-12(r30),r2
  890  00001980  0bffff64	j	L25_LF2
  891  00001984  54000000	nop; delay slot nop
  892  00001988          	L26_LF2:
  893  00001988  8fc1fff4	lw	r1,-12(r30)
  894  0000198c  8fc20008	lw	r2,8(r30)
  895  00001990  00220828	seq	r1,r1,r2
  896  00001994  10200018	beqz	r1,L32_LF2
  897  00001998  54000000	nop; delay slot nop
  898  0000199c  20010000	addi	r1,r0,#0
  899  000019a0  08000054	j	L24_LF2
  900  000019a4  54000000	nop; delay slot nop
  901  000019a8  0800004c	j	L33_LF2
  902  000019ac  54000000	nop; delay slot nop
  903  000019b0          	L32_LF2:
  904  000019b0  8fc20000	lw	r2,(r30)
  905  000019b4  90410000	lbu	r1,(r2)
  906  000019b8  8fc20004	lw	r2,4(r30)
  907  000019bc  90430000	lbu	r3,(r2)
  908  000019c0  00230822	sub	r1,r1,r3
  909  000019c4  74220000	sgei	r2,r1,#0
  910  000019c8  10400020	beqz	r2,L34_LF2
  911  000019cc  54000000	nop; delay slot nop
  912  000019d0  8fc10000	lw	r1,(r30)
  913  000019d4  8fc20004	lw	r2,4(r30)
  914  000019d8  90210000	lbu	r1,(r1)
  915  000019dc  90420000	lbu	r2,(r2)
  916  000019e0  00220829	sne	r1,r1,r2
  917  000019e4  08000008	j	L35_LF2
  918  000019e8  54000000	nop; delay slot nop
  919  000019ec          	L34_LF2:
  920  000019ec  2001ffff	addi	r1,r0,#-1
  921  000019f0          	L35_LF2:
  922  000019f0  08000004	j	L24_LF2
  923  000019f4  54000000	nop; delay slot nop
  924  000019f8          	L33_LF2:
  925  000019f8          	L24_LF2:
  926  000019f8  8fa20000	lw	r2,0(r29)
  927  000019fc  8fa30004	lw	r3,4(r29)
  928  00001a00  8fdffff8	lw	r31,-8(r30)
  929  00001a04  001ee820	add	r29,r0,r30
  930  00001a08  8fdefffc	lw	r30,-4(r30)
  931  00001a0c  4be00000	jr	r31
  932  00001a10  54000000	nop
  933  00001a14          	.endproc _dstrncmp
  934  00001a14          	.align 2
  935  00001a14          	.proc _dstrlen
  936  00001a14          	.global _dstrlen
  937  00001a14          	_dstrlen:
  938                      ;  Function 'dstrlen'; 8 bytes of locals, 1 regs to save.
  939  00001a14  afbefffc	sw	-4(r29),r30; push fp
  940  00001a18  001df020	add	r30,r0,r29; fp = sp
  941  00001a1c  afbffff8	sw	-8(r29),r31; push ret addr
  942  00001a20  2fbd0018	subui	r29,r29,#24; alloc local storage
  943  00001a24  afa20000	sw	0(r29),r2
  944  00001a28  20010000	addi	r1,r0,#0
  945  00001a2c  afc1fff4	sw	-12(r30),r1
  946  00001a30          	L37_LF2:
  947  00001a30  8fc10000	lw	r1,(r30)
  948  00001a34  20220001	addi	r2,r1,#1
  949  00001a38  afc20000	sw	(r30),r2
  950  00001a3c  90210000	lbu	r1,(r1)
  951  00001a40  64220000	snei	r2,r1,#0
  952  00001a44  1440000c	bnez	r2,L39_LF2
  953  00001a48  54000000	nop; delay slot nop
  954  00001a4c  0800001c	j	L38_LF2
  955  00001a50  54000000	nop; delay slot nop
  956  00001a54          	L39_LF2:
  957  00001a54  8fc2fff4	lw	r2,-12(r30)
  958  00001a58  20410001	addi	r1,r2,#1
  959  00001a5c  00011020	add	r2,r0,r1
  960  00001a60  afc2fff4	sw	-12(r30),r2
  961  00001a64  0bffffc8	j	L37_LF2
  962  00001a68  54000000	nop; delay slot nop
  963  00001a6c          	L38_LF2:
  964  00001a6c  8fc1fff4	lw	r1,-12(r30)
  965  00001a70  08000004	j	L36_LF2
  966  00001a74  54000000	nop; delay slot nop
  967  00001a78          	L36_LF2:
  968  00001a78  8fa20000	lw	r2,0(r29)
  969  00001a7c  8fdffff8	lw	r31,-8(r30)
  970  00001a80  001ee820	add	r29,r0,r30
  971  00001a84  8fdefffc	lw	r30,-4(r30)
  972  00001a88  4be00000	jr	r31
  973  00001a8c  54000000	nop
  974  00001a90          	.endproc _dstrlen
  975  00001a90          	.align 2
  976  00001a90          	.proc _dstrstr
  977  00001a90          	.global _dstrstr
  978  00001a90          	_dstrstr:
  979                      ;  Function 'dstrstr'; 8 bytes of locals, 1 regs to save.
  980  00001a90  afbefffc	sw	-4(r29),r30; push fp
  981  00001a94  001df020	add	r30,r0,r29; fp = sp
  982  00001a98  afbffff8	sw	-8(r29),r31; push ret addr
  983  00001a9c  2fbd0018	subui	r29,r29,#24; alloc local storage
  984  00001aa0  afa20000	sw	0(r29),r2
  985  00001aa4  23bdfff8	addi	r29,r29,#-8
  986  00001aa8  001d0820	add	r1,r0,r29
  987  00001aac  8fc20004	lw	r2,4(r30)
  988  00001ab0  ac220000	sw	(r1),r2
  989  00001ab4  0fffff5c	jal	_dstrlen
  990  00001ab8  54000000	nop; delay slot nop
  991  00001abc  23bd0008	addi	r29,r29,#8
  992  00001ac0  afc1fff4	sw	-12(r30),r1
  993  00001ac4          	L41_LF2:
  994  00001ac4  8fc10000	lw	r1,(r30)
  995  00001ac8  90220000	lbu	r2,(r1)
  996  00001acc  64410000	snei	r1,r2,#0
  997  00001ad0  1420000c	bnez	r1,L43_LF2
  998  00001ad4  54000000	nop; delay slot nop
  999  00001ad8  08000060	j	L42_LF2
 1000  00001adc  54000000	nop; delay slot nop
 1001  00001ae0          	L43_LF2:
 1002  00001ae0  23bdfff0	addi	r29,r29,#-16
 1003  00001ae4  001d0820	add	r1,r0,r29
 1004  00001ae8  8fc20000	lw	r2,(r30)
 1005  00001aec  ac220000	sw	(r1),r2
 1006  00001af0  8fc20004	lw	r2,4(r30)
 1007  00001af4  ac220004	sw	4(r1),r2
 1008  00001af8  8fc2fff4	lw	r2,-12(r30)
 1009  00001afc  ac220008	sw	8(r1),r2
 1010  00001b00  0ffffdc0	jal	_dstrncmp
 1011  00001b04  54000000	nop; delay slot nop
 1012  00001b08  23bd0010	addi	r29,r29,#16
 1013  00001b0c  64220000	snei	r2,r1,#0
 1014  00001b10  14400010	bnez	r2,L44_LF2
 1015  00001b14  54000000	nop; delay slot nop
 1016  00001b18  8fc10000	lw	r1,(r30)
 1017  00001b1c  08000028	j	L40_LF2
 1018  00001b20  54000000	nop; delay slot nop
 1019  00001b24          	L44_LF2:
 1020  00001b24  8fc20000	lw	r2,(r30)
 1021  00001b28  20410001	addi	r1,r2,#1
 1022  00001b2c  00011020	add	r2,r0,r1
 1023  00001b30  afc20000	sw	(r30),r2
 1024  00001b34  0bffff8c	j	L41_LF2
 1025  00001b38  54000000	nop; delay slot nop
 1026  00001b3c          	L42_LF2:
 1027  00001b3c  20010000	addi	r1,r0,#0
 1028  00001b40  08000004	j	L40_LF2
 1029  00001b44  54000000	nop; delay slot nop
 1030  00001b48          	L40_LF2:
 1031  00001b48  8fa20000	lw	r2,0(r29)
 1032  00001b4c  8fdffff8	lw	r31,-8(r30)
 1033  00001b50  001ee820	add	r29,r0,r30
 1034  00001b54  8fdefffc	lw	r30,-4(r30)
 1035  00001b58  4be00000	jr	r31
 1036  00001b5c  54000000	nop
 1037  00001b60          	.endproc _dstrstr
 1038  00001b60          	.align 2
 1039  00001b60          	.proc _dmindex
 1040  00001b60          	.global _dmindex
 1041  00001b60          	_dmindex:
 1042                      ;  Function 'dmindex'; 8 bytes of locals, 1 regs to save.
 1043  00001b60  afbefffc	sw	-4(r29),r30; push fp
 1044  00001b64  001df020	add	r30,r0,r29; fp = sp
 1045  00001b68  afbffff8	sw	-8(r29),r31; push ret addr
 1046  00001b6c  2fbd0018	subui	r29,r29,#24; alloc local storage
 1047  00001b70  afa20000	sw	0(r29),r2
 1048  00001b74  54000000	nop
 1049  00001b78          	L46_LF2:
 1050  00001b78  8fc10000	lw	r1,(r30)
 1051  00001b7c  90220000	lbu	r2,(r1)
 1052  00001b80  64410000	snei	r1,r2,#0
 1053  00001b84  1420000c	bnez	r1,L48_LF2
 1054  00001b88  54000000	nop; delay slot nop
 1055  00001b8c  08000070	j	L47_LF2
 1056  00001b90  54000000	nop; delay slot nop
 1057  00001b94          	L48_LF2:
 1058  00001b94  8fc10004	lw	r1,4(r30)
 1059  00001b98  afc1fff4	sw	-12(r30),r1
 1060  00001b9c          	L49_LF2:
 1061  00001b9c  8fc1fff4	lw	r1,-12(r30)
 1062  00001ba0  90220000	lbu	r2,(r1)
 1063  00001ba4  64410000	snei	r1,r2,#0
 1064  00001ba8  1420000c	bnez	r1,L52_LF2
 1065  00001bac  54000000	nop; delay slot nop
 1066  00001bb0  08000044	j	L50_LF2
 1067  00001bb4  54000000	nop; delay slot nop
 1068  00001bb8          	L52_LF2:
 1069  00001bb8  8fc10000	lw	r1,(r30)
 1070  00001bbc  8fc2fff4	lw	r2,-12(r30)
 1071  00001bc0  90210000	lbu	r1,(r1)
 1072  00001bc4  90420000	lbu	r2,(r2)
 1073  00001bc8  00220828	seq	r1,r1,r2
 1074  00001bcc  10200010	beqz	r1,L51_LF2
 1075  00001bd0  54000000	nop; delay slot nop
 1076  00001bd4  8fc10000	lw	r1,(r30)
 1077  00001bd8  08000030	j	L45_LF2
 1078  00001bdc  54000000	nop; delay slot nop
 1079  00001be0          	L53_LF2:
 1080  00001be0          	L51_LF2:
 1081  00001be0  8fc2fff4	lw	r2,-12(r30)
 1082  00001be4  20410001	addi	r1,r2,#1
 1083  00001be8  00011020	add	r2,r0,r1
 1084  00001bec  afc2fff4	sw	-12(r30),r2
 1085  00001bf0  0bffffa8	j	L49_LF2
 1086  00001bf4  54000000	nop; delay slot nop
 1087  00001bf8          	L50_LF2:
 1088  00001bf8  0bffff7c	j	L46_LF2
 1089  00001bfc  54000000	nop; delay slot nop
 1090  00001c00          	L47_LF2:
 1091  00001c00  20010000	addi	r1,r0,#0
 1092  00001c04  08000004	j	L45_LF2
 1093  00001c08  54000000	nop; delay slot nop
 1094  00001c0c          	L45_LF2:
 1095  00001c0c  8fa20000	lw	r2,0(r29)
 1096  00001c10  8fdffff8	lw	r31,-8(r30)
 1097  00001c14  001ee820	add	r29,r0,r30
 1098  00001c18  8fdefffc	lw	r30,-4(r30)
 1099  00001c1c  4be00000	jr	r31
 1100  00001c20  54000000	nop
 1101  00001c24          	.endproc _dmindex
 1102  00001c24          	.align 2
 1103  00001c24          	.proc _dindex
 1104  00001c24          	.global _dindex
 1105  00001c24          	_dindex:
 1106                      ;  Function 'dindex'; 0 bytes of locals, 1 regs to save.
 1107  00001c24  afbefffc	sw	-4(r29),r30; push fp
 1108  00001c28  001df020	add	r30,r0,r29; fp = sp
 1109  00001c2c  afbffff8	sw	-8(r29),r31; push ret addr
 1110  00001c30  2fbd0010	subui	r29,r29,#16; alloc local storage
 1111  00001c34  afa20000	sw	0(r29),r2
 1112  00001c38  54000000	nop
 1113  00001c3c          	L55_LF2:
 1114  00001c3c  8fc10000	lw	r1,(r30)
 1115  00001c40  90220000	lbu	r2,(r1)
 1116  00001c44  64410000	snei	r1,r2,#0
 1117  00001c48  1420000c	bnez	r1,L57_LF2
 1118  00001c4c  54000000	nop; delay slot nop
 1119  00001c50  08000040	j	L56_LF2
 1120  00001c54  54000000	nop; delay slot nop
 1121  00001c58          	L57_LF2:
 1122  00001c58  8fc10000	lw	r1,(r30)
 1123  00001c5c  90220000	lbu	r2,(r1)
 1124  00001c60  8fc10004	lw	r1,4(r30)
 1125  00001c64  00411028	seq	r2,r2,r1
 1126  00001c68  10400010	beqz	r2,L58_LF2
 1127  00001c6c  54000000	nop; delay slot nop
 1128  00001c70  8fc10000	lw	r1,(r30)
 1129  00001c74  08000028	j	L54_LF2
 1130  00001c78  54000000	nop; delay slot nop
 1131  00001c7c          	L58_LF2:
 1132  00001c7c  8fc20000	lw	r2,(r30)
 1133  00001c80  20410001	addi	r1,r2,#1
 1134  00001c84  00011020	add	r2,r0,r1
 1135  00001c88  afc20000	sw	(r30),r2
 1136  00001c8c  0bffffac	j	L55_LF2
 1137  00001c90  54000000	nop; delay slot nop
 1138  00001c94          	L56_LF2:
 1139  00001c94  20010000	addi	r1,r0,#0
 1140  00001c98  08000004	j	L54_LF2
 1141  00001c9c  54000000	nop; delay slot nop
 1142  00001ca0          	L54_LF2:
 1143  00001ca0  8fa20000	lw	r2,0(r29)
 1144  00001ca4  8fdffff8	lw	r31,-8(r30)
 1145  00001ca8  001ee820	add	r29,r0,r30
 1146  00001cac  8fdefffc	lw	r30,-4(r30)
 1147  00001cb0  4be00000	jr	r31
 1148  00001cb4  54000000	nop
 1149  00001cb8          	.endproc _dindex
 1150  00001cb8          	.align 2
 1151  00001cb8          	.proc _ditoa
 1152  00001cb8          	.global _ditoa
 1153  00001cb8          	_ditoa:
 1154                      ;  Function 'ditoa'; 8 bytes of locals, 2 regs to save.
 1155  00001cb8  afbefffc	sw	-4(r29),r30; push fp
 1156  00001cbc  001df020	add	r30,r0,r29; fp = sp
 1157  00001cc0  afbffff8	sw	-8(r29),r31; push ret addr
 1158  00001cc4  2fbd0018	subui	r29,r29,#24; alloc local storage
 1159  00001cc8  afa20000	sw	0(r29),r2
 1160  00001ccc  afa30004	sw	4(r29),r3
 1161  00001cd0  8fc10000	lw	r1,(r30)
 1162  00001cd4  68220000	slti	r2,r1,#0
 1163  00001cd8  1040002c	beqz	r2,L60_LF2
 1164  00001cdc  54000000	nop; delay slot nop
 1165  00001ce0  8fc10004	lw	r1,4(r30)
 1166  00001ce4  20220001	addi	r2,r1,#1
 1167  00001ce8  afc20004	sw	4(r30),r2
 1168  00001cec  2002002d	addi	r2,r0,(#0x2d)&0xff
 1169  00001cf0  a0220000	sb	(r1),r2
 1170  00001cf4  8fc10000	lw	r1,(r30)
 1171  00001cf8  00011022	sub	r2,r0,r1
 1172  00001cfc  afc20000	sw	(r30),r2
 1173  00001d00  08000118	j	L61_LF2
 1174  00001d04  54000000	nop; delay slot nop
 1175  00001d08          	L60_LF2:
 1176  00001d08  8fc10000	lw	r1,(r30)
 1177  00001d0c  64220000	snei	r2,r1,#0
 1178  00001d10  14400020	bnez	r2,L62_LF2
 1179  00001d14  54000000	nop; delay slot nop
 1180  00001d18  8fc10004	lw	r1,4(r30)
 1181  00001d1c  20220001	addi	r2,r1,#1
 1182  00001d20  afc20004	sw	4(r30),r2
 1183  00001d24  20020030	addi	r2,r0,(#0x30)&0xff
 1184  00001d28  a0220000	sb	(r1),r2
 1185  00001d2c  080000ec	j	L61_LF2
 1186  00001d30  54000000	nop; delay slot nop
 1187  00001d34          	L62_LF2:
 1188  00001d34  20010001	addi	r1,r0,#1
 1189  00001d38  afc1fff4	sw	-12(r30),r1
 1190  00001d3c          	L64_LF2:
 1191  00001d3c  8fc1fff4	lw	r1,-12(r30)
 1192  00001d40  8fc20000	lw	r2,(r30)
 1193  00001d44  0022082c	sle	r1,r1,r2
 1194  00001d48  1420000c	bnez	r1,L66_LF2
 1195  00001d4c  54000000	nop; delay slot nop
 1196  00001d50  08000024	j	L65_LF2
 1197  00001d54  54000000	nop; delay slot nop
 1198  00001d58          	L67_LF2:
 1199  00001d58          	L66_LF2:
 1200  00001d58  8fc1fff4	lw	r1,-12(r30)
 1201  00001d5c  00011820	add	r3,r0,r1
 1202  00001d60  50620002	slli	r2,r3,#0x2
 1203  00001d64  00411020	add	r2,r2,r1
 1204  00001d68  50410001	slli	r1,r2,#0x1
 1205  00001d6c  afc1fff4	sw	-12(r30),r1
 1206  00001d70  0bffffc8	j	L64_LF2
 1207  00001d74  54000000	nop; delay slot nop
 1208  00001d78          	L65_LF2:
 1209  00001d78  54000000	nop
 1210  00001d7c          	L68_LF2:
 1211  00001d7c  8fc1fff4	lw	r1,-12(r30)
 1212  00001d80  2002000a	addi	r2,r0,#10
 1213  00001d84  00200035	movi2fp	f0,r1
 1214  00001d88  00400835	movi2fp	f1,r2
 1215  00001d8c  0401000f	div	f0,f0,f1
 1216  00001d90  00000834	movfp2i	r1,f0
 1217  00001d94  afc1fff4	sw	-12(r30),r1
 1218  00001d98  8fc10004	lw	r1,4(r30)
 1219  00001d9c  20220001	addi	r2,r1,#1
 1220  00001da0  afc20004	sw	4(r30),r2
 1221  00001da4  8fc20000	lw	r2,(r30)
 1222  00001da8  8fc3fff4	lw	r3,-12(r30)
 1223  00001dac  00400035	movi2fp	f0,r2
 1224  00001db0  00600835	movi2fp	f1,r3
 1225  00001db4  0401000f	div	f0,f0,f1
 1226  00001db8  00001034	movfp2i	r2,f0
 1227  00001dbc  00021820	add	r3,r0,r2
 1228  00001dc0  20620030	addi	r2,r3,#48
 1229  00001dc4  a0220000	sb	(r1),r2
 1230  00001dc8  8fc10000	lw	r1,(r30)
 1231  00001dcc  8fc3fff4	lw	r3,-12(r30)
 1232  00001dd0  00200035	movi2fp	f0,r1
 1233  00001dd4  00600835	movi2fp	f1,r3
 1234  00001dd8  0401000f	div	f0,f0,f1
 1235  00001ddc  00001034	movfp2i	r2,f0
 1236  00001de0  8fc3fff4	lw	r3,-12(r30)
 1237  00001de4  00400035	movi2fp	f0,r2
 1238  00001de8  00600835	movi2fp	f1,r3
 1239  00001dec  0401000e	mult	f0,f0,f1
 1240  00001df0  00001034	movfp2i	r2,f0
 1241  00001df4  00220822	sub	r1,r1,r2
 1242  00001df8  afc10000	sw	(r30),r1
 1243  00001dfc          	L70_LF2:
 1244  00001dfc  8fc1fff4	lw	r1,-12(r30)
 1245  00001e00  6c220001	sgti	r2,r1,#1
 1246  00001e04  1440000c	bnez	r2,L71_LF2
 1247  00001e08  54000000	nop; delay slot nop
 1248  00001e0c  0800000c	j	L61_LF2
 1249  00001e10  54000000	nop; delay slot nop
 1250  00001e14          	L71_LF2:
 1251  00001e14  0bffff64	j	L68_LF2
 1252  00001e18  54000000	nop; delay slot nop
 1253  00001e1c          	L69_LF2:
 1254  00001e1c          	L63_LF2:
 1255  00001e1c          	L61_LF2:
 1256  00001e1c  8fc10004	lw	r1,4(r30)
 1257  00001e20  20020000	addi	r2,r0,(#0x0)&0xff
 1258  00001e24  a0220000	sb	(r1),r2
 1259  00001e28          	L59_LF2:
 1260  00001e28  8fa20000	lw	r2,0(r29)
 1261  00001e2c  8fa30004	lw	r3,4(r29)
 1262  00001e30  8fdffff8	lw	r31,-8(r30)
 1263  00001e34  001ee820	add	r29,r0,r30
 1264  00001e38  8fdefffc	lw	r30,-4(r30)
 1265  00001e3c  4be00000	jr	r31
 1266  00001e40  54000000	nop
 1267  00001e44          	.endproc _ditoa
 1268  00001e44          	.align 2
 1269  00001e44          	.proc _dstrtol
 1270  00001e44          	.global _dstrtol
 1271  00001e44          	_dstrtol:
 1272                      ;  Function 'dstrtol'; 16 bytes of locals, 1 regs to save.
 1273  00001e44  afbefffc	sw	-4(r29),r30; push fp
 1274  00001e48  001df020	add	r30,r0,r29; fp = sp
 1275  00001e4c  afbffff8	sw	-8(r29),r31; push ret addr
 1276  00001e50  2fbd0020	subui	r29,r29,#32; alloc local storage
 1277  00001e54  afa20000	sw	0(r29),r2
 1278  00001e58  20010000	addi	r1,r0,#0
 1279  00001e5c  afc1fff4	sw	-12(r30),r1
 1280  00001e60          	L73_LF2:
 1281  00001e60  8fc10000	lw	r1,(r30)
 1282  00001e64  90220000	lbu	r2,(r1)
 1283  00001e68  60410020	seqi	r1,r2,#32
 1284  00001e6c  14200034	bnez	r1,L75_LF2
 1285  00001e70  54000000	nop; delay slot nop
 1286  00001e74  8fc10000	lw	r1,(r30)
 1287  00001e78  90220000	lbu	r2,(r1)
 1288  00001e7c  60410009	seqi	r1,r2,#9
 1289  00001e80  14200020	bnez	r1,L75_LF2
 1290  00001e84  54000000	nop; delay slot nop
 1291  00001e88  8fc10000	lw	r1,(r30)
 1292  00001e8c  90220000	lbu	r2,(r1)
 1293  00001e90  6041000a	seqi	r1,r2,#10
 1294  00001e94  1420000c	bnez	r1,L75_LF2
 1295  00001e98  54000000	nop; delay slot nop
 1296  00001e9c  0800001c	j	L74_LF2
 1297  00001ea0  54000000	nop; delay slot nop
 1298  00001ea4          	L75_LF2:
 1299  00001ea4  8fc20000	lw	r2,(r30)
 1300  00001ea8  20410001	addi	r1,r2,#1
 1301  00001eac  00011020	add	r2,r0,r1
 1302  00001eb0  afc20000	sw	(r30),r2
 1303  00001eb4  0bffffa8	j	L73_LF2
 1304  00001eb8  54000000	nop; delay slot nop
 1305  00001ebc          	L74_LF2:
 1306  00001ebc  8fc10004	lw	r1,4(r30)
 1307  00001ec0  64220000	snei	r2,r1,#0
 1308  00001ec4  10400010	beqz	r2,L76_LF2
 1309  00001ec8  54000000	nop; delay slot nop
 1310  00001ecc  8fc10004	lw	r1,4(r30)
 1311  00001ed0  8fc20000	lw	r2,(r30)
 1312  00001ed4  ac220000	sw	(r1),r2
 1313  00001ed8          	L76_LF2:
 1314  00001ed8  8fc10000	lw	r1,(r30)
 1315  00001edc  90220000	lbu	r2,(r1)
 1316  00001ee0  64410000	snei	r1,r2,#0
 1317  00001ee4  14200010	bnez	r1,L77_LF2
 1318  00001ee8  54000000	nop; delay slot nop
 1319  00001eec  8fc1fff4	lw	r1,-12(r30)
 1320  00001ef0  08000294	j	L72_LF2
 1321  00001ef4  54000000	nop; delay slot nop
 1322  00001ef8          	L77_LF2:
 1323  00001ef8  8fc10000	lw	r1,(r30)
 1324  00001efc  90220000	lbu	r2,(r1)
 1325  00001f00  6041002d	seqi	r1,r2,#45
 1326  00001f04  10200024	beqz	r1,L78_LF2
 1327  00001f08  54000000	nop; delay slot nop
 1328  00001f0c  2001ffff	addi	r1,r0,#-1
 1329  00001f10  afc1ffec	sw	-20(r30),r1
 1330  00001f14  8fc20000	lw	r2,(r30)
 1331  00001f18  20410001	addi	r1,r2,#1
 1332  00001f1c  00011020	add	r2,r0,r1
 1333  00001f20  afc20000	sw	(r30),r2
 1334  00001f24  0800000c	j	L79_LF2
 1335  00001f28  54000000	nop; delay slot nop
 1336  00001f2c          	L78_LF2:
 1337  00001f2c  20010001	addi	r1,r0,#1
 1338  00001f30  afc1ffec	sw	-20(r30),r1
 1339  00001f34          	L79_LF2:
 1340  00001f34  8fc10008	lw	r1,8(r30)
 1341  00001f38  64220000	snei	r2,r1,#0
 1342  00001f3c  14400090	bnez	r2,L80_LF2
 1343  00001f40  54000000	nop; delay slot nop
 1344  00001f44  8fc10000	lw	r1,(r30)
 1345  00001f48  90220000	lbu	r2,(r1)
 1346  00001f4c  60410030	seqi	r1,r2,#48
 1347  00001f50  10200074	beqz	r1,L81_LF2
 1348  00001f54  54000000	nop; delay slot nop
 1349  00001f58  8fc20000	lw	r2,(r30)
 1350  00001f5c  20410001	addi	r1,r2,#1
 1351  00001f60  00011020	add	r2,r0,r1
 1352  00001f64  afc20000	sw	(r30),r2
 1353  00001f68  8fc10000	lw	r1,(r30)
 1354  00001f6c  90220000	lbu	r2,(r1)
 1355  00001f70  60410078	seqi	r1,r2,#120
 1356  00001f74  14200020	bnez	r1,L83_LF2
 1357  00001f78  54000000	nop; delay slot nop
 1358  00001f7c  8fc10000	lw	r1,(r30)
 1359  00001f80  90220000	lbu	r2,(r1)
 1360  00001f84  60410058	seqi	r1,r2,#88
 1361  00001f88  1420000c	bnez	r1,L83_LF2
 1362  00001f8c  54000000	nop; delay slot nop
 1363  00001f90  08000024	j	L82_LF2
 1364  00001f94  54000000	nop; delay slot nop
 1365  00001f98          	L83_LF2:
 1366  00001f98  20010010	addi	r1,r0,#16
 1367  00001f9c  afc10008	sw	8(r30),r1
 1368  00001fa0  8fc20000	lw	r2,(r30)
 1369  00001fa4  20410001	addi	r1,r2,#1
 1370  00001fa8  00011020	add	r2,r0,r1
 1371  00001fac  afc20000	sw	(r30),r2
 1372  00001fb0  0800000c	j	L84_LF2
 1373  00001fb4  54000000	nop; delay slot nop
 1374  00001fb8          	L82_LF2:
 1375  00001fb8  20010008	addi	r1,r0,#8
 1376  00001fbc  afc10008	sw	8(r30),r1
 1377  00001fc0          	L84_LF2:
 1378  00001fc0  0800000c	j	L80_LF2
 1379  00001fc4  54000000	nop; delay slot nop
 1380  00001fc8          	L81_LF2:
 1381  00001fc8  2001000a	addi	r1,r0,#10
 1382  00001fcc  afc10008	sw	8(r30),r1
 1383  00001fd0          	L85_LF2:
 1384  00001fd0          	L80_LF2:
 1385  00001fd0  8fc10008	lw	r1,8(r30)
 1386  00001fd4  70220000	slei	r2,r1,#0
 1387  00001fd8  1440001c	bnez	r2,L87_LF2
 1388  00001fdc  54000000	nop; delay slot nop
 1389  00001fe0  8fc10008	lw	r1,8(r30)
 1390  00001fe4  6c220010	sgti	r2,r1,#16
 1391  00001fe8  1440000c	bnez	r2,L87_LF2
 1392  00001fec  54000000	nop; delay slot nop
 1393  00001ff0  08000010	j	L86_LF2
 1394  00001ff4  54000000	nop; delay slot nop
 1395  00001ff8          	L87_LF2:
 1396  00001ff8  8fc1fff4	lw	r1,-12(r30)
 1397  00001ffc  08000188	j	L72_LF2
 1398  00002000  54000000	nop; delay slot nop
 1399  00002004          	L86_LF2:
 1400  00002004  54000000	nop
 1401  00002008          	L88_LF2:
 1402  00002008  8fc10000	lw	r1,(r30)
 1403  0000200c  90220000	lbu	r2,(r1)
 1404  00002010  6c41002f	sgtui	r1,r2,#47
 1405  00002014  10200030	beqz	r1,L91_LF2
 1406  00002018  54000000	nop; delay slot nop
 1407  0000201c  8fc10000	lw	r1,(r30)
 1408  00002020  90220000	lbu	r2,(r1)
 1409  00002024  70410039	sleui	r1,r2,#57
 1410  00002028  1020001c	beqz	r1,L91_LF2
 1411  0000202c  54000000	nop; delay slot nop
 1412  00002030  8fc10000	lw	r1,(r30)
 1413  00002034  90220000	lbu	r2,(r1)
 1414  00002038  2041ffd0	addi	r1,r2,#-48
 1415  0000203c  afc1fff0	sw	-16(r30),r1
 1416  00002040  0800008c	j	L92_LF2
 1417  00002044  54000000	nop; delay slot nop
 1418  00002048          	L91_LF2:
 1419  00002048  8fc10000	lw	r1,(r30)
 1420  0000204c  90220000	lbu	r2,(r1)
 1421  00002050  6c410060	sgtui	r1,r2,#96
 1422  00002054  10200030	beqz	r1,L93_LF2
 1423  00002058  54000000	nop; delay slot nop
 1424  0000205c  8fc10000	lw	r1,(r30)
 1425  00002060  90220000	lbu	r2,(r1)
 1426  00002064  7041007a	sleui	r1,r2,#122
 1427  00002068  1020001c	beqz	r1,L93_LF2
 1428  0000206c  54000000	nop; delay slot nop
 1429  00002070  8fc10000	lw	r1,(r30)
 1430  00002074  90220000	lbu	r2,(r1)
 1431  00002078  2041ffa9	addi	r1,r2,#-87
 1432  0000207c  afc1fff0	sw	-16(r30),r1
 1433  00002080  0800004c	j	L92_LF2
 1434  00002084  54000000	nop; delay slot nop
 1435  00002088          	L93_LF2:
 1436  00002088  8fc10000	lw	r1,(r30)
 1437  0000208c  90220000	lbu	r2,(r1)
 1438  00002090  6c410040	sgtui	r1,r2,#64
 1439  00002094  10200030	beqz	r1,L95_LF2
 1440  00002098  54000000	nop; delay slot nop
 1441  0000209c  8fc10000	lw	r1,(r30)
 1442  000020a0  90220000	lbu	r2,(r1)
 1443  000020a4  7041005a	sleui	r1,r2,#90
 1444  000020a8  1020001c	beqz	r1,L95_LF2
 1445  000020ac  54000000	nop; delay slot nop
 1446  000020b0  8fc10000	lw	r1,(r30)
 1447  000020b4  90220000	lbu	r2,(r1)
 1448  000020b8  2041ffc9	addi	r1,r2,#-55
 1449  000020bc  afc1fff0	sw	-16(r30),r1
 1450  000020c0  0800000c	j	L92_LF2
 1451  000020c4  54000000	nop; delay slot nop
 1452  000020c8          	L95_LF2:
 1453  000020c8  200103e8	addi	r1,r0,#1000
 1454  000020cc  afc1fff0	sw	-16(r30),r1
 1455  000020d0          	L96_LF2:
 1456  000020d0          	L94_LF2:
 1457  000020d0          	L92_LF2:
 1458  000020d0  8fc1fff0	lw	r1,-16(r30)
 1459  000020d4  8fc20008	lw	r2,8(r30)
 1460  000020d8  0022082a	slt	r1,r1,r2
 1461  000020dc  10200040	beqz	r1,L90_LF2
 1462  000020e0  54000000	nop; delay slot nop
 1463  000020e4  8fc1fff4	lw	r1,-12(r30)
 1464  000020e8  8fc20008	lw	r2,8(r30)
 1465  000020ec  00200035	movi2fp	f0,r1
 1466  000020f0  00400835	movi2fp	f1,r2
 1467  000020f4  0401000e	mult	f0,f0,f1
 1468  000020f8  00000834	movfp2i	r1,f0
 1469  000020fc  afc1fff4	sw	-12(r30),r1
 1470  00002100  8fc1fff4	lw	r1,-12(r30)
 1471  00002104  8fc2fff0	lw	r2,-16(r30)
 1472  00002108  00220820	add	r1,r1,r2
 1473  0000210c  afc1fff4	sw	-12(r30),r1
 1474  00002110  8fc20000	lw	r2,(r30)
 1475  00002114  20410001	addi	r1,r2,#1
 1476  00002118  00011020	add	r2,r0,r1
 1477  0000211c  afc20000	sw	(r30),r2
 1478  00002120          	L97_LF2:
 1479  00002120          	L90_LF2:
 1480  00002120  8fc1fff0	lw	r1,-16(r30)
 1481  00002124  8fc20008	lw	r2,8(r30)
 1482  00002128  0022082a	slt	r1,r1,r2
 1483  0000212c  1420000c	bnez	r1,L98_LF2
 1484  00002130  54000000	nop; delay slot nop
 1485  00002134  0800000c	j	L89_LF2
 1486  00002138  54000000	nop; delay slot nop
 1487  0000213c          	L98_LF2:
 1488  0000213c  0bfffec8	j	L88_LF2
 1489  00002140  54000000	nop; delay slot nop
 1490  00002144          	L89_LF2:
 1491  00002144  8fc10004	lw	r1,4(r30)
 1492  00002148  64220000	snei	r2,r1,#0
 1493  0000214c  10400010	beqz	r2,L99_LF2
 1494  00002150  54000000	nop; delay slot nop
 1495  00002154  8fc10004	lw	r1,4(r30)
 1496  00002158  8fc20000	lw	r2,(r30)
 1497  0000215c  ac220000	sw	(r1),r2
 1498  00002160          	L99_LF2:
 1499  00002160  8fc1fff4	lw	r1,-12(r30)
 1500  00002164  8fc2ffec	lw	r2,-20(r30)
 1501  00002168  00200035	movi2fp	f0,r1
 1502  0000216c  00400835	movi2fp	f1,r2
 1503  00002170  0401000e	mult	f0,f0,f1
 1504  00002174  00000834	movfp2i	r1,f0
 1505  00002178  afc1fff4	sw	-12(r30),r1
 1506  0000217c  8fc1fff4	lw	r1,-12(r30)
 1507  00002180  08000004	j	L72_LF2
 1508  00002184  54000000	nop; delay slot nop
 1509  00002188          	L72_LF2:
 1510  00002188  8fa20000	lw	r2,0(r29)
 1511  0000218c  8fdffff8	lw	r31,-8(r30)
 1512  00002190  001ee820	add	r29,r0,r30
 1513  00002194  8fdefffc	lw	r30,-4(r30)
 1514  00002198  4be00000	jr	r31
 1515  0000219c  54000000	nop
 1516  000021a0          	.endproc _dstrtol
 1517  000021a0          	.align 2
 1518  000021a0          	.proc _bcopy
 1519  000021a0          	.global _bcopy
 1520  000021a0          	_bcopy:
 1521                      ;  Function 'bcopy'; 0 bytes of locals, 2 regs to save.
 1522  000021a0  afbefffc	sw	-4(r29),r30; push fp
 1523  000021a4  001df020	add	r30,r0,r29; fp = sp
 1524  000021a8  afbffff8	sw	-8(r29),r31; push ret addr
 1525  000021ac  2fbd0010	subui	r29,r29,#16; alloc local storage
 1526  000021b0  afa20000	sw	0(r29),r2
 1527  000021b4  afa30004	sw	4(r29),r3
 1528  000021b8  54000000	nop
 1529  000021bc          	L101_LF2:
 1530  000021bc  8fc10008	lw	r1,8(r30)
 1531  000021c0  2022ffff	addi	r2,r1,#-1
 1532  000021c4  afc20008	sw	8(r30),r2
 1533  000021c8  6c210000	sgti	r1,r1,#0
 1534  000021cc  1420000c	bnez	r1,L103_LF2
 1535  000021d0  54000000	nop; delay slot nop
 1536  000021d4  0800002c	j	L102_LF2
 1537  000021d8  54000000	nop; delay slot nop
 1538  000021dc          	L103_LF2:
 1539  000021dc  8fc10004	lw	r1,4(r30)
 1540  000021e0  20220001	addi	r2,r1,#1
 1541  000021e4  afc20004	sw	4(r30),r2
 1542  000021e8  8fc20000	lw	r2,(r30)
 1543  000021ec  20430001	addi	r3,r2,#1
 1544  000021f0  afc30000	sw	(r30),r3
 1545  000021f4  80420000	lb	r2,(r2)
 1546  000021f8  a0220000	sb	(r1),r2
 1547  000021fc  0bffffbc	j	L101_LF2
 1548  00002200  54000000	nop; delay slot nop
 1549  00002204          	L102_LF2:
 1550  00002204          	L100_LF2:
 1551  00002204  8fa20000	lw	r2,0(r29)
 1552  00002208  8fa30004	lw	r3,4(r29)
 1553  0000220c  8fdffff8	lw	r31,-8(r30)
 1554  00002210  001ee820	add	r29,r0,r30
 1555  00002214  8fdefffc	lw	r30,-4(r30)
 1556  00002218  4be00000	jr	r31
 1557  0000221c  54000000	nop
 1558  00002220          	.endproc _bcopy
 1559  00002220          	.align 2
 1560  00002220          	.proc _bzero
 1561  00002220          	.global _bzero
 1562  00002220          	_bzero:
 1563                      ;  Function 'bzero'; 0 bytes of locals, 1 regs to save.
 1564  00002220  afbefffc	sw	-4(r29),r30; push fp
 1565  00002224  001df020	add	r30,r0,r29; fp = sp
 1566  00002228  afbffff8	sw	-8(r29),r31; push ret addr
 1567  0000222c  2fbd0010	subui	r29,r29,#16; alloc local storage
 1568  00002230  afa20000	sw	0(r29),r2
 1569  00002234  54000000	nop
 1570  00002238          	L105_LF2:
 1571  00002238  8fc10004	lw	r1,4(r30)
 1572  0000223c  2022ffff	addi	r2,r1,#-1
 1573  00002240  afc20004	sw	4(r30),r2
 1574  00002244  6c210000	sgti	r1,r1,#0
 1575  00002248  1420000c	bnez	r1,L107_LF2
 1576  0000224c  54000000	nop; delay slot nop
 1577  00002250  08000020	j	L106_LF2
 1578  00002254  54000000	nop; delay slot nop
 1579  00002258          	L107_LF2:
 1580  00002258  8fc10000	lw	r1,(r30)
 1581  0000225c  20220001	addi	r2,r1,#1
 1582  00002260  afc20000	sw	(r30),r2
 1583  00002264  20020000	addi	r2,r0,(#0x0)&0xff
 1584  00002268  a0220000	sb	(r1),r2
 1585  0000226c  0bffffc8	j	L105_LF2
 1586  00002270  54000000	nop; delay slot nop
 1587  00002274          	L106_LF2:
 1588  00002274          	L104_LF2:
 1589  00002274  8fa20000	lw	r2,0(r29)
 1590  00002278  8fdffff8	lw	r31,-8(r30)
 1591  0000227c  001ee820	add	r29,r0,r30
 1592  00002280  8fdefffc	lw	r30,-4(r30)
 1593  00002284  4be00000	jr	r31
 1594  00002288  54000000	nop
 1595  0000228c          	.endproc _bzero
 1596  0000228c          	.align 2
 1597  0000228c          	.proc _min
 1598  0000228c          	.global _min
 1599  0000228c          	_min:
 1600                      ;  Function 'min'; 0 bytes of locals, 2 regs to save.
 1601  0000228c  afbefffc	sw	-4(r29),r30; push fp
 1602  00002290  001df020	add	r30,r0,r29; fp = sp
 1603  00002294  afbffff8	sw	-8(r29),r31; push ret addr
 1604  00002298  2fbd0010	subui	r29,r29,#16; alloc local storage
 1605  0000229c  afa20000	sw	0(r29),r2
 1606  000022a0  afa30004	sw	4(r29),r3
 1607  000022a4  8fc10000	lw	r1,(r30)
 1608  000022a8  8fc20004	lw	r2,4(r30)
 1609  000022ac  0022182c	sle	r3,r1,r2
 1610  000022b0  14600008	bnez	r3,L109_LF2
 1611  000022b4  54000000	nop; delay slot nop
 1612  000022b8  8fc10004	lw	r1,4(r30)
 1613  000022bc          	L109_LF2:
 1614  000022bc  08000004	j	L108_LF2
 1615  000022c0  54000000	nop; delay slot nop
 1616  000022c4          	L108_LF2:
 1617  000022c4  8fa20000	lw	r2,0(r29)
 1618  000022c8  8fa30004	lw	r3,4(r29)
 1619  000022cc  8fdffff8	lw	r31,-8(r30)
 1620  000022d0  001ee820	add	r29,r0,r30
 1621  000022d4  8fdefffc	lw	r30,-4(r30)
 1622  000022d8  4be00000	jr	r31
 1623  000022dc  54000000	nop
 1624  000022e0          	.endproc _min
 1625                      ;;; Ethan L. Miller, 1999.  Released to the public domain
 1626                      ;;;
 1627                      ;;; Most of the traps are called in files from libtraps.
 1630  000022e0          	.align 2
 1631  000022e0          	.proc _exit
 1632  000022e0          	.global _exit
 1633  000022e0          	_exit:
 1634  000022e0  44000300	trap	#0x300
 1635  000022e4  4be00000	jr	r31
 1636  000022e8  54000000	nop
 1637  000022ec          	.endproc _exit
 1639                      ; for the benefit of gcc.
 1640  000022ec          	.proc ___main
 1641  000022ec          	.global ___main
 1642  000022ec          	___main:
 1643  000022ec  4be00000	jr	r31
 1644  000022f0  54000000	nop
 1645  000022f4          	.endproc ___main
 1646  000022f4          	.text
 1647  000022f4          	.global _etext
 1648  000022f4          	_etext:
 1649  000022f4          	.align 3
 1650  000022f8          	.data
 1651  0000319e          	.global _edata
 1652  0000319e          	_edata:
