 line   address	contents
    1                      ; Linked by DLX-LD.
    2                      ; MemSize 24576
    3                      ; Data size: 263
    4                      ; Text size: 4720
    5                      ; Stack size: 8192
    6  00000000          	.text 0x1000
    7  00001000          	.data 0x3000
    8                      ; Compiled by GCC
    9  00003000          	.text
   10  00001000          	.align 2
   11  00001000          	.proc _isspace
   12  00001000          	.global _isspace
   13  00001000          	_isspace:
   14                      ;  Function 'isspace'; 0 bytes of locals, 1 regs to save.
   15  00001000  afbefffc	sw	-4(r29),r30; push fp
   16  00001004  001df020	add	r30,r0,r29; fp = sp
   17  00001008  afbffff8	sw	-8(r29),r31; push ret addr
   18  0000100c  2fbd0010	subui	r29,r29,#16; alloc local storage
   19  00001010  afa20000	sw	0(r29),r2
   20  00001014  83c20003	lb	r2,3(r30)
   21  00001018  201f0000	addi	r31,r0,#0
   22  0000101c  304100ff	andi	r1,r2,#0x00ff
   23  00001020  60210020	seqi	r1,r1,#32
   24  00001024  14200018	bnez	r1,L6_LF0
   25  00001028  54000000	nop; not filled.
   26  0000102c  2041fff7	addi	r1,r2,#-9
   27  00001030  302100ff	andi	r1,r1,#0x00ff
   28  00001034  70210001	sleui	r1,r1,#1
   29  00001038  10200008	beqz	r1,L5_LF0
   30  0000103c  54000000	nop; not filled.
   31  00001040          	L6_LF0:
   32  00001040  201f0001	addi	r31,r0,#1
   33  00001044          	L5_LF0:
   34  00001044  001f0820	add	r1,r0,r31
   35  00001048  8fa20000	lw	r2,0(r29)
   36  0000104c  8fdffff8	lw	r31,-8(r30)
   37  00001050  001ee820	add	r29,r0,r30
   38  00001054  8fdefffc	lw	r30,-4(r30)
   39  00001058  4be00000	jr	r31
   40  0000105c  54000000	nop
   41  00001060          	.endproc _isspace
   42  00001060          	.align 2
   43  00001060          	.proc _isxdigit
   44  00001060          	.global _isxdigit
   45  00001060          	_isxdigit:
   46                      ;  Function 'isxdigit'; 0 bytes of locals, 1 regs to save.
   47  00001060  afbefffc	sw	-4(r29),r30; push fp
   48  00001064  001df020	add	r30,r0,r29; fp = sp
   49  00001068  afbffff8	sw	-8(r29),r31; push ret addr
   50  0000106c  2fbd0010	subui	r29,r29,#16; alloc local storage
   51  00001070  afa20000	sw	0(r29),r2
   52  00001074  83df0003	lb	r31,3(r30)
   53  00001078  20020000	addi	r2,r0,#0
   54  0000107c  23e1ffd0	addi	r1,r31,#-48
   55  00001080  302100ff	andi	r1,r1,#0x00ff
   56  00001084  70210009	sleui	r1,r1,#9
   57  00001088  14200028	bnez	r1,L12_LF0
   58  0000108c  54000000	nop; not filled.
   59  00001090  23e1ff9f	addi	r1,r31,#-97
   60  00001094  302100ff	andi	r1,r1,#0x00ff
   61  00001098  70210005	sleui	r1,r1,#5
   62  0000109c  14200014	bnez	r1,L12_LF0
   63  000010a0  54000000	nop; not filled.
   64  000010a4  33e100ff	andi	r1,r31,#0x00ff
   65  000010a8  64210041	snei	r1,r1,#65
   66  000010ac  14200008	bnez	r1,L11_LF0
   67  000010b0  54000000	nop; not filled.
   68  000010b4          	L12_LF0:
   69  000010b4  20020001	addi	r2,r0,#1
   70  000010b8          	L11_LF0:
   71  000010b8  00020820	add	r1,r0,r2
   72  000010bc  8fa20000	lw	r2,0(r29)
   73  000010c0  8fdffff8	lw	r31,-8(r30)
   74  000010c4  001ee820	add	r29,r0,r30
   75  000010c8  8fdefffc	lw	r30,-4(r30)
   76  000010cc  4be00000	jr	r31
   77  000010d0  54000000	nop
   78  000010d4          	.endproc _isxdigit
   79  000010d4          	.data
   80  00003000          	.align 2
   81  00003000          	LC0_LF0:
   82  00003000  48656c6c	.ascii "Hello World\000"
   82  00003004  6f20576f	
   82  00003008  726c6400	
   83  0000300c          	.align 2
   84  0000300c          	LC1_LF0:
   85  0000300c  55736167	.ascii "Usage\000"
   85  00003010  6500    	
   86  00003012          	.align 2
   87  00003014          	LC2_LF0:
   88  00003014  3c68616e	.ascii "<handle_to_shared_memory_page> <handle_to_page_mapped_semaphore<handle"
   88  00003018  646c655f	
   88  0000301c  746f5f73	
   88  00003020  68617265	
   88  00003024  645f6d65	
   88  00003028  6d6f7279	
   88  0000302c  5f706167	
   88  00003030  653e203c	
   88  00003034  68616e64	
   88  00003038  6c655f74	
   88  0000303c  6f5f7061	
   88  00003040  67655f6d	
   88  00003044  61707065	
   88  00003048  645f7365	
   88  0000304c  6d617068	
   88  00003050  6f72653c	
   88  00003054  68616e64	
   88  00003058  6c65    	
   89  0000305a  20746f20	.ascii " to lock>\000"
   89  0000305e  6c6f636b	
   89  00003062  3e00    	
   90  00003064          	.align 2
   91  00003064          	LC3_LF0:
   92  00003064  436f756c	.ascii "Could not map the virtual address\000"
   92  00003068  64206e6f	
   92  0000306c  74206d61	
   92  00003070  70207468	
   92  00003074  65207669	
   92  00003078  72747561	
   92  0000307c  6c206164	
   92  00003080  64726573	
   92  00003084  7300    	
   93  00003086          	.align 2
   94  00003088          	LC4_LF0:
   95  00003088  65786974	.ascii "exiting\n\000"
   95  0000308c  696e670a	
   95  00003090  00      	
   96  00003091          	.align 2
   97  00003094          	LC5_LF0:
   98  00003094  436f6e73	.ascii "Consumer %d removed: %c\n\000"
   98  00003098  756d6572	
   98  0000309c  20256420	
   98  000030a0  72656d6f	
   98  000030a4  7665643a	
   98  000030a8  2025630a	
   98  000030ac  00      	
   99  000030ad          	.align 2
  100  000030b0          	LC6_LF0:
  101  000030b0  636f6e73	.ascii "consumer: PID %d is complete.\n\000"
  101  000030b4  756d6572	
  101  000030b8  3a205049	
  101  000030bc  44202564	
  101  000030c0  20697320	
  101  000030c4  636f6d70	
  101  000030c8  6c657465	
  101  000030cc  2e0a00  	
  102  000030cf          	.align 2
  103  000030d0          	LC7_LF0:
  104  000030d0  42616420	.ascii "Bad semaphore s_procs_completed (%d) in \000"
  104  000030d4  73656d61	
  104  000030d8  70686f72	
  104  000030dc  6520735f	
  104  000030e0  70726f63	
  104  000030e4  735f636f	
  104  000030e8  6d706c65	
  104  000030ec  74656420	
  104  000030f0  28256429	
  104  000030f4  20696e20	
  104  000030f8  00      	
  105  000030f9          	.align 2
  106  000030fc          	LC8_LF0:
  107  000030fc  65786974	.ascii "exiting..\n\000"
  107  00003100  696e672e	
  107  00003104  2e0a00  	
  108  00003107          	.text
  109  000010d4          	.align 2
  110  000010d4          	.proc _main
  111  000010d4          	.global _main
  112  000010d4          	_main:
  113                      ;  Function 'main'; 16 bytes of locals, 0 regs to save.
  114  000010d4  afbefffc	sw	-4(r29),r30; push fp
  115  000010d8  001df020	add	r30,r0,r29; fp = sp
  116  000010dc  afbffff8	sw	-8(r29),r31; push ret addr
  117  000010e0  2fbd0018	subui	r29,r29,#24; alloc local storage
  118  000010e4  8fc20000	lw	r2,(r30)
  119  000010e8  8fc80004	lw	r8,4(r30)
  120  000010ec  0c001178	jal	___main
  121  000010f0  54000000	nop; not filled.
  122  000010f4  20060000	addi	r6,r0,#0
  123  000010f8  3c010000	lhi	r1,((LC0_LF0)>>16)&0xffff
  124  000010fc  24213000	addui	r1,r1,(LC0_LF0)&0xffff
  125  00001100  802b0000	lb	r11,(r1)
  126  00001104  a3cbffe8	sb	-24(r30),r11
  127  00001108  802b0001	lb	r11,1(r1)
  128  0000110c  a3cbffe9	sb	-23(r30),r11
  129  00001110  802b0002	lb	r11,2(r1)
  130  00001114  a3cbffea	sb	-22(r30),r11
  131  00001118  802b0003	lb	r11,3(r1)
  132  0000111c  a3cbffeb	sb	-21(r30),r11
  133  00001120  802b0004	lb	r11,4(r1)
  134  00001124  a3cbffec	sb	-20(r30),r11
  135  00001128  802b0005	lb	r11,5(r1)
  136  0000112c  a3cbffed	sb	-19(r30),r11
  137  00001130  802b0006	lb	r11,6(r1)
  138  00001134  a3cbffee	sb	-18(r30),r11
  139  00001138  802b0007	lb	r11,7(r1)
  140  0000113c  a3cbffef	sb	-17(r30),r11
  141  00001140  802b0008	lb	r11,8(r1)
  142  00001144  a3cbfff0	sb	-16(r30),r11
  143  00001148  802b0009	lb	r11,9(r1)
  144  0000114c  a3cbfff1	sb	-15(r30),r11
  145  00001150  802b000a	lb	r11,10(r1)
  146  00001154  a3cbfff2	sb	-14(r30),r11
  147  00001158  8021000b	lb	r1,11(r1)
  148  0000115c  a3c1fff3	sb	-13(r30),r1
  149  00001160  64410004	snei	r1,r2,#4
  150  00001164  1020004c	beqz	r1,L14_LF0
  151  00001168  54000000	nop; not filled.
  152  0000116c  23bdfff8	addi	r29,r29,#-8
  153  00001170  3c0b0000	lhi	r11,((LC1_LF0)>>16)&0xffff
  154  00001174  256b300c	addui	r11,r11,(LC1_LF0)&0xffff
  155  00001178  afab0000	sw	(r29),r11
  156  0000117c  0c0002e0	jal	_Printf
  157  00001180  54000000	nop; not filled.
  158  00001184  8d0b0000	lw	r11,(r8)
  159  00001188  afab0000	sw	(r29),r11
  160  0000118c  0c0002d0	jal	_Printf
  161  00001190  54000000	nop; not filled.
  162  00001194  3c0b0000	lhi	r11,((LC2_LF0)>>16)&0xffff
  163  00001198  256b3014	addui	r11,r11,(LC2_LF0)&0xffff
  164  0000119c  afab0000	sw	(r29),r11
  165  000011a0  0c0002bc	jal	_Printf
  166  000011a4  54000000	nop; not filled.
  167  000011a8  0c000368	jal	_Exit
  168  000011ac  54000000	nop; not filled.
  169  000011b0  23bd0008	addi	r29,r29,#8
  170  000011b4          	L14_LF0:
  171  000011b4  23bdfff0	addi	r29,r29,#-16
  172  000011b8  8d0b0004	lw	r11,4(r8)
  173  000011bc  afab0000	sw	(r29),r11
  174  000011c0  200b0000	addi	r11,r0,#0
  175  000011c4  afab0004	sw	4(r29),r11
  176  000011c8  200b000a	addi	r11,r0,#10
  177  000011cc  afab0008	sw	8(r29),r11
  178  000011d0  0c000bec	jal	_dstrtol
  179  000011d4  54000000	nop; not filled.
  180  000011d8  00011020	add	r2,r0,r1
  181  000011dc  8d0b0008	lw	r11,8(r8)
  182  000011e0  afab0000	sw	(r29),r11
  183  000011e4  200b0000	addi	r11,r0,#0
  184  000011e8  afab0004	sw	4(r29),r11
  185  000011ec  200b000a	addi	r11,r0,#10
  186  000011f0  afab0008	sw	8(r29),r11
  187  000011f4  0c000bc8	jal	_dstrtol
  188  000011f8  54000000	nop; not filled.
  189  000011fc  00014820	add	r9,r0,r1
  190  00001200  8d0b000c	lw	r11,12(r8)
  191  00001204  afab0000	sw	(r29),r11
  192  00001208  200b0000	addi	r11,r0,#0
  193  0000120c  afab0004	sw	4(r29),r11
  194  00001210  200b000a	addi	r11,r0,#10
  195  00001214  afab0008	sw	8(r29),r11
  196  00001218  0c000ba4	jal	_dstrtol
  197  0000121c  54000000	nop; not filled.
  198  00001220  00012820	add	r5,r0,r1
  199  00001224  afa20000	sw	(r29),r2
  200  00001228  0c000264	jal	_shmat
  201  0000122c  54000000	nop; not filled.
  202  00001230  00012020	add	r4,r0,r1
  203  00001234  23bd0010	addi	r29,r29,#16
  204  00001238  64810000	snei	r1,r4,#0
  205  0000123c  1420004c	bnez	r1,L15_LF0
  206  00001240  54000000	nop; not filled.
  207  00001244  23bdfff8	addi	r29,r29,#-8
  208  00001248  3c0b0000	lhi	r11,((LC3_LF0)>>16)&0xffff
  209  0000124c  256b3064	addui	r11,r11,(LC3_LF0)&0xffff
  210  00001250  afab0000	sw	(r29),r11
  211  00001254  0c000208	jal	_Printf
  212  00001258  54000000	nop; not filled.
  213  0000125c  8d0b0000	lw	r11,(r8)
  214  00001260  afab0000	sw	(r29),r11
  215  00001264  0c0001f8	jal	_Printf
  216  00001268  54000000	nop; not filled.
  217  0000126c  3c0b0000	lhi	r11,((LC4_LF0)>>16)&0xffff
  218  00001270  256b3088	addui	r11,r11,(LC4_LF0)&0xffff
  219  00001274  afab0000	sw	(r29),r11
  220  00001278  0c0001e4	jal	_Printf
  221  0000127c  54000000	nop; not filled.
  222  00001280  0c000290	jal	_Exit
  223  00001284  54000000	nop; not filled.
  224  00001288  23bd0008	addi	r29,r29,#8
  225  0000128c          	L15_LF0:
  226  0000128c  23c7ffe8	addi	r7,r30,#-24
  227  00001290  200a0005	addi	r10,r0,#5
  228  00001294          	L16_LF0:
  229  00001294  23bdfff8	addi	r29,r29,#-8
  230  00001298  afa70000	sw	(r29),r7
  231  0000129c  0c0006f0	jal	_dstrlen
  232  000012a0  54000000	nop; not filled.
  233  000012a4  23bd0008	addi	r29,r29,#8
  234  000012a8  00c1082a	slt	r1,r6,r1
  235  000012ac  102000d4	beqz	r1,L17_LF0
  236  000012b0  54000000	nop; not filled.
  237  000012b4  23bdfff8	addi	r29,r29,#-8
  238  000012b8  afa50000	sw	(r29),r5
  239  000012bc  0c00020c	jal	_lock_acquire
  240  000012c0  54000000	nop; not filled.
  241  000012c4  23bd0008	addi	r29,r29,#8
  242  000012c8  64210001	snei	r1,r1,#1
  243  000012cc  1020000c	beqz	r1,L19_LF0
  244  000012d0  54000000	nop; not filled.
  245  000012d4  0c00023c	jal	_Exit
  246  000012d8  54000000	nop; not filled.
  247  000012dc          	L19_LF0:
  248  000012dc  8c810000	lw	r1,(r4)
  249  000012e0  8c820004	lw	r2,4(r4)
  250  000012e4  00220828	seq	r1,r1,r2
  251  000012e8  14200068	bnez	r1,L21_LF0
  252  000012ec  54000000	nop; not filled.
  253  000012f0  0c000178	jal	_getpid
  254  000012f4  54000000	nop; not filled.
  255  000012f8  23bdfff0	addi	r29,r29,#-16
  256  000012fc  3c0b0000	lhi	r11,((LC5_LF0)>>16)&0xffff
  257  00001300  256b3094	addui	r11,r11,(LC5_LF0)&0xffff
  258  00001304  afab0000	sw	(r29),r11
  259  00001308  afa10004	sw	4(r29),r1
  260  0000130c  8c810004	lw	r1,4(r4)
  261  00001310  00810820	add	r1,r4,r1
  262  00001314  90210008	lbu	r1,8(r1)
  263  00001318  afa10008	sw	8(r29),r1
  264  0000131c  0c000140	jal	_Printf
  265  00001320  54000000	nop; not filled.
  266  00001324  20c60001	addi	r6,r6,#1
  267  00001328  8c810004	lw	r1,4(r4)
  268  0000132c  20230001	addi	r3,r1,#1
  269  00001330  00600035	movi2fp	f0,r3
  270  00001334  01400835	movi2fp	f1,r10
  271  00001338  0401000f	div	f0,f0,f1
  272  0000133c  00001034	movfp2i	r2,f0
  273  00001340  50410002	slli	r1,r2,#0x2
  274  00001344  00220820	add	r1,r1,r2
  275  00001348  00610822	sub	r1,r3,r1
  276  0000134c  ac810004	sw	4(r4),r1
  277  00001350  23bd0010	addi	r29,r29,#16
  278  00001354          	L21_LF0:
  279  00001354  23bdfff8	addi	r29,r29,#-8
  280  00001358  afa50000	sw	(r29),r5
  281  0000135c  0c000178	jal	_lock_release
  282  00001360  54000000	nop; not filled.
  283  00001364  23bd0008	addi	r29,r29,#8
  284  00001368  64210001	snei	r1,r1,#1
  285  0000136c  1020ff24	beqz	r1,L16_LF0
  286  00001370  54000000	nop; not filled.
  287  00001374  0c00019c	jal	_Exit
  288  00001378  54000000	nop; not filled.
  289  0000137c  0bffff14	j	L16_LF0
  290  00001380  54000000	nop; not filled.
  291  00001384          	L17_LF0:
  292  00001384  0c0000e4	jal	_getpid
  293  00001388  54000000	nop; not filled.
  294  0000138c  23bdfff8	addi	r29,r29,#-8
  295  00001390  3c0b0000	lhi	r11,((LC6_LF0)>>16)&0xffff
  296  00001394  256b30b0	addui	r11,r11,(LC6_LF0)&0xffff
  297  00001398  afab0000	sw	(r29),r11
  298  0000139c  afa10004	sw	4(r29),r1
  299  000013a0  0c0000bc	jal	_Printf
  300  000013a4  54000000	nop; not filled.
  301  000013a8  afa90000	sw	(r29),r9
  302  000013ac  0c000104	jal	_sem_signal
  303  000013b0  54000000	nop; not filled.
  304  000013b4  23bd0008	addi	r29,r29,#8
  305  000013b8  64210001	snei	r1,r1,#1
  306  000013bc  10200050	beqz	r1,L23_LF0
  307  000013c0  54000000	nop; not filled.
  308  000013c4  23bdfff8	addi	r29,r29,#-8
  309  000013c8  3c0b0000	lhi	r11,((LC7_LF0)>>16)&0xffff
  310  000013cc  256b30d0	addui	r11,r11,(LC7_LF0)&0xffff
  311  000013d0  afab0000	sw	(r29),r11
  312  000013d4  afa90004	sw	4(r29),r9
  313  000013d8  0c000084	jal	_Printf
  314  000013dc  54000000	nop; not filled.
  315  000013e0  8d080000	lw	r8,(r8)
  316  000013e4  afa80000	sw	(r29),r8
  317  000013e8  0c000074	jal	_Printf
  318  000013ec  54000000	nop; not filled.
  319  000013f0  3c0b0000	lhi	r11,((LC8_LF0)>>16)&0xffff
  320  000013f4  256b30fc	addui	r11,r11,(LC8_LF0)&0xffff
  321  000013f8  afab0000	sw	(r29),r11
  322  000013fc  0c000060	jal	_Printf
  323  00001400  54000000	nop; not filled.
  324  00001404  0c00010c	jal	_Exit
  325  00001408  54000000	nop; not filled.
  326  0000140c  23bd0008	addi	r29,r29,#8
  327  00001410          	L23_LF0:
  328  00001410  0c000e48	jal	_exit
  329  00001414  54000000	nop
  330  00001418          	.endproc _main
  331                      ;;;
  332                      ;;; Stub functions for DLX traps.
  333                      ;;;
  334                      ;;; Ethan L. Miller, 1999.  Released to the public domain.
  335                      ;;;
  336                      ;;; The traps such as Open and Close
  337                      ;;; (note the capital letters) are for use by user programs.  The traps
  338                      ;;; with names such as open and close (lower case) are for use by the OS.
  339                      ;;;
  342  00001418          	.align 2
  344                      ;;; The following are the traps to be used by user-level programs
  345                      ;;;
  347  00001418          	.align 2
  348  00001418          	.proc _Open
  349  00001418          	.global _Open
  350  00001418          	_Open:
  351                      ;;; Note that trap #0x213 actually causes a trap vector in the OS of
  352                      ;;; 0x1213.  The same is true for other user traps.  Thus, a user trap
  353                      ;;; with trap #0x240 will result in a trap vector of 0x1240 in the OS.
  354  00001418  44000213	trap	#0x213
  355  0000141c  4be00000	jr	r31
  356  00001420  54000000	nop
  357  00001424          	.endproc _Open
  359  00001424          	.proc _Close
  360  00001424          	.global _Close
  361  00001424          	_Close:
  362  00001424  44000214	trap	#0x214
  363  00001428  4be00000	jr	r31
  364  0000142c  54000000	nop
  365  00001430          	.endproc _Close
  367  00001430          	.proc _Read
  368  00001430          	.global _Read
  369  00001430          	_Read:
  370  00001430  44000210	trap	#0x210
  371  00001434  4be00000	jr	r31
  372  00001438  54000000	nop
  373  0000143c          	.endproc _Read
  375  0000143c          	.proc _Write
  376  0000143c          	.global _Write
  377  0000143c          	_Write:
  378  0000143c  44000211	trap	#0x211
  379  00001440  4be00000	jr	r31
  380  00001444  54000000	nop
  381  00001448          	.endproc _Write
  383  00001448          	.proc _Lseek
  384  00001448          	.global _Lseek
  385  00001448          	_Lseek:
  386  00001448  44000212	trap	#0x212
  387  0000144c  4be00000	jr	r31
  388  00001450  54000000	nop
  389  00001454          	.endproc _Lseek
  391  00001454          	.proc _Putchar
  392  00001454          	.global _Putchar
  393  00001454          	_Putchar:
  394  00001454  44000280	trap	#0x280
  395  00001458  4be00000	jr	r31
  396  0000145c  54000000	nop
  397  00001460          	.endproc _Putchar
  399  00001460          	.proc _Printf
  400  00001460          	.global _Printf
  401  00001460          	_Printf:
  402  00001460  44000201	trap	#0x201
  403  00001464  4be00000	jr	r31
  404  00001468  54000000	nop
  405  0000146c          	.endproc _Printf
  407  0000146c          	.proc _getpid
  408  0000146c          	.global _getpid
  409  0000146c          	_getpid:
  410  0000146c  44000431	trap	#0x431
  411  00001470  4be00000	jr	r31
  412  00001474  54000000	nop
  413  00001478          	.endproc _getpid
  415  00001478          	.proc _process_create
  416  00001478          	.global _process_create
  417  00001478          	_process_create:
  418  00001478  44000432	trap	#0x432
  419  0000147c  4be00000	jr	r31
  420  00001480  54000000	nop
  421  00001484          	.endproc _process_create
  423  00001484          	.proc _shmget
  424  00001484          	.global _shmget
  425  00001484          	_shmget:
  426  00001484  44000440	trap	#0x440
  427  00001488  4be00000	jr	r31
  428  0000148c  54000000	nop
  429  00001490          	.endproc _shmget
  431  00001490          	.proc _shmat
  432  00001490          	.global _shmat
  433  00001490          	_shmat:
  434  00001490  44000441	trap	#0x441
  435  00001494  4be00000	jr	r31
  436  00001498  54000000	nop
  437  0000149c          	.endproc _shmat
  439  0000149c          	.proc _sem_create
  440  0000149c          	.global _sem_create
  441  0000149c          	_sem_create:
  442  0000149c  44000450	trap	#0x450
  443  000014a0  4be00000	jr	r31
  444  000014a4  54000000	nop
  445  000014a8          	.endproc _sem_create
  447  000014a8          	.proc _sem_wait
  448  000014a8          	.global _sem_wait
  449  000014a8          	_sem_wait:
  450  000014a8  44000451	trap	#0x451
  451  000014ac  4be00000	jr	r31
  452  000014b0  54000000	nop
  453  000014b4          	.endproc _sem_wait
  455  000014b4          	.proc _sem_signal
  456  000014b4          	.global _sem_signal
  457  000014b4          	_sem_signal:
  458  000014b4  44000452	trap	#0x452
  459  000014b8  4be00000	jr	r31
  460  000014bc  54000000	nop
  461  000014c0          	.endproc _sem_signal
  463  000014c0          	.proc _lock_create
  464  000014c0          	.global _lock_create
  465  000014c0          	_lock_create:
  466  000014c0  44000453	trap	#0x453
  467  000014c4  4be00000	jr	r31
  468  000014c8  54000000	nop
  469  000014cc          	.endproc _lock_create
  471  000014cc          	.proc _lock_acquire
  472  000014cc          	.global _lock_acquire
  473  000014cc          	_lock_acquire:
  474  000014cc  44000454	trap	#0x454
  475  000014d0  4be00000	jr	r31
  476  000014d4  54000000	nop
  477  000014d8          	.endproc _lock_acquire
  479  000014d8          	.proc _lock_release
  480  000014d8          	.global _lock_release
  481  000014d8          	_lock_release:
  482  000014d8  44000455	trap	#0x455
  483  000014dc  4be00000	jr	r31
  484  000014e0  54000000	nop
  485  000014e4          	.endproc _lock_release
  487  000014e4          	.proc _cond_create
  488  000014e4          	.global _cond_create
  489  000014e4          	_cond_create:
  490  000014e4  44000456	trap	#0x456
  491  000014e8  4be00000	jr	r31
  492  000014ec  54000000	nop
  493  000014f0          	.endproc _cond_create
  495  000014f0          	.proc _cond_wait
  496  000014f0          	.global _cond_wait
  497  000014f0          	_cond_wait:
  498  000014f0  44000457	trap	#0x457
  499  000014f4  4be00000	jr	r31
  500  000014f8  54000000	nop
  501  000014fc          	.endproc _cond_wait
  503  000014fc          	.proc _cond_signal
  504  000014fc          	.global _cond_signal
  505  000014fc          	_cond_signal:
  506  000014fc  44000458	trap	#0x458
  507  00001500  4be00000	jr	r31
  508  00001504  54000000	nop
  509  00001508          	.endproc _cond_signal
  511  00001508          	.proc _cond_broadcast
  512  00001508          	.global _cond_broadcast
  513  00001508          	_cond_broadcast:
  514  00001508  44000455	trap	#0x455
  515  0000150c  4be00000	jr	r31
  516  00001510  54000000	nop
  517  00001514          	.endproc _cond_broadcast
  519  00001514          	.proc _Exit
  520  00001514          	.global _Exit
  521  00001514          	_Exit:
  522  00001514  44000500	trap	#0x500
  523  00001518  4be00000	jr	r31
  524  0000151c  54000000	nop
  525  00001520          	.endproc _Exit
  526                      ; Compiled by GCC
  528  00001520          	.align 2
  529  00001520          	.proc _isspace
  530  00001520          	.global _isspace
  531  00001520          	_isspace:
  532                      ;  Function 'isspace'; 0 bytes of locals, 3 regs to save.
  533  00001520  afbefffc	sw	-4(r29),r30; push fp
  534  00001524  001df020	add	r30,r0,r29; fp = sp
  535  00001528  afbffff8	sw	-8(r29),r31; push ret addr
  536  0000152c  2fbd0018	subui	r29,r29,#24; alloc local storage
  537  00001530  afa20000	sw	0(r29),r2
  538  00001534  afa30004	sw	4(r29),r3
  539  00001538  afa40008	sw	8(r29),r4
  540  0000153c  83c20003	lb	r2,3(r30)
  541  00001540  20010000	addi	r1,r0,#0
  542  00001544  304300ff	andi	r3,r2,#0x00ff
  543  00001548  60640020	seqi	r4,r3,#32
  544  0000154c  1480002c	bnez	r4,L3_LF2
  545  00001550  54000000	nop; delay slot nop
  546  00001554  304300ff	andi	r3,r2,#0x00ff
  547  00001558  60640009	seqi	r4,r3,#9
  548  0000155c  1480001c	bnez	r4,L3_LF2
  549  00001560  54000000	nop; delay slot nop
  550  00001564  304300ff	andi	r3,r2,#0x00ff
  551  00001568  6064000a	seqi	r4,r3,#10
  552  0000156c  1480000c	bnez	r4,L3_LF2
  553  00001570  54000000	nop; delay slot nop
  554  00001574  08000008	j	L2_LF2
  555  00001578  54000000	nop; delay slot nop
  556  0000157c          	L3_LF2:
  557  0000157c  20010001	addi	r1,r0,#1
  558  00001580          	L2_LF2:
  559  00001580  08000004	j	L1_LF2
  560  00001584  54000000	nop; delay slot nop
  561  00001588          	L1_LF2:
  562  00001588  8fa20000	lw	r2,0(r29)
  563  0000158c  8fa30004	lw	r3,4(r29)
  564  00001590  8fa40008	lw	r4,8(r29)
  565  00001594  8fdffff8	lw	r31,-8(r30)
  566  00001598  001ee820	add	r29,r0,r30
  567  0000159c  8fdefffc	lw	r30,-4(r30)
  568  000015a0  4be00000	jr	r31
  569  000015a4  54000000	nop
  570  000015a8          	.endproc _isspace
  571  000015a8          	.align 2
  572  000015a8          	.proc _isxdigit
  573  000015a8          	.global _isxdigit
  574  000015a8          	_isxdigit:
  575                      ;  Function 'isxdigit'; 0 bytes of locals, 3 regs to save.
  576  000015a8  afbefffc	sw	-4(r29),r30; push fp
  577  000015ac  001df020	add	r30,r0,r29; fp = sp
  578  000015b0  afbffff8	sw	-8(r29),r31; push ret addr
  579  000015b4  2fbd0018	subui	r29,r29,#24; alloc local storage
  580  000015b8  afa20000	sw	0(r29),r2
  581  000015bc  afa30004	sw	4(r29),r3
  582  000015c0  afa40008	sw	8(r29),r4
  583  000015c4  83c20003	lb	r2,3(r30)
  584  000015c8  20010000	addi	r1,r0,#0
  585  000015cc  304300ff	andi	r3,r2,#0x00ff
  586  000015d0  6c64002f	sgtui	r4,r3,#47
  587  000015d4  1080001c	beqz	r4,L7_LF2
  588  000015d8  54000000	nop; delay slot nop
  589  000015dc  304300ff	andi	r3,r2,#0x00ff
  590  000015e0  70640039	sleui	r4,r3,#57
  591  000015e4  1480005c	bnez	r4,L6_LF2
  592  000015e8  54000000	nop; delay slot nop
  593  000015ec  08000004	j	L7_LF2
  594  000015f0  54000000	nop; delay slot nop
  595  000015f4          	L7_LF2:
  596  000015f4  304300ff	andi	r3,r2,#0x00ff
  597  000015f8  6c640060	sgtui	r4,r3,#96
  598  000015fc  1080001c	beqz	r4,L8_LF2
  599  00001600  54000000	nop; delay slot nop
  600  00001604  304300ff	andi	r3,r2,#0x00ff
  601  00001608  70640066	sleui	r4,r3,#102
  602  0000160c  14800034	bnez	r4,L6_LF2
  603  00001610  54000000	nop; delay slot nop
  604  00001614  08000004	j	L8_LF2
  605  00001618  54000000	nop; delay slot nop
  606  0000161c          	L8_LF2:
  607  0000161c  304300ff	andi	r3,r2,#0x00ff
  608  00001620  6c640040	sgtui	r4,r3,#64
  609  00001624  10800020	beqz	r4,L5_LF2
  610  00001628  54000000	nop; delay slot nop
  611  0000162c  304300ff	andi	r3,r2,#0x00ff
  612  00001630  70640041	sleui	r4,r3,#65
  613  00001634  1480000c	bnez	r4,L6_LF2
  614  00001638  54000000	nop; delay slot nop
  615  0000163c  08000008	j	L5_LF2
  616  00001640  54000000	nop; delay slot nop
  617  00001644          	L6_LF2:
  618  00001644  20010001	addi	r1,r0,#1
  619  00001648          	L5_LF2:
  620  00001648  08000004	j	L4_LF2
  621  0000164c  54000000	nop; delay slot nop
  622  00001650          	L4_LF2:
  623  00001650  8fa20000	lw	r2,0(r29)
  624  00001654  8fa30004	lw	r3,4(r29)
  625  00001658  8fa40008	lw	r4,8(r29)
  626  0000165c  8fdffff8	lw	r31,-8(r30)
  627  00001660  001ee820	add	r29,r0,r30
  628  00001664  8fdefffc	lw	r30,-4(r30)
  629  00001668  4be00000	jr	r31
  630  0000166c  54000000	nop
  631  00001670          	.endproc _isxdigit
  632  00001670          	.align 2
  633  00001670          	.proc _dstrcpy
  634  00001670          	.global _dstrcpy
  635  00001670          	_dstrcpy:
  636                      ;  Function 'dstrcpy'; 8 bytes of locals, 2 regs to save.
  637  00001670  afbefffc	sw	-4(r29),r30; push fp
  638  00001674  001df020	add	r30,r0,r29; fp = sp
  639  00001678  afbffff8	sw	-8(r29),r31; push ret addr
  640  0000167c  2fbd0018	subui	r29,r29,#24; alloc local storage
  641  00001680  afa20000	sw	0(r29),r2
  642  00001684  afa30004	sw	4(r29),r3
  643  00001688  8fc10000	lw	r1,(r30)
  644  0000168c  afc1fff4	sw	-12(r30),r1
  645  00001690          	L10_LF2:
  646  00001690  8fc10000	lw	r1,(r30)
  647  00001694  20220001	addi	r2,r1,#1
  648  00001698  afc20000	sw	(r30),r2
  649  0000169c  8fc20004	lw	r2,4(r30)
  650  000016a0  20430001	addi	r3,r2,#1
  651  000016a4  afc30004	sw	4(r30),r3
  652  000016a8  80420000	lb	r2,(r2)
  653  000016ac  a0220000	sb	(r1),r2
  654  000016b0  a3c2fff3	sb	-13(r30),r2
  655  000016b4          	L12_LF2:
  656  000016b4  93c1fff3	lbu	r1,-13(r30)
  657  000016b8  64220000	snei	r2,r1,#0
  658  000016bc  1440000c	bnez	r2,L13_LF2
  659  000016c0  54000000	nop; delay slot nop
  660  000016c4  0800000c	j	L11_LF2
  661  000016c8  54000000	nop; delay slot nop
  662  000016cc          	L13_LF2:
  663  000016cc  0bffffc0	j	L10_LF2
  664  000016d0  54000000	nop; delay slot nop
  665  000016d4          	L11_LF2:
  666  000016d4  8fc1fff4	lw	r1,-12(r30)
  667  000016d8  08000004	j	L9_LF2
  668  000016dc  54000000	nop; delay slot nop
  669  000016e0          	L9_LF2:
  670  000016e0  8fa20000	lw	r2,0(r29)
  671  000016e4  8fa30004	lw	r3,4(r29)
  672  000016e8  8fdffff8	lw	r31,-8(r30)
  673  000016ec  001ee820	add	r29,r0,r30
  674  000016f0  8fdefffc	lw	r30,-4(r30)
  675  000016f4  4be00000	jr	r31
  676  000016f8  54000000	nop
  677  000016fc          	.endproc _dstrcpy
  678  000016fc          	.align 2
  679  000016fc          	.proc _dstrncpy
  680  000016fc          	.global _dstrncpy
  681  000016fc          	_dstrncpy:
  682                      ;  Function 'dstrncpy'; 8 bytes of locals, 2 regs to save.
  683  000016fc  afbefffc	sw	-4(r29),r30; push fp
  684  00001700  001df020	add	r30,r0,r29; fp = sp
  685  00001704  afbffff8	sw	-8(r29),r31; push ret addr
  686  00001708  2fbd0018	subui	r29,r29,#24; alloc local storage
  687  0000170c  afa20000	sw	0(r29),r2
  688  00001710  afa30004	sw	4(r29),r3
  689  00001714  8fc10000	lw	r1,(r30)
  690  00001718  afc1fff4	sw	-12(r30),r1
  691  0000171c          	L15_LF2:
  692  0000171c  8fc10008	lw	r1,8(r30)
  693  00001720  2022ffff	addi	r2,r1,#-1
  694  00001724  afc20008	sw	8(r30),r2
  695  00001728  70210000	slei	r1,r1,#0
  696  0000172c  1020000c	beqz	r1,L18_LF2
  697  00001730  54000000	nop; delay slot nop
  698  00001734  08000048	j	L16_LF2
  699  00001738  54000000	nop; delay slot nop
  700  0000173c          	L18_LF2:
  701  0000173c  8fc10000	lw	r1,(r30)
  702  00001740  20220001	addi	r2,r1,#1
  703  00001744  afc20000	sw	(r30),r2
  704  00001748  8fc20004	lw	r2,4(r30)
  705  0000174c  20430001	addi	r3,r2,#1
  706  00001750  afc30004	sw	4(r30),r3
  707  00001754  80420000	lb	r2,(r2)
  708  00001758  a0220000	sb	(r1),r2
  709  0000175c  a3c2fff3	sb	-13(r30),r2
  710  00001760          	L17_LF2:
  711  00001760  93c1fff3	lbu	r1,-13(r30)
  712  00001764  64220000	snei	r2,r1,#0
  713  00001768  1440000c	bnez	r2,L19_LF2
  714  0000176c  54000000	nop; delay slot nop
  715  00001770  0800000c	j	L16_LF2
  716  00001774  54000000	nop; delay slot nop
  717  00001778          	L19_LF2:
  718  00001778  0bffffa0	j	L15_LF2
  719  0000177c  54000000	nop; delay slot nop
  720  00001780          	L16_LF2:
  721  00001780  8fc1fff4	lw	r1,-12(r30)
  722  00001784  08000004	j	L14_LF2
  723  00001788  54000000	nop; delay slot nop
  724  0000178c          	L14_LF2:
  725  0000178c  8fa20000	lw	r2,0(r29)
  726  00001790  8fa30004	lw	r3,4(r29)
  727  00001794  8fdffff8	lw	r31,-8(r30)
  728  00001798  001ee820	add	r29,r0,r30
  729  0000179c  8fdefffc	lw	r30,-4(r30)
  730  000017a0  4be00000	jr	r31
  731  000017a4  54000000	nop
  732  000017a8          	.endproc _dstrncpy
  733  000017a8          	.align 2
  734  000017a8          	.proc _dstrcat
  735  000017a8          	.global _dstrcat
  736  000017a8          	_dstrcat:
  737                      ;  Function 'dstrcat'; 8 bytes of locals, 1 regs to save.
  738  000017a8  afbefffc	sw	-4(r29),r30; push fp
  739  000017ac  001df020	add	r30,r0,r29; fp = sp
  740  000017b0  afbffff8	sw	-8(r29),r31; push ret addr
  741  000017b4  2fbd0018	subui	r29,r29,#24; alloc local storage
  742  000017b8  afa20000	sw	0(r29),r2
  743  000017bc  8fc10000	lw	r1,(r30)
  744  000017c0  afc1fff4	sw	-12(r30),r1
  745  000017c4          	L21_LF2:
  746  000017c4  8fc10000	lw	r1,(r30)
  747  000017c8  90220000	lbu	r2,(r1)
  748  000017cc  64410000	snei	r1,r2,#0
  749  000017d0  1420000c	bnez	r1,L23_LF2
  750  000017d4  54000000	nop; delay slot nop
  751  000017d8  0800001c	j	L22_LF2
  752  000017dc  54000000	nop; delay slot nop
  753  000017e0          	L23_LF2:
  754  000017e0  8fc20000	lw	r2,(r30)
  755  000017e4  20410001	addi	r1,r2,#1
  756  000017e8  00011020	add	r2,r0,r1
  757  000017ec  afc20000	sw	(r30),r2
  758  000017f0  0bffffd0	j	L21_LF2
  759  000017f4  54000000	nop; delay slot nop
  760  000017f8          	L22_LF2:
  761  000017f8  23bdfff8	addi	r29,r29,#-8
  762  000017fc  001d0820	add	r1,r0,r29
  763  00001800  8fc20000	lw	r2,(r30)
  764  00001804  ac220000	sw	(r1),r2
  765  00001808  8fc20004	lw	r2,4(r30)
  766  0000180c  ac220004	sw	4(r1),r2
  767  00001810  0ffffe5c	jal	_dstrcpy
  768  00001814  54000000	nop; delay slot nop
  769  00001818  23bd0008	addi	r29,r29,#8
  770  0000181c  8fc1fff4	lw	r1,-12(r30)
  771  00001820  08000004	j	L20_LF2
  772  00001824  54000000	nop; delay slot nop
  773  00001828          	L20_LF2:
  774  00001828  8fa20000	lw	r2,0(r29)
  775  0000182c  8fdffff8	lw	r31,-8(r30)
  776  00001830  001ee820	add	r29,r0,r30
  777  00001834  8fdefffc	lw	r30,-4(r30)
  778  00001838  4be00000	jr	r31
  779  0000183c  54000000	nop
  780  00001840          	.endproc _dstrcat
  781  00001840          	.align 2
  782  00001840          	.proc _dstrncmp
  783  00001840          	.global _dstrncmp
  784  00001840          	_dstrncmp:
  785                      ;  Function 'dstrncmp'; 8 bytes of locals, 2 regs to save.
  786  00001840  afbefffc	sw	-4(r29),r30; push fp
  787  00001844  001df020	add	r30,r0,r29; fp = sp
  788  00001848  afbffff8	sw	-8(r29),r31; push ret addr
  789  0000184c  2fbd0018	subui	r29,r29,#24; alloc local storage
  790  00001850  afa20000	sw	0(r29),r2
  791  00001854  afa30004	sw	4(r29),r3
  792  00001858  54000000	nop
  793  0000185c  20010000	addi	r1,r0,#0
  794  00001860  afc1fff4	sw	-12(r30),r1
  795  00001864          	L25_LF2:
  796  00001864  8fc1fff4	lw	r1,-12(r30)
  797  00001868  8fc20008	lw	r2,8(r30)
  798  0000186c  0022082a	slt	r1,r1,r2
  799  00001870  1420000c	bnez	r1,L28_LF2
  800  00001874  54000000	nop; delay slot nop
  801  00001878  08000088	j	L26_LF2
  802  0000187c  54000000	nop; delay slot nop
  803  00001880          	L28_LF2:
  804  00001880  8fc10004	lw	r1,4(r30)
  805  00001884  90220000	lbu	r2,(r1)
  806  00001888  64410000	snei	r1,r2,#0
  807  0000188c  14200018	bnez	r1,L29_LF2
  808  00001890  54000000	nop; delay slot nop
  809  00001894  20010000	addi	r1,r0,#0
  810  00001898  080000d8	j	L24_LF2
  811  0000189c  54000000	nop; delay slot nop
  812  000018a0  08000028	j	L30_LF2
  813  000018a4  54000000	nop; delay slot nop
  814  000018a8          	L29_LF2:
  815  000018a8  8fc10000	lw	r1,(r30)
  816  000018ac  8fc20004	lw	r2,4(r30)
  817  000018b0  90210000	lbu	r1,(r1)
  818  000018b4  90420000	lbu	r2,(r2)
  819  000018b8  00220829	sne	r1,r1,r2
  820  000018bc  1020000c	beqz	r1,L30_LF2
  821  000018c0  54000000	nop; delay slot nop
  822  000018c4  0800003c	j	L26_LF2
  823  000018c8  54000000	nop; delay slot nop
  824  000018cc          	L31_LF2:
  825  000018cc          	L30_LF2:
  826  000018cc  8fc20000	lw	r2,(r30)
  827  000018d0  20410001	addi	r1,r2,#1
  828  000018d4  00011020	add	r2,r0,r1
  829  000018d8  afc20000	sw	(r30),r2
  830  000018dc  8fc20004	lw	r2,4(r30)
  831  000018e0  20410001	addi	r1,r2,#1
  832  000018e4  00011020	add	r2,r0,r1
  833  000018e8  afc20004	sw	4(r30),r2
  834  000018ec          	L27_LF2:
  835  000018ec  8fc2fff4	lw	r2,-12(r30)
  836  000018f0  20410001	addi	r1,r2,#1
  837  000018f4  00011020	add	r2,r0,r1
  838  000018f8  afc2fff4	sw	-12(r30),r2
  839  000018fc  0bffff64	j	L25_LF2
  840  00001900  54000000	nop; delay slot nop
  841  00001904          	L26_LF2:
  842  00001904  8fc1fff4	lw	r1,-12(r30)
  843  00001908  8fc20008	lw	r2,8(r30)
  844  0000190c  00220828	seq	r1,r1,r2
  845  00001910  10200018	beqz	r1,L32_LF2
  846  00001914  54000000	nop; delay slot nop
  847  00001918  20010000	addi	r1,r0,#0
  848  0000191c  08000054	j	L24_LF2
  849  00001920  54000000	nop; delay slot nop
  850  00001924  0800004c	j	L33_LF2
  851  00001928  54000000	nop; delay slot nop
  852  0000192c          	L32_LF2:
  853  0000192c  8fc20000	lw	r2,(r30)
  854  00001930  90410000	lbu	r1,(r2)
  855  00001934  8fc20004	lw	r2,4(r30)
  856  00001938  90430000	lbu	r3,(r2)
  857  0000193c  00230822	sub	r1,r1,r3
  858  00001940  74220000	sgei	r2,r1,#0
  859  00001944  10400020	beqz	r2,L34_LF2
  860  00001948  54000000	nop; delay slot nop
  861  0000194c  8fc10000	lw	r1,(r30)
  862  00001950  8fc20004	lw	r2,4(r30)
  863  00001954  90210000	lbu	r1,(r1)
  864  00001958  90420000	lbu	r2,(r2)
  865  0000195c  00220829	sne	r1,r1,r2
  866  00001960  08000008	j	L35_LF2
  867  00001964  54000000	nop; delay slot nop
  868  00001968          	L34_LF2:
  869  00001968  2001ffff	addi	r1,r0,#-1
  870  0000196c          	L35_LF2:
  871  0000196c  08000004	j	L24_LF2
  872  00001970  54000000	nop; delay slot nop
  873  00001974          	L33_LF2:
  874  00001974          	L24_LF2:
  875  00001974  8fa20000	lw	r2,0(r29)
  876  00001978  8fa30004	lw	r3,4(r29)
  877  0000197c  8fdffff8	lw	r31,-8(r30)
  878  00001980  001ee820	add	r29,r0,r30
  879  00001984  8fdefffc	lw	r30,-4(r30)
  880  00001988  4be00000	jr	r31
  881  0000198c  54000000	nop
  882  00001990          	.endproc _dstrncmp
  883  00001990          	.align 2
  884  00001990          	.proc _dstrlen
  885  00001990          	.global _dstrlen
  886  00001990          	_dstrlen:
  887                      ;  Function 'dstrlen'; 8 bytes of locals, 1 regs to save.
  888  00001990  afbefffc	sw	-4(r29),r30; push fp
  889  00001994  001df020	add	r30,r0,r29; fp = sp
  890  00001998  afbffff8	sw	-8(r29),r31; push ret addr
  891  0000199c  2fbd0018	subui	r29,r29,#24; alloc local storage
  892  000019a0  afa20000	sw	0(r29),r2
  893  000019a4  20010000	addi	r1,r0,#0
  894  000019a8  afc1fff4	sw	-12(r30),r1
  895  000019ac          	L37_LF2:
  896  000019ac  8fc10000	lw	r1,(r30)
  897  000019b0  20220001	addi	r2,r1,#1
  898  000019b4  afc20000	sw	(r30),r2
  899  000019b8  90210000	lbu	r1,(r1)
  900  000019bc  64220000	snei	r2,r1,#0
  901  000019c0  1440000c	bnez	r2,L39_LF2
  902  000019c4  54000000	nop; delay slot nop
  903  000019c8  0800001c	j	L38_LF2
  904  000019cc  54000000	nop; delay slot nop
  905  000019d0          	L39_LF2:
  906  000019d0  8fc2fff4	lw	r2,-12(r30)
  907  000019d4  20410001	addi	r1,r2,#1
  908  000019d8  00011020	add	r2,r0,r1
  909  000019dc  afc2fff4	sw	-12(r30),r2
  910  000019e0  0bffffc8	j	L37_LF2
  911  000019e4  54000000	nop; delay slot nop
  912  000019e8          	L38_LF2:
  913  000019e8  8fc1fff4	lw	r1,-12(r30)
  914  000019ec  08000004	j	L36_LF2
  915  000019f0  54000000	nop; delay slot nop
  916  000019f4          	L36_LF2:
  917  000019f4  8fa20000	lw	r2,0(r29)
  918  000019f8  8fdffff8	lw	r31,-8(r30)
  919  000019fc  001ee820	add	r29,r0,r30
  920  00001a00  8fdefffc	lw	r30,-4(r30)
  921  00001a04  4be00000	jr	r31
  922  00001a08  54000000	nop
  923  00001a0c          	.endproc _dstrlen
  924  00001a0c          	.align 2
  925  00001a0c          	.proc _dstrstr
  926  00001a0c          	.global _dstrstr
  927  00001a0c          	_dstrstr:
  928                      ;  Function 'dstrstr'; 8 bytes of locals, 1 regs to save.
  929  00001a0c  afbefffc	sw	-4(r29),r30; push fp
  930  00001a10  001df020	add	r30,r0,r29; fp = sp
  931  00001a14  afbffff8	sw	-8(r29),r31; push ret addr
  932  00001a18  2fbd0018	subui	r29,r29,#24; alloc local storage
  933  00001a1c  afa20000	sw	0(r29),r2
  934  00001a20  23bdfff8	addi	r29,r29,#-8
  935  00001a24  001d0820	add	r1,r0,r29
  936  00001a28  8fc20004	lw	r2,4(r30)
  937  00001a2c  ac220000	sw	(r1),r2
  938  00001a30  0fffff5c	jal	_dstrlen
  939  00001a34  54000000	nop; delay slot nop
  940  00001a38  23bd0008	addi	r29,r29,#8
  941  00001a3c  afc1fff4	sw	-12(r30),r1
  942  00001a40          	L41_LF2:
  943  00001a40  8fc10000	lw	r1,(r30)
  944  00001a44  90220000	lbu	r2,(r1)
  945  00001a48  64410000	snei	r1,r2,#0
  946  00001a4c  1420000c	bnez	r1,L43_LF2
  947  00001a50  54000000	nop; delay slot nop
  948  00001a54  08000060	j	L42_LF2
  949  00001a58  54000000	nop; delay slot nop
  950  00001a5c          	L43_LF2:
  951  00001a5c  23bdfff0	addi	r29,r29,#-16
  952  00001a60  001d0820	add	r1,r0,r29
  953  00001a64  8fc20000	lw	r2,(r30)
  954  00001a68  ac220000	sw	(r1),r2
  955  00001a6c  8fc20004	lw	r2,4(r30)
  956  00001a70  ac220004	sw	4(r1),r2
  957  00001a74  8fc2fff4	lw	r2,-12(r30)
  958  00001a78  ac220008	sw	8(r1),r2
  959  00001a7c  0ffffdc0	jal	_dstrncmp
  960  00001a80  54000000	nop; delay slot nop
  961  00001a84  23bd0010	addi	r29,r29,#16
  962  00001a88  64220000	snei	r2,r1,#0
  963  00001a8c  14400010	bnez	r2,L44_LF2
  964  00001a90  54000000	nop; delay slot nop
  965  00001a94  8fc10000	lw	r1,(r30)
  966  00001a98  08000028	j	L40_LF2
  967  00001a9c  54000000	nop; delay slot nop
  968  00001aa0          	L44_LF2:
  969  00001aa0  8fc20000	lw	r2,(r30)
  970  00001aa4  20410001	addi	r1,r2,#1
  971  00001aa8  00011020	add	r2,r0,r1
  972  00001aac  afc20000	sw	(r30),r2
  973  00001ab0  0bffff8c	j	L41_LF2
  974  00001ab4  54000000	nop; delay slot nop
  975  00001ab8          	L42_LF2:
  976  00001ab8  20010000	addi	r1,r0,#0
  977  00001abc  08000004	j	L40_LF2
  978  00001ac0  54000000	nop; delay slot nop
  979  00001ac4          	L40_LF2:
  980  00001ac4  8fa20000	lw	r2,0(r29)
  981  00001ac8  8fdffff8	lw	r31,-8(r30)
  982  00001acc  001ee820	add	r29,r0,r30
  983  00001ad0  8fdefffc	lw	r30,-4(r30)
  984  00001ad4  4be00000	jr	r31
  985  00001ad8  54000000	nop
  986  00001adc          	.endproc _dstrstr
  987  00001adc          	.align 2
  988  00001adc          	.proc _dmindex
  989  00001adc          	.global _dmindex
  990  00001adc          	_dmindex:
  991                      ;  Function 'dmindex'; 8 bytes of locals, 1 regs to save.
  992  00001adc  afbefffc	sw	-4(r29),r30; push fp
  993  00001ae0  001df020	add	r30,r0,r29; fp = sp
  994  00001ae4  afbffff8	sw	-8(r29),r31; push ret addr
  995  00001ae8  2fbd0018	subui	r29,r29,#24; alloc local storage
  996  00001aec  afa20000	sw	0(r29),r2
  997  00001af0  54000000	nop
  998  00001af4          	L46_LF2:
  999  00001af4  8fc10000	lw	r1,(r30)
 1000  00001af8  90220000	lbu	r2,(r1)
 1001  00001afc  64410000	snei	r1,r2,#0
 1002  00001b00  1420000c	bnez	r1,L48_LF2
 1003  00001b04  54000000	nop; delay slot nop
 1004  00001b08  08000070	j	L47_LF2
 1005  00001b0c  54000000	nop; delay slot nop
 1006  00001b10          	L48_LF2:
 1007  00001b10  8fc10004	lw	r1,4(r30)
 1008  00001b14  afc1fff4	sw	-12(r30),r1
 1009  00001b18          	L49_LF2:
 1010  00001b18  8fc1fff4	lw	r1,-12(r30)
 1011  00001b1c  90220000	lbu	r2,(r1)
 1012  00001b20  64410000	snei	r1,r2,#0
 1013  00001b24  1420000c	bnez	r1,L52_LF2
 1014  00001b28  54000000	nop; delay slot nop
 1015  00001b2c  08000044	j	L50_LF2
 1016  00001b30  54000000	nop; delay slot nop
 1017  00001b34          	L52_LF2:
 1018  00001b34  8fc10000	lw	r1,(r30)
 1019  00001b38  8fc2fff4	lw	r2,-12(r30)
 1020  00001b3c  90210000	lbu	r1,(r1)
 1021  00001b40  90420000	lbu	r2,(r2)
 1022  00001b44  00220828	seq	r1,r1,r2
 1023  00001b48  10200010	beqz	r1,L51_LF2
 1024  00001b4c  54000000	nop; delay slot nop
 1025  00001b50  8fc10000	lw	r1,(r30)
 1026  00001b54  08000030	j	L45_LF2
 1027  00001b58  54000000	nop; delay slot nop
 1028  00001b5c          	L53_LF2:
 1029  00001b5c          	L51_LF2:
 1030  00001b5c  8fc2fff4	lw	r2,-12(r30)
 1031  00001b60  20410001	addi	r1,r2,#1
 1032  00001b64  00011020	add	r2,r0,r1
 1033  00001b68  afc2fff4	sw	-12(r30),r2
 1034  00001b6c  0bffffa8	j	L49_LF2
 1035  00001b70  54000000	nop; delay slot nop
 1036  00001b74          	L50_LF2:
 1037  00001b74  0bffff7c	j	L46_LF2
 1038  00001b78  54000000	nop; delay slot nop
 1039  00001b7c          	L47_LF2:
 1040  00001b7c  20010000	addi	r1,r0,#0
 1041  00001b80  08000004	j	L45_LF2
 1042  00001b84  54000000	nop; delay slot nop
 1043  00001b88          	L45_LF2:
 1044  00001b88  8fa20000	lw	r2,0(r29)
 1045  00001b8c  8fdffff8	lw	r31,-8(r30)
 1046  00001b90  001ee820	add	r29,r0,r30
 1047  00001b94  8fdefffc	lw	r30,-4(r30)
 1048  00001b98  4be00000	jr	r31
 1049  00001b9c  54000000	nop
 1050  00001ba0          	.endproc _dmindex
 1051  00001ba0          	.align 2
 1052  00001ba0          	.proc _dindex
 1053  00001ba0          	.global _dindex
 1054  00001ba0          	_dindex:
 1055                      ;  Function 'dindex'; 0 bytes of locals, 1 regs to save.
 1056  00001ba0  afbefffc	sw	-4(r29),r30; push fp
 1057  00001ba4  001df020	add	r30,r0,r29; fp = sp
 1058  00001ba8  afbffff8	sw	-8(r29),r31; push ret addr
 1059  00001bac  2fbd0010	subui	r29,r29,#16; alloc local storage
 1060  00001bb0  afa20000	sw	0(r29),r2
 1061  00001bb4  54000000	nop
 1062  00001bb8          	L55_LF2:
 1063  00001bb8  8fc10000	lw	r1,(r30)
 1064  00001bbc  90220000	lbu	r2,(r1)
 1065  00001bc0  64410000	snei	r1,r2,#0
 1066  00001bc4  1420000c	bnez	r1,L57_LF2
 1067  00001bc8  54000000	nop; delay slot nop
 1068  00001bcc  08000040	j	L56_LF2
 1069  00001bd0  54000000	nop; delay slot nop
 1070  00001bd4          	L57_LF2:
 1071  00001bd4  8fc10000	lw	r1,(r30)
 1072  00001bd8  90220000	lbu	r2,(r1)
 1073  00001bdc  8fc10004	lw	r1,4(r30)
 1074  00001be0  00411028	seq	r2,r2,r1
 1075  00001be4  10400010	beqz	r2,L58_LF2
 1076  00001be8  54000000	nop; delay slot nop
 1077  00001bec  8fc10000	lw	r1,(r30)
 1078  00001bf0  08000028	j	L54_LF2
 1079  00001bf4  54000000	nop; delay slot nop
 1080  00001bf8          	L58_LF2:
 1081  00001bf8  8fc20000	lw	r2,(r30)
 1082  00001bfc  20410001	addi	r1,r2,#1
 1083  00001c00  00011020	add	r2,r0,r1
 1084  00001c04  afc20000	sw	(r30),r2
 1085  00001c08  0bffffac	j	L55_LF2
 1086  00001c0c  54000000	nop; delay slot nop
 1087  00001c10          	L56_LF2:
 1088  00001c10  20010000	addi	r1,r0,#0
 1089  00001c14  08000004	j	L54_LF2
 1090  00001c18  54000000	nop; delay slot nop
 1091  00001c1c          	L54_LF2:
 1092  00001c1c  8fa20000	lw	r2,0(r29)
 1093  00001c20  8fdffff8	lw	r31,-8(r30)
 1094  00001c24  001ee820	add	r29,r0,r30
 1095  00001c28  8fdefffc	lw	r30,-4(r30)
 1096  00001c2c  4be00000	jr	r31
 1097  00001c30  54000000	nop
 1098  00001c34          	.endproc _dindex
 1099  00001c34          	.align 2
 1100  00001c34          	.proc _ditoa
 1101  00001c34          	.global _ditoa
 1102  00001c34          	_ditoa:
 1103                      ;  Function 'ditoa'; 8 bytes of locals, 2 regs to save.
 1104  00001c34  afbefffc	sw	-4(r29),r30; push fp
 1105  00001c38  001df020	add	r30,r0,r29; fp = sp
 1106  00001c3c  afbffff8	sw	-8(r29),r31; push ret addr
 1107  00001c40  2fbd0018	subui	r29,r29,#24; alloc local storage
 1108  00001c44  afa20000	sw	0(r29),r2
 1109  00001c48  afa30004	sw	4(r29),r3
 1110  00001c4c  8fc10000	lw	r1,(r30)
 1111  00001c50  68220000	slti	r2,r1,#0
 1112  00001c54  1040002c	beqz	r2,L60_LF2
 1113  00001c58  54000000	nop; delay slot nop
 1114  00001c5c  8fc10004	lw	r1,4(r30)
 1115  00001c60  20220001	addi	r2,r1,#1
 1116  00001c64  afc20004	sw	4(r30),r2
 1117  00001c68  2002002d	addi	r2,r0,(#0x2d)&0xff
 1118  00001c6c  a0220000	sb	(r1),r2
 1119  00001c70  8fc10000	lw	r1,(r30)
 1120  00001c74  00011022	sub	r2,r0,r1
 1121  00001c78  afc20000	sw	(r30),r2
 1122  00001c7c  08000118	j	L61_LF2
 1123  00001c80  54000000	nop; delay slot nop
 1124  00001c84          	L60_LF2:
 1125  00001c84  8fc10000	lw	r1,(r30)
 1126  00001c88  64220000	snei	r2,r1,#0
 1127  00001c8c  14400020	bnez	r2,L62_LF2
 1128  00001c90  54000000	nop; delay slot nop
 1129  00001c94  8fc10004	lw	r1,4(r30)
 1130  00001c98  20220001	addi	r2,r1,#1
 1131  00001c9c  afc20004	sw	4(r30),r2
 1132  00001ca0  20020030	addi	r2,r0,(#0x30)&0xff
 1133  00001ca4  a0220000	sb	(r1),r2
 1134  00001ca8  080000ec	j	L61_LF2
 1135  00001cac  54000000	nop; delay slot nop
 1136  00001cb0          	L62_LF2:
 1137  00001cb0  20010001	addi	r1,r0,#1
 1138  00001cb4  afc1fff4	sw	-12(r30),r1
 1139  00001cb8          	L64_LF2:
 1140  00001cb8  8fc1fff4	lw	r1,-12(r30)
 1141  00001cbc  8fc20000	lw	r2,(r30)
 1142  00001cc0  0022082c	sle	r1,r1,r2
 1143  00001cc4  1420000c	bnez	r1,L66_LF2
 1144  00001cc8  54000000	nop; delay slot nop
 1145  00001ccc  08000024	j	L65_LF2
 1146  00001cd0  54000000	nop; delay slot nop
 1147  00001cd4          	L67_LF2:
 1148  00001cd4          	L66_LF2:
 1149  00001cd4  8fc1fff4	lw	r1,-12(r30)
 1150  00001cd8  00011820	add	r3,r0,r1
 1151  00001cdc  50620002	slli	r2,r3,#0x2
 1152  00001ce0  00411020	add	r2,r2,r1
 1153  00001ce4  50410001	slli	r1,r2,#0x1
 1154  00001ce8  afc1fff4	sw	-12(r30),r1
 1155  00001cec  0bffffc8	j	L64_LF2
 1156  00001cf0  54000000	nop; delay slot nop
 1157  00001cf4          	L65_LF2:
 1158  00001cf4  54000000	nop
 1159  00001cf8          	L68_LF2:
 1160  00001cf8  8fc1fff4	lw	r1,-12(r30)
 1161  00001cfc  2002000a	addi	r2,r0,#10
 1162  00001d00  00200035	movi2fp	f0,r1
 1163  00001d04  00400835	movi2fp	f1,r2
 1164  00001d08  0401000f	div	f0,f0,f1
 1165  00001d0c  00000834	movfp2i	r1,f0
 1166  00001d10  afc1fff4	sw	-12(r30),r1
 1167  00001d14  8fc10004	lw	r1,4(r30)
 1168  00001d18  20220001	addi	r2,r1,#1
 1169  00001d1c  afc20004	sw	4(r30),r2
 1170  00001d20  8fc20000	lw	r2,(r30)
 1171  00001d24  8fc3fff4	lw	r3,-12(r30)
 1172  00001d28  00400035	movi2fp	f0,r2
 1173  00001d2c  00600835	movi2fp	f1,r3
 1174  00001d30  0401000f	div	f0,f0,f1
 1175  00001d34  00001034	movfp2i	r2,f0
 1176  00001d38  00021820	add	r3,r0,r2
 1177  00001d3c  20620030	addi	r2,r3,#48
 1178  00001d40  a0220000	sb	(r1),r2
 1179  00001d44  8fc10000	lw	r1,(r30)
 1180  00001d48  8fc3fff4	lw	r3,-12(r30)
 1181  00001d4c  00200035	movi2fp	f0,r1
 1182  00001d50  00600835	movi2fp	f1,r3
 1183  00001d54  0401000f	div	f0,f0,f1
 1184  00001d58  00001034	movfp2i	r2,f0
 1185  00001d5c  8fc3fff4	lw	r3,-12(r30)
 1186  00001d60  00400035	movi2fp	f0,r2
 1187  00001d64  00600835	movi2fp	f1,r3
 1188  00001d68  0401000e	mult	f0,f0,f1
 1189  00001d6c  00001034	movfp2i	r2,f0
 1190  00001d70  00220822	sub	r1,r1,r2
 1191  00001d74  afc10000	sw	(r30),r1
 1192  00001d78          	L70_LF2:
 1193  00001d78  8fc1fff4	lw	r1,-12(r30)
 1194  00001d7c  6c220001	sgti	r2,r1,#1
 1195  00001d80  1440000c	bnez	r2,L71_LF2
 1196  00001d84  54000000	nop; delay slot nop
 1197  00001d88  0800000c	j	L61_LF2
 1198  00001d8c  54000000	nop; delay slot nop
 1199  00001d90          	L71_LF2:
 1200  00001d90  0bffff64	j	L68_LF2
 1201  00001d94  54000000	nop; delay slot nop
 1202  00001d98          	L69_LF2:
 1203  00001d98          	L63_LF2:
 1204  00001d98          	L61_LF2:
 1205  00001d98  8fc10004	lw	r1,4(r30)
 1206  00001d9c  20020000	addi	r2,r0,(#0x0)&0xff
 1207  00001da0  a0220000	sb	(r1),r2
 1208  00001da4          	L59_LF2:
 1209  00001da4  8fa20000	lw	r2,0(r29)
 1210  00001da8  8fa30004	lw	r3,4(r29)
 1211  00001dac  8fdffff8	lw	r31,-8(r30)
 1212  00001db0  001ee820	add	r29,r0,r30
 1213  00001db4  8fdefffc	lw	r30,-4(r30)
 1214  00001db8  4be00000	jr	r31
 1215  00001dbc  54000000	nop
 1216  00001dc0          	.endproc _ditoa
 1217  00001dc0          	.align 2
 1218  00001dc0          	.proc _dstrtol
 1219  00001dc0          	.global _dstrtol
 1220  00001dc0          	_dstrtol:
 1221                      ;  Function 'dstrtol'; 16 bytes of locals, 1 regs to save.
 1222  00001dc0  afbefffc	sw	-4(r29),r30; push fp
 1223  00001dc4  001df020	add	r30,r0,r29; fp = sp
 1224  00001dc8  afbffff8	sw	-8(r29),r31; push ret addr
 1225  00001dcc  2fbd0020	subui	r29,r29,#32; alloc local storage
 1226  00001dd0  afa20000	sw	0(r29),r2
 1227  00001dd4  20010000	addi	r1,r0,#0
 1228  00001dd8  afc1fff4	sw	-12(r30),r1
 1229  00001ddc          	L73_LF2:
 1230  00001ddc  8fc10000	lw	r1,(r30)
 1231  00001de0  90220000	lbu	r2,(r1)
 1232  00001de4  60410020	seqi	r1,r2,#32
 1233  00001de8  14200034	bnez	r1,L75_LF2
 1234  00001dec  54000000	nop; delay slot nop
 1235  00001df0  8fc10000	lw	r1,(r30)
 1236  00001df4  90220000	lbu	r2,(r1)
 1237  00001df8  60410009	seqi	r1,r2,#9
 1238  00001dfc  14200020	bnez	r1,L75_LF2
 1239  00001e00  54000000	nop; delay slot nop
 1240  00001e04  8fc10000	lw	r1,(r30)
 1241  00001e08  90220000	lbu	r2,(r1)
 1242  00001e0c  6041000a	seqi	r1,r2,#10
 1243  00001e10  1420000c	bnez	r1,L75_LF2
 1244  00001e14  54000000	nop; delay slot nop
 1245  00001e18  0800001c	j	L74_LF2
 1246  00001e1c  54000000	nop; delay slot nop
 1247  00001e20          	L75_LF2:
 1248  00001e20  8fc20000	lw	r2,(r30)
 1249  00001e24  20410001	addi	r1,r2,#1
 1250  00001e28  00011020	add	r2,r0,r1
 1251  00001e2c  afc20000	sw	(r30),r2
 1252  00001e30  0bffffa8	j	L73_LF2
 1253  00001e34  54000000	nop; delay slot nop
 1254  00001e38          	L74_LF2:
 1255  00001e38  8fc10004	lw	r1,4(r30)
 1256  00001e3c  64220000	snei	r2,r1,#0
 1257  00001e40  10400010	beqz	r2,L76_LF2
 1258  00001e44  54000000	nop; delay slot nop
 1259  00001e48  8fc10004	lw	r1,4(r30)
 1260  00001e4c  8fc20000	lw	r2,(r30)
 1261  00001e50  ac220000	sw	(r1),r2
 1262  00001e54          	L76_LF2:
 1263  00001e54  8fc10000	lw	r1,(r30)
 1264  00001e58  90220000	lbu	r2,(r1)
 1265  00001e5c  64410000	snei	r1,r2,#0
 1266  00001e60  14200010	bnez	r1,L77_LF2
 1267  00001e64  54000000	nop; delay slot nop
 1268  00001e68  8fc1fff4	lw	r1,-12(r30)
 1269  00001e6c  08000294	j	L72_LF2
 1270  00001e70  54000000	nop; delay slot nop
 1271  00001e74          	L77_LF2:
 1272  00001e74  8fc10000	lw	r1,(r30)
 1273  00001e78  90220000	lbu	r2,(r1)
 1274  00001e7c  6041002d	seqi	r1,r2,#45
 1275  00001e80  10200024	beqz	r1,L78_LF2
 1276  00001e84  54000000	nop; delay slot nop
 1277  00001e88  2001ffff	addi	r1,r0,#-1
 1278  00001e8c  afc1ffec	sw	-20(r30),r1
 1279  00001e90  8fc20000	lw	r2,(r30)
 1280  00001e94  20410001	addi	r1,r2,#1
 1281  00001e98  00011020	add	r2,r0,r1
 1282  00001e9c  afc20000	sw	(r30),r2
 1283  00001ea0  0800000c	j	L79_LF2
 1284  00001ea4  54000000	nop; delay slot nop
 1285  00001ea8          	L78_LF2:
 1286  00001ea8  20010001	addi	r1,r0,#1
 1287  00001eac  afc1ffec	sw	-20(r30),r1
 1288  00001eb0          	L79_LF2:
 1289  00001eb0  8fc10008	lw	r1,8(r30)
 1290  00001eb4  64220000	snei	r2,r1,#0
 1291  00001eb8  14400090	bnez	r2,L80_LF2
 1292  00001ebc  54000000	nop; delay slot nop
 1293  00001ec0  8fc10000	lw	r1,(r30)
 1294  00001ec4  90220000	lbu	r2,(r1)
 1295  00001ec8  60410030	seqi	r1,r2,#48
 1296  00001ecc  10200074	beqz	r1,L81_LF2
 1297  00001ed0  54000000	nop; delay slot nop
 1298  00001ed4  8fc20000	lw	r2,(r30)
 1299  00001ed8  20410001	addi	r1,r2,#1
 1300  00001edc  00011020	add	r2,r0,r1
 1301  00001ee0  afc20000	sw	(r30),r2
 1302  00001ee4  8fc10000	lw	r1,(r30)
 1303  00001ee8  90220000	lbu	r2,(r1)
 1304  00001eec  60410078	seqi	r1,r2,#120
 1305  00001ef0  14200020	bnez	r1,L83_LF2
 1306  00001ef4  54000000	nop; delay slot nop
 1307  00001ef8  8fc10000	lw	r1,(r30)
 1308  00001efc  90220000	lbu	r2,(r1)
 1309  00001f00  60410058	seqi	r1,r2,#88
 1310  00001f04  1420000c	bnez	r1,L83_LF2
 1311  00001f08  54000000	nop; delay slot nop
 1312  00001f0c  08000024	j	L82_LF2
 1313  00001f10  54000000	nop; delay slot nop
 1314  00001f14          	L83_LF2:
 1315  00001f14  20010010	addi	r1,r0,#16
 1316  00001f18  afc10008	sw	8(r30),r1
 1317  00001f1c  8fc20000	lw	r2,(r30)
 1318  00001f20  20410001	addi	r1,r2,#1
 1319  00001f24  00011020	add	r2,r0,r1
 1320  00001f28  afc20000	sw	(r30),r2
 1321  00001f2c  0800000c	j	L84_LF2
 1322  00001f30  54000000	nop; delay slot nop
 1323  00001f34          	L82_LF2:
 1324  00001f34  20010008	addi	r1,r0,#8
 1325  00001f38  afc10008	sw	8(r30),r1
 1326  00001f3c          	L84_LF2:
 1327  00001f3c  0800000c	j	L80_LF2
 1328  00001f40  54000000	nop; delay slot nop
 1329  00001f44          	L81_LF2:
 1330  00001f44  2001000a	addi	r1,r0,#10
 1331  00001f48  afc10008	sw	8(r30),r1
 1332  00001f4c          	L85_LF2:
 1333  00001f4c          	L80_LF2:
 1334  00001f4c  8fc10008	lw	r1,8(r30)
 1335  00001f50  70220000	slei	r2,r1,#0
 1336  00001f54  1440001c	bnez	r2,L87_LF2
 1337  00001f58  54000000	nop; delay slot nop
 1338  00001f5c  8fc10008	lw	r1,8(r30)
 1339  00001f60  6c220010	sgti	r2,r1,#16
 1340  00001f64  1440000c	bnez	r2,L87_LF2
 1341  00001f68  54000000	nop; delay slot nop
 1342  00001f6c  08000010	j	L86_LF2
 1343  00001f70  54000000	nop; delay slot nop
 1344  00001f74          	L87_LF2:
 1345  00001f74  8fc1fff4	lw	r1,-12(r30)
 1346  00001f78  08000188	j	L72_LF2
 1347  00001f7c  54000000	nop; delay slot nop
 1348  00001f80          	L86_LF2:
 1349  00001f80  54000000	nop
 1350  00001f84          	L88_LF2:
 1351  00001f84  8fc10000	lw	r1,(r30)
 1352  00001f88  90220000	lbu	r2,(r1)
 1353  00001f8c  6c41002f	sgtui	r1,r2,#47
 1354  00001f90  10200030	beqz	r1,L91_LF2
 1355  00001f94  54000000	nop; delay slot nop
 1356  00001f98  8fc10000	lw	r1,(r30)
 1357  00001f9c  90220000	lbu	r2,(r1)
 1358  00001fa0  70410039	sleui	r1,r2,#57
 1359  00001fa4  1020001c	beqz	r1,L91_LF2
 1360  00001fa8  54000000	nop; delay slot nop
 1361  00001fac  8fc10000	lw	r1,(r30)
 1362  00001fb0  90220000	lbu	r2,(r1)
 1363  00001fb4  2041ffd0	addi	r1,r2,#-48
 1364  00001fb8  afc1fff0	sw	-16(r30),r1
 1365  00001fbc  0800008c	j	L92_LF2
 1366  00001fc0  54000000	nop; delay slot nop
 1367  00001fc4          	L91_LF2:
 1368  00001fc4  8fc10000	lw	r1,(r30)
 1369  00001fc8  90220000	lbu	r2,(r1)
 1370  00001fcc  6c410060	sgtui	r1,r2,#96
 1371  00001fd0  10200030	beqz	r1,L93_LF2
 1372  00001fd4  54000000	nop; delay slot nop
 1373  00001fd8  8fc10000	lw	r1,(r30)
 1374  00001fdc  90220000	lbu	r2,(r1)
 1375  00001fe0  7041007a	sleui	r1,r2,#122
 1376  00001fe4  1020001c	beqz	r1,L93_LF2
 1377  00001fe8  54000000	nop; delay slot nop
 1378  00001fec  8fc10000	lw	r1,(r30)
 1379  00001ff0  90220000	lbu	r2,(r1)
 1380  00001ff4  2041ffa9	addi	r1,r2,#-87
 1381  00001ff8  afc1fff0	sw	-16(r30),r1
 1382  00001ffc  0800004c	j	L92_LF2
 1383  00002000  54000000	nop; delay slot nop
 1384  00002004          	L93_LF2:
 1385  00002004  8fc10000	lw	r1,(r30)
 1386  00002008  90220000	lbu	r2,(r1)
 1387  0000200c  6c410040	sgtui	r1,r2,#64
 1388  00002010  10200030	beqz	r1,L95_LF2
 1389  00002014  54000000	nop; delay slot nop
 1390  00002018  8fc10000	lw	r1,(r30)
 1391  0000201c  90220000	lbu	r2,(r1)
 1392  00002020  7041005a	sleui	r1,r2,#90
 1393  00002024  1020001c	beqz	r1,L95_LF2
 1394  00002028  54000000	nop; delay slot nop
 1395  0000202c  8fc10000	lw	r1,(r30)
 1396  00002030  90220000	lbu	r2,(r1)
 1397  00002034  2041ffc9	addi	r1,r2,#-55
 1398  00002038  afc1fff0	sw	-16(r30),r1
 1399  0000203c  0800000c	j	L92_LF2
 1400  00002040  54000000	nop; delay slot nop
 1401  00002044          	L95_LF2:
 1402  00002044  200103e8	addi	r1,r0,#1000
 1403  00002048  afc1fff0	sw	-16(r30),r1
 1404  0000204c          	L96_LF2:
 1405  0000204c          	L94_LF2:
 1406  0000204c          	L92_LF2:
 1407  0000204c  8fc1fff0	lw	r1,-16(r30)
 1408  00002050  8fc20008	lw	r2,8(r30)
 1409  00002054  0022082a	slt	r1,r1,r2
 1410  00002058  10200040	beqz	r1,L90_LF2
 1411  0000205c  54000000	nop; delay slot nop
 1412  00002060  8fc1fff4	lw	r1,-12(r30)
 1413  00002064  8fc20008	lw	r2,8(r30)
 1414  00002068  00200035	movi2fp	f0,r1
 1415  0000206c  00400835	movi2fp	f1,r2
 1416  00002070  0401000e	mult	f0,f0,f1
 1417  00002074  00000834	movfp2i	r1,f0
 1418  00002078  afc1fff4	sw	-12(r30),r1
 1419  0000207c  8fc1fff4	lw	r1,-12(r30)
 1420  00002080  8fc2fff0	lw	r2,-16(r30)
 1421  00002084  00220820	add	r1,r1,r2
 1422  00002088  afc1fff4	sw	-12(r30),r1
 1423  0000208c  8fc20000	lw	r2,(r30)
 1424  00002090  20410001	addi	r1,r2,#1
 1425  00002094  00011020	add	r2,r0,r1
 1426  00002098  afc20000	sw	(r30),r2
 1427  0000209c          	L97_LF2:
 1428  0000209c          	L90_LF2:
 1429  0000209c  8fc1fff0	lw	r1,-16(r30)
 1430  000020a0  8fc20008	lw	r2,8(r30)
 1431  000020a4  0022082a	slt	r1,r1,r2
 1432  000020a8  1420000c	bnez	r1,L98_LF2
 1433  000020ac  54000000	nop; delay slot nop
 1434  000020b0  0800000c	j	L89_LF2
 1435  000020b4  54000000	nop; delay slot nop
 1436  000020b8          	L98_LF2:
 1437  000020b8  0bfffec8	j	L88_LF2
 1438  000020bc  54000000	nop; delay slot nop
 1439  000020c0          	L89_LF2:
 1440  000020c0  8fc10004	lw	r1,4(r30)
 1441  000020c4  64220000	snei	r2,r1,#0
 1442  000020c8  10400010	beqz	r2,L99_LF2
 1443  000020cc  54000000	nop; delay slot nop
 1444  000020d0  8fc10004	lw	r1,4(r30)
 1445  000020d4  8fc20000	lw	r2,(r30)
 1446  000020d8  ac220000	sw	(r1),r2
 1447  000020dc          	L99_LF2:
 1448  000020dc  8fc1fff4	lw	r1,-12(r30)
 1449  000020e0  8fc2ffec	lw	r2,-20(r30)
 1450  000020e4  00200035	movi2fp	f0,r1
 1451  000020e8  00400835	movi2fp	f1,r2
 1452  000020ec  0401000e	mult	f0,f0,f1
 1453  000020f0  00000834	movfp2i	r1,f0
 1454  000020f4  afc1fff4	sw	-12(r30),r1
 1455  000020f8  8fc1fff4	lw	r1,-12(r30)
 1456  000020fc  08000004	j	L72_LF2
 1457  00002100  54000000	nop; delay slot nop
 1458  00002104          	L72_LF2:
 1459  00002104  8fa20000	lw	r2,0(r29)
 1460  00002108  8fdffff8	lw	r31,-8(r30)
 1461  0000210c  001ee820	add	r29,r0,r30
 1462  00002110  8fdefffc	lw	r30,-4(r30)
 1463  00002114  4be00000	jr	r31
 1464  00002118  54000000	nop
 1465  0000211c          	.endproc _dstrtol
 1466  0000211c          	.align 2
 1467  0000211c          	.proc _bcopy
 1468  0000211c          	.global _bcopy
 1469  0000211c          	_bcopy:
 1470                      ;  Function 'bcopy'; 0 bytes of locals, 2 regs to save.
 1471  0000211c  afbefffc	sw	-4(r29),r30; push fp
 1472  00002120  001df020	add	r30,r0,r29; fp = sp
 1473  00002124  afbffff8	sw	-8(r29),r31; push ret addr
 1474  00002128  2fbd0010	subui	r29,r29,#16; alloc local storage
 1475  0000212c  afa20000	sw	0(r29),r2
 1476  00002130  afa30004	sw	4(r29),r3
 1477  00002134  54000000	nop
 1478  00002138          	L101_LF2:
 1479  00002138  8fc10008	lw	r1,8(r30)
 1480  0000213c  2022ffff	addi	r2,r1,#-1
 1481  00002140  afc20008	sw	8(r30),r2
 1482  00002144  6c210000	sgti	r1,r1,#0
 1483  00002148  1420000c	bnez	r1,L103_LF2
 1484  0000214c  54000000	nop; delay slot nop
 1485  00002150  0800002c	j	L102_LF2
 1486  00002154  54000000	nop; delay slot nop
 1487  00002158          	L103_LF2:
 1488  00002158  8fc10004	lw	r1,4(r30)
 1489  0000215c  20220001	addi	r2,r1,#1
 1490  00002160  afc20004	sw	4(r30),r2
 1491  00002164  8fc20000	lw	r2,(r30)
 1492  00002168  20430001	addi	r3,r2,#1
 1493  0000216c  afc30000	sw	(r30),r3
 1494  00002170  80420000	lb	r2,(r2)
 1495  00002174  a0220000	sb	(r1),r2
 1496  00002178  0bffffbc	j	L101_LF2
 1497  0000217c  54000000	nop; delay slot nop
 1498  00002180          	L102_LF2:
 1499  00002180          	L100_LF2:
 1500  00002180  8fa20000	lw	r2,0(r29)
 1501  00002184  8fa30004	lw	r3,4(r29)
 1502  00002188  8fdffff8	lw	r31,-8(r30)
 1503  0000218c  001ee820	add	r29,r0,r30
 1504  00002190  8fdefffc	lw	r30,-4(r30)
 1505  00002194  4be00000	jr	r31
 1506  00002198  54000000	nop
 1507  0000219c          	.endproc _bcopy
 1508  0000219c          	.align 2
 1509  0000219c          	.proc _bzero
 1510  0000219c          	.global _bzero
 1511  0000219c          	_bzero:
 1512                      ;  Function 'bzero'; 0 bytes of locals, 1 regs to save.
 1513  0000219c  afbefffc	sw	-4(r29),r30; push fp
 1514  000021a0  001df020	add	r30,r0,r29; fp = sp
 1515  000021a4  afbffff8	sw	-8(r29),r31; push ret addr
 1516  000021a8  2fbd0010	subui	r29,r29,#16; alloc local storage
 1517  000021ac  afa20000	sw	0(r29),r2
 1518  000021b0  54000000	nop
 1519  000021b4          	L105_LF2:
 1520  000021b4  8fc10004	lw	r1,4(r30)
 1521  000021b8  2022ffff	addi	r2,r1,#-1
 1522  000021bc  afc20004	sw	4(r30),r2
 1523  000021c0  6c210000	sgti	r1,r1,#0
 1524  000021c4  1420000c	bnez	r1,L107_LF2
 1525  000021c8  54000000	nop; delay slot nop
 1526  000021cc  08000020	j	L106_LF2
 1527  000021d0  54000000	nop; delay slot nop
 1528  000021d4          	L107_LF2:
 1529  000021d4  8fc10000	lw	r1,(r30)
 1530  000021d8  20220001	addi	r2,r1,#1
 1531  000021dc  afc20000	sw	(r30),r2
 1532  000021e0  20020000	addi	r2,r0,(#0x0)&0xff
 1533  000021e4  a0220000	sb	(r1),r2
 1534  000021e8  0bffffc8	j	L105_LF2
 1535  000021ec  54000000	nop; delay slot nop
 1536  000021f0          	L106_LF2:
 1537  000021f0          	L104_LF2:
 1538  000021f0  8fa20000	lw	r2,0(r29)
 1539  000021f4  8fdffff8	lw	r31,-8(r30)
 1540  000021f8  001ee820	add	r29,r0,r30
 1541  000021fc  8fdefffc	lw	r30,-4(r30)
 1542  00002200  4be00000	jr	r31
 1543  00002204  54000000	nop
 1544  00002208          	.endproc _bzero
 1545  00002208          	.align 2
 1546  00002208          	.proc _min
 1547  00002208          	.global _min
 1548  00002208          	_min:
 1549                      ;  Function 'min'; 0 bytes of locals, 2 regs to save.
 1550  00002208  afbefffc	sw	-4(r29),r30; push fp
 1551  0000220c  001df020	add	r30,r0,r29; fp = sp
 1552  00002210  afbffff8	sw	-8(r29),r31; push ret addr
 1553  00002214  2fbd0010	subui	r29,r29,#16; alloc local storage
 1554  00002218  afa20000	sw	0(r29),r2
 1555  0000221c  afa30004	sw	4(r29),r3
 1556  00002220  8fc10000	lw	r1,(r30)
 1557  00002224  8fc20004	lw	r2,4(r30)
 1558  00002228  0022182c	sle	r3,r1,r2
 1559  0000222c  14600008	bnez	r3,L109_LF2
 1560  00002230  54000000	nop; delay slot nop
 1561  00002234  8fc10004	lw	r1,4(r30)
 1562  00002238          	L109_LF2:
 1563  00002238  08000004	j	L108_LF2
 1564  0000223c  54000000	nop; delay slot nop
 1565  00002240          	L108_LF2:
 1566  00002240  8fa20000	lw	r2,0(r29)
 1567  00002244  8fa30004	lw	r3,4(r29)
 1568  00002248  8fdffff8	lw	r31,-8(r30)
 1569  0000224c  001ee820	add	r29,r0,r30
 1570  00002250  8fdefffc	lw	r30,-4(r30)
 1571  00002254  4be00000	jr	r31
 1572  00002258  54000000	nop
 1573  0000225c          	.endproc _min
 1574                      ;;; Ethan L. Miller, 1999.  Released to the public domain
 1575                      ;;;
 1576                      ;;; Most of the traps are called in files from libtraps.
 1579  0000225c          	.align 2
 1580  0000225c          	.proc _exit
 1581  0000225c          	.global _exit
 1582  0000225c          	_exit:
 1583  0000225c  44000300	trap	#0x300
 1584  00002260  4be00000	jr	r31
 1585  00002264  54000000	nop
 1586  00002268          	.endproc _exit
 1588                      ; for the benefit of gcc.
 1589  00002268          	.proc ___main
 1590  00002268          	.global ___main
 1591  00002268          	___main:
 1592  00002268  4be00000	jr	r31
 1593  0000226c  54000000	nop
 1594  00002270          	.endproc ___main
 1595  00002270          	.text
 1596  00002270          	.global _etext
 1597  00002270          	_etext:
 1598  00002270          	.align 3
 1599  00002270          	.data
 1600  00003107          	.global _edata
 1601  00003107          	_edata:
