 line   address	contents
    1                      ; Linked by DLX-LD.
    2                      ; MemSize 24576
    3                      ; Data size: 263
    4                      ; Text size: 4768
    5                      ; Stack size: 8192
    6  00000000          	.text 0x1000
    7  00001000          	.data 0x3000
    8                      ; Compiled by GCC
    9  00003000          	.text
   10  00001000          	.align 2
   11  00001000          	.proc _isspace
   12  00001000          	.global _isspace
   13  00001000          	_isspace:
   14                      ;  Function 'isspace'; 0 bytes of locals, 1 regs to save.
   15  00001000  afbefffc	sw	-4(r29),r30; push fp
   16  00001004  001df020	add	r30,r0,r29; fp = sp
   17  00001008  afbffff8	sw	-8(r29),r31; push ret addr
   18  0000100c  2fbd0010	subui	r29,r29,#16; alloc local storage
   19  00001010  afa20000	sw	0(r29),r2
   20  00001014  83c20003	lb	r2,3(r30)
   21  00001018  201f0000	addi	r31,r0,#0
   22  0000101c  304100ff	andi	r1,r2,#0x00ff
   23  00001020  60210020	seqi	r1,r1,#32
   24  00001024  14200018	bnez	r1,L6_LF0
   25  00001028  54000000	nop; not filled.
   26  0000102c  2041fff7	addi	r1,r2,#-9
   27  00001030  302100ff	andi	r1,r1,#0x00ff
   28  00001034  70210001	sleui	r1,r1,#1
   29  00001038  10200008	beqz	r1,L5_LF0
   30  0000103c  54000000	nop; not filled.
   31  00001040          	L6_LF0:
   32  00001040  201f0001	addi	r31,r0,#1
   33  00001044          	L5_LF0:
   34  00001044  001f0820	add	r1,r0,r31
   35  00001048  8fa20000	lw	r2,0(r29)
   36  0000104c  8fdffff8	lw	r31,-8(r30)
   37  00001050  001ee820	add	r29,r0,r30
   38  00001054  8fdefffc	lw	r30,-4(r30)
   39  00001058  4be00000	jr	r31
   40  0000105c  54000000	nop
   41  00001060          	.endproc _isspace
   42  00001060          	.align 2
   43  00001060          	.proc _isxdigit
   44  00001060          	.global _isxdigit
   45  00001060          	_isxdigit:
   46                      ;  Function 'isxdigit'; 0 bytes of locals, 1 regs to save.
   47  00001060  afbefffc	sw	-4(r29),r30; push fp
   48  00001064  001df020	add	r30,r0,r29; fp = sp
   49  00001068  afbffff8	sw	-8(r29),r31; push ret addr
   50  0000106c  2fbd0010	subui	r29,r29,#16; alloc local storage
   51  00001070  afa20000	sw	0(r29),r2
   52  00001074  83df0003	lb	r31,3(r30)
   53  00001078  20020000	addi	r2,r0,#0
   54  0000107c  23e1ffd0	addi	r1,r31,#-48
   55  00001080  302100ff	andi	r1,r1,#0x00ff
   56  00001084  70210009	sleui	r1,r1,#9
   57  00001088  14200028	bnez	r1,L12_LF0
   58  0000108c  54000000	nop; not filled.
   59  00001090  23e1ff9f	addi	r1,r31,#-97
   60  00001094  302100ff	andi	r1,r1,#0x00ff
   61  00001098  70210005	sleui	r1,r1,#5
   62  0000109c  14200014	bnez	r1,L12_LF0
   63  000010a0  54000000	nop; not filled.
   64  000010a4  33e100ff	andi	r1,r31,#0x00ff
   65  000010a8  64210041	snei	r1,r1,#65
   66  000010ac  14200008	bnez	r1,L11_LF0
   67  000010b0  54000000	nop; not filled.
   68  000010b4          	L12_LF0:
   69  000010b4  20020001	addi	r2,r0,#1
   70  000010b8          	L11_LF0:
   71  000010b8  00020820	add	r1,r0,r2
   72  000010bc  8fa20000	lw	r2,0(r29)
   73  000010c0  8fdffff8	lw	r31,-8(r30)
   74  000010c4  001ee820	add	r29,r0,r30
   75  000010c8  8fdefffc	lw	r30,-4(r30)
   76  000010cc  4be00000	jr	r31
   77  000010d0  54000000	nop
   78  000010d4          	.endproc _isxdigit
   79  000010d4          	.data
   80  00003000          	.align 2
   81  00003000          	LC0_LF0:
   82  00003000  48656c6c	.ascii "Hello World\000"
   82  00003004  6f20576f	
   82  00003008  726c6400	
   83  0000300c          	.align 2
   84  0000300c          	LC1_LF0:
   85  0000300c  55736167	.ascii "Usage\000"
   85  00003010  6500    	
   86  00003012          	.align 2
   87  00003014          	LC2_LF0:
   88  00003014  3c68616e	.ascii "<handle_to_shared_memory_page> <handle_to_page_mapped_semaphore<handle"
   88  00003018  646c655f	
   88  0000301c  746f5f73	
   88  00003020  68617265	
   88  00003024  645f6d65	
   88  00003028  6d6f7279	
   88  0000302c  5f706167	
   88  00003030  653e203c	
   88  00003034  68616e64	
   88  00003038  6c655f74	
   88  0000303c  6f5f7061	
   88  00003040  67655f6d	
   88  00003044  61707065	
   88  00003048  645f7365	
   88  0000304c  6d617068	
   88  00003050  6f72653c	
   88  00003054  68616e64	
   88  00003058  6c65    	
   89  0000305a  20746f20	.ascii " to lock>\000"
   89  0000305e  6c6f636b	
   89  00003062  3e00    	
   90  00003064          	.align 2
   91  00003064          	LC3_LF0:
   92  00003064  436f756c	.ascii "Could not map the virtual address\000"
   92  00003068  64206e6f	
   92  0000306c  74206d61	
   92  00003070  70207468	
   92  00003074  65207669	
   92  00003078  72747561	
   92  0000307c  6c206164	
   92  00003080  64726573	
   92  00003084  7300    	
   93  00003086          	.align 2
   94  00003088          	LC4_LF0:
   95  00003088  65786974	.ascii "exiting\n\000"
   95  0000308c  696e670a	
   95  00003090  00      	
   96  00003091          	.align 2
   97  00003094          	LC5_LF0:
   98  00003094  50726f64	.ascii "Producer %d inserted: %c\n\000"
   98  00003098  75636572	
   98  0000309c  20256420	
   98  000030a0  696e7365	
   98  000030a4  72746564	
   98  000030a8  3a202563	
   98  000030ac  0a00    	
   99  000030ae          	.align 2
  100  000030b0          	LC6_LF0:
  101  000030b0  70726f64	.ascii "producer: PID %d is complete.\n\000"
  101  000030b4  75636572	
  101  000030b8  3a205049	
  101  000030bc  44202564	
  101  000030c0  20697320	
  101  000030c4  636f6d70	
  101  000030c8  6c657465	
  101  000030cc  2e0a00  	
  102  000030cf          	.align 2
  103  000030d0          	LC7_LF0:
  104  000030d0  42616420	.ascii "Bad semaphore s_procs_completed (%d) in \000"
  104  000030d4  73656d61	
  104  000030d8  70686f72	
  104  000030dc  6520735f	
  104  000030e0  70726f63	
  104  000030e4  735f636f	
  104  000030e8  6d706c65	
  104  000030ec  74656420	
  104  000030f0  28256429	
  104  000030f4  20696e20	
  104  000030f8  00      	
  105  000030f9          	.align 2
  106  000030fc          	LC8_LF0:
  107  000030fc  65786974	.ascii "exiting..\n\000"
  107  00003100  696e672e	
  107  00003104  2e0a00  	
  108  00003107          	.text
  109  000010d4          	.align 2
  110  000010d4          	.proc _main
  111  000010d4          	.global _main
  112  000010d4          	_main:
  113                      ;  Function 'main'; 16 bytes of locals, 0 regs to save.
  114  000010d4  afbefffc	sw	-4(r29),r30; push fp
  115  000010d8  001df020	add	r30,r0,r29; fp = sp
  116  000010dc  afbffff8	sw	-8(r29),r31; push ret addr
  117  000010e0  2fbd0018	subui	r29,r29,#24; alloc local storage
  118  000010e4  8fc20000	lw	r2,(r30)
  119  000010e8  8fca0004	lw	r10,4(r30)
  120  000010ec  0c0011a8	jal	___main
  121  000010f0  54000000	nop; not filled.
  122  000010f4  20080000	addi	r8,r0,#0
  123  000010f8  3c010000	lhi	r1,((LC0_LF0)>>16)&0xffff
  124  000010fc  24213000	addui	r1,r1,(LC0_LF0)&0xffff
  125  00001100  802c0000	lb	r12,(r1)
  126  00001104  a3ccffe8	sb	-24(r30),r12
  127  00001108  802c0001	lb	r12,1(r1)
  128  0000110c  a3ccffe9	sb	-23(r30),r12
  129  00001110  802c0002	lb	r12,2(r1)
  130  00001114  a3ccffea	sb	-22(r30),r12
  131  00001118  802c0003	lb	r12,3(r1)
  132  0000111c  a3ccffeb	sb	-21(r30),r12
  133  00001120  802c0004	lb	r12,4(r1)
  134  00001124  a3ccffec	sb	-20(r30),r12
  135  00001128  802c0005	lb	r12,5(r1)
  136  0000112c  a3ccffed	sb	-19(r30),r12
  137  00001130  802c0006	lb	r12,6(r1)
  138  00001134  a3ccffee	sb	-18(r30),r12
  139  00001138  802c0007	lb	r12,7(r1)
  140  0000113c  a3ccffef	sb	-17(r30),r12
  141  00001140  802c0008	lb	r12,8(r1)
  142  00001144  a3ccfff0	sb	-16(r30),r12
  143  00001148  802c0009	lb	r12,9(r1)
  144  0000114c  a3ccfff1	sb	-15(r30),r12
  145  00001150  802c000a	lb	r12,10(r1)
  146  00001154  a3ccfff2	sb	-14(r30),r12
  147  00001158  8021000b	lb	r1,11(r1)
  148  0000115c  a3c1fff3	sb	-13(r30),r1
  149  00001160  64410004	snei	r1,r2,#4
  150  00001164  1020004c	beqz	r1,L14_LF0
  151  00001168  54000000	nop; not filled.
  152  0000116c  23bdfff8	addi	r29,r29,#-8
  153  00001170  3c0c0000	lhi	r12,((LC1_LF0)>>16)&0xffff
  154  00001174  258c300c	addui	r12,r12,(LC1_LF0)&0xffff
  155  00001178  afac0000	sw	(r29),r12
  156  0000117c  0c000310	jal	_Printf
  157  00001180  54000000	nop; not filled.
  158  00001184  8d4c0000	lw	r12,(r10)
  159  00001188  afac0000	sw	(r29),r12
  160  0000118c  0c000300	jal	_Printf
  161  00001190  54000000	nop; not filled.
  162  00001194  3c0c0000	lhi	r12,((LC2_LF0)>>16)&0xffff
  163  00001198  258c3014	addui	r12,r12,(LC2_LF0)&0xffff
  164  0000119c  afac0000	sw	(r29),r12
  165  000011a0  0c0002ec	jal	_Printf
  166  000011a4  54000000	nop; not filled.
  167  000011a8  0c000398	jal	_Exit
  168  000011ac  54000000	nop; not filled.
  169  000011b0  23bd0008	addi	r29,r29,#8
  170  000011b4          	L14_LF0:
  171  000011b4  23bdfff0	addi	r29,r29,#-16
  172  000011b8  8d4c0004	lw	r12,4(r10)
  173  000011bc  afac0000	sw	(r29),r12
  174  000011c0  200c0000	addi	r12,r0,#0
  175  000011c4  afac0004	sw	4(r29),r12
  176  000011c8  200c000a	addi	r12,r0,#10
  177  000011cc  afac0008	sw	8(r29),r12
  178  000011d0  0c000c1c	jal	_dstrtol
  179  000011d4  54000000	nop; not filled.
  180  000011d8  00011020	add	r2,r0,r1
  181  000011dc  8d4c0008	lw	r12,8(r10)
  182  000011e0  afac0000	sw	(r29),r12
  183  000011e4  200c0000	addi	r12,r0,#0
  184  000011e8  afac0004	sw	4(r29),r12
  185  000011ec  200c000a	addi	r12,r0,#10
  186  000011f0  afac0008	sw	8(r29),r12
  187  000011f4  0c000bf8	jal	_dstrtol
  188  000011f8  54000000	nop; not filled.
  189  000011fc  00015820	add	r11,r0,r1
  190  00001200  8d4c000c	lw	r12,12(r10)
  191  00001204  afac0000	sw	(r29),r12
  192  00001208  200c0000	addi	r12,r0,#0
  193  0000120c  afac0004	sw	4(r29),r12
  194  00001210  200c000a	addi	r12,r0,#10
  195  00001214  afac0008	sw	8(r29),r12
  196  00001218  0c000bd4	jal	_dstrtol
  197  0000121c  54000000	nop; not filled.
  198  00001220  00013820	add	r7,r0,r1
  199  00001224  afa20000	sw	(r29),r2
  200  00001228  0c000294	jal	_shmat
  201  0000122c  54000000	nop; not filled.
  202  00001230  00012020	add	r4,r0,r1
  203  00001234  23bd0010	addi	r29,r29,#16
  204  00001238  64810000	snei	r1,r4,#0
  205  0000123c  1420004c	bnez	r1,L15_LF0
  206  00001240  54000000	nop; not filled.
  207  00001244  23bdfff8	addi	r29,r29,#-8
  208  00001248  3c0c0000	lhi	r12,((LC3_LF0)>>16)&0xffff
  209  0000124c  258c3064	addui	r12,r12,(LC3_LF0)&0xffff
  210  00001250  afac0000	sw	(r29),r12
  211  00001254  0c000238	jal	_Printf
  212  00001258  54000000	nop; not filled.
  213  0000125c  8d4c0000	lw	r12,(r10)
  214  00001260  afac0000	sw	(r29),r12
  215  00001264  0c000228	jal	_Printf
  216  00001268  54000000	nop; not filled.
  217  0000126c  3c0c0000	lhi	r12,((LC4_LF0)>>16)&0xffff
  218  00001270  258c3088	addui	r12,r12,(LC4_LF0)&0xffff
  219  00001274  afac0000	sw	(r29),r12
  220  00001278  0c000214	jal	_Printf
  221  0000127c  54000000	nop; not filled.
  222  00001280  0c0002c0	jal	_Exit
  223  00001284  54000000	nop; not filled.
  224  00001288  23bd0008	addi	r29,r29,#8
  225  0000128c          	L15_LF0:
  226  0000128c  23c6ffe8	addi	r6,r30,#-24
  227  00001290  20090005	addi	r9,r0,#5
  228  00001294  00062820	add	r5,r0,r6
  229  00001298          	L16_LF0:
  230  00001298  23bdfff8	addi	r29,r29,#-8
  231  0000129c  afa60000	sw	(r29),r6
  232  000012a0  0c00071c	jal	_dstrlen
  233  000012a4  54000000	nop; not filled.
  234  000012a8  23bd0008	addi	r29,r29,#8
  235  000012ac  0101082a	slt	r1,r8,r1
  236  000012b0  10200100	beqz	r1,L17_LF0
  237  000012b4  54000000	nop; not filled.
  238  000012b8  23bdfff8	addi	r29,r29,#-8
  239  000012bc  afa70000	sw	(r29),r7
  240  000012c0  0c000238	jal	_lock_acquire
  241  000012c4  54000000	nop; not filled.
  242  000012c8  23bd0008	addi	r29,r29,#8
  243  000012cc  64210001	snei	r1,r1,#1
  244  000012d0  1020000c	beqz	r1,L19_LF0
  245  000012d4  54000000	nop; not filled.
  246  000012d8  0c000268	jal	_Exit
  247  000012dc  54000000	nop; not filled.
  248  000012e0          	L19_LF0:
  249  000012e0  8c810000	lw	r1,(r4)
  250  000012e4  20230001	addi	r3,r1,#1
  251  000012e8  00600035	movi2fp	f0,r3
  252  000012ec  01200835	movi2fp	f1,r9
  253  000012f0  0401000f	div	f0,f0,f1
  254  000012f4  00001034	movfp2i	r2,f0
  255  000012f8  50410002	slli	r1,r2,#0x2
  256  000012fc  00220820	add	r1,r1,r2
  257  00001300  00611022	sub	r2,r3,r1
  258  00001304  8c810004	lw	r1,4(r4)
  259  00001308  00410828	seq	r1,r2,r1
  260  0000130c  14200074	bnez	r1,L21_LF0
  261  00001310  54000000	nop; not filled.
  262  00001314  0c000184	jal	_getpid
  263  00001318  54000000	nop; not filled.
  264  0000131c  23bdfff0	addi	r29,r29,#-16
  265  00001320  3c0c0000	lhi	r12,((LC5_LF0)>>16)&0xffff
  266  00001324  258c3094	addui	r12,r12,(LC5_LF0)&0xffff
  267  00001328  afac0000	sw	(r29),r12
  268  0000132c  afa10004	sw	4(r29),r1
  269  00001330  90a10000	lbu	r1,(r5)
  270  00001334  afa10008	sw	8(r29),r1
  271  00001338  0c000154	jal	_Printf
  272  0000133c  54000000	nop; not filled.
  273  00001340  8c810000	lw	r1,(r4)
  274  00001344  00810820	add	r1,r4,r1
  275  00001348  80ac0000	lb	r12,(r5)
  276  0000134c  a02c0008	sb	8(r1),r12
  277  00001350  8c810000	lw	r1,(r4)
  278  00001354  20230001	addi	r3,r1,#1
  279  00001358  00600035	movi2fp	f0,r3
  280  0000135c  01200835	movi2fp	f1,r9
  281  00001360  0401000f	div	f0,f0,f1
  282  00001364  00001034	movfp2i	r2,f0
  283  00001368  50410002	slli	r1,r2,#0x2
  284  0000136c  00220820	add	r1,r1,r2
  285  00001370  00610822	sub	r1,r3,r1
  286  00001374  ac810000	sw	(r4),r1
  287  00001378  20a50001	addi	r5,r5,#1
  288  0000137c  21080001	addi	r8,r8,#1
  289  00001380  23bd0010	addi	r29,r29,#16
  290  00001384          	L21_LF0:
  291  00001384  23bdfff8	addi	r29,r29,#-8
  292  00001388  afa70000	sw	(r29),r7
  293  0000138c  0c000178	jal	_lock_release
  294  00001390  54000000	nop; not filled.
  295  00001394  23bd0008	addi	r29,r29,#8
  296  00001398  64210001	snei	r1,r1,#1
  297  0000139c  1020fef8	beqz	r1,L16_LF0
  298  000013a0  54000000	nop; not filled.
  299  000013a4  0c00019c	jal	_Exit
  300  000013a8  54000000	nop; not filled.
  301  000013ac  0bfffee8	j	L16_LF0
  302  000013b0  54000000	nop; not filled.
  303  000013b4          	L17_LF0:
  304  000013b4  0c0000e4	jal	_getpid
  305  000013b8  54000000	nop; not filled.
  306  000013bc  23bdfff8	addi	r29,r29,#-8
  307  000013c0  3c0c0000	lhi	r12,((LC6_LF0)>>16)&0xffff
  308  000013c4  258c30b0	addui	r12,r12,(LC6_LF0)&0xffff
  309  000013c8  afac0000	sw	(r29),r12
  310  000013cc  afa10004	sw	4(r29),r1
  311  000013d0  0c0000bc	jal	_Printf
  312  000013d4  54000000	nop; not filled.
  313  000013d8  afab0000	sw	(r29),r11
  314  000013dc  0c000104	jal	_sem_signal
  315  000013e0  54000000	nop; not filled.
  316  000013e4  23bd0008	addi	r29,r29,#8
  317  000013e8  64210001	snei	r1,r1,#1
  318  000013ec  10200050	beqz	r1,L23_LF0
  319  000013f0  54000000	nop; not filled.
  320  000013f4  23bdfff8	addi	r29,r29,#-8
  321  000013f8  3c0c0000	lhi	r12,((LC7_LF0)>>16)&0xffff
  322  000013fc  258c30d0	addui	r12,r12,(LC7_LF0)&0xffff
  323  00001400  afac0000	sw	(r29),r12
  324  00001404  afab0004	sw	4(r29),r11
  325  00001408  0c000084	jal	_Printf
  326  0000140c  54000000	nop; not filled.
  327  00001410  8d4a0000	lw	r10,(r10)
  328  00001414  afaa0000	sw	(r29),r10
  329  00001418  0c000074	jal	_Printf
  330  0000141c  54000000	nop; not filled.
  331  00001420  3c0c0000	lhi	r12,((LC8_LF0)>>16)&0xffff
  332  00001424  258c30fc	addui	r12,r12,(LC8_LF0)&0xffff
  333  00001428  afac0000	sw	(r29),r12
  334  0000142c  0c000060	jal	_Printf
  335  00001430  54000000	nop; not filled.
  336  00001434  0c00010c	jal	_Exit
  337  00001438  54000000	nop; not filled.
  338  0000143c  23bd0008	addi	r29,r29,#8
  339  00001440          	L23_LF0:
  340  00001440  0c000e48	jal	_exit
  341  00001444  54000000	nop
  342  00001448          	.endproc _main
  343                      ;;;
  344                      ;;; Stub functions for DLX traps.
  345                      ;;;
  346                      ;;; Ethan L. Miller, 1999.  Released to the public domain.
  347                      ;;;
  348                      ;;; The traps such as Open and Close
  349                      ;;; (note the capital letters) are for use by user programs.  The traps
  350                      ;;; with names such as open and close (lower case) are for use by the OS.
  351                      ;;;
  354  00001448          	.align 2
  356                      ;;; The following are the traps to be used by user-level programs
  357                      ;;;
  359  00001448          	.align 2
  360  00001448          	.proc _Open
  361  00001448          	.global _Open
  362  00001448          	_Open:
  363                      ;;; Note that trap #0x213 actually causes a trap vector in the OS of
  364                      ;;; 0x1213.  The same is true for other user traps.  Thus, a user trap
  365                      ;;; with trap #0x240 will result in a trap vector of 0x1240 in the OS.
  366  00001448  44000213	trap	#0x213
  367  0000144c  4be00000	jr	r31
  368  00001450  54000000	nop
  369  00001454          	.endproc _Open
  371  00001454          	.proc _Close
  372  00001454          	.global _Close
  373  00001454          	_Close:
  374  00001454  44000214	trap	#0x214
  375  00001458  4be00000	jr	r31
  376  0000145c  54000000	nop
  377  00001460          	.endproc _Close
  379  00001460          	.proc _Read
  380  00001460          	.global _Read
  381  00001460          	_Read:
  382  00001460  44000210	trap	#0x210
  383  00001464  4be00000	jr	r31
  384  00001468  54000000	nop
  385  0000146c          	.endproc _Read
  387  0000146c          	.proc _Write
  388  0000146c          	.global _Write
  389  0000146c          	_Write:
  390  0000146c  44000211	trap	#0x211
  391  00001470  4be00000	jr	r31
  392  00001474  54000000	nop
  393  00001478          	.endproc _Write
  395  00001478          	.proc _Lseek
  396  00001478          	.global _Lseek
  397  00001478          	_Lseek:
  398  00001478  44000212	trap	#0x212
  399  0000147c  4be00000	jr	r31
  400  00001480  54000000	nop
  401  00001484          	.endproc _Lseek
  403  00001484          	.proc _Putchar
  404  00001484          	.global _Putchar
  405  00001484          	_Putchar:
  406  00001484  44000280	trap	#0x280
  407  00001488  4be00000	jr	r31
  408  0000148c  54000000	nop
  409  00001490          	.endproc _Putchar
  411  00001490          	.proc _Printf
  412  00001490          	.global _Printf
  413  00001490          	_Printf:
  414  00001490  44000201	trap	#0x201
  415  00001494  4be00000	jr	r31
  416  00001498  54000000	nop
  417  0000149c          	.endproc _Printf
  419  0000149c          	.proc _getpid
  420  0000149c          	.global _getpid
  421  0000149c          	_getpid:
  422  0000149c  44000431	trap	#0x431
  423  000014a0  4be00000	jr	r31
  424  000014a4  54000000	nop
  425  000014a8          	.endproc _getpid
  427  000014a8          	.proc _process_create
  428  000014a8          	.global _process_create
  429  000014a8          	_process_create:
  430  000014a8  44000432	trap	#0x432
  431  000014ac  4be00000	jr	r31
  432  000014b0  54000000	nop
  433  000014b4          	.endproc _process_create
  435  000014b4          	.proc _shmget
  436  000014b4          	.global _shmget
  437  000014b4          	_shmget:
  438  000014b4  44000440	trap	#0x440
  439  000014b8  4be00000	jr	r31
  440  000014bc  54000000	nop
  441  000014c0          	.endproc _shmget
  443  000014c0          	.proc _shmat
  444  000014c0          	.global _shmat
  445  000014c0          	_shmat:
  446  000014c0  44000441	trap	#0x441
  447  000014c4  4be00000	jr	r31
  448  000014c8  54000000	nop
  449  000014cc          	.endproc _shmat
  451  000014cc          	.proc _sem_create
  452  000014cc          	.global _sem_create
  453  000014cc          	_sem_create:
  454  000014cc  44000450	trap	#0x450
  455  000014d0  4be00000	jr	r31
  456  000014d4  54000000	nop
  457  000014d8          	.endproc _sem_create
  459  000014d8          	.proc _sem_wait
  460  000014d8          	.global _sem_wait
  461  000014d8          	_sem_wait:
  462  000014d8  44000451	trap	#0x451
  463  000014dc  4be00000	jr	r31
  464  000014e0  54000000	nop
  465  000014e4          	.endproc _sem_wait
  467  000014e4          	.proc _sem_signal
  468  000014e4          	.global _sem_signal
  469  000014e4          	_sem_signal:
  470  000014e4  44000452	trap	#0x452
  471  000014e8  4be00000	jr	r31
  472  000014ec  54000000	nop
  473  000014f0          	.endproc _sem_signal
  475  000014f0          	.proc _lock_create
  476  000014f0          	.global _lock_create
  477  000014f0          	_lock_create:
  478  000014f0  44000453	trap	#0x453
  479  000014f4  4be00000	jr	r31
  480  000014f8  54000000	nop
  481  000014fc          	.endproc _lock_create
  483  000014fc          	.proc _lock_acquire
  484  000014fc          	.global _lock_acquire
  485  000014fc          	_lock_acquire:
  486  000014fc  44000454	trap	#0x454
  487  00001500  4be00000	jr	r31
  488  00001504  54000000	nop
  489  00001508          	.endproc _lock_acquire
  491  00001508          	.proc _lock_release
  492  00001508          	.global _lock_release
  493  00001508          	_lock_release:
  494  00001508  44000455	trap	#0x455
  495  0000150c  4be00000	jr	r31
  496  00001510  54000000	nop
  497  00001514          	.endproc _lock_release
  499  00001514          	.proc _cond_create
  500  00001514          	.global _cond_create
  501  00001514          	_cond_create:
  502  00001514  44000456	trap	#0x456
  503  00001518  4be00000	jr	r31
  504  0000151c  54000000	nop
  505  00001520          	.endproc _cond_create
  507  00001520          	.proc _cond_wait
  508  00001520          	.global _cond_wait
  509  00001520          	_cond_wait:
  510  00001520  44000457	trap	#0x457
  511  00001524  4be00000	jr	r31
  512  00001528  54000000	nop
  513  0000152c          	.endproc _cond_wait
  515  0000152c          	.proc _cond_signal
  516  0000152c          	.global _cond_signal
  517  0000152c          	_cond_signal:
  518  0000152c  44000458	trap	#0x458
  519  00001530  4be00000	jr	r31
  520  00001534  54000000	nop
  521  00001538          	.endproc _cond_signal
  523  00001538          	.proc _cond_broadcast
  524  00001538          	.global _cond_broadcast
  525  00001538          	_cond_broadcast:
  526  00001538  44000455	trap	#0x455
  527  0000153c  4be00000	jr	r31
  528  00001540  54000000	nop
  529  00001544          	.endproc _cond_broadcast
  531  00001544          	.proc _Exit
  532  00001544          	.global _Exit
  533  00001544          	_Exit:
  534  00001544  44000500	trap	#0x500
  535  00001548  4be00000	jr	r31
  536  0000154c  54000000	nop
  537  00001550          	.endproc _Exit
  538                      ; Compiled by GCC
  540  00001550          	.align 2
  541  00001550          	.proc _isspace
  542  00001550          	.global _isspace
  543  00001550          	_isspace:
  544                      ;  Function 'isspace'; 0 bytes of locals, 3 regs to save.
  545  00001550  afbefffc	sw	-4(r29),r30; push fp
  546  00001554  001df020	add	r30,r0,r29; fp = sp
  547  00001558  afbffff8	sw	-8(r29),r31; push ret addr
  548  0000155c  2fbd0018	subui	r29,r29,#24; alloc local storage
  549  00001560  afa20000	sw	0(r29),r2
  550  00001564  afa30004	sw	4(r29),r3
  551  00001568  afa40008	sw	8(r29),r4
  552  0000156c  83c20003	lb	r2,3(r30)
  553  00001570  20010000	addi	r1,r0,#0
  554  00001574  304300ff	andi	r3,r2,#0x00ff
  555  00001578  60640020	seqi	r4,r3,#32
  556  0000157c  1480002c	bnez	r4,L3_LF2
  557  00001580  54000000	nop; delay slot nop
  558  00001584  304300ff	andi	r3,r2,#0x00ff
  559  00001588  60640009	seqi	r4,r3,#9
  560  0000158c  1480001c	bnez	r4,L3_LF2
  561  00001590  54000000	nop; delay slot nop
  562  00001594  304300ff	andi	r3,r2,#0x00ff
  563  00001598  6064000a	seqi	r4,r3,#10
  564  0000159c  1480000c	bnez	r4,L3_LF2
  565  000015a0  54000000	nop; delay slot nop
  566  000015a4  08000008	j	L2_LF2
  567  000015a8  54000000	nop; delay slot nop
  568  000015ac          	L3_LF2:
  569  000015ac  20010001	addi	r1,r0,#1
  570  000015b0          	L2_LF2:
  571  000015b0  08000004	j	L1_LF2
  572  000015b4  54000000	nop; delay slot nop
  573  000015b8          	L1_LF2:
  574  000015b8  8fa20000	lw	r2,0(r29)
  575  000015bc  8fa30004	lw	r3,4(r29)
  576  000015c0  8fa40008	lw	r4,8(r29)
  577  000015c4  8fdffff8	lw	r31,-8(r30)
  578  000015c8  001ee820	add	r29,r0,r30
  579  000015cc  8fdefffc	lw	r30,-4(r30)
  580  000015d0  4be00000	jr	r31
  581  000015d4  54000000	nop
  582  000015d8          	.endproc _isspace
  583  000015d8          	.align 2
  584  000015d8          	.proc _isxdigit
  585  000015d8          	.global _isxdigit
  586  000015d8          	_isxdigit:
  587                      ;  Function 'isxdigit'; 0 bytes of locals, 3 regs to save.
  588  000015d8  afbefffc	sw	-4(r29),r30; push fp
  589  000015dc  001df020	add	r30,r0,r29; fp = sp
  590  000015e0  afbffff8	sw	-8(r29),r31; push ret addr
  591  000015e4  2fbd0018	subui	r29,r29,#24; alloc local storage
  592  000015e8  afa20000	sw	0(r29),r2
  593  000015ec  afa30004	sw	4(r29),r3
  594  000015f0  afa40008	sw	8(r29),r4
  595  000015f4  83c20003	lb	r2,3(r30)
  596  000015f8  20010000	addi	r1,r0,#0
  597  000015fc  304300ff	andi	r3,r2,#0x00ff
  598  00001600  6c64002f	sgtui	r4,r3,#47
  599  00001604  1080001c	beqz	r4,L7_LF2
  600  00001608  54000000	nop; delay slot nop
  601  0000160c  304300ff	andi	r3,r2,#0x00ff
  602  00001610  70640039	sleui	r4,r3,#57
  603  00001614  1480005c	bnez	r4,L6_LF2
  604  00001618  54000000	nop; delay slot nop
  605  0000161c  08000004	j	L7_LF2
  606  00001620  54000000	nop; delay slot nop
  607  00001624          	L7_LF2:
  608  00001624  304300ff	andi	r3,r2,#0x00ff
  609  00001628  6c640060	sgtui	r4,r3,#96
  610  0000162c  1080001c	beqz	r4,L8_LF2
  611  00001630  54000000	nop; delay slot nop
  612  00001634  304300ff	andi	r3,r2,#0x00ff
  613  00001638  70640066	sleui	r4,r3,#102
  614  0000163c  14800034	bnez	r4,L6_LF2
  615  00001640  54000000	nop; delay slot nop
  616  00001644  08000004	j	L8_LF2
  617  00001648  54000000	nop; delay slot nop
  618  0000164c          	L8_LF2:
  619  0000164c  304300ff	andi	r3,r2,#0x00ff
  620  00001650  6c640040	sgtui	r4,r3,#64
  621  00001654  10800020	beqz	r4,L5_LF2
  622  00001658  54000000	nop; delay slot nop
  623  0000165c  304300ff	andi	r3,r2,#0x00ff
  624  00001660  70640041	sleui	r4,r3,#65
  625  00001664  1480000c	bnez	r4,L6_LF2
  626  00001668  54000000	nop; delay slot nop
  627  0000166c  08000008	j	L5_LF2
  628  00001670  54000000	nop; delay slot nop
  629  00001674          	L6_LF2:
  630  00001674  20010001	addi	r1,r0,#1
  631  00001678          	L5_LF2:
  632  00001678  08000004	j	L4_LF2
  633  0000167c  54000000	nop; delay slot nop
  634  00001680          	L4_LF2:
  635  00001680  8fa20000	lw	r2,0(r29)
  636  00001684  8fa30004	lw	r3,4(r29)
  637  00001688  8fa40008	lw	r4,8(r29)
  638  0000168c  8fdffff8	lw	r31,-8(r30)
  639  00001690  001ee820	add	r29,r0,r30
  640  00001694  8fdefffc	lw	r30,-4(r30)
  641  00001698  4be00000	jr	r31
  642  0000169c  54000000	nop
  643  000016a0          	.endproc _isxdigit
  644  000016a0          	.align 2
  645  000016a0          	.proc _dstrcpy
  646  000016a0          	.global _dstrcpy
  647  000016a0          	_dstrcpy:
  648                      ;  Function 'dstrcpy'; 8 bytes of locals, 2 regs to save.
  649  000016a0  afbefffc	sw	-4(r29),r30; push fp
  650  000016a4  001df020	add	r30,r0,r29; fp = sp
  651  000016a8  afbffff8	sw	-8(r29),r31; push ret addr
  652  000016ac  2fbd0018	subui	r29,r29,#24; alloc local storage
  653  000016b0  afa20000	sw	0(r29),r2
  654  000016b4  afa30004	sw	4(r29),r3
  655  000016b8  8fc10000	lw	r1,(r30)
  656  000016bc  afc1fff4	sw	-12(r30),r1
  657  000016c0          	L10_LF2:
  658  000016c0  8fc10000	lw	r1,(r30)
  659  000016c4  20220001	addi	r2,r1,#1
  660  000016c8  afc20000	sw	(r30),r2
  661  000016cc  8fc20004	lw	r2,4(r30)
  662  000016d0  20430001	addi	r3,r2,#1
  663  000016d4  afc30004	sw	4(r30),r3
  664  000016d8  80420000	lb	r2,(r2)
  665  000016dc  a0220000	sb	(r1),r2
  666  000016e0  a3c2fff3	sb	-13(r30),r2
  667  000016e4          	L12_LF2:
  668  000016e4  93c1fff3	lbu	r1,-13(r30)
  669  000016e8  64220000	snei	r2,r1,#0
  670  000016ec  1440000c	bnez	r2,L13_LF2
  671  000016f0  54000000	nop; delay slot nop
  672  000016f4  0800000c	j	L11_LF2
  673  000016f8  54000000	nop; delay slot nop
  674  000016fc          	L13_LF2:
  675  000016fc  0bffffc0	j	L10_LF2
  676  00001700  54000000	nop; delay slot nop
  677  00001704          	L11_LF2:
  678  00001704  8fc1fff4	lw	r1,-12(r30)
  679  00001708  08000004	j	L9_LF2
  680  0000170c  54000000	nop; delay slot nop
  681  00001710          	L9_LF2:
  682  00001710  8fa20000	lw	r2,0(r29)
  683  00001714  8fa30004	lw	r3,4(r29)
  684  00001718  8fdffff8	lw	r31,-8(r30)
  685  0000171c  001ee820	add	r29,r0,r30
  686  00001720  8fdefffc	lw	r30,-4(r30)
  687  00001724  4be00000	jr	r31
  688  00001728  54000000	nop
  689  0000172c          	.endproc _dstrcpy
  690  0000172c          	.align 2
  691  0000172c          	.proc _dstrncpy
  692  0000172c          	.global _dstrncpy
  693  0000172c          	_dstrncpy:
  694                      ;  Function 'dstrncpy'; 8 bytes of locals, 2 regs to save.
  695  0000172c  afbefffc	sw	-4(r29),r30; push fp
  696  00001730  001df020	add	r30,r0,r29; fp = sp
  697  00001734  afbffff8	sw	-8(r29),r31; push ret addr
  698  00001738  2fbd0018	subui	r29,r29,#24; alloc local storage
  699  0000173c  afa20000	sw	0(r29),r2
  700  00001740  afa30004	sw	4(r29),r3
  701  00001744  8fc10000	lw	r1,(r30)
  702  00001748  afc1fff4	sw	-12(r30),r1
  703  0000174c          	L15_LF2:
  704  0000174c  8fc10008	lw	r1,8(r30)
  705  00001750  2022ffff	addi	r2,r1,#-1
  706  00001754  afc20008	sw	8(r30),r2
  707  00001758  70210000	slei	r1,r1,#0
  708  0000175c  1020000c	beqz	r1,L18_LF2
  709  00001760  54000000	nop; delay slot nop
  710  00001764  08000048	j	L16_LF2
  711  00001768  54000000	nop; delay slot nop
  712  0000176c          	L18_LF2:
  713  0000176c  8fc10000	lw	r1,(r30)
  714  00001770  20220001	addi	r2,r1,#1
  715  00001774  afc20000	sw	(r30),r2
  716  00001778  8fc20004	lw	r2,4(r30)
  717  0000177c  20430001	addi	r3,r2,#1
  718  00001780  afc30004	sw	4(r30),r3
  719  00001784  80420000	lb	r2,(r2)
  720  00001788  a0220000	sb	(r1),r2
  721  0000178c  a3c2fff3	sb	-13(r30),r2
  722  00001790          	L17_LF2:
  723  00001790  93c1fff3	lbu	r1,-13(r30)
  724  00001794  64220000	snei	r2,r1,#0
  725  00001798  1440000c	bnez	r2,L19_LF2
  726  0000179c  54000000	nop; delay slot nop
  727  000017a0  0800000c	j	L16_LF2
  728  000017a4  54000000	nop; delay slot nop
  729  000017a8          	L19_LF2:
  730  000017a8  0bffffa0	j	L15_LF2
  731  000017ac  54000000	nop; delay slot nop
  732  000017b0          	L16_LF2:
  733  000017b0  8fc1fff4	lw	r1,-12(r30)
  734  000017b4  08000004	j	L14_LF2
  735  000017b8  54000000	nop; delay slot nop
  736  000017bc          	L14_LF2:
  737  000017bc  8fa20000	lw	r2,0(r29)
  738  000017c0  8fa30004	lw	r3,4(r29)
  739  000017c4  8fdffff8	lw	r31,-8(r30)
  740  000017c8  001ee820	add	r29,r0,r30
  741  000017cc  8fdefffc	lw	r30,-4(r30)
  742  000017d0  4be00000	jr	r31
  743  000017d4  54000000	nop
  744  000017d8          	.endproc _dstrncpy
  745  000017d8          	.align 2
  746  000017d8          	.proc _dstrcat
  747  000017d8          	.global _dstrcat
  748  000017d8          	_dstrcat:
  749                      ;  Function 'dstrcat'; 8 bytes of locals, 1 regs to save.
  750  000017d8  afbefffc	sw	-4(r29),r30; push fp
  751  000017dc  001df020	add	r30,r0,r29; fp = sp
  752  000017e0  afbffff8	sw	-8(r29),r31; push ret addr
  753  000017e4  2fbd0018	subui	r29,r29,#24; alloc local storage
  754  000017e8  afa20000	sw	0(r29),r2
  755  000017ec  8fc10000	lw	r1,(r30)
  756  000017f0  afc1fff4	sw	-12(r30),r1
  757  000017f4          	L21_LF2:
  758  000017f4  8fc10000	lw	r1,(r30)
  759  000017f8  90220000	lbu	r2,(r1)
  760  000017fc  64410000	snei	r1,r2,#0
  761  00001800  1420000c	bnez	r1,L23_LF2
  762  00001804  54000000	nop; delay slot nop
  763  00001808  0800001c	j	L22_LF2
  764  0000180c  54000000	nop; delay slot nop
  765  00001810          	L23_LF2:
  766  00001810  8fc20000	lw	r2,(r30)
  767  00001814  20410001	addi	r1,r2,#1
  768  00001818  00011020	add	r2,r0,r1
  769  0000181c  afc20000	sw	(r30),r2
  770  00001820  0bffffd0	j	L21_LF2
  771  00001824  54000000	nop; delay slot nop
  772  00001828          	L22_LF2:
  773  00001828  23bdfff8	addi	r29,r29,#-8
  774  0000182c  001d0820	add	r1,r0,r29
  775  00001830  8fc20000	lw	r2,(r30)
  776  00001834  ac220000	sw	(r1),r2
  777  00001838  8fc20004	lw	r2,4(r30)
  778  0000183c  ac220004	sw	4(r1),r2
  779  00001840  0ffffe5c	jal	_dstrcpy
  780  00001844  54000000	nop; delay slot nop
  781  00001848  23bd0008	addi	r29,r29,#8
  782  0000184c  8fc1fff4	lw	r1,-12(r30)
  783  00001850  08000004	j	L20_LF2
  784  00001854  54000000	nop; delay slot nop
  785  00001858          	L20_LF2:
  786  00001858  8fa20000	lw	r2,0(r29)
  787  0000185c  8fdffff8	lw	r31,-8(r30)
  788  00001860  001ee820	add	r29,r0,r30
  789  00001864  8fdefffc	lw	r30,-4(r30)
  790  00001868  4be00000	jr	r31
  791  0000186c  54000000	nop
  792  00001870          	.endproc _dstrcat
  793  00001870          	.align 2
  794  00001870          	.proc _dstrncmp
  795  00001870          	.global _dstrncmp
  796  00001870          	_dstrncmp:
  797                      ;  Function 'dstrncmp'; 8 bytes of locals, 2 regs to save.
  798  00001870  afbefffc	sw	-4(r29),r30; push fp
  799  00001874  001df020	add	r30,r0,r29; fp = sp
  800  00001878  afbffff8	sw	-8(r29),r31; push ret addr
  801  0000187c  2fbd0018	subui	r29,r29,#24; alloc local storage
  802  00001880  afa20000	sw	0(r29),r2
  803  00001884  afa30004	sw	4(r29),r3
  804  00001888  54000000	nop
  805  0000188c  20010000	addi	r1,r0,#0
  806  00001890  afc1fff4	sw	-12(r30),r1
  807  00001894          	L25_LF2:
  808  00001894  8fc1fff4	lw	r1,-12(r30)
  809  00001898  8fc20008	lw	r2,8(r30)
  810  0000189c  0022082a	slt	r1,r1,r2
  811  000018a0  1420000c	bnez	r1,L28_LF2
  812  000018a4  54000000	nop; delay slot nop
  813  000018a8  08000088	j	L26_LF2
  814  000018ac  54000000	nop; delay slot nop
  815  000018b0          	L28_LF2:
  816  000018b0  8fc10004	lw	r1,4(r30)
  817  000018b4  90220000	lbu	r2,(r1)
  818  000018b8  64410000	snei	r1,r2,#0
  819  000018bc  14200018	bnez	r1,L29_LF2
  820  000018c0  54000000	nop; delay slot nop
  821  000018c4  20010000	addi	r1,r0,#0
  822  000018c8  080000d8	j	L24_LF2
  823  000018cc  54000000	nop; delay slot nop
  824  000018d0  08000028	j	L30_LF2
  825  000018d4  54000000	nop; delay slot nop
  826  000018d8          	L29_LF2:
  827  000018d8  8fc10000	lw	r1,(r30)
  828  000018dc  8fc20004	lw	r2,4(r30)
  829  000018e0  90210000	lbu	r1,(r1)
  830  000018e4  90420000	lbu	r2,(r2)
  831  000018e8  00220829	sne	r1,r1,r2
  832  000018ec  1020000c	beqz	r1,L30_LF2
  833  000018f0  54000000	nop; delay slot nop
  834  000018f4  0800003c	j	L26_LF2
  835  000018f8  54000000	nop; delay slot nop
  836  000018fc          	L31_LF2:
  837  000018fc          	L30_LF2:
  838  000018fc  8fc20000	lw	r2,(r30)
  839  00001900  20410001	addi	r1,r2,#1
  840  00001904  00011020	add	r2,r0,r1
  841  00001908  afc20000	sw	(r30),r2
  842  0000190c  8fc20004	lw	r2,4(r30)
  843  00001910  20410001	addi	r1,r2,#1
  844  00001914  00011020	add	r2,r0,r1
  845  00001918  afc20004	sw	4(r30),r2
  846  0000191c          	L27_LF2:
  847  0000191c  8fc2fff4	lw	r2,-12(r30)
  848  00001920  20410001	addi	r1,r2,#1
  849  00001924  00011020	add	r2,r0,r1
  850  00001928  afc2fff4	sw	-12(r30),r2
  851  0000192c  0bffff64	j	L25_LF2
  852  00001930  54000000	nop; delay slot nop
  853  00001934          	L26_LF2:
  854  00001934  8fc1fff4	lw	r1,-12(r30)
  855  00001938  8fc20008	lw	r2,8(r30)
  856  0000193c  00220828	seq	r1,r1,r2
  857  00001940  10200018	beqz	r1,L32_LF2
  858  00001944  54000000	nop; delay slot nop
  859  00001948  20010000	addi	r1,r0,#0
  860  0000194c  08000054	j	L24_LF2
  861  00001950  54000000	nop; delay slot nop
  862  00001954  0800004c	j	L33_LF2
  863  00001958  54000000	nop; delay slot nop
  864  0000195c          	L32_LF2:
  865  0000195c  8fc20000	lw	r2,(r30)
  866  00001960  90410000	lbu	r1,(r2)
  867  00001964  8fc20004	lw	r2,4(r30)
  868  00001968  90430000	lbu	r3,(r2)
  869  0000196c  00230822	sub	r1,r1,r3
  870  00001970  74220000	sgei	r2,r1,#0
  871  00001974  10400020	beqz	r2,L34_LF2
  872  00001978  54000000	nop; delay slot nop
  873  0000197c  8fc10000	lw	r1,(r30)
  874  00001980  8fc20004	lw	r2,4(r30)
  875  00001984  90210000	lbu	r1,(r1)
  876  00001988  90420000	lbu	r2,(r2)
  877  0000198c  00220829	sne	r1,r1,r2
  878  00001990  08000008	j	L35_LF2
  879  00001994  54000000	nop; delay slot nop
  880  00001998          	L34_LF2:
  881  00001998  2001ffff	addi	r1,r0,#-1
  882  0000199c          	L35_LF2:
  883  0000199c  08000004	j	L24_LF2
  884  000019a0  54000000	nop; delay slot nop
  885  000019a4          	L33_LF2:
  886  000019a4          	L24_LF2:
  887  000019a4  8fa20000	lw	r2,0(r29)
  888  000019a8  8fa30004	lw	r3,4(r29)
  889  000019ac  8fdffff8	lw	r31,-8(r30)
  890  000019b0  001ee820	add	r29,r0,r30
  891  000019b4  8fdefffc	lw	r30,-4(r30)
  892  000019b8  4be00000	jr	r31
  893  000019bc  54000000	nop
  894  000019c0          	.endproc _dstrncmp
  895  000019c0          	.align 2
  896  000019c0          	.proc _dstrlen
  897  000019c0          	.global _dstrlen
  898  000019c0          	_dstrlen:
  899                      ;  Function 'dstrlen'; 8 bytes of locals, 1 regs to save.
  900  000019c0  afbefffc	sw	-4(r29),r30; push fp
  901  000019c4  001df020	add	r30,r0,r29; fp = sp
  902  000019c8  afbffff8	sw	-8(r29),r31; push ret addr
  903  000019cc  2fbd0018	subui	r29,r29,#24; alloc local storage
  904  000019d0  afa20000	sw	0(r29),r2
  905  000019d4  20010000	addi	r1,r0,#0
  906  000019d8  afc1fff4	sw	-12(r30),r1
  907  000019dc          	L37_LF2:
  908  000019dc  8fc10000	lw	r1,(r30)
  909  000019e0  20220001	addi	r2,r1,#1
  910  000019e4  afc20000	sw	(r30),r2
  911  000019e8  90210000	lbu	r1,(r1)
  912  000019ec  64220000	snei	r2,r1,#0
  913  000019f0  1440000c	bnez	r2,L39_LF2
  914  000019f4  54000000	nop; delay slot nop
  915  000019f8  0800001c	j	L38_LF2
  916  000019fc  54000000	nop; delay slot nop
  917  00001a00          	L39_LF2:
  918  00001a00  8fc2fff4	lw	r2,-12(r30)
  919  00001a04  20410001	addi	r1,r2,#1
  920  00001a08  00011020	add	r2,r0,r1
  921  00001a0c  afc2fff4	sw	-12(r30),r2
  922  00001a10  0bffffc8	j	L37_LF2
  923  00001a14  54000000	nop; delay slot nop
  924  00001a18          	L38_LF2:
  925  00001a18  8fc1fff4	lw	r1,-12(r30)
  926  00001a1c  08000004	j	L36_LF2
  927  00001a20  54000000	nop; delay slot nop
  928  00001a24          	L36_LF2:
  929  00001a24  8fa20000	lw	r2,0(r29)
  930  00001a28  8fdffff8	lw	r31,-8(r30)
  931  00001a2c  001ee820	add	r29,r0,r30
  932  00001a30  8fdefffc	lw	r30,-4(r30)
  933  00001a34  4be00000	jr	r31
  934  00001a38  54000000	nop
  935  00001a3c          	.endproc _dstrlen
  936  00001a3c          	.align 2
  937  00001a3c          	.proc _dstrstr
  938  00001a3c          	.global _dstrstr
  939  00001a3c          	_dstrstr:
  940                      ;  Function 'dstrstr'; 8 bytes of locals, 1 regs to save.
  941  00001a3c  afbefffc	sw	-4(r29),r30; push fp
  942  00001a40  001df020	add	r30,r0,r29; fp = sp
  943  00001a44  afbffff8	sw	-8(r29),r31; push ret addr
  944  00001a48  2fbd0018	subui	r29,r29,#24; alloc local storage
  945  00001a4c  afa20000	sw	0(r29),r2
  946  00001a50  23bdfff8	addi	r29,r29,#-8
  947  00001a54  001d0820	add	r1,r0,r29
  948  00001a58  8fc20004	lw	r2,4(r30)
  949  00001a5c  ac220000	sw	(r1),r2
  950  00001a60  0fffff5c	jal	_dstrlen
  951  00001a64  54000000	nop; delay slot nop
  952  00001a68  23bd0008	addi	r29,r29,#8
  953  00001a6c  afc1fff4	sw	-12(r30),r1
  954  00001a70          	L41_LF2:
  955  00001a70  8fc10000	lw	r1,(r30)
  956  00001a74  90220000	lbu	r2,(r1)
  957  00001a78  64410000	snei	r1,r2,#0
  958  00001a7c  1420000c	bnez	r1,L43_LF2
  959  00001a80  54000000	nop; delay slot nop
  960  00001a84  08000060	j	L42_LF2
  961  00001a88  54000000	nop; delay slot nop
  962  00001a8c          	L43_LF2:
  963  00001a8c  23bdfff0	addi	r29,r29,#-16
  964  00001a90  001d0820	add	r1,r0,r29
  965  00001a94  8fc20000	lw	r2,(r30)
  966  00001a98  ac220000	sw	(r1),r2
  967  00001a9c  8fc20004	lw	r2,4(r30)
  968  00001aa0  ac220004	sw	4(r1),r2
  969  00001aa4  8fc2fff4	lw	r2,-12(r30)
  970  00001aa8  ac220008	sw	8(r1),r2
  971  00001aac  0ffffdc0	jal	_dstrncmp
  972  00001ab0  54000000	nop; delay slot nop
  973  00001ab4  23bd0010	addi	r29,r29,#16
  974  00001ab8  64220000	snei	r2,r1,#0
  975  00001abc  14400010	bnez	r2,L44_LF2
  976  00001ac0  54000000	nop; delay slot nop
  977  00001ac4  8fc10000	lw	r1,(r30)
  978  00001ac8  08000028	j	L40_LF2
  979  00001acc  54000000	nop; delay slot nop
  980  00001ad0          	L44_LF2:
  981  00001ad0  8fc20000	lw	r2,(r30)
  982  00001ad4  20410001	addi	r1,r2,#1
  983  00001ad8  00011020	add	r2,r0,r1
  984  00001adc  afc20000	sw	(r30),r2
  985  00001ae0  0bffff8c	j	L41_LF2
  986  00001ae4  54000000	nop; delay slot nop
  987  00001ae8          	L42_LF2:
  988  00001ae8  20010000	addi	r1,r0,#0
  989  00001aec  08000004	j	L40_LF2
  990  00001af0  54000000	nop; delay slot nop
  991  00001af4          	L40_LF2:
  992  00001af4  8fa20000	lw	r2,0(r29)
  993  00001af8  8fdffff8	lw	r31,-8(r30)
  994  00001afc  001ee820	add	r29,r0,r30
  995  00001b00  8fdefffc	lw	r30,-4(r30)
  996  00001b04  4be00000	jr	r31
  997  00001b08  54000000	nop
  998  00001b0c          	.endproc _dstrstr
  999  00001b0c          	.align 2
 1000  00001b0c          	.proc _dmindex
 1001  00001b0c          	.global _dmindex
 1002  00001b0c          	_dmindex:
 1003                      ;  Function 'dmindex'; 8 bytes of locals, 1 regs to save.
 1004  00001b0c  afbefffc	sw	-4(r29),r30; push fp
 1005  00001b10  001df020	add	r30,r0,r29; fp = sp
 1006  00001b14  afbffff8	sw	-8(r29),r31; push ret addr
 1007  00001b18  2fbd0018	subui	r29,r29,#24; alloc local storage
 1008  00001b1c  afa20000	sw	0(r29),r2
 1009  00001b20  54000000	nop
 1010  00001b24          	L46_LF2:
 1011  00001b24  8fc10000	lw	r1,(r30)
 1012  00001b28  90220000	lbu	r2,(r1)
 1013  00001b2c  64410000	snei	r1,r2,#0
 1014  00001b30  1420000c	bnez	r1,L48_LF2
 1015  00001b34  54000000	nop; delay slot nop
 1016  00001b38  08000070	j	L47_LF2
 1017  00001b3c  54000000	nop; delay slot nop
 1018  00001b40          	L48_LF2:
 1019  00001b40  8fc10004	lw	r1,4(r30)
 1020  00001b44  afc1fff4	sw	-12(r30),r1
 1021  00001b48          	L49_LF2:
 1022  00001b48  8fc1fff4	lw	r1,-12(r30)
 1023  00001b4c  90220000	lbu	r2,(r1)
 1024  00001b50  64410000	snei	r1,r2,#0
 1025  00001b54  1420000c	bnez	r1,L52_LF2
 1026  00001b58  54000000	nop; delay slot nop
 1027  00001b5c  08000044	j	L50_LF2
 1028  00001b60  54000000	nop; delay slot nop
 1029  00001b64          	L52_LF2:
 1030  00001b64  8fc10000	lw	r1,(r30)
 1031  00001b68  8fc2fff4	lw	r2,-12(r30)
 1032  00001b6c  90210000	lbu	r1,(r1)
 1033  00001b70  90420000	lbu	r2,(r2)
 1034  00001b74  00220828	seq	r1,r1,r2
 1035  00001b78  10200010	beqz	r1,L51_LF2
 1036  00001b7c  54000000	nop; delay slot nop
 1037  00001b80  8fc10000	lw	r1,(r30)
 1038  00001b84  08000030	j	L45_LF2
 1039  00001b88  54000000	nop; delay slot nop
 1040  00001b8c          	L53_LF2:
 1041  00001b8c          	L51_LF2:
 1042  00001b8c  8fc2fff4	lw	r2,-12(r30)
 1043  00001b90  20410001	addi	r1,r2,#1
 1044  00001b94  00011020	add	r2,r0,r1
 1045  00001b98  afc2fff4	sw	-12(r30),r2
 1046  00001b9c  0bffffa8	j	L49_LF2
 1047  00001ba0  54000000	nop; delay slot nop
 1048  00001ba4          	L50_LF2:
 1049  00001ba4  0bffff7c	j	L46_LF2
 1050  00001ba8  54000000	nop; delay slot nop
 1051  00001bac          	L47_LF2:
 1052  00001bac  20010000	addi	r1,r0,#0
 1053  00001bb0  08000004	j	L45_LF2
 1054  00001bb4  54000000	nop; delay slot nop
 1055  00001bb8          	L45_LF2:
 1056  00001bb8  8fa20000	lw	r2,0(r29)
 1057  00001bbc  8fdffff8	lw	r31,-8(r30)
 1058  00001bc0  001ee820	add	r29,r0,r30
 1059  00001bc4  8fdefffc	lw	r30,-4(r30)
 1060  00001bc8  4be00000	jr	r31
 1061  00001bcc  54000000	nop
 1062  00001bd0          	.endproc _dmindex
 1063  00001bd0          	.align 2
 1064  00001bd0          	.proc _dindex
 1065  00001bd0          	.global _dindex
 1066  00001bd0          	_dindex:
 1067                      ;  Function 'dindex'; 0 bytes of locals, 1 regs to save.
 1068  00001bd0  afbefffc	sw	-4(r29),r30; push fp
 1069  00001bd4  001df020	add	r30,r0,r29; fp = sp
 1070  00001bd8  afbffff8	sw	-8(r29),r31; push ret addr
 1071  00001bdc  2fbd0010	subui	r29,r29,#16; alloc local storage
 1072  00001be0  afa20000	sw	0(r29),r2
 1073  00001be4  54000000	nop
 1074  00001be8          	L55_LF2:
 1075  00001be8  8fc10000	lw	r1,(r30)
 1076  00001bec  90220000	lbu	r2,(r1)
 1077  00001bf0  64410000	snei	r1,r2,#0
 1078  00001bf4  1420000c	bnez	r1,L57_LF2
 1079  00001bf8  54000000	nop; delay slot nop
 1080  00001bfc  08000040	j	L56_LF2
 1081  00001c00  54000000	nop; delay slot nop
 1082  00001c04          	L57_LF2:
 1083  00001c04  8fc10000	lw	r1,(r30)
 1084  00001c08  90220000	lbu	r2,(r1)
 1085  00001c0c  8fc10004	lw	r1,4(r30)
 1086  00001c10  00411028	seq	r2,r2,r1
 1087  00001c14  10400010	beqz	r2,L58_LF2
 1088  00001c18  54000000	nop; delay slot nop
 1089  00001c1c  8fc10000	lw	r1,(r30)
 1090  00001c20  08000028	j	L54_LF2
 1091  00001c24  54000000	nop; delay slot nop
 1092  00001c28          	L58_LF2:
 1093  00001c28  8fc20000	lw	r2,(r30)
 1094  00001c2c  20410001	addi	r1,r2,#1
 1095  00001c30  00011020	add	r2,r0,r1
 1096  00001c34  afc20000	sw	(r30),r2
 1097  00001c38  0bffffac	j	L55_LF2
 1098  00001c3c  54000000	nop; delay slot nop
 1099  00001c40          	L56_LF2:
 1100  00001c40  20010000	addi	r1,r0,#0
 1101  00001c44  08000004	j	L54_LF2
 1102  00001c48  54000000	nop; delay slot nop
 1103  00001c4c          	L54_LF2:
 1104  00001c4c  8fa20000	lw	r2,0(r29)
 1105  00001c50  8fdffff8	lw	r31,-8(r30)
 1106  00001c54  001ee820	add	r29,r0,r30
 1107  00001c58  8fdefffc	lw	r30,-4(r30)
 1108  00001c5c  4be00000	jr	r31
 1109  00001c60  54000000	nop
 1110  00001c64          	.endproc _dindex
 1111  00001c64          	.align 2
 1112  00001c64          	.proc _ditoa
 1113  00001c64          	.global _ditoa
 1114  00001c64          	_ditoa:
 1115                      ;  Function 'ditoa'; 8 bytes of locals, 2 regs to save.
 1116  00001c64  afbefffc	sw	-4(r29),r30; push fp
 1117  00001c68  001df020	add	r30,r0,r29; fp = sp
 1118  00001c6c  afbffff8	sw	-8(r29),r31; push ret addr
 1119  00001c70  2fbd0018	subui	r29,r29,#24; alloc local storage
 1120  00001c74  afa20000	sw	0(r29),r2
 1121  00001c78  afa30004	sw	4(r29),r3
 1122  00001c7c  8fc10000	lw	r1,(r30)
 1123  00001c80  68220000	slti	r2,r1,#0
 1124  00001c84  1040002c	beqz	r2,L60_LF2
 1125  00001c88  54000000	nop; delay slot nop
 1126  00001c8c  8fc10004	lw	r1,4(r30)
 1127  00001c90  20220001	addi	r2,r1,#1
 1128  00001c94  afc20004	sw	4(r30),r2
 1129  00001c98  2002002d	addi	r2,r0,(#0x2d)&0xff
 1130  00001c9c  a0220000	sb	(r1),r2
 1131  00001ca0  8fc10000	lw	r1,(r30)
 1132  00001ca4  00011022	sub	r2,r0,r1
 1133  00001ca8  afc20000	sw	(r30),r2
 1134  00001cac  08000118	j	L61_LF2
 1135  00001cb0  54000000	nop; delay slot nop
 1136  00001cb4          	L60_LF2:
 1137  00001cb4  8fc10000	lw	r1,(r30)
 1138  00001cb8  64220000	snei	r2,r1,#0
 1139  00001cbc  14400020	bnez	r2,L62_LF2
 1140  00001cc0  54000000	nop; delay slot nop
 1141  00001cc4  8fc10004	lw	r1,4(r30)
 1142  00001cc8  20220001	addi	r2,r1,#1
 1143  00001ccc  afc20004	sw	4(r30),r2
 1144  00001cd0  20020030	addi	r2,r0,(#0x30)&0xff
 1145  00001cd4  a0220000	sb	(r1),r2
 1146  00001cd8  080000ec	j	L61_LF2
 1147  00001cdc  54000000	nop; delay slot nop
 1148  00001ce0          	L62_LF2:
 1149  00001ce0  20010001	addi	r1,r0,#1
 1150  00001ce4  afc1fff4	sw	-12(r30),r1
 1151  00001ce8          	L64_LF2:
 1152  00001ce8  8fc1fff4	lw	r1,-12(r30)
 1153  00001cec  8fc20000	lw	r2,(r30)
 1154  00001cf0  0022082c	sle	r1,r1,r2
 1155  00001cf4  1420000c	bnez	r1,L66_LF2
 1156  00001cf8  54000000	nop; delay slot nop
 1157  00001cfc  08000024	j	L65_LF2
 1158  00001d00  54000000	nop; delay slot nop
 1159  00001d04          	L67_LF2:
 1160  00001d04          	L66_LF2:
 1161  00001d04  8fc1fff4	lw	r1,-12(r30)
 1162  00001d08  00011820	add	r3,r0,r1
 1163  00001d0c  50620002	slli	r2,r3,#0x2
 1164  00001d10  00411020	add	r2,r2,r1
 1165  00001d14  50410001	slli	r1,r2,#0x1
 1166  00001d18  afc1fff4	sw	-12(r30),r1
 1167  00001d1c  0bffffc8	j	L64_LF2
 1168  00001d20  54000000	nop; delay slot nop
 1169  00001d24          	L65_LF2:
 1170  00001d24  54000000	nop
 1171  00001d28          	L68_LF2:
 1172  00001d28  8fc1fff4	lw	r1,-12(r30)
 1173  00001d2c  2002000a	addi	r2,r0,#10
 1174  00001d30  00200035	movi2fp	f0,r1
 1175  00001d34  00400835	movi2fp	f1,r2
 1176  00001d38  0401000f	div	f0,f0,f1
 1177  00001d3c  00000834	movfp2i	r1,f0
 1178  00001d40  afc1fff4	sw	-12(r30),r1
 1179  00001d44  8fc10004	lw	r1,4(r30)
 1180  00001d48  20220001	addi	r2,r1,#1
 1181  00001d4c  afc20004	sw	4(r30),r2
 1182  00001d50  8fc20000	lw	r2,(r30)
 1183  00001d54  8fc3fff4	lw	r3,-12(r30)
 1184  00001d58  00400035	movi2fp	f0,r2
 1185  00001d5c  00600835	movi2fp	f1,r3
 1186  00001d60  0401000f	div	f0,f0,f1
 1187  00001d64  00001034	movfp2i	r2,f0
 1188  00001d68  00021820	add	r3,r0,r2
 1189  00001d6c  20620030	addi	r2,r3,#48
 1190  00001d70  a0220000	sb	(r1),r2
 1191  00001d74  8fc10000	lw	r1,(r30)
 1192  00001d78  8fc3fff4	lw	r3,-12(r30)
 1193  00001d7c  00200035	movi2fp	f0,r1
 1194  00001d80  00600835	movi2fp	f1,r3
 1195  00001d84  0401000f	div	f0,f0,f1
 1196  00001d88  00001034	movfp2i	r2,f0
 1197  00001d8c  8fc3fff4	lw	r3,-12(r30)
 1198  00001d90  00400035	movi2fp	f0,r2
 1199  00001d94  00600835	movi2fp	f1,r3
 1200  00001d98  0401000e	mult	f0,f0,f1
 1201  00001d9c  00001034	movfp2i	r2,f0
 1202  00001da0  00220822	sub	r1,r1,r2
 1203  00001da4  afc10000	sw	(r30),r1
 1204  00001da8          	L70_LF2:
 1205  00001da8  8fc1fff4	lw	r1,-12(r30)
 1206  00001dac  6c220001	sgti	r2,r1,#1
 1207  00001db0  1440000c	bnez	r2,L71_LF2
 1208  00001db4  54000000	nop; delay slot nop
 1209  00001db8  0800000c	j	L61_LF2
 1210  00001dbc  54000000	nop; delay slot nop
 1211  00001dc0          	L71_LF2:
 1212  00001dc0  0bffff64	j	L68_LF2
 1213  00001dc4  54000000	nop; delay slot nop
 1214  00001dc8          	L69_LF2:
 1215  00001dc8          	L63_LF2:
 1216  00001dc8          	L61_LF2:
 1217  00001dc8  8fc10004	lw	r1,4(r30)
 1218  00001dcc  20020000	addi	r2,r0,(#0x0)&0xff
 1219  00001dd0  a0220000	sb	(r1),r2
 1220  00001dd4          	L59_LF2:
 1221  00001dd4  8fa20000	lw	r2,0(r29)
 1222  00001dd8  8fa30004	lw	r3,4(r29)
 1223  00001ddc  8fdffff8	lw	r31,-8(r30)
 1224  00001de0  001ee820	add	r29,r0,r30
 1225  00001de4  8fdefffc	lw	r30,-4(r30)
 1226  00001de8  4be00000	jr	r31
 1227  00001dec  54000000	nop
 1228  00001df0          	.endproc _ditoa
 1229  00001df0          	.align 2
 1230  00001df0          	.proc _dstrtol
 1231  00001df0          	.global _dstrtol
 1232  00001df0          	_dstrtol:
 1233                      ;  Function 'dstrtol'; 16 bytes of locals, 1 regs to save.
 1234  00001df0  afbefffc	sw	-4(r29),r30; push fp
 1235  00001df4  001df020	add	r30,r0,r29; fp = sp
 1236  00001df8  afbffff8	sw	-8(r29),r31; push ret addr
 1237  00001dfc  2fbd0020	subui	r29,r29,#32; alloc local storage
 1238  00001e00  afa20000	sw	0(r29),r2
 1239  00001e04  20010000	addi	r1,r0,#0
 1240  00001e08  afc1fff4	sw	-12(r30),r1
 1241  00001e0c          	L73_LF2:
 1242  00001e0c  8fc10000	lw	r1,(r30)
 1243  00001e10  90220000	lbu	r2,(r1)
 1244  00001e14  60410020	seqi	r1,r2,#32
 1245  00001e18  14200034	bnez	r1,L75_LF2
 1246  00001e1c  54000000	nop; delay slot nop
 1247  00001e20  8fc10000	lw	r1,(r30)
 1248  00001e24  90220000	lbu	r2,(r1)
 1249  00001e28  60410009	seqi	r1,r2,#9
 1250  00001e2c  14200020	bnez	r1,L75_LF2
 1251  00001e30  54000000	nop; delay slot nop
 1252  00001e34  8fc10000	lw	r1,(r30)
 1253  00001e38  90220000	lbu	r2,(r1)
 1254  00001e3c  6041000a	seqi	r1,r2,#10
 1255  00001e40  1420000c	bnez	r1,L75_LF2
 1256  00001e44  54000000	nop; delay slot nop
 1257  00001e48  0800001c	j	L74_LF2
 1258  00001e4c  54000000	nop; delay slot nop
 1259  00001e50          	L75_LF2:
 1260  00001e50  8fc20000	lw	r2,(r30)
 1261  00001e54  20410001	addi	r1,r2,#1
 1262  00001e58  00011020	add	r2,r0,r1
 1263  00001e5c  afc20000	sw	(r30),r2
 1264  00001e60  0bffffa8	j	L73_LF2
 1265  00001e64  54000000	nop; delay slot nop
 1266  00001e68          	L74_LF2:
 1267  00001e68  8fc10004	lw	r1,4(r30)
 1268  00001e6c  64220000	snei	r2,r1,#0
 1269  00001e70  10400010	beqz	r2,L76_LF2
 1270  00001e74  54000000	nop; delay slot nop
 1271  00001e78  8fc10004	lw	r1,4(r30)
 1272  00001e7c  8fc20000	lw	r2,(r30)
 1273  00001e80  ac220000	sw	(r1),r2
 1274  00001e84          	L76_LF2:
 1275  00001e84  8fc10000	lw	r1,(r30)
 1276  00001e88  90220000	lbu	r2,(r1)
 1277  00001e8c  64410000	snei	r1,r2,#0
 1278  00001e90  14200010	bnez	r1,L77_LF2
 1279  00001e94  54000000	nop; delay slot nop
 1280  00001e98  8fc1fff4	lw	r1,-12(r30)
 1281  00001e9c  08000294	j	L72_LF2
 1282  00001ea0  54000000	nop; delay slot nop
 1283  00001ea4          	L77_LF2:
 1284  00001ea4  8fc10000	lw	r1,(r30)
 1285  00001ea8  90220000	lbu	r2,(r1)
 1286  00001eac  6041002d	seqi	r1,r2,#45
 1287  00001eb0  10200024	beqz	r1,L78_LF2
 1288  00001eb4  54000000	nop; delay slot nop
 1289  00001eb8  2001ffff	addi	r1,r0,#-1
 1290  00001ebc  afc1ffec	sw	-20(r30),r1
 1291  00001ec0  8fc20000	lw	r2,(r30)
 1292  00001ec4  20410001	addi	r1,r2,#1
 1293  00001ec8  00011020	add	r2,r0,r1
 1294  00001ecc  afc20000	sw	(r30),r2
 1295  00001ed0  0800000c	j	L79_LF2
 1296  00001ed4  54000000	nop; delay slot nop
 1297  00001ed8          	L78_LF2:
 1298  00001ed8  20010001	addi	r1,r0,#1
 1299  00001edc  afc1ffec	sw	-20(r30),r1
 1300  00001ee0          	L79_LF2:
 1301  00001ee0  8fc10008	lw	r1,8(r30)
 1302  00001ee4  64220000	snei	r2,r1,#0
 1303  00001ee8  14400090	bnez	r2,L80_LF2
 1304  00001eec  54000000	nop; delay slot nop
 1305  00001ef0  8fc10000	lw	r1,(r30)
 1306  00001ef4  90220000	lbu	r2,(r1)
 1307  00001ef8  60410030	seqi	r1,r2,#48
 1308  00001efc  10200074	beqz	r1,L81_LF2
 1309  00001f00  54000000	nop; delay slot nop
 1310  00001f04  8fc20000	lw	r2,(r30)
 1311  00001f08  20410001	addi	r1,r2,#1
 1312  00001f0c  00011020	add	r2,r0,r1
 1313  00001f10  afc20000	sw	(r30),r2
 1314  00001f14  8fc10000	lw	r1,(r30)
 1315  00001f18  90220000	lbu	r2,(r1)
 1316  00001f1c  60410078	seqi	r1,r2,#120
 1317  00001f20  14200020	bnez	r1,L83_LF2
 1318  00001f24  54000000	nop; delay slot nop
 1319  00001f28  8fc10000	lw	r1,(r30)
 1320  00001f2c  90220000	lbu	r2,(r1)
 1321  00001f30  60410058	seqi	r1,r2,#88
 1322  00001f34  1420000c	bnez	r1,L83_LF2
 1323  00001f38  54000000	nop; delay slot nop
 1324  00001f3c  08000024	j	L82_LF2
 1325  00001f40  54000000	nop; delay slot nop
 1326  00001f44          	L83_LF2:
 1327  00001f44  20010010	addi	r1,r0,#16
 1328  00001f48  afc10008	sw	8(r30),r1
 1329  00001f4c  8fc20000	lw	r2,(r30)
 1330  00001f50  20410001	addi	r1,r2,#1
 1331  00001f54  00011020	add	r2,r0,r1
 1332  00001f58  afc20000	sw	(r30),r2
 1333  00001f5c  0800000c	j	L84_LF2
 1334  00001f60  54000000	nop; delay slot nop
 1335  00001f64          	L82_LF2:
 1336  00001f64  20010008	addi	r1,r0,#8
 1337  00001f68  afc10008	sw	8(r30),r1
 1338  00001f6c          	L84_LF2:
 1339  00001f6c  0800000c	j	L80_LF2
 1340  00001f70  54000000	nop; delay slot nop
 1341  00001f74          	L81_LF2:
 1342  00001f74  2001000a	addi	r1,r0,#10
 1343  00001f78  afc10008	sw	8(r30),r1
 1344  00001f7c          	L85_LF2:
 1345  00001f7c          	L80_LF2:
 1346  00001f7c  8fc10008	lw	r1,8(r30)
 1347  00001f80  70220000	slei	r2,r1,#0
 1348  00001f84  1440001c	bnez	r2,L87_LF2
 1349  00001f88  54000000	nop; delay slot nop
 1350  00001f8c  8fc10008	lw	r1,8(r30)
 1351  00001f90  6c220010	sgti	r2,r1,#16
 1352  00001f94  1440000c	bnez	r2,L87_LF2
 1353  00001f98  54000000	nop; delay slot nop
 1354  00001f9c  08000010	j	L86_LF2
 1355  00001fa0  54000000	nop; delay slot nop
 1356  00001fa4          	L87_LF2:
 1357  00001fa4  8fc1fff4	lw	r1,-12(r30)
 1358  00001fa8  08000188	j	L72_LF2
 1359  00001fac  54000000	nop; delay slot nop
 1360  00001fb0          	L86_LF2:
 1361  00001fb0  54000000	nop
 1362  00001fb4          	L88_LF2:
 1363  00001fb4  8fc10000	lw	r1,(r30)
 1364  00001fb8  90220000	lbu	r2,(r1)
 1365  00001fbc  6c41002f	sgtui	r1,r2,#47
 1366  00001fc0  10200030	beqz	r1,L91_LF2
 1367  00001fc4  54000000	nop; delay slot nop
 1368  00001fc8  8fc10000	lw	r1,(r30)
 1369  00001fcc  90220000	lbu	r2,(r1)
 1370  00001fd0  70410039	sleui	r1,r2,#57
 1371  00001fd4  1020001c	beqz	r1,L91_LF2
 1372  00001fd8  54000000	nop; delay slot nop
 1373  00001fdc  8fc10000	lw	r1,(r30)
 1374  00001fe0  90220000	lbu	r2,(r1)
 1375  00001fe4  2041ffd0	addi	r1,r2,#-48
 1376  00001fe8  afc1fff0	sw	-16(r30),r1
 1377  00001fec  0800008c	j	L92_LF2
 1378  00001ff0  54000000	nop; delay slot nop
 1379  00001ff4          	L91_LF2:
 1380  00001ff4  8fc10000	lw	r1,(r30)
 1381  00001ff8  90220000	lbu	r2,(r1)
 1382  00001ffc  6c410060	sgtui	r1,r2,#96
 1383  00002000  10200030	beqz	r1,L93_LF2
 1384  00002004  54000000	nop; delay slot nop
 1385  00002008  8fc10000	lw	r1,(r30)
 1386  0000200c  90220000	lbu	r2,(r1)
 1387  00002010  7041007a	sleui	r1,r2,#122
 1388  00002014  1020001c	beqz	r1,L93_LF2
 1389  00002018  54000000	nop; delay slot nop
 1390  0000201c  8fc10000	lw	r1,(r30)
 1391  00002020  90220000	lbu	r2,(r1)
 1392  00002024  2041ffa9	addi	r1,r2,#-87
 1393  00002028  afc1fff0	sw	-16(r30),r1
 1394  0000202c  0800004c	j	L92_LF2
 1395  00002030  54000000	nop; delay slot nop
 1396  00002034          	L93_LF2:
 1397  00002034  8fc10000	lw	r1,(r30)
 1398  00002038  90220000	lbu	r2,(r1)
 1399  0000203c  6c410040	sgtui	r1,r2,#64
 1400  00002040  10200030	beqz	r1,L95_LF2
 1401  00002044  54000000	nop; delay slot nop
 1402  00002048  8fc10000	lw	r1,(r30)
 1403  0000204c  90220000	lbu	r2,(r1)
 1404  00002050  7041005a	sleui	r1,r2,#90
 1405  00002054  1020001c	beqz	r1,L95_LF2
 1406  00002058  54000000	nop; delay slot nop
 1407  0000205c  8fc10000	lw	r1,(r30)
 1408  00002060  90220000	lbu	r2,(r1)
 1409  00002064  2041ffc9	addi	r1,r2,#-55
 1410  00002068  afc1fff0	sw	-16(r30),r1
 1411  0000206c  0800000c	j	L92_LF2
 1412  00002070  54000000	nop; delay slot nop
 1413  00002074          	L95_LF2:
 1414  00002074  200103e8	addi	r1,r0,#1000
 1415  00002078  afc1fff0	sw	-16(r30),r1
 1416  0000207c          	L96_LF2:
 1417  0000207c          	L94_LF2:
 1418  0000207c          	L92_LF2:
 1419  0000207c  8fc1fff0	lw	r1,-16(r30)
 1420  00002080  8fc20008	lw	r2,8(r30)
 1421  00002084  0022082a	slt	r1,r1,r2
 1422  00002088  10200040	beqz	r1,L90_LF2
 1423  0000208c  54000000	nop; delay slot nop
 1424  00002090  8fc1fff4	lw	r1,-12(r30)
 1425  00002094  8fc20008	lw	r2,8(r30)
 1426  00002098  00200035	movi2fp	f0,r1
 1427  0000209c  00400835	movi2fp	f1,r2
 1428  000020a0  0401000e	mult	f0,f0,f1
 1429  000020a4  00000834	movfp2i	r1,f0
 1430  000020a8  afc1fff4	sw	-12(r30),r1
 1431  000020ac  8fc1fff4	lw	r1,-12(r30)
 1432  000020b0  8fc2fff0	lw	r2,-16(r30)
 1433  000020b4  00220820	add	r1,r1,r2
 1434  000020b8  afc1fff4	sw	-12(r30),r1
 1435  000020bc  8fc20000	lw	r2,(r30)
 1436  000020c0  20410001	addi	r1,r2,#1
 1437  000020c4  00011020	add	r2,r0,r1
 1438  000020c8  afc20000	sw	(r30),r2
 1439  000020cc          	L97_LF2:
 1440  000020cc          	L90_LF2:
 1441  000020cc  8fc1fff0	lw	r1,-16(r30)
 1442  000020d0  8fc20008	lw	r2,8(r30)
 1443  000020d4  0022082a	slt	r1,r1,r2
 1444  000020d8  1420000c	bnez	r1,L98_LF2
 1445  000020dc  54000000	nop; delay slot nop
 1446  000020e0  0800000c	j	L89_LF2
 1447  000020e4  54000000	nop; delay slot nop
 1448  000020e8          	L98_LF2:
 1449  000020e8  0bfffec8	j	L88_LF2
 1450  000020ec  54000000	nop; delay slot nop
 1451  000020f0          	L89_LF2:
 1452  000020f0  8fc10004	lw	r1,4(r30)
 1453  000020f4  64220000	snei	r2,r1,#0
 1454  000020f8  10400010	beqz	r2,L99_LF2
 1455  000020fc  54000000	nop; delay slot nop
 1456  00002100  8fc10004	lw	r1,4(r30)
 1457  00002104  8fc20000	lw	r2,(r30)
 1458  00002108  ac220000	sw	(r1),r2
 1459  0000210c          	L99_LF2:
 1460  0000210c  8fc1fff4	lw	r1,-12(r30)
 1461  00002110  8fc2ffec	lw	r2,-20(r30)
 1462  00002114  00200035	movi2fp	f0,r1
 1463  00002118  00400835	movi2fp	f1,r2
 1464  0000211c  0401000e	mult	f0,f0,f1
 1465  00002120  00000834	movfp2i	r1,f0
 1466  00002124  afc1fff4	sw	-12(r30),r1
 1467  00002128  8fc1fff4	lw	r1,-12(r30)
 1468  0000212c  08000004	j	L72_LF2
 1469  00002130  54000000	nop; delay slot nop
 1470  00002134          	L72_LF2:
 1471  00002134  8fa20000	lw	r2,0(r29)
 1472  00002138  8fdffff8	lw	r31,-8(r30)
 1473  0000213c  001ee820	add	r29,r0,r30
 1474  00002140  8fdefffc	lw	r30,-4(r30)
 1475  00002144  4be00000	jr	r31
 1476  00002148  54000000	nop
 1477  0000214c          	.endproc _dstrtol
 1478  0000214c          	.align 2
 1479  0000214c          	.proc _bcopy
 1480  0000214c          	.global _bcopy
 1481  0000214c          	_bcopy:
 1482                      ;  Function 'bcopy'; 0 bytes of locals, 2 regs to save.
 1483  0000214c  afbefffc	sw	-4(r29),r30; push fp
 1484  00002150  001df020	add	r30,r0,r29; fp = sp
 1485  00002154  afbffff8	sw	-8(r29),r31; push ret addr
 1486  00002158  2fbd0010	subui	r29,r29,#16; alloc local storage
 1487  0000215c  afa20000	sw	0(r29),r2
 1488  00002160  afa30004	sw	4(r29),r3
 1489  00002164  54000000	nop
 1490  00002168          	L101_LF2:
 1491  00002168  8fc10008	lw	r1,8(r30)
 1492  0000216c  2022ffff	addi	r2,r1,#-1
 1493  00002170  afc20008	sw	8(r30),r2
 1494  00002174  6c210000	sgti	r1,r1,#0
 1495  00002178  1420000c	bnez	r1,L103_LF2
 1496  0000217c  54000000	nop; delay slot nop
 1497  00002180  0800002c	j	L102_LF2
 1498  00002184  54000000	nop; delay slot nop
 1499  00002188          	L103_LF2:
 1500  00002188  8fc10004	lw	r1,4(r30)
 1501  0000218c  20220001	addi	r2,r1,#1
 1502  00002190  afc20004	sw	4(r30),r2
 1503  00002194  8fc20000	lw	r2,(r30)
 1504  00002198  20430001	addi	r3,r2,#1
 1505  0000219c  afc30000	sw	(r30),r3
 1506  000021a0  80420000	lb	r2,(r2)
 1507  000021a4  a0220000	sb	(r1),r2
 1508  000021a8  0bffffbc	j	L101_LF2
 1509  000021ac  54000000	nop; delay slot nop
 1510  000021b0          	L102_LF2:
 1511  000021b0          	L100_LF2:
 1512  000021b0  8fa20000	lw	r2,0(r29)
 1513  000021b4  8fa30004	lw	r3,4(r29)
 1514  000021b8  8fdffff8	lw	r31,-8(r30)
 1515  000021bc  001ee820	add	r29,r0,r30
 1516  000021c0  8fdefffc	lw	r30,-4(r30)
 1517  000021c4  4be00000	jr	r31
 1518  000021c8  54000000	nop
 1519  000021cc          	.endproc _bcopy
 1520  000021cc          	.align 2
 1521  000021cc          	.proc _bzero
 1522  000021cc          	.global _bzero
 1523  000021cc          	_bzero:
 1524                      ;  Function 'bzero'; 0 bytes of locals, 1 regs to save.
 1525  000021cc  afbefffc	sw	-4(r29),r30; push fp
 1526  000021d0  001df020	add	r30,r0,r29; fp = sp
 1527  000021d4  afbffff8	sw	-8(r29),r31; push ret addr
 1528  000021d8  2fbd0010	subui	r29,r29,#16; alloc local storage
 1529  000021dc  afa20000	sw	0(r29),r2
 1530  000021e0  54000000	nop
 1531  000021e4          	L105_LF2:
 1532  000021e4  8fc10004	lw	r1,4(r30)
 1533  000021e8  2022ffff	addi	r2,r1,#-1
 1534  000021ec  afc20004	sw	4(r30),r2
 1535  000021f0  6c210000	sgti	r1,r1,#0
 1536  000021f4  1420000c	bnez	r1,L107_LF2
 1537  000021f8  54000000	nop; delay slot nop
 1538  000021fc  08000020	j	L106_LF2
 1539  00002200  54000000	nop; delay slot nop
 1540  00002204          	L107_LF2:
 1541  00002204  8fc10000	lw	r1,(r30)
 1542  00002208  20220001	addi	r2,r1,#1
 1543  0000220c  afc20000	sw	(r30),r2
 1544  00002210  20020000	addi	r2,r0,(#0x0)&0xff
 1545  00002214  a0220000	sb	(r1),r2
 1546  00002218  0bffffc8	j	L105_LF2
 1547  0000221c  54000000	nop; delay slot nop
 1548  00002220          	L106_LF2:
 1549  00002220          	L104_LF2:
 1550  00002220  8fa20000	lw	r2,0(r29)
 1551  00002224  8fdffff8	lw	r31,-8(r30)
 1552  00002228  001ee820	add	r29,r0,r30
 1553  0000222c  8fdefffc	lw	r30,-4(r30)
 1554  00002230  4be00000	jr	r31
 1555  00002234  54000000	nop
 1556  00002238          	.endproc _bzero
 1557  00002238          	.align 2
 1558  00002238          	.proc _min
 1559  00002238          	.global _min
 1560  00002238          	_min:
 1561                      ;  Function 'min'; 0 bytes of locals, 2 regs to save.
 1562  00002238  afbefffc	sw	-4(r29),r30; push fp
 1563  0000223c  001df020	add	r30,r0,r29; fp = sp
 1564  00002240  afbffff8	sw	-8(r29),r31; push ret addr
 1565  00002244  2fbd0010	subui	r29,r29,#16; alloc local storage
 1566  00002248  afa20000	sw	0(r29),r2
 1567  0000224c  afa30004	sw	4(r29),r3
 1568  00002250  8fc10000	lw	r1,(r30)
 1569  00002254  8fc20004	lw	r2,4(r30)
 1570  00002258  0022182c	sle	r3,r1,r2
 1571  0000225c  14600008	bnez	r3,L109_LF2
 1572  00002260  54000000	nop; delay slot nop
 1573  00002264  8fc10004	lw	r1,4(r30)
 1574  00002268          	L109_LF2:
 1575  00002268  08000004	j	L108_LF2
 1576  0000226c  54000000	nop; delay slot nop
 1577  00002270          	L108_LF2:
 1578  00002270  8fa20000	lw	r2,0(r29)
 1579  00002274  8fa30004	lw	r3,4(r29)
 1580  00002278  8fdffff8	lw	r31,-8(r30)
 1581  0000227c  001ee820	add	r29,r0,r30
 1582  00002280  8fdefffc	lw	r30,-4(r30)
 1583  00002284  4be00000	jr	r31
 1584  00002288  54000000	nop
 1585  0000228c          	.endproc _min
 1586                      ;;; Ethan L. Miller, 1999.  Released to the public domain
 1587                      ;;;
 1588                      ;;; Most of the traps are called in files from libtraps.
 1591  0000228c          	.align 2
 1592  0000228c          	.proc _exit
 1593  0000228c          	.global _exit
 1594  0000228c          	_exit:
 1595  0000228c  44000300	trap	#0x300
 1596  00002290  4be00000	jr	r31
 1597  00002294  54000000	nop
 1598  00002298          	.endproc _exit
 1600                      ; for the benefit of gcc.
 1601  00002298          	.proc ___main
 1602  00002298          	.global ___main
 1603  00002298          	___main:
 1604  00002298  4be00000	jr	r31
 1605  0000229c  54000000	nop
 1606  000022a0          	.endproc ___main
 1607  000022a0          	.text
 1608  000022a0          	.global _etext
 1609  000022a0          	_etext:
 1610  000022a0          	.align 3
 1611  000022a0          	.data
 1612  00003107          	.global _edata
 1613  00003107          	_edata:
