 line   address	contents
    1                      ; Linked by DLX-LD.
    2                      ; MemSize 24576
    3                      ; Data size: 191
    4                      ; Text size: 4316
    5                      ; Stack size: 8192
    6  00000000          	.text 0x1000
    7  00001000          	.data 0x3000
    8                      ; Compiled by GCC
    9  00003000          	.text
   10  00001000          	.align 2
   11  00001000          	.proc _isspace
   12  00001000          	.global _isspace
   13  00001000          	_isspace:
   14                      ;  Function 'isspace'; 0 bytes of locals, 1 regs to save.
   15  00001000  afbefffc	sw	-4(r29),r30; push fp
   16  00001004  001df020	add	r30,r0,r29; fp = sp
   17  00001008  afbffff8	sw	-8(r29),r31; push ret addr
   18  0000100c  2fbd0010	subui	r29,r29,#16; alloc local storage
   19  00001010  afa20000	sw	0(r29),r2
   20  00001014  83c20003	lb	r2,3(r30)
   21  00001018  201f0000	addi	r31,r0,#0
   22  0000101c  304100ff	andi	r1,r2,#0x00ff
   23  00001020  60210020	seqi	r1,r1,#32
   24  00001024  14200018	bnez	r1,L6_LF0
   25  00001028  54000000	nop; not filled.
   26  0000102c  2041fff7	addi	r1,r2,#-9
   27  00001030  302100ff	andi	r1,r1,#0x00ff
   28  00001034  70210001	sleui	r1,r1,#1
   29  00001038  10200008	beqz	r1,L5_LF0
   30  0000103c  54000000	nop; not filled.
   31  00001040          	L6_LF0:
   32  00001040  201f0001	addi	r31,r0,#1
   33  00001044          	L5_LF0:
   34  00001044  001f0820	add	r1,r0,r31
   35  00001048  8fa20000	lw	r2,0(r29)
   36  0000104c  8fdffff8	lw	r31,-8(r30)
   37  00001050  001ee820	add	r29,r0,r30
   38  00001054  8fdefffc	lw	r30,-4(r30)
   39  00001058  4be00000	jr	r31
   40  0000105c  54000000	nop
   41  00001060          	.endproc _isspace
   42  00001060          	.align 2
   43  00001060          	.proc _isxdigit
   44  00001060          	.global _isxdigit
   45  00001060          	_isxdigit:
   46                      ;  Function 'isxdigit'; 0 bytes of locals, 1 regs to save.
   47  00001060  afbefffc	sw	-4(r29),r30; push fp
   48  00001064  001df020	add	r30,r0,r29; fp = sp
   49  00001068  afbffff8	sw	-8(r29),r31; push ret addr
   50  0000106c  2fbd0010	subui	r29,r29,#16; alloc local storage
   51  00001070  afa20000	sw	0(r29),r2
   52  00001074  83df0003	lb	r31,3(r30)
   53  00001078  20020000	addi	r2,r0,#0
   54  0000107c  23e1ffd0	addi	r1,r31,#-48
   55  00001080  302100ff	andi	r1,r1,#0x00ff
   56  00001084  70210009	sleui	r1,r1,#9
   57  00001088  14200028	bnez	r1,L12_LF0
   58  0000108c  54000000	nop; not filled.
   59  00001090  23e1ff9f	addi	r1,r31,#-97
   60  00001094  302100ff	andi	r1,r1,#0x00ff
   61  00001098  70210005	sleui	r1,r1,#5
   62  0000109c  14200014	bnez	r1,L12_LF0
   63  000010a0  54000000	nop; not filled.
   64  000010a4  33e100ff	andi	r1,r31,#0x00ff
   65  000010a8  64210041	snei	r1,r1,#65
   66  000010ac  14200008	bnez	r1,L11_LF0
   67  000010b0  54000000	nop; not filled.
   68  000010b4          	L12_LF0:
   69  000010b4  20020001	addi	r2,r0,#1
   70  000010b8          	L11_LF0:
   71  000010b8  00020820	add	r1,r0,r2
   72  000010bc  8fa20000	lw	r2,0(r29)
   73  000010c0  8fdffff8	lw	r31,-8(r30)
   74  000010c4  001ee820	add	r29,r0,r30
   75  000010c8  8fdefffc	lw	r30,-4(r30)
   76  000010cc  4be00000	jr	r31
   77  000010d0  54000000	nop
   78  000010d4          	.endproc _isxdigit
   79  000010d4          	.data
   80  00003000          	.align 2
   81  00003000          	LC0_LF0:
   82  00003000  55736167	.ascii "Usage\000"
   82  00003004  6500    	
   83  00003006          	.align 2
   84  00003008          	LC1_LF0:
   85  00003008  3c68616e	.ascii "<handle_to_shared_memory_page> <handle_to_page_mapped_semaphore<handle"
   85  0000300c  646c655f	
   85  00003010  746f5f73	
   85  00003014  68617265	
   85  00003018  645f6d65	
   85  0000301c  6d6f7279	
   85  00003020  5f706167	
   85  00003024  653e203c	
   85  00003028  68616e64	
   85  0000302c  6c655f74	
   85  00003030  6f5f7061	
   85  00003034  67655f6d	
   85  00003038  61707065	
   85  0000303c  645f7365	
   85  00003040  6d617068	
   85  00003044  6f72653c	
   85  00003048  68616e64	
   85  0000304c  6c65    	
   86  0000304e  20746f20	.ascii " to lock>\000"
   86  00003052  6c6f636b	
   86  00003056  3e00    	
   87  00003058          	.align 2
   88  00003058          	LC2_LF0:
   89  00003058  48324f20	.ascii "H2O injected into Radeon atmosphere, PID: %d\n\000"
   89  0000305c  696e6a65	
   89  00003060  63746564	
   89  00003064  20696e74	
   89  00003068  6f205261	
   89  0000306c  64656f6e	
   89  00003070  2061746d	
   89  00003074  6f737068	
   89  00003078  6572652c	
   89  0000307c  20504944	
   89  00003080  3a202564	
   89  00003084  0a00    	
   90  00003086          	.align 2
   91  00003088          	LC3_LF0:
   92  00003088  42616420	.ascii "Bad semaphore s_procs_completed (%d) in \000"
   92  0000308c  73656d61	
   92  00003090  70686f72	
   92  00003094  6520735f	
   92  00003098  70726f63	
   92  0000309c  735f636f	
   92  000030a0  6d706c65	
   92  000030a4  74656420	
   92  000030a8  28256429	
   92  000030ac  20696e20	
   92  000030b0  00      	
   93  000030b1          	.align 2
   94  000030b4          	LC4_LF0:
   95  000030b4  65786974	.ascii "exiting..\n\000"
   95  000030b8  696e672e	
   95  000030bc  2e0a00  	
   96  000030bf          	.text
   97  000010d4          	.align 2
   98  000010d4          	.proc _main
   99  000010d4          	.global _main
  100  000010d4          	_main:
  101                      ;  Function 'main'; 0 bytes of locals, 0 regs to save.
  102  000010d4  afbefffc	sw	-4(r29),r30; push fp
  103  000010d8  001df020	add	r30,r0,r29; fp = sp
  104  000010dc  afbffff8	sw	-8(r29),r31; push ret addr
  105  000010e0  2fbd0008	subui	r29,r29,#8; alloc local storage
  106  000010e4  8fc20000	lw	r2,(r30)
  107  000010e8  8fc50004	lw	r5,4(r30)
  108  000010ec  0c000fe4	jal	___main
  109  000010f0  54000000	nop; not filled.
  110  000010f4  64410004	snei	r1,r2,#4
  111  000010f8  1020004c	beqz	r1,L14_LF0
  112  000010fc  54000000	nop; not filled.
  113  00001100  23bdfff8	addi	r29,r29,#-8
  114  00001104  3c070000	lhi	r7,((LC0_LF0)>>16)&0xffff
  115  00001108  24e73000	addui	r7,r7,(LC0_LF0)&0xffff
  116  0000110c  afa70000	sw	(r29),r7
  117  00001110  0c0001b8	jal	_Printf
  118  00001114  54000000	nop; not filled.
  119  00001118  8ca70000	lw	r7,(r5)
  120  0000111c  afa70000	sw	(r29),r7
  121  00001120  0c0001a8	jal	_Printf
  122  00001124  54000000	nop; not filled.
  123  00001128  3c070000	lhi	r7,((LC1_LF0)>>16)&0xffff
  124  0000112c  24e73008	addui	r7,r7,(LC1_LF0)&0xffff
  125  00001130  afa70000	sw	(r29),r7
  126  00001134  0c000194	jal	_Printf
  127  00001138  54000000	nop; not filled.
  128  0000113c  0c000240	jal	_Exit
  129  00001140  54000000	nop; not filled.
  130  00001144  23bd0008	addi	r29,r29,#8
  131  00001148          	L14_LF0:
  132  00001148  23bdfff0	addi	r29,r29,#-16
  133  0000114c  8ca70004	lw	r7,4(r5)
  134  00001150  afa70000	sw	(r29),r7
  135  00001154  20070000	addi	r7,r0,#0
  136  00001158  afa70004	sw	4(r29),r7
  137  0000115c  2007000a	addi	r7,r0,#10
  138  00001160  afa70008	sw	8(r29),r7
  139  00001164  0c000ac4	jal	_dstrtol
  140  00001168  54000000	nop; not filled.
  141  0000116c  00013020	add	r6,r0,r1
  142  00001170  8ca70008	lw	r7,8(r5)
  143  00001174  afa70000	sw	(r29),r7
  144  00001178  20070000	addi	r7,r0,#0
  145  0000117c  afa70004	sw	4(r29),r7
  146  00001180  2007000a	addi	r7,r0,#10
  147  00001184  afa70008	sw	8(r29),r7
  148  00001188  0c000aa0	jal	_dstrtol
  149  0000118c  54000000	nop; not filled.
  150  00001190  00012020	add	r4,r0,r1
  151  00001194  8ca7000c	lw	r7,12(r5)
  152  00001198  afa70000	sw	(r29),r7
  153  0000119c  20070000	addi	r7,r0,#0
  154  000011a0  afa70004	sw	4(r29),r7
  155  000011a4  2007000a	addi	r7,r0,#10
  156  000011a8  afa70008	sw	8(r29),r7
  157  000011ac  0c000a7c	jal	_dstrtol
  158  000011b0  54000000	nop; not filled.
  159  000011b4  00011820	add	r3,r0,r1
  160  000011b8  20020000	addi	r2,r0,#0
  161  000011bc  23bd0010	addi	r29,r29,#16
  162  000011c0  0043082a	slt	r1,r2,r3
  163  000011c4  10200048	beqz	r1,L16_LF0
  164  000011c8  54000000	nop; not filled.
  165  000011cc          	L18_LF0:
  166  000011cc  0c000108	jal	_getpid
  167  000011d0  54000000	nop; not filled.
  168  000011d4  23bdfff8	addi	r29,r29,#-8
  169  000011d8  3c070000	lhi	r7,((LC2_LF0)>>16)&0xffff
  170  000011dc  24e73058	addui	r7,r7,(LC2_LF0)&0xffff
  171  000011e0  afa70000	sw	(r29),r7
  172  000011e4  afa10004	sw	4(r29),r1
  173  000011e8  0c0000e0	jal	_Printf
  174  000011ec  54000000	nop; not filled.
  175  000011f0  afa40000	sw	(r29),r4
  176  000011f4  0c000128	jal	_sem_signal
  177  000011f8  54000000	nop; not filled.
  178  000011fc  23bd0008	addi	r29,r29,#8
  179  00001200  20420001	addi	r2,r2,#1
  180  00001204  0043082a	slt	r1,r2,r3
  181  00001208  1420ffc0	bnez	r1,L18_LF0
  182  0000120c  54000000	nop; not filled.
  183  00001210          	L16_LF0:
  184  00001210  23bdfff8	addi	r29,r29,#-8
  185  00001214  afa60000	sw	(r29),r6
  186  00001218  0c000104	jal	_sem_signal
  187  0000121c  54000000	nop; not filled.
  188  00001220  23bd0008	addi	r29,r29,#8
  189  00001224  64210001	snei	r1,r1,#1
  190  00001228  10200050	beqz	r1,L20_LF0
  191  0000122c  54000000	nop; not filled.
  192  00001230  23bdfff8	addi	r29,r29,#-8
  193  00001234  3c070000	lhi	r7,((LC3_LF0)>>16)&0xffff
  194  00001238  24e73088	addui	r7,r7,(LC3_LF0)&0xffff
  195  0000123c  afa70000	sw	(r29),r7
  196  00001240  afa60004	sw	4(r29),r6
  197  00001244  0c000084	jal	_Printf
  198  00001248  54000000	nop; not filled.
  199  0000124c  8ca50000	lw	r5,(r5)
  200  00001250  afa50000	sw	(r29),r5
  201  00001254  0c000074	jal	_Printf
  202  00001258  54000000	nop; not filled.
  203  0000125c  3c070000	lhi	r7,((LC4_LF0)>>16)&0xffff
  204  00001260  24e730b4	addui	r7,r7,(LC4_LF0)&0xffff
  205  00001264  afa70000	sw	(r29),r7
  206  00001268  0c000060	jal	_Printf
  207  0000126c  54000000	nop; not filled.
  208  00001270  0c00010c	jal	_Exit
  209  00001274  54000000	nop; not filled.
  210  00001278  23bd0008	addi	r29,r29,#8
  211  0000127c          	L20_LF0:
  212  0000127c  0c000e48	jal	_exit
  213  00001280  54000000	nop
  214  00001284          	.endproc _main
  215                      ;;;
  216                      ;;; Stub functions for DLX traps.
  217                      ;;;
  218                      ;;; Ethan L. Miller, 1999.  Released to the public domain.
  219                      ;;;
  220                      ;;; The traps such as Open and Close
  221                      ;;; (note the capital letters) are for use by user programs.  The traps
  222                      ;;; with names such as open and close (lower case) are for use by the OS.
  223                      ;;;
  226  00001284          	.align 2
  228                      ;;; The following are the traps to be used by user-level programs
  229                      ;;;
  231  00001284          	.align 2
  232  00001284          	.proc _Open
  233  00001284          	.global _Open
  234  00001284          	_Open:
  235                      ;;; Note that trap #0x213 actually causes a trap vector in the OS of
  236                      ;;; 0x1213.  The same is true for other user traps.  Thus, a user trap
  237                      ;;; with trap #0x240 will result in a trap vector of 0x1240 in the OS.
  238  00001284  44000213	trap	#0x213
  239  00001288  4be00000	jr	r31
  240  0000128c  54000000	nop
  241  00001290          	.endproc _Open
  243  00001290          	.proc _Close
  244  00001290          	.global _Close
  245  00001290          	_Close:
  246  00001290  44000214	trap	#0x214
  247  00001294  4be00000	jr	r31
  248  00001298  54000000	nop
  249  0000129c          	.endproc _Close
  251  0000129c          	.proc _Read
  252  0000129c          	.global _Read
  253  0000129c          	_Read:
  254  0000129c  44000210	trap	#0x210
  255  000012a0  4be00000	jr	r31
  256  000012a4  54000000	nop
  257  000012a8          	.endproc _Read
  259  000012a8          	.proc _Write
  260  000012a8          	.global _Write
  261  000012a8          	_Write:
  262  000012a8  44000211	trap	#0x211
  263  000012ac  4be00000	jr	r31
  264  000012b0  54000000	nop
  265  000012b4          	.endproc _Write
  267  000012b4          	.proc _Lseek
  268  000012b4          	.global _Lseek
  269  000012b4          	_Lseek:
  270  000012b4  44000212	trap	#0x212
  271  000012b8  4be00000	jr	r31
  272  000012bc  54000000	nop
  273  000012c0          	.endproc _Lseek
  275  000012c0          	.proc _Putchar
  276  000012c0          	.global _Putchar
  277  000012c0          	_Putchar:
  278  000012c0  44000280	trap	#0x280
  279  000012c4  4be00000	jr	r31
  280  000012c8  54000000	nop
  281  000012cc          	.endproc _Putchar
  283  000012cc          	.proc _Printf
  284  000012cc          	.global _Printf
  285  000012cc          	_Printf:
  286  000012cc  44000201	trap	#0x201
  287  000012d0  4be00000	jr	r31
  288  000012d4  54000000	nop
  289  000012d8          	.endproc _Printf
  291  000012d8          	.proc _getpid
  292  000012d8          	.global _getpid
  293  000012d8          	_getpid:
  294  000012d8  44000431	trap	#0x431
  295  000012dc  4be00000	jr	r31
  296  000012e0  54000000	nop
  297  000012e4          	.endproc _getpid
  299  000012e4          	.proc _process_create
  300  000012e4          	.global _process_create
  301  000012e4          	_process_create:
  302  000012e4  44000432	trap	#0x432
  303  000012e8  4be00000	jr	r31
  304  000012ec  54000000	nop
  305  000012f0          	.endproc _process_create
  307  000012f0          	.proc _shmget
  308  000012f0          	.global _shmget
  309  000012f0          	_shmget:
  310  000012f0  44000440	trap	#0x440
  311  000012f4  4be00000	jr	r31
  312  000012f8  54000000	nop
  313  000012fc          	.endproc _shmget
  315  000012fc          	.proc _shmat
  316  000012fc          	.global _shmat
  317  000012fc          	_shmat:
  318  000012fc  44000441	trap	#0x441
  319  00001300  4be00000	jr	r31
  320  00001304  54000000	nop
  321  00001308          	.endproc _shmat
  323  00001308          	.proc _sem_create
  324  00001308          	.global _sem_create
  325  00001308          	_sem_create:
  326  00001308  44000450	trap	#0x450
  327  0000130c  4be00000	jr	r31
  328  00001310  54000000	nop
  329  00001314          	.endproc _sem_create
  331  00001314          	.proc _sem_wait
  332  00001314          	.global _sem_wait
  333  00001314          	_sem_wait:
  334  00001314  44000451	trap	#0x451
  335  00001318  4be00000	jr	r31
  336  0000131c  54000000	nop
  337  00001320          	.endproc _sem_wait
  339  00001320          	.proc _sem_signal
  340  00001320          	.global _sem_signal
  341  00001320          	_sem_signal:
  342  00001320  44000452	trap	#0x452
  343  00001324  4be00000	jr	r31
  344  00001328  54000000	nop
  345  0000132c          	.endproc _sem_signal
  347  0000132c          	.proc _lock_create
  348  0000132c          	.global _lock_create
  349  0000132c          	_lock_create:
  350  0000132c  44000453	trap	#0x453
  351  00001330  4be00000	jr	r31
  352  00001334  54000000	nop
  353  00001338          	.endproc _lock_create
  355  00001338          	.proc _lock_acquire
  356  00001338          	.global _lock_acquire
  357  00001338          	_lock_acquire:
  358  00001338  44000454	trap	#0x454
  359  0000133c  4be00000	jr	r31
  360  00001340  54000000	nop
  361  00001344          	.endproc _lock_acquire
  363  00001344          	.proc _lock_release
  364  00001344          	.global _lock_release
  365  00001344          	_lock_release:
  366  00001344  44000455	trap	#0x455
  367  00001348  4be00000	jr	r31
  368  0000134c  54000000	nop
  369  00001350          	.endproc _lock_release
  371  00001350          	.proc _cond_create
  372  00001350          	.global _cond_create
  373  00001350          	_cond_create:
  374  00001350  44000456	trap	#0x456
  375  00001354  4be00000	jr	r31
  376  00001358  54000000	nop
  377  0000135c          	.endproc _cond_create
  379  0000135c          	.proc _cond_wait
  380  0000135c          	.global _cond_wait
  381  0000135c          	_cond_wait:
  382  0000135c  44000457	trap	#0x457
  383  00001360  4be00000	jr	r31
  384  00001364  54000000	nop
  385  00001368          	.endproc _cond_wait
  387  00001368          	.proc _cond_signal
  388  00001368          	.global _cond_signal
  389  00001368          	_cond_signal:
  390  00001368  44000458	trap	#0x458
  391  0000136c  4be00000	jr	r31
  392  00001370  54000000	nop
  393  00001374          	.endproc _cond_signal
  395  00001374          	.proc _cond_broadcast
  396  00001374          	.global _cond_broadcast
  397  00001374          	_cond_broadcast:
  398  00001374  44000455	trap	#0x455
  399  00001378  4be00000	jr	r31
  400  0000137c  54000000	nop
  401  00001380          	.endproc _cond_broadcast
  403  00001380          	.proc _Exit
  404  00001380          	.global _Exit
  405  00001380          	_Exit:
  406  00001380  44000500	trap	#0x500
  407  00001384  4be00000	jr	r31
  408  00001388  54000000	nop
  409  0000138c          	.endproc _Exit
  410                      ; Compiled by GCC
  412  0000138c          	.align 2
  413  0000138c          	.proc _isspace
  414  0000138c          	.global _isspace
  415  0000138c          	_isspace:
  416                      ;  Function 'isspace'; 0 bytes of locals, 3 regs to save.
  417  0000138c  afbefffc	sw	-4(r29),r30; push fp
  418  00001390  001df020	add	r30,r0,r29; fp = sp
  419  00001394  afbffff8	sw	-8(r29),r31; push ret addr
  420  00001398  2fbd0018	subui	r29,r29,#24; alloc local storage
  421  0000139c  afa20000	sw	0(r29),r2
  422  000013a0  afa30004	sw	4(r29),r3
  423  000013a4  afa40008	sw	8(r29),r4
  424  000013a8  83c20003	lb	r2,3(r30)
  425  000013ac  20010000	addi	r1,r0,#0
  426  000013b0  304300ff	andi	r3,r2,#0x00ff
  427  000013b4  60640020	seqi	r4,r3,#32
  428  000013b8  1480002c	bnez	r4,L3_LF2
  429  000013bc  54000000	nop; delay slot nop
  430  000013c0  304300ff	andi	r3,r2,#0x00ff
  431  000013c4  60640009	seqi	r4,r3,#9
  432  000013c8  1480001c	bnez	r4,L3_LF2
  433  000013cc  54000000	nop; delay slot nop
  434  000013d0  304300ff	andi	r3,r2,#0x00ff
  435  000013d4  6064000a	seqi	r4,r3,#10
  436  000013d8  1480000c	bnez	r4,L3_LF2
  437  000013dc  54000000	nop; delay slot nop
  438  000013e0  08000008	j	L2_LF2
  439  000013e4  54000000	nop; delay slot nop
  440  000013e8          	L3_LF2:
  441  000013e8  20010001	addi	r1,r0,#1
  442  000013ec          	L2_LF2:
  443  000013ec  08000004	j	L1_LF2
  444  000013f0  54000000	nop; delay slot nop
  445  000013f4          	L1_LF2:
  446  000013f4  8fa20000	lw	r2,0(r29)
  447  000013f8  8fa30004	lw	r3,4(r29)
  448  000013fc  8fa40008	lw	r4,8(r29)
  449  00001400  8fdffff8	lw	r31,-8(r30)
  450  00001404  001ee820	add	r29,r0,r30
  451  00001408  8fdefffc	lw	r30,-4(r30)
  452  0000140c  4be00000	jr	r31
  453  00001410  54000000	nop
  454  00001414          	.endproc _isspace
  455  00001414          	.align 2
  456  00001414          	.proc _isxdigit
  457  00001414          	.global _isxdigit
  458  00001414          	_isxdigit:
  459                      ;  Function 'isxdigit'; 0 bytes of locals, 3 regs to save.
  460  00001414  afbefffc	sw	-4(r29),r30; push fp
  461  00001418  001df020	add	r30,r0,r29; fp = sp
  462  0000141c  afbffff8	sw	-8(r29),r31; push ret addr
  463  00001420  2fbd0018	subui	r29,r29,#24; alloc local storage
  464  00001424  afa20000	sw	0(r29),r2
  465  00001428  afa30004	sw	4(r29),r3
  466  0000142c  afa40008	sw	8(r29),r4
  467  00001430  83c20003	lb	r2,3(r30)
  468  00001434  20010000	addi	r1,r0,#0
  469  00001438  304300ff	andi	r3,r2,#0x00ff
  470  0000143c  6c64002f	sgtui	r4,r3,#47
  471  00001440  1080001c	beqz	r4,L7_LF2
  472  00001444  54000000	nop; delay slot nop
  473  00001448  304300ff	andi	r3,r2,#0x00ff
  474  0000144c  70640039	sleui	r4,r3,#57
  475  00001450  1480005c	bnez	r4,L6_LF2
  476  00001454  54000000	nop; delay slot nop
  477  00001458  08000004	j	L7_LF2
  478  0000145c  54000000	nop; delay slot nop
  479  00001460          	L7_LF2:
  480  00001460  304300ff	andi	r3,r2,#0x00ff
  481  00001464  6c640060	sgtui	r4,r3,#96
  482  00001468  1080001c	beqz	r4,L8_LF2
  483  0000146c  54000000	nop; delay slot nop
  484  00001470  304300ff	andi	r3,r2,#0x00ff
  485  00001474  70640066	sleui	r4,r3,#102
  486  00001478  14800034	bnez	r4,L6_LF2
  487  0000147c  54000000	nop; delay slot nop
  488  00001480  08000004	j	L8_LF2
  489  00001484  54000000	nop; delay slot nop
  490  00001488          	L8_LF2:
  491  00001488  304300ff	andi	r3,r2,#0x00ff
  492  0000148c  6c640040	sgtui	r4,r3,#64
  493  00001490  10800020	beqz	r4,L5_LF2
  494  00001494  54000000	nop; delay slot nop
  495  00001498  304300ff	andi	r3,r2,#0x00ff
  496  0000149c  70640041	sleui	r4,r3,#65
  497  000014a0  1480000c	bnez	r4,L6_LF2
  498  000014a4  54000000	nop; delay slot nop
  499  000014a8  08000008	j	L5_LF2
  500  000014ac  54000000	nop; delay slot nop
  501  000014b0          	L6_LF2:
  502  000014b0  20010001	addi	r1,r0,#1
  503  000014b4          	L5_LF2:
  504  000014b4  08000004	j	L4_LF2
  505  000014b8  54000000	nop; delay slot nop
  506  000014bc          	L4_LF2:
  507  000014bc  8fa20000	lw	r2,0(r29)
  508  000014c0  8fa30004	lw	r3,4(r29)
  509  000014c4  8fa40008	lw	r4,8(r29)
  510  000014c8  8fdffff8	lw	r31,-8(r30)
  511  000014cc  001ee820	add	r29,r0,r30
  512  000014d0  8fdefffc	lw	r30,-4(r30)
  513  000014d4  4be00000	jr	r31
  514  000014d8  54000000	nop
  515  000014dc          	.endproc _isxdigit
  516  000014dc          	.align 2
  517  000014dc          	.proc _dstrcpy
  518  000014dc          	.global _dstrcpy
  519  000014dc          	_dstrcpy:
  520                      ;  Function 'dstrcpy'; 8 bytes of locals, 2 regs to save.
  521  000014dc  afbefffc	sw	-4(r29),r30; push fp
  522  000014e0  001df020	add	r30,r0,r29; fp = sp
  523  000014e4  afbffff8	sw	-8(r29),r31; push ret addr
  524  000014e8  2fbd0018	subui	r29,r29,#24; alloc local storage
  525  000014ec  afa20000	sw	0(r29),r2
  526  000014f0  afa30004	sw	4(r29),r3
  527  000014f4  8fc10000	lw	r1,(r30)
  528  000014f8  afc1fff4	sw	-12(r30),r1
  529  000014fc          	L10_LF2:
  530  000014fc  8fc10000	lw	r1,(r30)
  531  00001500  20220001	addi	r2,r1,#1
  532  00001504  afc20000	sw	(r30),r2
  533  00001508  8fc20004	lw	r2,4(r30)
  534  0000150c  20430001	addi	r3,r2,#1
  535  00001510  afc30004	sw	4(r30),r3
  536  00001514  80420000	lb	r2,(r2)
  537  00001518  a0220000	sb	(r1),r2
  538  0000151c  a3c2fff3	sb	-13(r30),r2
  539  00001520          	L12_LF2:
  540  00001520  93c1fff3	lbu	r1,-13(r30)
  541  00001524  64220000	snei	r2,r1,#0
  542  00001528  1440000c	bnez	r2,L13_LF2
  543  0000152c  54000000	nop; delay slot nop
  544  00001530  0800000c	j	L11_LF2
  545  00001534  54000000	nop; delay slot nop
  546  00001538          	L13_LF2:
  547  00001538  0bffffc0	j	L10_LF2
  548  0000153c  54000000	nop; delay slot nop
  549  00001540          	L11_LF2:
  550  00001540  8fc1fff4	lw	r1,-12(r30)
  551  00001544  08000004	j	L9_LF2
  552  00001548  54000000	nop; delay slot nop
  553  0000154c          	L9_LF2:
  554  0000154c  8fa20000	lw	r2,0(r29)
  555  00001550  8fa30004	lw	r3,4(r29)
  556  00001554  8fdffff8	lw	r31,-8(r30)
  557  00001558  001ee820	add	r29,r0,r30
  558  0000155c  8fdefffc	lw	r30,-4(r30)
  559  00001560  4be00000	jr	r31
  560  00001564  54000000	nop
  561  00001568          	.endproc _dstrcpy
  562  00001568          	.align 2
  563  00001568          	.proc _dstrncpy
  564  00001568          	.global _dstrncpy
  565  00001568          	_dstrncpy:
  566                      ;  Function 'dstrncpy'; 8 bytes of locals, 2 regs to save.
  567  00001568  afbefffc	sw	-4(r29),r30; push fp
  568  0000156c  001df020	add	r30,r0,r29; fp = sp
  569  00001570  afbffff8	sw	-8(r29),r31; push ret addr
  570  00001574  2fbd0018	subui	r29,r29,#24; alloc local storage
  571  00001578  afa20000	sw	0(r29),r2
  572  0000157c  afa30004	sw	4(r29),r3
  573  00001580  8fc10000	lw	r1,(r30)
  574  00001584  afc1fff4	sw	-12(r30),r1
  575  00001588          	L15_LF2:
  576  00001588  8fc10008	lw	r1,8(r30)
  577  0000158c  2022ffff	addi	r2,r1,#-1
  578  00001590  afc20008	sw	8(r30),r2
  579  00001594  70210000	slei	r1,r1,#0
  580  00001598  1020000c	beqz	r1,L18_LF2
  581  0000159c  54000000	nop; delay slot nop
  582  000015a0  08000048	j	L16_LF2
  583  000015a4  54000000	nop; delay slot nop
  584  000015a8          	L18_LF2:
  585  000015a8  8fc10000	lw	r1,(r30)
  586  000015ac  20220001	addi	r2,r1,#1
  587  000015b0  afc20000	sw	(r30),r2
  588  000015b4  8fc20004	lw	r2,4(r30)
  589  000015b8  20430001	addi	r3,r2,#1
  590  000015bc  afc30004	sw	4(r30),r3
  591  000015c0  80420000	lb	r2,(r2)
  592  000015c4  a0220000	sb	(r1),r2
  593  000015c8  a3c2fff3	sb	-13(r30),r2
  594  000015cc          	L17_LF2:
  595  000015cc  93c1fff3	lbu	r1,-13(r30)
  596  000015d0  64220000	snei	r2,r1,#0
  597  000015d4  1440000c	bnez	r2,L19_LF2
  598  000015d8  54000000	nop; delay slot nop
  599  000015dc  0800000c	j	L16_LF2
  600  000015e0  54000000	nop; delay slot nop
  601  000015e4          	L19_LF2:
  602  000015e4  0bffffa0	j	L15_LF2
  603  000015e8  54000000	nop; delay slot nop
  604  000015ec          	L16_LF2:
  605  000015ec  8fc1fff4	lw	r1,-12(r30)
  606  000015f0  08000004	j	L14_LF2
  607  000015f4  54000000	nop; delay slot nop
  608  000015f8          	L14_LF2:
  609  000015f8  8fa20000	lw	r2,0(r29)
  610  000015fc  8fa30004	lw	r3,4(r29)
  611  00001600  8fdffff8	lw	r31,-8(r30)
  612  00001604  001ee820	add	r29,r0,r30
  613  00001608  8fdefffc	lw	r30,-4(r30)
  614  0000160c  4be00000	jr	r31
  615  00001610  54000000	nop
  616  00001614          	.endproc _dstrncpy
  617  00001614          	.align 2
  618  00001614          	.proc _dstrcat
  619  00001614          	.global _dstrcat
  620  00001614          	_dstrcat:
  621                      ;  Function 'dstrcat'; 8 bytes of locals, 1 regs to save.
  622  00001614  afbefffc	sw	-4(r29),r30; push fp
  623  00001618  001df020	add	r30,r0,r29; fp = sp
  624  0000161c  afbffff8	sw	-8(r29),r31; push ret addr
  625  00001620  2fbd0018	subui	r29,r29,#24; alloc local storage
  626  00001624  afa20000	sw	0(r29),r2
  627  00001628  8fc10000	lw	r1,(r30)
  628  0000162c  afc1fff4	sw	-12(r30),r1
  629  00001630          	L21_LF2:
  630  00001630  8fc10000	lw	r1,(r30)
  631  00001634  90220000	lbu	r2,(r1)
  632  00001638  64410000	snei	r1,r2,#0
  633  0000163c  1420000c	bnez	r1,L23_LF2
  634  00001640  54000000	nop; delay slot nop
  635  00001644  0800001c	j	L22_LF2
  636  00001648  54000000	nop; delay slot nop
  637  0000164c          	L23_LF2:
  638  0000164c  8fc20000	lw	r2,(r30)
  639  00001650  20410001	addi	r1,r2,#1
  640  00001654  00011020	add	r2,r0,r1
  641  00001658  afc20000	sw	(r30),r2
  642  0000165c  0bffffd0	j	L21_LF2
  643  00001660  54000000	nop; delay slot nop
  644  00001664          	L22_LF2:
  645  00001664  23bdfff8	addi	r29,r29,#-8
  646  00001668  001d0820	add	r1,r0,r29
  647  0000166c  8fc20000	lw	r2,(r30)
  648  00001670  ac220000	sw	(r1),r2
  649  00001674  8fc20004	lw	r2,4(r30)
  650  00001678  ac220004	sw	4(r1),r2
  651  0000167c  0ffffe5c	jal	_dstrcpy
  652  00001680  54000000	nop; delay slot nop
  653  00001684  23bd0008	addi	r29,r29,#8
  654  00001688  8fc1fff4	lw	r1,-12(r30)
  655  0000168c  08000004	j	L20_LF2
  656  00001690  54000000	nop; delay slot nop
  657  00001694          	L20_LF2:
  658  00001694  8fa20000	lw	r2,0(r29)
  659  00001698  8fdffff8	lw	r31,-8(r30)
  660  0000169c  001ee820	add	r29,r0,r30
  661  000016a0  8fdefffc	lw	r30,-4(r30)
  662  000016a4  4be00000	jr	r31
  663  000016a8  54000000	nop
  664  000016ac          	.endproc _dstrcat
  665  000016ac          	.align 2
  666  000016ac          	.proc _dstrncmp
  667  000016ac          	.global _dstrncmp
  668  000016ac          	_dstrncmp:
  669                      ;  Function 'dstrncmp'; 8 bytes of locals, 2 regs to save.
  670  000016ac  afbefffc	sw	-4(r29),r30; push fp
  671  000016b0  001df020	add	r30,r0,r29; fp = sp
  672  000016b4  afbffff8	sw	-8(r29),r31; push ret addr
  673  000016b8  2fbd0018	subui	r29,r29,#24; alloc local storage
  674  000016bc  afa20000	sw	0(r29),r2
  675  000016c0  afa30004	sw	4(r29),r3
  676  000016c4  54000000	nop
  677  000016c8  20010000	addi	r1,r0,#0
  678  000016cc  afc1fff4	sw	-12(r30),r1
  679  000016d0          	L25_LF2:
  680  000016d0  8fc1fff4	lw	r1,-12(r30)
  681  000016d4  8fc20008	lw	r2,8(r30)
  682  000016d8  0022082a	slt	r1,r1,r2
  683  000016dc  1420000c	bnez	r1,L28_LF2
  684  000016e0  54000000	nop; delay slot nop
  685  000016e4  08000088	j	L26_LF2
  686  000016e8  54000000	nop; delay slot nop
  687  000016ec          	L28_LF2:
  688  000016ec  8fc10004	lw	r1,4(r30)
  689  000016f0  90220000	lbu	r2,(r1)
  690  000016f4  64410000	snei	r1,r2,#0
  691  000016f8  14200018	bnez	r1,L29_LF2
  692  000016fc  54000000	nop; delay slot nop
  693  00001700  20010000	addi	r1,r0,#0
  694  00001704  080000d8	j	L24_LF2
  695  00001708  54000000	nop; delay slot nop
  696  0000170c  08000028	j	L30_LF2
  697  00001710  54000000	nop; delay slot nop
  698  00001714          	L29_LF2:
  699  00001714  8fc10000	lw	r1,(r30)
  700  00001718  8fc20004	lw	r2,4(r30)
  701  0000171c  90210000	lbu	r1,(r1)
  702  00001720  90420000	lbu	r2,(r2)
  703  00001724  00220829	sne	r1,r1,r2
  704  00001728  1020000c	beqz	r1,L30_LF2
  705  0000172c  54000000	nop; delay slot nop
  706  00001730  0800003c	j	L26_LF2
  707  00001734  54000000	nop; delay slot nop
  708  00001738          	L31_LF2:
  709  00001738          	L30_LF2:
  710  00001738  8fc20000	lw	r2,(r30)
  711  0000173c  20410001	addi	r1,r2,#1
  712  00001740  00011020	add	r2,r0,r1
  713  00001744  afc20000	sw	(r30),r2
  714  00001748  8fc20004	lw	r2,4(r30)
  715  0000174c  20410001	addi	r1,r2,#1
  716  00001750  00011020	add	r2,r0,r1
  717  00001754  afc20004	sw	4(r30),r2
  718  00001758          	L27_LF2:
  719  00001758  8fc2fff4	lw	r2,-12(r30)
  720  0000175c  20410001	addi	r1,r2,#1
  721  00001760  00011020	add	r2,r0,r1
  722  00001764  afc2fff4	sw	-12(r30),r2
  723  00001768  0bffff64	j	L25_LF2
  724  0000176c  54000000	nop; delay slot nop
  725  00001770          	L26_LF2:
  726  00001770  8fc1fff4	lw	r1,-12(r30)
  727  00001774  8fc20008	lw	r2,8(r30)
  728  00001778  00220828	seq	r1,r1,r2
  729  0000177c  10200018	beqz	r1,L32_LF2
  730  00001780  54000000	nop; delay slot nop
  731  00001784  20010000	addi	r1,r0,#0
  732  00001788  08000054	j	L24_LF2
  733  0000178c  54000000	nop; delay slot nop
  734  00001790  0800004c	j	L33_LF2
  735  00001794  54000000	nop; delay slot nop
  736  00001798          	L32_LF2:
  737  00001798  8fc20000	lw	r2,(r30)
  738  0000179c  90410000	lbu	r1,(r2)
  739  000017a0  8fc20004	lw	r2,4(r30)
  740  000017a4  90430000	lbu	r3,(r2)
  741  000017a8  00230822	sub	r1,r1,r3
  742  000017ac  74220000	sgei	r2,r1,#0
  743  000017b0  10400020	beqz	r2,L34_LF2
  744  000017b4  54000000	nop; delay slot nop
  745  000017b8  8fc10000	lw	r1,(r30)
  746  000017bc  8fc20004	lw	r2,4(r30)
  747  000017c0  90210000	lbu	r1,(r1)
  748  000017c4  90420000	lbu	r2,(r2)
  749  000017c8  00220829	sne	r1,r1,r2
  750  000017cc  08000008	j	L35_LF2
  751  000017d0  54000000	nop; delay slot nop
  752  000017d4          	L34_LF2:
  753  000017d4  2001ffff	addi	r1,r0,#-1
  754  000017d8          	L35_LF2:
  755  000017d8  08000004	j	L24_LF2
  756  000017dc  54000000	nop; delay slot nop
  757  000017e0          	L33_LF2:
  758  000017e0          	L24_LF2:
  759  000017e0  8fa20000	lw	r2,0(r29)
  760  000017e4  8fa30004	lw	r3,4(r29)
  761  000017e8  8fdffff8	lw	r31,-8(r30)
  762  000017ec  001ee820	add	r29,r0,r30
  763  000017f0  8fdefffc	lw	r30,-4(r30)
  764  000017f4  4be00000	jr	r31
  765  000017f8  54000000	nop
  766  000017fc          	.endproc _dstrncmp
  767  000017fc          	.align 2
  768  000017fc          	.proc _dstrlen
  769  000017fc          	.global _dstrlen
  770  000017fc          	_dstrlen:
  771                      ;  Function 'dstrlen'; 8 bytes of locals, 1 regs to save.
  772  000017fc  afbefffc	sw	-4(r29),r30; push fp
  773  00001800  001df020	add	r30,r0,r29; fp = sp
  774  00001804  afbffff8	sw	-8(r29),r31; push ret addr
  775  00001808  2fbd0018	subui	r29,r29,#24; alloc local storage
  776  0000180c  afa20000	sw	0(r29),r2
  777  00001810  20010000	addi	r1,r0,#0
  778  00001814  afc1fff4	sw	-12(r30),r1
  779  00001818          	L37_LF2:
  780  00001818  8fc10000	lw	r1,(r30)
  781  0000181c  20220001	addi	r2,r1,#1
  782  00001820  afc20000	sw	(r30),r2
  783  00001824  90210000	lbu	r1,(r1)
  784  00001828  64220000	snei	r2,r1,#0
  785  0000182c  1440000c	bnez	r2,L39_LF2
  786  00001830  54000000	nop; delay slot nop
  787  00001834  0800001c	j	L38_LF2
  788  00001838  54000000	nop; delay slot nop
  789  0000183c          	L39_LF2:
  790  0000183c  8fc2fff4	lw	r2,-12(r30)
  791  00001840  20410001	addi	r1,r2,#1
  792  00001844  00011020	add	r2,r0,r1
  793  00001848  afc2fff4	sw	-12(r30),r2
  794  0000184c  0bffffc8	j	L37_LF2
  795  00001850  54000000	nop; delay slot nop
  796  00001854          	L38_LF2:
  797  00001854  8fc1fff4	lw	r1,-12(r30)
  798  00001858  08000004	j	L36_LF2
  799  0000185c  54000000	nop; delay slot nop
  800  00001860          	L36_LF2:
  801  00001860  8fa20000	lw	r2,0(r29)
  802  00001864  8fdffff8	lw	r31,-8(r30)
  803  00001868  001ee820	add	r29,r0,r30
  804  0000186c  8fdefffc	lw	r30,-4(r30)
  805  00001870  4be00000	jr	r31
  806  00001874  54000000	nop
  807  00001878          	.endproc _dstrlen
  808  00001878          	.align 2
  809  00001878          	.proc _dstrstr
  810  00001878          	.global _dstrstr
  811  00001878          	_dstrstr:
  812                      ;  Function 'dstrstr'; 8 bytes of locals, 1 regs to save.
  813  00001878  afbefffc	sw	-4(r29),r30; push fp
  814  0000187c  001df020	add	r30,r0,r29; fp = sp
  815  00001880  afbffff8	sw	-8(r29),r31; push ret addr
  816  00001884  2fbd0018	subui	r29,r29,#24; alloc local storage
  817  00001888  afa20000	sw	0(r29),r2
  818  0000188c  23bdfff8	addi	r29,r29,#-8
  819  00001890  001d0820	add	r1,r0,r29
  820  00001894  8fc20004	lw	r2,4(r30)
  821  00001898  ac220000	sw	(r1),r2
  822  0000189c  0fffff5c	jal	_dstrlen
  823  000018a0  54000000	nop; delay slot nop
  824  000018a4  23bd0008	addi	r29,r29,#8
  825  000018a8  afc1fff4	sw	-12(r30),r1
  826  000018ac          	L41_LF2:
  827  000018ac  8fc10000	lw	r1,(r30)
  828  000018b0  90220000	lbu	r2,(r1)
  829  000018b4  64410000	snei	r1,r2,#0
  830  000018b8  1420000c	bnez	r1,L43_LF2
  831  000018bc  54000000	nop; delay slot nop
  832  000018c0  08000060	j	L42_LF2
  833  000018c4  54000000	nop; delay slot nop
  834  000018c8          	L43_LF2:
  835  000018c8  23bdfff0	addi	r29,r29,#-16
  836  000018cc  001d0820	add	r1,r0,r29
  837  000018d0  8fc20000	lw	r2,(r30)
  838  000018d4  ac220000	sw	(r1),r2
  839  000018d8  8fc20004	lw	r2,4(r30)
  840  000018dc  ac220004	sw	4(r1),r2
  841  000018e0  8fc2fff4	lw	r2,-12(r30)
  842  000018e4  ac220008	sw	8(r1),r2
  843  000018e8  0ffffdc0	jal	_dstrncmp
  844  000018ec  54000000	nop; delay slot nop
  845  000018f0  23bd0010	addi	r29,r29,#16
  846  000018f4  64220000	snei	r2,r1,#0
  847  000018f8  14400010	bnez	r2,L44_LF2
  848  000018fc  54000000	nop; delay slot nop
  849  00001900  8fc10000	lw	r1,(r30)
  850  00001904  08000028	j	L40_LF2
  851  00001908  54000000	nop; delay slot nop
  852  0000190c          	L44_LF2:
  853  0000190c  8fc20000	lw	r2,(r30)
  854  00001910  20410001	addi	r1,r2,#1
  855  00001914  00011020	add	r2,r0,r1
  856  00001918  afc20000	sw	(r30),r2
  857  0000191c  0bffff8c	j	L41_LF2
  858  00001920  54000000	nop; delay slot nop
  859  00001924          	L42_LF2:
  860  00001924  20010000	addi	r1,r0,#0
  861  00001928  08000004	j	L40_LF2
  862  0000192c  54000000	nop; delay slot nop
  863  00001930          	L40_LF2:
  864  00001930  8fa20000	lw	r2,0(r29)
  865  00001934  8fdffff8	lw	r31,-8(r30)
  866  00001938  001ee820	add	r29,r0,r30
  867  0000193c  8fdefffc	lw	r30,-4(r30)
  868  00001940  4be00000	jr	r31
  869  00001944  54000000	nop
  870  00001948          	.endproc _dstrstr
  871  00001948          	.align 2
  872  00001948          	.proc _dmindex
  873  00001948          	.global _dmindex
  874  00001948          	_dmindex:
  875                      ;  Function 'dmindex'; 8 bytes of locals, 1 regs to save.
  876  00001948  afbefffc	sw	-4(r29),r30; push fp
  877  0000194c  001df020	add	r30,r0,r29; fp = sp
  878  00001950  afbffff8	sw	-8(r29),r31; push ret addr
  879  00001954  2fbd0018	subui	r29,r29,#24; alloc local storage
  880  00001958  afa20000	sw	0(r29),r2
  881  0000195c  54000000	nop
  882  00001960          	L46_LF2:
  883  00001960  8fc10000	lw	r1,(r30)
  884  00001964  90220000	lbu	r2,(r1)
  885  00001968  64410000	snei	r1,r2,#0
  886  0000196c  1420000c	bnez	r1,L48_LF2
  887  00001970  54000000	nop; delay slot nop
  888  00001974  08000070	j	L47_LF2
  889  00001978  54000000	nop; delay slot nop
  890  0000197c          	L48_LF2:
  891  0000197c  8fc10004	lw	r1,4(r30)
  892  00001980  afc1fff4	sw	-12(r30),r1
  893  00001984          	L49_LF2:
  894  00001984  8fc1fff4	lw	r1,-12(r30)
  895  00001988  90220000	lbu	r2,(r1)
  896  0000198c  64410000	snei	r1,r2,#0
  897  00001990  1420000c	bnez	r1,L52_LF2
  898  00001994  54000000	nop; delay slot nop
  899  00001998  08000044	j	L50_LF2
  900  0000199c  54000000	nop; delay slot nop
  901  000019a0          	L52_LF2:
  902  000019a0  8fc10000	lw	r1,(r30)
  903  000019a4  8fc2fff4	lw	r2,-12(r30)
  904  000019a8  90210000	lbu	r1,(r1)
  905  000019ac  90420000	lbu	r2,(r2)
  906  000019b0  00220828	seq	r1,r1,r2
  907  000019b4  10200010	beqz	r1,L51_LF2
  908  000019b8  54000000	nop; delay slot nop
  909  000019bc  8fc10000	lw	r1,(r30)
  910  000019c0  08000030	j	L45_LF2
  911  000019c4  54000000	nop; delay slot nop
  912  000019c8          	L53_LF2:
  913  000019c8          	L51_LF2:
  914  000019c8  8fc2fff4	lw	r2,-12(r30)
  915  000019cc  20410001	addi	r1,r2,#1
  916  000019d0  00011020	add	r2,r0,r1
  917  000019d4  afc2fff4	sw	-12(r30),r2
  918  000019d8  0bffffa8	j	L49_LF2
  919  000019dc  54000000	nop; delay slot nop
  920  000019e0          	L50_LF2:
  921  000019e0  0bffff7c	j	L46_LF2
  922  000019e4  54000000	nop; delay slot nop
  923  000019e8          	L47_LF2:
  924  000019e8  20010000	addi	r1,r0,#0
  925  000019ec  08000004	j	L45_LF2
  926  000019f0  54000000	nop; delay slot nop
  927  000019f4          	L45_LF2:
  928  000019f4  8fa20000	lw	r2,0(r29)
  929  000019f8  8fdffff8	lw	r31,-8(r30)
  930  000019fc  001ee820	add	r29,r0,r30
  931  00001a00  8fdefffc	lw	r30,-4(r30)
  932  00001a04  4be00000	jr	r31
  933  00001a08  54000000	nop
  934  00001a0c          	.endproc _dmindex
  935  00001a0c          	.align 2
  936  00001a0c          	.proc _dindex
  937  00001a0c          	.global _dindex
  938  00001a0c          	_dindex:
  939                      ;  Function 'dindex'; 0 bytes of locals, 1 regs to save.
  940  00001a0c  afbefffc	sw	-4(r29),r30; push fp
  941  00001a10  001df020	add	r30,r0,r29; fp = sp
  942  00001a14  afbffff8	sw	-8(r29),r31; push ret addr
  943  00001a18  2fbd0010	subui	r29,r29,#16; alloc local storage
  944  00001a1c  afa20000	sw	0(r29),r2
  945  00001a20  54000000	nop
  946  00001a24          	L55_LF2:
  947  00001a24  8fc10000	lw	r1,(r30)
  948  00001a28  90220000	lbu	r2,(r1)
  949  00001a2c  64410000	snei	r1,r2,#0
  950  00001a30  1420000c	bnez	r1,L57_LF2
  951  00001a34  54000000	nop; delay slot nop
  952  00001a38  08000040	j	L56_LF2
  953  00001a3c  54000000	nop; delay slot nop
  954  00001a40          	L57_LF2:
  955  00001a40  8fc10000	lw	r1,(r30)
  956  00001a44  90220000	lbu	r2,(r1)
  957  00001a48  8fc10004	lw	r1,4(r30)
  958  00001a4c  00411028	seq	r2,r2,r1
  959  00001a50  10400010	beqz	r2,L58_LF2
  960  00001a54  54000000	nop; delay slot nop
  961  00001a58  8fc10000	lw	r1,(r30)
  962  00001a5c  08000028	j	L54_LF2
  963  00001a60  54000000	nop; delay slot nop
  964  00001a64          	L58_LF2:
  965  00001a64  8fc20000	lw	r2,(r30)
  966  00001a68  20410001	addi	r1,r2,#1
  967  00001a6c  00011020	add	r2,r0,r1
  968  00001a70  afc20000	sw	(r30),r2
  969  00001a74  0bffffac	j	L55_LF2
  970  00001a78  54000000	nop; delay slot nop
  971  00001a7c          	L56_LF2:
  972  00001a7c  20010000	addi	r1,r0,#0
  973  00001a80  08000004	j	L54_LF2
  974  00001a84  54000000	nop; delay slot nop
  975  00001a88          	L54_LF2:
  976  00001a88  8fa20000	lw	r2,0(r29)
  977  00001a8c  8fdffff8	lw	r31,-8(r30)
  978  00001a90  001ee820	add	r29,r0,r30
  979  00001a94  8fdefffc	lw	r30,-4(r30)
  980  00001a98  4be00000	jr	r31
  981  00001a9c  54000000	nop
  982  00001aa0          	.endproc _dindex
  983  00001aa0          	.align 2
  984  00001aa0          	.proc _ditoa
  985  00001aa0          	.global _ditoa
  986  00001aa0          	_ditoa:
  987                      ;  Function 'ditoa'; 8 bytes of locals, 2 regs to save.
  988  00001aa0  afbefffc	sw	-4(r29),r30; push fp
  989  00001aa4  001df020	add	r30,r0,r29; fp = sp
  990  00001aa8  afbffff8	sw	-8(r29),r31; push ret addr
  991  00001aac  2fbd0018	subui	r29,r29,#24; alloc local storage
  992  00001ab0  afa20000	sw	0(r29),r2
  993  00001ab4  afa30004	sw	4(r29),r3
  994  00001ab8  8fc10000	lw	r1,(r30)
  995  00001abc  68220000	slti	r2,r1,#0
  996  00001ac0  1040002c	beqz	r2,L60_LF2
  997  00001ac4  54000000	nop; delay slot nop
  998  00001ac8  8fc10004	lw	r1,4(r30)
  999  00001acc  20220001	addi	r2,r1,#1
 1000  00001ad0  afc20004	sw	4(r30),r2
 1001  00001ad4  2002002d	addi	r2,r0,(#0x2d)&0xff
 1002  00001ad8  a0220000	sb	(r1),r2
 1003  00001adc  8fc10000	lw	r1,(r30)
 1004  00001ae0  00011022	sub	r2,r0,r1
 1005  00001ae4  afc20000	sw	(r30),r2
 1006  00001ae8  08000118	j	L61_LF2
 1007  00001aec  54000000	nop; delay slot nop
 1008  00001af0          	L60_LF2:
 1009  00001af0  8fc10000	lw	r1,(r30)
 1010  00001af4  64220000	snei	r2,r1,#0
 1011  00001af8  14400020	bnez	r2,L62_LF2
 1012  00001afc  54000000	nop; delay slot nop
 1013  00001b00  8fc10004	lw	r1,4(r30)
 1014  00001b04  20220001	addi	r2,r1,#1
 1015  00001b08  afc20004	sw	4(r30),r2
 1016  00001b0c  20020030	addi	r2,r0,(#0x30)&0xff
 1017  00001b10  a0220000	sb	(r1),r2
 1018  00001b14  080000ec	j	L61_LF2
 1019  00001b18  54000000	nop; delay slot nop
 1020  00001b1c          	L62_LF2:
 1021  00001b1c  20010001	addi	r1,r0,#1
 1022  00001b20  afc1fff4	sw	-12(r30),r1
 1023  00001b24          	L64_LF2:
 1024  00001b24  8fc1fff4	lw	r1,-12(r30)
 1025  00001b28  8fc20000	lw	r2,(r30)
 1026  00001b2c  0022082c	sle	r1,r1,r2
 1027  00001b30  1420000c	bnez	r1,L66_LF2
 1028  00001b34  54000000	nop; delay slot nop
 1029  00001b38  08000024	j	L65_LF2
 1030  00001b3c  54000000	nop; delay slot nop
 1031  00001b40          	L67_LF2:
 1032  00001b40          	L66_LF2:
 1033  00001b40  8fc1fff4	lw	r1,-12(r30)
 1034  00001b44  00011820	add	r3,r0,r1
 1035  00001b48  50620002	slli	r2,r3,#0x2
 1036  00001b4c  00411020	add	r2,r2,r1
 1037  00001b50  50410001	slli	r1,r2,#0x1
 1038  00001b54  afc1fff4	sw	-12(r30),r1
 1039  00001b58  0bffffc8	j	L64_LF2
 1040  00001b5c  54000000	nop; delay slot nop
 1041  00001b60          	L65_LF2:
 1042  00001b60  54000000	nop
 1043  00001b64          	L68_LF2:
 1044  00001b64  8fc1fff4	lw	r1,-12(r30)
 1045  00001b68  2002000a	addi	r2,r0,#10
 1046  00001b6c  00200035	movi2fp	f0,r1
 1047  00001b70  00400835	movi2fp	f1,r2
 1048  00001b74  0401000f	div	f0,f0,f1
 1049  00001b78  00000834	movfp2i	r1,f0
 1050  00001b7c  afc1fff4	sw	-12(r30),r1
 1051  00001b80  8fc10004	lw	r1,4(r30)
 1052  00001b84  20220001	addi	r2,r1,#1
 1053  00001b88  afc20004	sw	4(r30),r2
 1054  00001b8c  8fc20000	lw	r2,(r30)
 1055  00001b90  8fc3fff4	lw	r3,-12(r30)
 1056  00001b94  00400035	movi2fp	f0,r2
 1057  00001b98  00600835	movi2fp	f1,r3
 1058  00001b9c  0401000f	div	f0,f0,f1
 1059  00001ba0  00001034	movfp2i	r2,f0
 1060  00001ba4  00021820	add	r3,r0,r2
 1061  00001ba8  20620030	addi	r2,r3,#48
 1062  00001bac  a0220000	sb	(r1),r2
 1063  00001bb0  8fc10000	lw	r1,(r30)
 1064  00001bb4  8fc3fff4	lw	r3,-12(r30)
 1065  00001bb8  00200035	movi2fp	f0,r1
 1066  00001bbc  00600835	movi2fp	f1,r3
 1067  00001bc0  0401000f	div	f0,f0,f1
 1068  00001bc4  00001034	movfp2i	r2,f0
 1069  00001bc8  8fc3fff4	lw	r3,-12(r30)
 1070  00001bcc  00400035	movi2fp	f0,r2
 1071  00001bd0  00600835	movi2fp	f1,r3
 1072  00001bd4  0401000e	mult	f0,f0,f1
 1073  00001bd8  00001034	movfp2i	r2,f0
 1074  00001bdc  00220822	sub	r1,r1,r2
 1075  00001be0  afc10000	sw	(r30),r1
 1076  00001be4          	L70_LF2:
 1077  00001be4  8fc1fff4	lw	r1,-12(r30)
 1078  00001be8  6c220001	sgti	r2,r1,#1
 1079  00001bec  1440000c	bnez	r2,L71_LF2
 1080  00001bf0  54000000	nop; delay slot nop
 1081  00001bf4  0800000c	j	L61_LF2
 1082  00001bf8  54000000	nop; delay slot nop
 1083  00001bfc          	L71_LF2:
 1084  00001bfc  0bffff64	j	L68_LF2
 1085  00001c00  54000000	nop; delay slot nop
 1086  00001c04          	L69_LF2:
 1087  00001c04          	L63_LF2:
 1088  00001c04          	L61_LF2:
 1089  00001c04  8fc10004	lw	r1,4(r30)
 1090  00001c08  20020000	addi	r2,r0,(#0x0)&0xff
 1091  00001c0c  a0220000	sb	(r1),r2
 1092  00001c10          	L59_LF2:
 1093  00001c10  8fa20000	lw	r2,0(r29)
 1094  00001c14  8fa30004	lw	r3,4(r29)
 1095  00001c18  8fdffff8	lw	r31,-8(r30)
 1096  00001c1c  001ee820	add	r29,r0,r30
 1097  00001c20  8fdefffc	lw	r30,-4(r30)
 1098  00001c24  4be00000	jr	r31
 1099  00001c28  54000000	nop
 1100  00001c2c          	.endproc _ditoa
 1101  00001c2c          	.align 2
 1102  00001c2c          	.proc _dstrtol
 1103  00001c2c          	.global _dstrtol
 1104  00001c2c          	_dstrtol:
 1105                      ;  Function 'dstrtol'; 16 bytes of locals, 1 regs to save.
 1106  00001c2c  afbefffc	sw	-4(r29),r30; push fp
 1107  00001c30  001df020	add	r30,r0,r29; fp = sp
 1108  00001c34  afbffff8	sw	-8(r29),r31; push ret addr
 1109  00001c38  2fbd0020	subui	r29,r29,#32; alloc local storage
 1110  00001c3c  afa20000	sw	0(r29),r2
 1111  00001c40  20010000	addi	r1,r0,#0
 1112  00001c44  afc1fff4	sw	-12(r30),r1
 1113  00001c48          	L73_LF2:
 1114  00001c48  8fc10000	lw	r1,(r30)
 1115  00001c4c  90220000	lbu	r2,(r1)
 1116  00001c50  60410020	seqi	r1,r2,#32
 1117  00001c54  14200034	bnez	r1,L75_LF2
 1118  00001c58  54000000	nop; delay slot nop
 1119  00001c5c  8fc10000	lw	r1,(r30)
 1120  00001c60  90220000	lbu	r2,(r1)
 1121  00001c64  60410009	seqi	r1,r2,#9
 1122  00001c68  14200020	bnez	r1,L75_LF2
 1123  00001c6c  54000000	nop; delay slot nop
 1124  00001c70  8fc10000	lw	r1,(r30)
 1125  00001c74  90220000	lbu	r2,(r1)
 1126  00001c78  6041000a	seqi	r1,r2,#10
 1127  00001c7c  1420000c	bnez	r1,L75_LF2
 1128  00001c80  54000000	nop; delay slot nop
 1129  00001c84  0800001c	j	L74_LF2
 1130  00001c88  54000000	nop; delay slot nop
 1131  00001c8c          	L75_LF2:
 1132  00001c8c  8fc20000	lw	r2,(r30)
 1133  00001c90  20410001	addi	r1,r2,#1
 1134  00001c94  00011020	add	r2,r0,r1
 1135  00001c98  afc20000	sw	(r30),r2
 1136  00001c9c  0bffffa8	j	L73_LF2
 1137  00001ca0  54000000	nop; delay slot nop
 1138  00001ca4          	L74_LF2:
 1139  00001ca4  8fc10004	lw	r1,4(r30)
 1140  00001ca8  64220000	snei	r2,r1,#0
 1141  00001cac  10400010	beqz	r2,L76_LF2
 1142  00001cb0  54000000	nop; delay slot nop
 1143  00001cb4  8fc10004	lw	r1,4(r30)
 1144  00001cb8  8fc20000	lw	r2,(r30)
 1145  00001cbc  ac220000	sw	(r1),r2
 1146  00001cc0          	L76_LF2:
 1147  00001cc0  8fc10000	lw	r1,(r30)
 1148  00001cc4  90220000	lbu	r2,(r1)
 1149  00001cc8  64410000	snei	r1,r2,#0
 1150  00001ccc  14200010	bnez	r1,L77_LF2
 1151  00001cd0  54000000	nop; delay slot nop
 1152  00001cd4  8fc1fff4	lw	r1,-12(r30)
 1153  00001cd8  08000294	j	L72_LF2
 1154  00001cdc  54000000	nop; delay slot nop
 1155  00001ce0          	L77_LF2:
 1156  00001ce0  8fc10000	lw	r1,(r30)
 1157  00001ce4  90220000	lbu	r2,(r1)
 1158  00001ce8  6041002d	seqi	r1,r2,#45
 1159  00001cec  10200024	beqz	r1,L78_LF2
 1160  00001cf0  54000000	nop; delay slot nop
 1161  00001cf4  2001ffff	addi	r1,r0,#-1
 1162  00001cf8  afc1ffec	sw	-20(r30),r1
 1163  00001cfc  8fc20000	lw	r2,(r30)
 1164  00001d00  20410001	addi	r1,r2,#1
 1165  00001d04  00011020	add	r2,r0,r1
 1166  00001d08  afc20000	sw	(r30),r2
 1167  00001d0c  0800000c	j	L79_LF2
 1168  00001d10  54000000	nop; delay slot nop
 1169  00001d14          	L78_LF2:
 1170  00001d14  20010001	addi	r1,r0,#1
 1171  00001d18  afc1ffec	sw	-20(r30),r1
 1172  00001d1c          	L79_LF2:
 1173  00001d1c  8fc10008	lw	r1,8(r30)
 1174  00001d20  64220000	snei	r2,r1,#0
 1175  00001d24  14400090	bnez	r2,L80_LF2
 1176  00001d28  54000000	nop; delay slot nop
 1177  00001d2c  8fc10000	lw	r1,(r30)
 1178  00001d30  90220000	lbu	r2,(r1)
 1179  00001d34  60410030	seqi	r1,r2,#48
 1180  00001d38  10200074	beqz	r1,L81_LF2
 1181  00001d3c  54000000	nop; delay slot nop
 1182  00001d40  8fc20000	lw	r2,(r30)
 1183  00001d44  20410001	addi	r1,r2,#1
 1184  00001d48  00011020	add	r2,r0,r1
 1185  00001d4c  afc20000	sw	(r30),r2
 1186  00001d50  8fc10000	lw	r1,(r30)
 1187  00001d54  90220000	lbu	r2,(r1)
 1188  00001d58  60410078	seqi	r1,r2,#120
 1189  00001d5c  14200020	bnez	r1,L83_LF2
 1190  00001d60  54000000	nop; delay slot nop
 1191  00001d64  8fc10000	lw	r1,(r30)
 1192  00001d68  90220000	lbu	r2,(r1)
 1193  00001d6c  60410058	seqi	r1,r2,#88
 1194  00001d70  1420000c	bnez	r1,L83_LF2
 1195  00001d74  54000000	nop; delay slot nop
 1196  00001d78  08000024	j	L82_LF2
 1197  00001d7c  54000000	nop; delay slot nop
 1198  00001d80          	L83_LF2:
 1199  00001d80  20010010	addi	r1,r0,#16
 1200  00001d84  afc10008	sw	8(r30),r1
 1201  00001d88  8fc20000	lw	r2,(r30)
 1202  00001d8c  20410001	addi	r1,r2,#1
 1203  00001d90  00011020	add	r2,r0,r1
 1204  00001d94  afc20000	sw	(r30),r2
 1205  00001d98  0800000c	j	L84_LF2
 1206  00001d9c  54000000	nop; delay slot nop
 1207  00001da0          	L82_LF2:
 1208  00001da0  20010008	addi	r1,r0,#8
 1209  00001da4  afc10008	sw	8(r30),r1
 1210  00001da8          	L84_LF2:
 1211  00001da8  0800000c	j	L80_LF2
 1212  00001dac  54000000	nop; delay slot nop
 1213  00001db0          	L81_LF2:
 1214  00001db0  2001000a	addi	r1,r0,#10
 1215  00001db4  afc10008	sw	8(r30),r1
 1216  00001db8          	L85_LF2:
 1217  00001db8          	L80_LF2:
 1218  00001db8  8fc10008	lw	r1,8(r30)
 1219  00001dbc  70220000	slei	r2,r1,#0
 1220  00001dc0  1440001c	bnez	r2,L87_LF2
 1221  00001dc4  54000000	nop; delay slot nop
 1222  00001dc8  8fc10008	lw	r1,8(r30)
 1223  00001dcc  6c220010	sgti	r2,r1,#16
 1224  00001dd0  1440000c	bnez	r2,L87_LF2
 1225  00001dd4  54000000	nop; delay slot nop
 1226  00001dd8  08000010	j	L86_LF2
 1227  00001ddc  54000000	nop; delay slot nop
 1228  00001de0          	L87_LF2:
 1229  00001de0  8fc1fff4	lw	r1,-12(r30)
 1230  00001de4  08000188	j	L72_LF2
 1231  00001de8  54000000	nop; delay slot nop
 1232  00001dec          	L86_LF2:
 1233  00001dec  54000000	nop
 1234  00001df0          	L88_LF2:
 1235  00001df0  8fc10000	lw	r1,(r30)
 1236  00001df4  90220000	lbu	r2,(r1)
 1237  00001df8  6c41002f	sgtui	r1,r2,#47
 1238  00001dfc  10200030	beqz	r1,L91_LF2
 1239  00001e00  54000000	nop; delay slot nop
 1240  00001e04  8fc10000	lw	r1,(r30)
 1241  00001e08  90220000	lbu	r2,(r1)
 1242  00001e0c  70410039	sleui	r1,r2,#57
 1243  00001e10  1020001c	beqz	r1,L91_LF2
 1244  00001e14  54000000	nop; delay slot nop
 1245  00001e18  8fc10000	lw	r1,(r30)
 1246  00001e1c  90220000	lbu	r2,(r1)
 1247  00001e20  2041ffd0	addi	r1,r2,#-48
 1248  00001e24  afc1fff0	sw	-16(r30),r1
 1249  00001e28  0800008c	j	L92_LF2
 1250  00001e2c  54000000	nop; delay slot nop
 1251  00001e30          	L91_LF2:
 1252  00001e30  8fc10000	lw	r1,(r30)
 1253  00001e34  90220000	lbu	r2,(r1)
 1254  00001e38  6c410060	sgtui	r1,r2,#96
 1255  00001e3c  10200030	beqz	r1,L93_LF2
 1256  00001e40  54000000	nop; delay slot nop
 1257  00001e44  8fc10000	lw	r1,(r30)
 1258  00001e48  90220000	lbu	r2,(r1)
 1259  00001e4c  7041007a	sleui	r1,r2,#122
 1260  00001e50  1020001c	beqz	r1,L93_LF2
 1261  00001e54  54000000	nop; delay slot nop
 1262  00001e58  8fc10000	lw	r1,(r30)
 1263  00001e5c  90220000	lbu	r2,(r1)
 1264  00001e60  2041ffa9	addi	r1,r2,#-87
 1265  00001e64  afc1fff0	sw	-16(r30),r1
 1266  00001e68  0800004c	j	L92_LF2
 1267  00001e6c  54000000	nop; delay slot nop
 1268  00001e70          	L93_LF2:
 1269  00001e70  8fc10000	lw	r1,(r30)
 1270  00001e74  90220000	lbu	r2,(r1)
 1271  00001e78  6c410040	sgtui	r1,r2,#64
 1272  00001e7c  10200030	beqz	r1,L95_LF2
 1273  00001e80  54000000	nop; delay slot nop
 1274  00001e84  8fc10000	lw	r1,(r30)
 1275  00001e88  90220000	lbu	r2,(r1)
 1276  00001e8c  7041005a	sleui	r1,r2,#90
 1277  00001e90  1020001c	beqz	r1,L95_LF2
 1278  00001e94  54000000	nop; delay slot nop
 1279  00001e98  8fc10000	lw	r1,(r30)
 1280  00001e9c  90220000	lbu	r2,(r1)
 1281  00001ea0  2041ffc9	addi	r1,r2,#-55
 1282  00001ea4  afc1fff0	sw	-16(r30),r1
 1283  00001ea8  0800000c	j	L92_LF2
 1284  00001eac  54000000	nop; delay slot nop
 1285  00001eb0          	L95_LF2:
 1286  00001eb0  200103e8	addi	r1,r0,#1000
 1287  00001eb4  afc1fff0	sw	-16(r30),r1
 1288  00001eb8          	L96_LF2:
 1289  00001eb8          	L94_LF2:
 1290  00001eb8          	L92_LF2:
 1291  00001eb8  8fc1fff0	lw	r1,-16(r30)
 1292  00001ebc  8fc20008	lw	r2,8(r30)
 1293  00001ec0  0022082a	slt	r1,r1,r2
 1294  00001ec4  10200040	beqz	r1,L90_LF2
 1295  00001ec8  54000000	nop; delay slot nop
 1296  00001ecc  8fc1fff4	lw	r1,-12(r30)
 1297  00001ed0  8fc20008	lw	r2,8(r30)
 1298  00001ed4  00200035	movi2fp	f0,r1
 1299  00001ed8  00400835	movi2fp	f1,r2
 1300  00001edc  0401000e	mult	f0,f0,f1
 1301  00001ee0  00000834	movfp2i	r1,f0
 1302  00001ee4  afc1fff4	sw	-12(r30),r1
 1303  00001ee8  8fc1fff4	lw	r1,-12(r30)
 1304  00001eec  8fc2fff0	lw	r2,-16(r30)
 1305  00001ef0  00220820	add	r1,r1,r2
 1306  00001ef4  afc1fff4	sw	-12(r30),r1
 1307  00001ef8  8fc20000	lw	r2,(r30)
 1308  00001efc  20410001	addi	r1,r2,#1
 1309  00001f00  00011020	add	r2,r0,r1
 1310  00001f04  afc20000	sw	(r30),r2
 1311  00001f08          	L97_LF2:
 1312  00001f08          	L90_LF2:
 1313  00001f08  8fc1fff0	lw	r1,-16(r30)
 1314  00001f0c  8fc20008	lw	r2,8(r30)
 1315  00001f10  0022082a	slt	r1,r1,r2
 1316  00001f14  1420000c	bnez	r1,L98_LF2
 1317  00001f18  54000000	nop; delay slot nop
 1318  00001f1c  0800000c	j	L89_LF2
 1319  00001f20  54000000	nop; delay slot nop
 1320  00001f24          	L98_LF2:
 1321  00001f24  0bfffec8	j	L88_LF2
 1322  00001f28  54000000	nop; delay slot nop
 1323  00001f2c          	L89_LF2:
 1324  00001f2c  8fc10004	lw	r1,4(r30)
 1325  00001f30  64220000	snei	r2,r1,#0
 1326  00001f34  10400010	beqz	r2,L99_LF2
 1327  00001f38  54000000	nop; delay slot nop
 1328  00001f3c  8fc10004	lw	r1,4(r30)
 1329  00001f40  8fc20000	lw	r2,(r30)
 1330  00001f44  ac220000	sw	(r1),r2
 1331  00001f48          	L99_LF2:
 1332  00001f48  8fc1fff4	lw	r1,-12(r30)
 1333  00001f4c  8fc2ffec	lw	r2,-20(r30)
 1334  00001f50  00200035	movi2fp	f0,r1
 1335  00001f54  00400835	movi2fp	f1,r2
 1336  00001f58  0401000e	mult	f0,f0,f1
 1337  00001f5c  00000834	movfp2i	r1,f0
 1338  00001f60  afc1fff4	sw	-12(r30),r1
 1339  00001f64  8fc1fff4	lw	r1,-12(r30)
 1340  00001f68  08000004	j	L72_LF2
 1341  00001f6c  54000000	nop; delay slot nop
 1342  00001f70          	L72_LF2:
 1343  00001f70  8fa20000	lw	r2,0(r29)
 1344  00001f74  8fdffff8	lw	r31,-8(r30)
 1345  00001f78  001ee820	add	r29,r0,r30
 1346  00001f7c  8fdefffc	lw	r30,-4(r30)
 1347  00001f80  4be00000	jr	r31
 1348  00001f84  54000000	nop
 1349  00001f88          	.endproc _dstrtol
 1350  00001f88          	.align 2
 1351  00001f88          	.proc _bcopy
 1352  00001f88          	.global _bcopy
 1353  00001f88          	_bcopy:
 1354                      ;  Function 'bcopy'; 0 bytes of locals, 2 regs to save.
 1355  00001f88  afbefffc	sw	-4(r29),r30; push fp
 1356  00001f8c  001df020	add	r30,r0,r29; fp = sp
 1357  00001f90  afbffff8	sw	-8(r29),r31; push ret addr
 1358  00001f94  2fbd0010	subui	r29,r29,#16; alloc local storage
 1359  00001f98  afa20000	sw	0(r29),r2
 1360  00001f9c  afa30004	sw	4(r29),r3
 1361  00001fa0  54000000	nop
 1362  00001fa4          	L101_LF2:
 1363  00001fa4  8fc10008	lw	r1,8(r30)
 1364  00001fa8  2022ffff	addi	r2,r1,#-1
 1365  00001fac  afc20008	sw	8(r30),r2
 1366  00001fb0  6c210000	sgti	r1,r1,#0
 1367  00001fb4  1420000c	bnez	r1,L103_LF2
 1368  00001fb8  54000000	nop; delay slot nop
 1369  00001fbc  0800002c	j	L102_LF2
 1370  00001fc0  54000000	nop; delay slot nop
 1371  00001fc4          	L103_LF2:
 1372  00001fc4  8fc10004	lw	r1,4(r30)
 1373  00001fc8  20220001	addi	r2,r1,#1
 1374  00001fcc  afc20004	sw	4(r30),r2
 1375  00001fd0  8fc20000	lw	r2,(r30)
 1376  00001fd4  20430001	addi	r3,r2,#1
 1377  00001fd8  afc30000	sw	(r30),r3
 1378  00001fdc  80420000	lb	r2,(r2)
 1379  00001fe0  a0220000	sb	(r1),r2
 1380  00001fe4  0bffffbc	j	L101_LF2
 1381  00001fe8  54000000	nop; delay slot nop
 1382  00001fec          	L102_LF2:
 1383  00001fec          	L100_LF2:
 1384  00001fec  8fa20000	lw	r2,0(r29)
 1385  00001ff0  8fa30004	lw	r3,4(r29)
 1386  00001ff4  8fdffff8	lw	r31,-8(r30)
 1387  00001ff8  001ee820	add	r29,r0,r30
 1388  00001ffc  8fdefffc	lw	r30,-4(r30)
 1389  00002000  4be00000	jr	r31
 1390  00002004  54000000	nop
 1391  00002008          	.endproc _bcopy
 1392  00002008          	.align 2
 1393  00002008          	.proc _bzero
 1394  00002008          	.global _bzero
 1395  00002008          	_bzero:
 1396                      ;  Function 'bzero'; 0 bytes of locals, 1 regs to save.
 1397  00002008  afbefffc	sw	-4(r29),r30; push fp
 1398  0000200c  001df020	add	r30,r0,r29; fp = sp
 1399  00002010  afbffff8	sw	-8(r29),r31; push ret addr
 1400  00002014  2fbd0010	subui	r29,r29,#16; alloc local storage
 1401  00002018  afa20000	sw	0(r29),r2
 1402  0000201c  54000000	nop
 1403  00002020          	L105_LF2:
 1404  00002020  8fc10004	lw	r1,4(r30)
 1405  00002024  2022ffff	addi	r2,r1,#-1
 1406  00002028  afc20004	sw	4(r30),r2
 1407  0000202c  6c210000	sgti	r1,r1,#0
 1408  00002030  1420000c	bnez	r1,L107_LF2
 1409  00002034  54000000	nop; delay slot nop
 1410  00002038  08000020	j	L106_LF2
 1411  0000203c  54000000	nop; delay slot nop
 1412  00002040          	L107_LF2:
 1413  00002040  8fc10000	lw	r1,(r30)
 1414  00002044  20220001	addi	r2,r1,#1
 1415  00002048  afc20000	sw	(r30),r2
 1416  0000204c  20020000	addi	r2,r0,(#0x0)&0xff
 1417  00002050  a0220000	sb	(r1),r2
 1418  00002054  0bffffc8	j	L105_LF2
 1419  00002058  54000000	nop; delay slot nop
 1420  0000205c          	L106_LF2:
 1421  0000205c          	L104_LF2:
 1422  0000205c  8fa20000	lw	r2,0(r29)
 1423  00002060  8fdffff8	lw	r31,-8(r30)
 1424  00002064  001ee820	add	r29,r0,r30
 1425  00002068  8fdefffc	lw	r30,-4(r30)
 1426  0000206c  4be00000	jr	r31
 1427  00002070  54000000	nop
 1428  00002074          	.endproc _bzero
 1429  00002074          	.align 2
 1430  00002074          	.proc _min
 1431  00002074          	.global _min
 1432  00002074          	_min:
 1433                      ;  Function 'min'; 0 bytes of locals, 2 regs to save.
 1434  00002074  afbefffc	sw	-4(r29),r30; push fp
 1435  00002078  001df020	add	r30,r0,r29; fp = sp
 1436  0000207c  afbffff8	sw	-8(r29),r31; push ret addr
 1437  00002080  2fbd0010	subui	r29,r29,#16; alloc local storage
 1438  00002084  afa20000	sw	0(r29),r2
 1439  00002088  afa30004	sw	4(r29),r3
 1440  0000208c  8fc10000	lw	r1,(r30)
 1441  00002090  8fc20004	lw	r2,4(r30)
 1442  00002094  0022182c	sle	r3,r1,r2
 1443  00002098  14600008	bnez	r3,L109_LF2
 1444  0000209c  54000000	nop; delay slot nop
 1445  000020a0  8fc10004	lw	r1,4(r30)
 1446  000020a4          	L109_LF2:
 1447  000020a4  08000004	j	L108_LF2
 1448  000020a8  54000000	nop; delay slot nop
 1449  000020ac          	L108_LF2:
 1450  000020ac  8fa20000	lw	r2,0(r29)
 1451  000020b0  8fa30004	lw	r3,4(r29)
 1452  000020b4  8fdffff8	lw	r31,-8(r30)
 1453  000020b8  001ee820	add	r29,r0,r30
 1454  000020bc  8fdefffc	lw	r30,-4(r30)
 1455  000020c0  4be00000	jr	r31
 1456  000020c4  54000000	nop
 1457  000020c8          	.endproc _min
 1458                      ;;; Ethan L. Miller, 1999.  Released to the public domain
 1459                      ;;;
 1460                      ;;; Most of the traps are called in files from libtraps.
 1463  000020c8          	.align 2
 1464  000020c8          	.proc _exit
 1465  000020c8          	.global _exit
 1466  000020c8          	_exit:
 1467  000020c8  44000300	trap	#0x300
 1468  000020cc  4be00000	jr	r31
 1469  000020d0  54000000	nop
 1470  000020d4          	.endproc _exit
 1472                      ; for the benefit of gcc.
 1473  000020d4          	.proc ___main
 1474  000020d4          	.global ___main
 1475  000020d4          	___main:
 1476  000020d4  4be00000	jr	r31
 1477  000020d8  54000000	nop
 1478  000020dc          	.endproc ___main
 1479  000020dc          	.text
 1480  000020dc          	.global _etext
 1481  000020dc          	_etext:
 1482  000020dc          	.align 3
 1483  000020e0          	.data
 1484  000030bf          	.global _edata
 1485  000030bf          	_edata:
