 line   address	contents
    1                      ; Linked by DLX-LD.
    2                      ; MemSize 24576
    3                      ; Data size: 263
    4                      ; Text size: 4880
    5                      ; Stack size: 8192
    6  00000000          	.text 0x1000
    7  00001000          	.data 0x3000
    8                      ; Compiled by GCC
    9  00003000          	.text
   10  00001000          	.align 2
   11  00001000          	.proc _isspace
   12  00001000          	.global _isspace
   13  00001000          	_isspace:
   14                      ;  Function 'isspace'; 0 bytes of locals, 1 regs to save.
   15  00001000  afbefffc	sw	-4(r29),r30; push fp
   16  00001004  001df020	add	r30,r0,r29; fp = sp
   17  00001008  afbffff8	sw	-8(r29),r31; push ret addr
   18  0000100c  2fbd0010	subui	r29,r29,#16; alloc local storage
   19  00001010  afa20000	sw	0(r29),r2
   20  00001014  83c20003	lb	r2,3(r30)
   21  00001018  201f0000	addi	r31,r0,#0
   22  0000101c  304100ff	andi	r1,r2,#0x00ff
   23  00001020  60210020	seqi	r1,r1,#32
   24  00001024  14200018	bnez	r1,L6_LF0
   25  00001028  54000000	nop; not filled.
   26  0000102c  2041fff7	addi	r1,r2,#-9
   27  00001030  302100ff	andi	r1,r1,#0x00ff
   28  00001034  70210001	sleui	r1,r1,#1
   29  00001038  10200008	beqz	r1,L5_LF0
   30  0000103c  54000000	nop; not filled.
   31  00001040          	L6_LF0:
   32  00001040  201f0001	addi	r31,r0,#1
   33  00001044          	L5_LF0:
   34  00001044  001f0820	add	r1,r0,r31
   35  00001048  8fa20000	lw	r2,0(r29)
   36  0000104c  8fdffff8	lw	r31,-8(r30)
   37  00001050  001ee820	add	r29,r0,r30
   38  00001054  8fdefffc	lw	r30,-4(r30)
   39  00001058  4be00000	jr	r31
   40  0000105c  54000000	nop
   41  00001060          	.endproc _isspace
   42  00001060          	.align 2
   43  00001060          	.proc _isxdigit
   44  00001060          	.global _isxdigit
   45  00001060          	_isxdigit:
   46                      ;  Function 'isxdigit'; 0 bytes of locals, 1 regs to save.
   47  00001060  afbefffc	sw	-4(r29),r30; push fp
   48  00001064  001df020	add	r30,r0,r29; fp = sp
   49  00001068  afbffff8	sw	-8(r29),r31; push ret addr
   50  0000106c  2fbd0010	subui	r29,r29,#16; alloc local storage
   51  00001070  afa20000	sw	0(r29),r2
   52  00001074  83df0003	lb	r31,3(r30)
   53  00001078  20020000	addi	r2,r0,#0
   54  0000107c  23e1ffd0	addi	r1,r31,#-48
   55  00001080  302100ff	andi	r1,r1,#0x00ff
   56  00001084  70210009	sleui	r1,r1,#9
   57  00001088  14200028	bnez	r1,L12_LF0
   58  0000108c  54000000	nop; not filled.
   59  00001090  23e1ff9f	addi	r1,r31,#-97
   60  00001094  302100ff	andi	r1,r1,#0x00ff
   61  00001098  70210005	sleui	r1,r1,#5
   62  0000109c  14200014	bnez	r1,L12_LF0
   63  000010a0  54000000	nop; not filled.
   64  000010a4  33e100ff	andi	r1,r31,#0x00ff
   65  000010a8  64210041	snei	r1,r1,#65
   66  000010ac  14200008	bnez	r1,L11_LF0
   67  000010b0  54000000	nop; not filled.
   68  000010b4          	L12_LF0:
   69  000010b4  20020001	addi	r2,r0,#1
   70  000010b8          	L11_LF0:
   71  000010b8  00020820	add	r1,r0,r2
   72  000010bc  8fa20000	lw	r2,0(r29)
   73  000010c0  8fdffff8	lw	r31,-8(r30)
   74  000010c4  001ee820	add	r29,r0,r30
   75  000010c8  8fdefffc	lw	r30,-4(r30)
   76  000010cc  4be00000	jr	r31
   77  000010d0  54000000	nop
   78  000010d4          	.endproc _isxdigit
   79  000010d4          	.data
   80  00003000          	.align 2
   81  00003000          	LC0_LF0:
   82  00003000  48656c6c	.ascii "Hello World\000"
   82  00003004  6f20576f	
   82  00003008  726c6400	
   83  0000300c          	.align 2
   84  0000300c          	LC1_LF0:
   85  0000300c  55736167	.ascii "Usage\000"
   85  00003010  6500    	
   86  00003012          	.align 2
   87  00003014          	LC2_LF0:
   88  00003014  3c68616e	.ascii "<handle_to_shared_memory_page> <handle_to_page_mapped_semaphore<handle"
   88  00003018  646c655f	
   88  0000301c  746f5f73	
   88  00003020  68617265	
   88  00003024  645f6d65	
   88  00003028  6d6f7279	
   88  0000302c  5f706167	
   88  00003030  653e203c	
   88  00003034  68616e64	
   88  00003038  6c655f74	
   88  0000303c  6f5f7061	
   88  00003040  67655f6d	
   88  00003044  61707065	
   88  00003048  645f7365	
   88  0000304c  6d617068	
   88  00003050  6f72653c	
   88  00003054  68616e64	
   88  00003058  6c65    	
   89  0000305a  20746f20	.ascii " to lock>\000"
   89  0000305e  6c6f636b	
   89  00003062  3e00    	
   90  00003064          	.align 2
   91  00003064          	LC3_LF0:
   92  00003064  436f756c	.ascii "Could not map the virtual address\000"
   92  00003068  64206e6f	
   92  0000306c  74206d61	
   92  00003070  70207468	
   92  00003074  65207669	
   92  00003078  72747561	
   92  0000307c  6c206164	
   92  00003080  64726573	
   92  00003084  7300    	
   93  00003086          	.align 2
   94  00003088          	LC4_LF0:
   95  00003088  65786974	.ascii "exiting\n\000"
   95  0000308c  696e670a	
   95  00003090  00      	
   96  00003091          	.align 2
   97  00003094          	LC5_LF0:
   98  00003094  50726f64	.ascii "Producer %d inserted: %c\n\000"
   98  00003098  75636572	
   98  0000309c  20256420	
   98  000030a0  696e7365	
   98  000030a4  72746564	
   98  000030a8  3a202563	
   98  000030ac  0a00    	
   99  000030ae          	.align 2
  100  000030b0          	LC6_LF0:
  101  000030b0  70726f64	.ascii "producer: PID %d is complete.\n\000"
  101  000030b4  75636572	
  101  000030b8  3a205049	
  101  000030bc  44202564	
  101  000030c0  20697320	
  101  000030c4  636f6d70	
  101  000030c8  6c657465	
  101  000030cc  2e0a00  	
  102  000030cf          	.align 2
  103  000030d0          	LC7_LF0:
  104  000030d0  42616420	.ascii "Bad semaphore s_procs_completed (%d) in \000"
  104  000030d4  73656d61	
  104  000030d8  70686f72	
  104  000030dc  6520735f	
  104  000030e0  70726f63	
  104  000030e4  735f636f	
  104  000030e8  6d706c65	
  104  000030ec  74656420	
  104  000030f0  28256429	
  104  000030f4  20696e20	
  104  000030f8  00      	
  105  000030f9          	.align 2
  106  000030fc          	LC8_LF0:
  107  000030fc  65786974	.ascii "exiting..\n\000"
  107  00003100  696e672e	
  107  00003104  2e0a00  	
  108  00003107          	.text
  109  000010d4          	.align 2
  110  000010d4          	.proc _main
  111  000010d4          	.global _main
  112  000010d4          	_main:
  113                      ;  Function 'main'; 16 bytes of locals, 0 regs to save.
  114  000010d4  afbefffc	sw	-4(r29),r30; push fp
  115  000010d8  001df020	add	r30,r0,r29; fp = sp
  116  000010dc  afbffff8	sw	-8(r29),r31; push ret addr
  117  000010e0  2fbd0018	subui	r29,r29,#24; alloc local storage
  118  000010e4  8fc20000	lw	r2,(r30)
  119  000010e8  8fcc0004	lw	r12,4(r30)
  120  000010ec  0c001218	jal	___main
  121  000010f0  54000000	nop; not filled.
  122  000010f4  20090000	addi	r9,r0,#0
  123  000010f8  3c010000	lhi	r1,((LC0_LF0)>>16)&0xffff
  124  000010fc  24213000	addui	r1,r1,(LC0_LF0)&0xffff
  125  00001100  802f0000	lb	r15,(r1)
  126  00001104  a3cfffe8	sb	-24(r30),r15
  127  00001108  802f0001	lb	r15,1(r1)
  128  0000110c  a3cfffe9	sb	-23(r30),r15
  129  00001110  802f0002	lb	r15,2(r1)
  130  00001114  a3cfffea	sb	-22(r30),r15
  131  00001118  802f0003	lb	r15,3(r1)
  132  0000111c  a3cfffeb	sb	-21(r30),r15
  133  00001120  802f0004	lb	r15,4(r1)
  134  00001124  a3cfffec	sb	-20(r30),r15
  135  00001128  802f0005	lb	r15,5(r1)
  136  0000112c  a3cfffed	sb	-19(r30),r15
  137  00001130  802f0006	lb	r15,6(r1)
  138  00001134  a3cfffee	sb	-18(r30),r15
  139  00001138  802f0007	lb	r15,7(r1)
  140  0000113c  a3cfffef	sb	-17(r30),r15
  141  00001140  802f0008	lb	r15,8(r1)
  142  00001144  a3cffff0	sb	-16(r30),r15
  143  00001148  802f0009	lb	r15,9(r1)
  144  0000114c  a3cffff1	sb	-15(r30),r15
  145  00001150  802f000a	lb	r15,10(r1)
  146  00001154  a3cffff2	sb	-14(r30),r15
  147  00001158  8021000b	lb	r1,11(r1)
  148  0000115c  a3c1fff3	sb	-13(r30),r1
  149  00001160  64410006	snei	r1,r2,#6
  150  00001164  1020004c	beqz	r1,L14_LF0
  151  00001168  54000000	nop; not filled.
  152  0000116c  23bdfff8	addi	r29,r29,#-8
  153  00001170  3c0f0000	lhi	r15,((LC1_LF0)>>16)&0xffff
  154  00001174  25ef300c	addui	r15,r15,(LC1_LF0)&0xffff
  155  00001178  afaf0000	sw	(r29),r15
  156  0000117c  0c000380	jal	_Printf
  157  00001180  54000000	nop; not filled.
  158  00001184  8d8f0000	lw	r15,(r12)
  159  00001188  afaf0000	sw	(r29),r15
  160  0000118c  0c000370	jal	_Printf
  161  00001190  54000000	nop; not filled.
  162  00001194  3c0f0000	lhi	r15,((LC2_LF0)>>16)&0xffff
  163  00001198  25ef3014	addui	r15,r15,(LC2_LF0)&0xffff
  164  0000119c  afaf0000	sw	(r29),r15
  165  000011a0  0c00035c	jal	_Printf
  166  000011a4  54000000	nop; not filled.
  167  000011a8  0c000408	jal	_Exit
  168  000011ac  54000000	nop; not filled.
  169  000011b0  23bd0008	addi	r29,r29,#8
  170  000011b4          	L14_LF0:
  171  000011b4  23bdfff0	addi	r29,r29,#-16
  172  000011b8  8d8f0004	lw	r15,4(r12)
  173  000011bc  afaf0000	sw	(r29),r15
  174  000011c0  200f0000	addi	r15,r0,#0
  175  000011c4  afaf0004	sw	4(r29),r15
  176  000011c8  200f000a	addi	r15,r0,#10
  177  000011cc  afaf0008	sw	8(r29),r15
  178  000011d0  0c000c8c	jal	_dstrtol
  179  000011d4  54000000	nop; not filled.
  180  000011d8  00011020	add	r2,r0,r1
  181  000011dc  8d8f0008	lw	r15,8(r12)
  182  000011e0  afaf0000	sw	(r29),r15
  183  000011e4  200f0000	addi	r15,r0,#0
  184  000011e8  afaf0004	sw	4(r29),r15
  185  000011ec  200f000a	addi	r15,r0,#10
  186  000011f0  afaf0008	sw	8(r29),r15
  187  000011f4  0c000c68	jal	_dstrtol
  188  000011f8  54000000	nop; not filled.
  189  000011fc  00017020	add	r14,r0,r1
  190  00001200  8d8f000c	lw	r15,12(r12)
  191  00001204  afaf0000	sw	(r29),r15
  192  00001208  200f0000	addi	r15,r0,#0
  193  0000120c  afaf0004	sw	4(r29),r15
  194  00001210  200f000a	addi	r15,r0,#10
  195  00001214  afaf0008	sw	8(r29),r15
  196  00001218  0c000c44	jal	_dstrtol
  197  0000121c  54000000	nop; not filled.
  198  00001220  00014020	add	r8,r0,r1
  199  00001224  8d8f0010	lw	r15,16(r12)
  200  00001228  afaf0000	sw	(r29),r15
  201  0000122c  200f0000	addi	r15,r0,#0
  202  00001230  afaf0004	sw	4(r29),r15
  203  00001234  200f000a	addi	r15,r0,#10
  204  00001238  afaf0008	sw	8(r29),r15
  205  0000123c  0c000c20	jal	_dstrtol
  206  00001240  54000000	nop; not filled.
  207  00001244  00015020	add	r10,r0,r1
  208  00001248  8d8f0014	lw	r15,20(r12)
  209  0000124c  afaf0000	sw	(r29),r15
  210  00001250  200f0000	addi	r15,r0,#0
  211  00001254  afaf0004	sw	4(r29),r15
  212  00001258  200f000a	addi	r15,r0,#10
  213  0000125c  afaf0008	sw	8(r29),r15
  214  00001260  0c000bfc	jal	_dstrtol
  215  00001264  54000000	nop; not filled.
  216  00001268  00016820	add	r13,r0,r1
  217  0000126c  afa20000	sw	(r29),r2
  218  00001270  0c0002bc	jal	_shmat
  219  00001274  54000000	nop; not filled.
  220  00001278  00012020	add	r4,r0,r1
  221  0000127c  23bd0010	addi	r29,r29,#16
  222  00001280  64810000	snei	r1,r4,#0
  223  00001284  1420004c	bnez	r1,L15_LF0
  224  00001288  54000000	nop; not filled.
  225  0000128c  23bdfff8	addi	r29,r29,#-8
  226  00001290  3c0f0000	lhi	r15,((LC3_LF0)>>16)&0xffff
  227  00001294  25ef3064	addui	r15,r15,(LC3_LF0)&0xffff
  228  00001298  afaf0000	sw	(r29),r15
  229  0000129c  0c000260	jal	_Printf
  230  000012a0  54000000	nop; not filled.
  231  000012a4  8d8f0000	lw	r15,(r12)
  232  000012a8  afaf0000	sw	(r29),r15
  233  000012ac  0c000250	jal	_Printf
  234  000012b0  54000000	nop; not filled.
  235  000012b4  3c0f0000	lhi	r15,((LC4_LF0)>>16)&0xffff
  236  000012b8  25ef3088	addui	r15,r15,(LC4_LF0)&0xffff
  237  000012bc  afaf0000	sw	(r29),r15
  238  000012c0  0c00023c	jal	_Printf
  239  000012c4  54000000	nop; not filled.
  240  000012c8  0c0002e8	jal	_Exit
  241  000012cc  54000000	nop; not filled.
  242  000012d0  23bd0008	addi	r29,r29,#8
  243  000012d4          	L15_LF0:
  244  000012d4  23c7ffe8	addi	r7,r30,#-24
  245  000012d8  200b0005	addi	r11,r0,#5
  246  000012dc  00072820	add	r5,r0,r7
  247  000012e0          	L16_LF0:
  248  000012e0  23bdfff8	addi	r29,r29,#-8
  249  000012e4  afa70000	sw	(r29),r7
  250  000012e8  0c000744	jal	_dstrlen
  251  000012ec  54000000	nop; not filled.
  252  000012f0  23bd0008	addi	r29,r29,#8
  253  000012f4  0121082a	slt	r1,r9,r1
  254  000012f8  10200128	beqz	r1,L17_LF0
  255  000012fc  54000000	nop; not filled.
  256  00001300  23bdfff8	addi	r29,r29,#-8
  257  00001304  afa80000	sw	(r29),r8
  258  00001308  0c000260	jal	_lock_acquire
  259  0000130c  54000000	nop; not filled.
  260  00001310  23bd0008	addi	r29,r29,#8
  261  00001314  8c810000	lw	r1,(r4)
  262  00001318  20230001	addi	r3,r1,#1
  263  0000131c  00600035	movi2fp	f0,r3
  264  00001320  01600835	movi2fp	f1,r11
  265  00001324  0401000f	div	f0,f0,f1
  266  00001328  00001034	movfp2i	r2,f0
  267  0000132c  50410002	slli	r1,r2,#0x2
  268  00001330  00220820	add	r1,r1,r2
  269  00001334  00611022	sub	r2,r3,r1
  270  00001338  8c810004	lw	r1,4(r4)
  271  0000133c  00410828	seq	r1,r2,r1
  272  00001340  10200050	beqz	r1,L20_LF0
  273  00001344  54000000	nop; not filled.
  274  00001348  20060005	addi	r6,r0,#5
  275  0000134c          	L21_LF0:
  276  0000134c  23bdfff8	addi	r29,r29,#-8
  277  00001350  afaa0000	sw	(r29),r10
  278  00001354  0c000238	jal	_cond_wait
  279  00001358  54000000	nop; not filled.
  280  0000135c  23bd0008	addi	r29,r29,#8
  281  00001360  8c810000	lw	r1,(r4)
  282  00001364  20230001	addi	r3,r1,#1
  283  00001368  00600035	movi2fp	f0,r3
  284  0000136c  00c00835	movi2fp	f1,r6
  285  00001370  0401000f	div	f0,f0,f1
  286  00001374  00000834	movfp2i	r1,f0
  287  00001378  50220002	slli	r2,r1,#0x2
  288  0000137c  00410820	add	r1,r2,r1
  289  00001380  00611022	sub	r2,r3,r1
  290  00001384  8c810004	lw	r1,4(r4)
  291  00001388  00410828	seq	r1,r2,r1
  292  0000138c  1420ffbc	bnez	r1,L21_LF0
  293  00001390  54000000	nop; not filled.
  294  00001394          	L20_LF0:
  295  00001394  0c000174	jal	_getpid
  296  00001398  54000000	nop; not filled.
  297  0000139c  23bdfff0	addi	r29,r29,#-16
  298  000013a0  3c0f0000	lhi	r15,((LC5_LF0)>>16)&0xffff
  299  000013a4  25ef3094	addui	r15,r15,(LC5_LF0)&0xffff
  300  000013a8  afaf0000	sw	(r29),r15
  301  000013ac  afa10004	sw	4(r29),r1
  302  000013b0  90a10000	lbu	r1,(r5)
  303  000013b4  afa10008	sw	8(r29),r1
  304  000013b8  0c000144	jal	_Printf
  305  000013bc  54000000	nop; not filled.
  306  000013c0  8c810000	lw	r1,(r4)
  307  000013c4  00810820	add	r1,r4,r1
  308  000013c8  80af0000	lb	r15,(r5)
  309  000013cc  a02f0008	sb	8(r1),r15
  310  000013d0  8c810000	lw	r1,(r4)
  311  000013d4  20230001	addi	r3,r1,#1
  312  000013d8  00600035	movi2fp	f0,r3
  313  000013dc  01600835	movi2fp	f1,r11
  314  000013e0  0401000f	div	f0,f0,f1
  315  000013e4  00001034	movfp2i	r2,f0
  316  000013e8  50410002	slli	r1,r2,#0x2
  317  000013ec  00220820	add	r1,r1,r2
  318  000013f0  00610822	sub	r1,r3,r1
  319  000013f4  ac810000	sw	(r4),r1
  320  000013f8  20a50001	addi	r5,r5,#1
  321  000013fc  21290001	addi	r9,r9,#1
  322  00001400  afad0000	sw	(r29),r13
  323  00001404  0c000194	jal	_cond_signal
  324  00001408  54000000	nop; not filled.
  325  0000140c  afa80000	sw	(r29),r8
  326  00001410  0c000164	jal	_lock_release
  327  00001414  54000000	nop; not filled.
  328  00001418  23bd0010	addi	r29,r29,#16
  329  0000141c  0bfffec0	j	L16_LF0
  330  00001420  54000000	nop; not filled.
  331  00001424          	L17_LF0:
  332  00001424  0c0000e4	jal	_getpid
  333  00001428  54000000	nop; not filled.
  334  0000142c  23bdfff8	addi	r29,r29,#-8
  335  00001430  3c0f0000	lhi	r15,((LC6_LF0)>>16)&0xffff
  336  00001434  25ef30b0	addui	r15,r15,(LC6_LF0)&0xffff
  337  00001438  afaf0000	sw	(r29),r15
  338  0000143c  afa10004	sw	4(r29),r1
  339  00001440  0c0000bc	jal	_Printf
  340  00001444  54000000	nop; not filled.
  341  00001448  afae0000	sw	(r29),r14
  342  0000144c  0c000104	jal	_sem_signal
  343  00001450  54000000	nop; not filled.
  344  00001454  23bd0008	addi	r29,r29,#8
  345  00001458  64210001	snei	r1,r1,#1
  346  0000145c  10200050	beqz	r1,L23_LF0
  347  00001460  54000000	nop; not filled.
  348  00001464  23bdfff8	addi	r29,r29,#-8
  349  00001468  3c0f0000	lhi	r15,((LC7_LF0)>>16)&0xffff
  350  0000146c  25ef30d0	addui	r15,r15,(LC7_LF0)&0xffff
  351  00001470  afaf0000	sw	(r29),r15
  352  00001474  afae0004	sw	4(r29),r14
  353  00001478  0c000084	jal	_Printf
  354  0000147c  54000000	nop; not filled.
  355  00001480  8d8c0000	lw	r12,(r12)
  356  00001484  afac0000	sw	(r29),r12
  357  00001488  0c000074	jal	_Printf
  358  0000148c  54000000	nop; not filled.
  359  00001490  3c0f0000	lhi	r15,((LC8_LF0)>>16)&0xffff
  360  00001494  25ef30fc	addui	r15,r15,(LC8_LF0)&0xffff
  361  00001498  afaf0000	sw	(r29),r15
  362  0000149c  0c000060	jal	_Printf
  363  000014a0  54000000	nop; not filled.
  364  000014a4  0c00010c	jal	_Exit
  365  000014a8  54000000	nop; not filled.
  366  000014ac  23bd0008	addi	r29,r29,#8
  367  000014b0          	L23_LF0:
  368  000014b0  0c000e48	jal	_exit
  369  000014b4  54000000	nop
  370  000014b8          	.endproc _main
  371                      ;;;
  372                      ;;; Stub functions for DLX traps.
  373                      ;;;
  374                      ;;; Ethan L. Miller, 1999.  Released to the public domain.
  375                      ;;;
  376                      ;;; The traps such as Open and Close
  377                      ;;; (note the capital letters) are for use by user programs.  The traps
  378                      ;;; with names such as open and close (lower case) are for use by the OS.
  379                      ;;;
  382  000014b8          	.align 2
  384                      ;;; The following are the traps to be used by user-level programs
  385                      ;;;
  387  000014b8          	.align 2
  388  000014b8          	.proc _Open
  389  000014b8          	.global _Open
  390  000014b8          	_Open:
  391                      ;;; Note that trap #0x213 actually causes a trap vector in the OS of
  392                      ;;; 0x1213.  The same is true for other user traps.  Thus, a user trap
  393                      ;;; with trap #0x240 will result in a trap vector of 0x1240 in the OS.
  394  000014b8  44000213	trap	#0x213
  395  000014bc  4be00000	jr	r31
  396  000014c0  54000000	nop
  397  000014c4          	.endproc _Open
  399  000014c4          	.proc _Close
  400  000014c4          	.global _Close
  401  000014c4          	_Close:
  402  000014c4  44000214	trap	#0x214
  403  000014c8  4be00000	jr	r31
  404  000014cc  54000000	nop
  405  000014d0          	.endproc _Close
  407  000014d0          	.proc _Read
  408  000014d0          	.global _Read
  409  000014d0          	_Read:
  410  000014d0  44000210	trap	#0x210
  411  000014d4  4be00000	jr	r31
  412  000014d8  54000000	nop
  413  000014dc          	.endproc _Read
  415  000014dc          	.proc _Write
  416  000014dc          	.global _Write
  417  000014dc          	_Write:
  418  000014dc  44000211	trap	#0x211
  419  000014e0  4be00000	jr	r31
  420  000014e4  54000000	nop
  421  000014e8          	.endproc _Write
  423  000014e8          	.proc _Lseek
  424  000014e8          	.global _Lseek
  425  000014e8          	_Lseek:
  426  000014e8  44000212	trap	#0x212
  427  000014ec  4be00000	jr	r31
  428  000014f0  54000000	nop
  429  000014f4          	.endproc _Lseek
  431  000014f4          	.proc _Putchar
  432  000014f4          	.global _Putchar
  433  000014f4          	_Putchar:
  434  000014f4  44000280	trap	#0x280
  435  000014f8  4be00000	jr	r31
  436  000014fc  54000000	nop
  437  00001500          	.endproc _Putchar
  439  00001500          	.proc _Printf
  440  00001500          	.global _Printf
  441  00001500          	_Printf:
  442  00001500  44000201	trap	#0x201
  443  00001504  4be00000	jr	r31
  444  00001508  54000000	nop
  445  0000150c          	.endproc _Printf
  447  0000150c          	.proc _getpid
  448  0000150c          	.global _getpid
  449  0000150c          	_getpid:
  450  0000150c  44000431	trap	#0x431
  451  00001510  4be00000	jr	r31
  452  00001514  54000000	nop
  453  00001518          	.endproc _getpid
  455  00001518          	.proc _process_create
  456  00001518          	.global _process_create
  457  00001518          	_process_create:
  458  00001518  44000432	trap	#0x432
  459  0000151c  4be00000	jr	r31
  460  00001520  54000000	nop
  461  00001524          	.endproc _process_create
  463  00001524          	.proc _shmget
  464  00001524          	.global _shmget
  465  00001524          	_shmget:
  466  00001524  44000440	trap	#0x440
  467  00001528  4be00000	jr	r31
  468  0000152c  54000000	nop
  469  00001530          	.endproc _shmget
  471  00001530          	.proc _shmat
  472  00001530          	.global _shmat
  473  00001530          	_shmat:
  474  00001530  44000441	trap	#0x441
  475  00001534  4be00000	jr	r31
  476  00001538  54000000	nop
  477  0000153c          	.endproc _shmat
  479  0000153c          	.proc _sem_create
  480  0000153c          	.global _sem_create
  481  0000153c          	_sem_create:
  482  0000153c  44000450	trap	#0x450
  483  00001540  4be00000	jr	r31
  484  00001544  54000000	nop
  485  00001548          	.endproc _sem_create
  487  00001548          	.proc _sem_wait
  488  00001548          	.global _sem_wait
  489  00001548          	_sem_wait:
  490  00001548  44000451	trap	#0x451
  491  0000154c  4be00000	jr	r31
  492  00001550  54000000	nop
  493  00001554          	.endproc _sem_wait
  495  00001554          	.proc _sem_signal
  496  00001554          	.global _sem_signal
  497  00001554          	_sem_signal:
  498  00001554  44000452	trap	#0x452
  499  00001558  4be00000	jr	r31
  500  0000155c  54000000	nop
  501  00001560          	.endproc _sem_signal
  503  00001560          	.proc _lock_create
  504  00001560          	.global _lock_create
  505  00001560          	_lock_create:
  506  00001560  44000453	trap	#0x453
  507  00001564  4be00000	jr	r31
  508  00001568  54000000	nop
  509  0000156c          	.endproc _lock_create
  511  0000156c          	.proc _lock_acquire
  512  0000156c          	.global _lock_acquire
  513  0000156c          	_lock_acquire:
  514  0000156c  44000454	trap	#0x454
  515  00001570  4be00000	jr	r31
  516  00001574  54000000	nop
  517  00001578          	.endproc _lock_acquire
  519  00001578          	.proc _lock_release
  520  00001578          	.global _lock_release
  521  00001578          	_lock_release:
  522  00001578  44000455	trap	#0x455
  523  0000157c  4be00000	jr	r31
  524  00001580  54000000	nop
  525  00001584          	.endproc _lock_release
  527  00001584          	.proc _cond_create
  528  00001584          	.global _cond_create
  529  00001584          	_cond_create:
  530  00001584  44000456	trap	#0x456
  531  00001588  4be00000	jr	r31
  532  0000158c  54000000	nop
  533  00001590          	.endproc _cond_create
  535  00001590          	.proc _cond_wait
  536  00001590          	.global _cond_wait
  537  00001590          	_cond_wait:
  538  00001590  44000457	trap	#0x457
  539  00001594  4be00000	jr	r31
  540  00001598  54000000	nop
  541  0000159c          	.endproc _cond_wait
  543  0000159c          	.proc _cond_signal
  544  0000159c          	.global _cond_signal
  545  0000159c          	_cond_signal:
  546  0000159c  44000458	trap	#0x458
  547  000015a0  4be00000	jr	r31
  548  000015a4  54000000	nop
  549  000015a8          	.endproc _cond_signal
  551  000015a8          	.proc _cond_broadcast
  552  000015a8          	.global _cond_broadcast
  553  000015a8          	_cond_broadcast:
  554  000015a8  44000455	trap	#0x455
  555  000015ac  4be00000	jr	r31
  556  000015b0  54000000	nop
  557  000015b4          	.endproc _cond_broadcast
  559  000015b4          	.proc _Exit
  560  000015b4          	.global _Exit
  561  000015b4          	_Exit:
  562  000015b4  44000500	trap	#0x500
  563  000015b8  4be00000	jr	r31
  564  000015bc  54000000	nop
  565  000015c0          	.endproc _Exit
  566                      ; Compiled by GCC
  568  000015c0          	.align 2
  569  000015c0          	.proc _isspace
  570  000015c0          	.global _isspace
  571  000015c0          	_isspace:
  572                      ;  Function 'isspace'; 0 bytes of locals, 3 regs to save.
  573  000015c0  afbefffc	sw	-4(r29),r30; push fp
  574  000015c4  001df020	add	r30,r0,r29; fp = sp
  575  000015c8  afbffff8	sw	-8(r29),r31; push ret addr
  576  000015cc  2fbd0018	subui	r29,r29,#24; alloc local storage
  577  000015d0  afa20000	sw	0(r29),r2
  578  000015d4  afa30004	sw	4(r29),r3
  579  000015d8  afa40008	sw	8(r29),r4
  580  000015dc  83c20003	lb	r2,3(r30)
  581  000015e0  20010000	addi	r1,r0,#0
  582  000015e4  304300ff	andi	r3,r2,#0x00ff
  583  000015e8  60640020	seqi	r4,r3,#32
  584  000015ec  1480002c	bnez	r4,L3_LF2
  585  000015f0  54000000	nop; delay slot nop
  586  000015f4  304300ff	andi	r3,r2,#0x00ff
  587  000015f8  60640009	seqi	r4,r3,#9
  588  000015fc  1480001c	bnez	r4,L3_LF2
  589  00001600  54000000	nop; delay slot nop
  590  00001604  304300ff	andi	r3,r2,#0x00ff
  591  00001608  6064000a	seqi	r4,r3,#10
  592  0000160c  1480000c	bnez	r4,L3_LF2
  593  00001610  54000000	nop; delay slot nop
  594  00001614  08000008	j	L2_LF2
  595  00001618  54000000	nop; delay slot nop
  596  0000161c          	L3_LF2:
  597  0000161c  20010001	addi	r1,r0,#1
  598  00001620          	L2_LF2:
  599  00001620  08000004	j	L1_LF2
  600  00001624  54000000	nop; delay slot nop
  601  00001628          	L1_LF2:
  602  00001628  8fa20000	lw	r2,0(r29)
  603  0000162c  8fa30004	lw	r3,4(r29)
  604  00001630  8fa40008	lw	r4,8(r29)
  605  00001634  8fdffff8	lw	r31,-8(r30)
  606  00001638  001ee820	add	r29,r0,r30
  607  0000163c  8fdefffc	lw	r30,-4(r30)
  608  00001640  4be00000	jr	r31
  609  00001644  54000000	nop
  610  00001648          	.endproc _isspace
  611  00001648          	.align 2
  612  00001648          	.proc _isxdigit
  613  00001648          	.global _isxdigit
  614  00001648          	_isxdigit:
  615                      ;  Function 'isxdigit'; 0 bytes of locals, 3 regs to save.
  616  00001648  afbefffc	sw	-4(r29),r30; push fp
  617  0000164c  001df020	add	r30,r0,r29; fp = sp
  618  00001650  afbffff8	sw	-8(r29),r31; push ret addr
  619  00001654  2fbd0018	subui	r29,r29,#24; alloc local storage
  620  00001658  afa20000	sw	0(r29),r2
  621  0000165c  afa30004	sw	4(r29),r3
  622  00001660  afa40008	sw	8(r29),r4
  623  00001664  83c20003	lb	r2,3(r30)
  624  00001668  20010000	addi	r1,r0,#0
  625  0000166c  304300ff	andi	r3,r2,#0x00ff
  626  00001670  6c64002f	sgtui	r4,r3,#47
  627  00001674  1080001c	beqz	r4,L7_LF2
  628  00001678  54000000	nop; delay slot nop
  629  0000167c  304300ff	andi	r3,r2,#0x00ff
  630  00001680  70640039	sleui	r4,r3,#57
  631  00001684  1480005c	bnez	r4,L6_LF2
  632  00001688  54000000	nop; delay slot nop
  633  0000168c  08000004	j	L7_LF2
  634  00001690  54000000	nop; delay slot nop
  635  00001694          	L7_LF2:
  636  00001694  304300ff	andi	r3,r2,#0x00ff
  637  00001698  6c640060	sgtui	r4,r3,#96
  638  0000169c  1080001c	beqz	r4,L8_LF2
  639  000016a0  54000000	nop; delay slot nop
  640  000016a4  304300ff	andi	r3,r2,#0x00ff
  641  000016a8  70640066	sleui	r4,r3,#102
  642  000016ac  14800034	bnez	r4,L6_LF2
  643  000016b0  54000000	nop; delay slot nop
  644  000016b4  08000004	j	L8_LF2
  645  000016b8  54000000	nop; delay slot nop
  646  000016bc          	L8_LF2:
  647  000016bc  304300ff	andi	r3,r2,#0x00ff
  648  000016c0  6c640040	sgtui	r4,r3,#64
  649  000016c4  10800020	beqz	r4,L5_LF2
  650  000016c8  54000000	nop; delay slot nop
  651  000016cc  304300ff	andi	r3,r2,#0x00ff
  652  000016d0  70640041	sleui	r4,r3,#65
  653  000016d4  1480000c	bnez	r4,L6_LF2
  654  000016d8  54000000	nop; delay slot nop
  655  000016dc  08000008	j	L5_LF2
  656  000016e0  54000000	nop; delay slot nop
  657  000016e4          	L6_LF2:
  658  000016e4  20010001	addi	r1,r0,#1
  659  000016e8          	L5_LF2:
  660  000016e8  08000004	j	L4_LF2
  661  000016ec  54000000	nop; delay slot nop
  662  000016f0          	L4_LF2:
  663  000016f0  8fa20000	lw	r2,0(r29)
  664  000016f4  8fa30004	lw	r3,4(r29)
  665  000016f8  8fa40008	lw	r4,8(r29)
  666  000016fc  8fdffff8	lw	r31,-8(r30)
  667  00001700  001ee820	add	r29,r0,r30
  668  00001704  8fdefffc	lw	r30,-4(r30)
  669  00001708  4be00000	jr	r31
  670  0000170c  54000000	nop
  671  00001710          	.endproc _isxdigit
  672  00001710          	.align 2
  673  00001710          	.proc _dstrcpy
  674  00001710          	.global _dstrcpy
  675  00001710          	_dstrcpy:
  676                      ;  Function 'dstrcpy'; 8 bytes of locals, 2 regs to save.
  677  00001710  afbefffc	sw	-4(r29),r30; push fp
  678  00001714  001df020	add	r30,r0,r29; fp = sp
  679  00001718  afbffff8	sw	-8(r29),r31; push ret addr
  680  0000171c  2fbd0018	subui	r29,r29,#24; alloc local storage
  681  00001720  afa20000	sw	0(r29),r2
  682  00001724  afa30004	sw	4(r29),r3
  683  00001728  8fc10000	lw	r1,(r30)
  684  0000172c  afc1fff4	sw	-12(r30),r1
  685  00001730          	L10_LF2:
  686  00001730  8fc10000	lw	r1,(r30)
  687  00001734  20220001	addi	r2,r1,#1
  688  00001738  afc20000	sw	(r30),r2
  689  0000173c  8fc20004	lw	r2,4(r30)
  690  00001740  20430001	addi	r3,r2,#1
  691  00001744  afc30004	sw	4(r30),r3
  692  00001748  80420000	lb	r2,(r2)
  693  0000174c  a0220000	sb	(r1),r2
  694  00001750  a3c2fff3	sb	-13(r30),r2
  695  00001754          	L12_LF2:
  696  00001754  93c1fff3	lbu	r1,-13(r30)
  697  00001758  64220000	snei	r2,r1,#0
  698  0000175c  1440000c	bnez	r2,L13_LF2
  699  00001760  54000000	nop; delay slot nop
  700  00001764  0800000c	j	L11_LF2
  701  00001768  54000000	nop; delay slot nop
  702  0000176c          	L13_LF2:
  703  0000176c  0bffffc0	j	L10_LF2
  704  00001770  54000000	nop; delay slot nop
  705  00001774          	L11_LF2:
  706  00001774  8fc1fff4	lw	r1,-12(r30)
  707  00001778  08000004	j	L9_LF2
  708  0000177c  54000000	nop; delay slot nop
  709  00001780          	L9_LF2:
  710  00001780  8fa20000	lw	r2,0(r29)
  711  00001784  8fa30004	lw	r3,4(r29)
  712  00001788  8fdffff8	lw	r31,-8(r30)
  713  0000178c  001ee820	add	r29,r0,r30
  714  00001790  8fdefffc	lw	r30,-4(r30)
  715  00001794  4be00000	jr	r31
  716  00001798  54000000	nop
  717  0000179c          	.endproc _dstrcpy
  718  0000179c          	.align 2
  719  0000179c          	.proc _dstrncpy
  720  0000179c          	.global _dstrncpy
  721  0000179c          	_dstrncpy:
  722                      ;  Function 'dstrncpy'; 8 bytes of locals, 2 regs to save.
  723  0000179c  afbefffc	sw	-4(r29),r30; push fp
  724  000017a0  001df020	add	r30,r0,r29; fp = sp
  725  000017a4  afbffff8	sw	-8(r29),r31; push ret addr
  726  000017a8  2fbd0018	subui	r29,r29,#24; alloc local storage
  727  000017ac  afa20000	sw	0(r29),r2
  728  000017b0  afa30004	sw	4(r29),r3
  729  000017b4  8fc10000	lw	r1,(r30)
  730  000017b8  afc1fff4	sw	-12(r30),r1
  731  000017bc          	L15_LF2:
  732  000017bc  8fc10008	lw	r1,8(r30)
  733  000017c0  2022ffff	addi	r2,r1,#-1
  734  000017c4  afc20008	sw	8(r30),r2
  735  000017c8  70210000	slei	r1,r1,#0
  736  000017cc  1020000c	beqz	r1,L18_LF2
  737  000017d0  54000000	nop; delay slot nop
  738  000017d4  08000048	j	L16_LF2
  739  000017d8  54000000	nop; delay slot nop
  740  000017dc          	L18_LF2:
  741  000017dc  8fc10000	lw	r1,(r30)
  742  000017e0  20220001	addi	r2,r1,#1
  743  000017e4  afc20000	sw	(r30),r2
  744  000017e8  8fc20004	lw	r2,4(r30)
  745  000017ec  20430001	addi	r3,r2,#1
  746  000017f0  afc30004	sw	4(r30),r3
  747  000017f4  80420000	lb	r2,(r2)
  748  000017f8  a0220000	sb	(r1),r2
  749  000017fc  a3c2fff3	sb	-13(r30),r2
  750  00001800          	L17_LF2:
  751  00001800  93c1fff3	lbu	r1,-13(r30)
  752  00001804  64220000	snei	r2,r1,#0
  753  00001808  1440000c	bnez	r2,L19_LF2
  754  0000180c  54000000	nop; delay slot nop
  755  00001810  0800000c	j	L16_LF2
  756  00001814  54000000	nop; delay slot nop
  757  00001818          	L19_LF2:
  758  00001818  0bffffa0	j	L15_LF2
  759  0000181c  54000000	nop; delay slot nop
  760  00001820          	L16_LF2:
  761  00001820  8fc1fff4	lw	r1,-12(r30)
  762  00001824  08000004	j	L14_LF2
  763  00001828  54000000	nop; delay slot nop
  764  0000182c          	L14_LF2:
  765  0000182c  8fa20000	lw	r2,0(r29)
  766  00001830  8fa30004	lw	r3,4(r29)
  767  00001834  8fdffff8	lw	r31,-8(r30)
  768  00001838  001ee820	add	r29,r0,r30
  769  0000183c  8fdefffc	lw	r30,-4(r30)
  770  00001840  4be00000	jr	r31
  771  00001844  54000000	nop
  772  00001848          	.endproc _dstrncpy
  773  00001848          	.align 2
  774  00001848          	.proc _dstrcat
  775  00001848          	.global _dstrcat
  776  00001848          	_dstrcat:
  777                      ;  Function 'dstrcat'; 8 bytes of locals, 1 regs to save.
  778  00001848  afbefffc	sw	-4(r29),r30; push fp
  779  0000184c  001df020	add	r30,r0,r29; fp = sp
  780  00001850  afbffff8	sw	-8(r29),r31; push ret addr
  781  00001854  2fbd0018	subui	r29,r29,#24; alloc local storage
  782  00001858  afa20000	sw	0(r29),r2
  783  0000185c  8fc10000	lw	r1,(r30)
  784  00001860  afc1fff4	sw	-12(r30),r1
  785  00001864          	L21_LF2:
  786  00001864  8fc10000	lw	r1,(r30)
  787  00001868  90220000	lbu	r2,(r1)
  788  0000186c  64410000	snei	r1,r2,#0
  789  00001870  1420000c	bnez	r1,L23_LF2
  790  00001874  54000000	nop; delay slot nop
  791  00001878  0800001c	j	L22_LF2
  792  0000187c  54000000	nop; delay slot nop
  793  00001880          	L23_LF2:
  794  00001880  8fc20000	lw	r2,(r30)
  795  00001884  20410001	addi	r1,r2,#1
  796  00001888  00011020	add	r2,r0,r1
  797  0000188c  afc20000	sw	(r30),r2
  798  00001890  0bffffd0	j	L21_LF2
  799  00001894  54000000	nop; delay slot nop
  800  00001898          	L22_LF2:
  801  00001898  23bdfff8	addi	r29,r29,#-8
  802  0000189c  001d0820	add	r1,r0,r29
  803  000018a0  8fc20000	lw	r2,(r30)
  804  000018a4  ac220000	sw	(r1),r2
  805  000018a8  8fc20004	lw	r2,4(r30)
  806  000018ac  ac220004	sw	4(r1),r2
  807  000018b0  0ffffe5c	jal	_dstrcpy
  808  000018b4  54000000	nop; delay slot nop
  809  000018b8  23bd0008	addi	r29,r29,#8
  810  000018bc  8fc1fff4	lw	r1,-12(r30)
  811  000018c0  08000004	j	L20_LF2
  812  000018c4  54000000	nop; delay slot nop
  813  000018c8          	L20_LF2:
  814  000018c8  8fa20000	lw	r2,0(r29)
  815  000018cc  8fdffff8	lw	r31,-8(r30)
  816  000018d0  001ee820	add	r29,r0,r30
  817  000018d4  8fdefffc	lw	r30,-4(r30)
  818  000018d8  4be00000	jr	r31
  819  000018dc  54000000	nop
  820  000018e0          	.endproc _dstrcat
  821  000018e0          	.align 2
  822  000018e0          	.proc _dstrncmp
  823  000018e0          	.global _dstrncmp
  824  000018e0          	_dstrncmp:
  825                      ;  Function 'dstrncmp'; 8 bytes of locals, 2 regs to save.
  826  000018e0  afbefffc	sw	-4(r29),r30; push fp
  827  000018e4  001df020	add	r30,r0,r29; fp = sp
  828  000018e8  afbffff8	sw	-8(r29),r31; push ret addr
  829  000018ec  2fbd0018	subui	r29,r29,#24; alloc local storage
  830  000018f0  afa20000	sw	0(r29),r2
  831  000018f4  afa30004	sw	4(r29),r3
  832  000018f8  54000000	nop
  833  000018fc  20010000	addi	r1,r0,#0
  834  00001900  afc1fff4	sw	-12(r30),r1
  835  00001904          	L25_LF2:
  836  00001904  8fc1fff4	lw	r1,-12(r30)
  837  00001908  8fc20008	lw	r2,8(r30)
  838  0000190c  0022082a	slt	r1,r1,r2
  839  00001910  1420000c	bnez	r1,L28_LF2
  840  00001914  54000000	nop; delay slot nop
  841  00001918  08000088	j	L26_LF2
  842  0000191c  54000000	nop; delay slot nop
  843  00001920          	L28_LF2:
  844  00001920  8fc10004	lw	r1,4(r30)
  845  00001924  90220000	lbu	r2,(r1)
  846  00001928  64410000	snei	r1,r2,#0
  847  0000192c  14200018	bnez	r1,L29_LF2
  848  00001930  54000000	nop; delay slot nop
  849  00001934  20010000	addi	r1,r0,#0
  850  00001938  080000d8	j	L24_LF2
  851  0000193c  54000000	nop; delay slot nop
  852  00001940  08000028	j	L30_LF2
  853  00001944  54000000	nop; delay slot nop
  854  00001948          	L29_LF2:
  855  00001948  8fc10000	lw	r1,(r30)
  856  0000194c  8fc20004	lw	r2,4(r30)
  857  00001950  90210000	lbu	r1,(r1)
  858  00001954  90420000	lbu	r2,(r2)
  859  00001958  00220829	sne	r1,r1,r2
  860  0000195c  1020000c	beqz	r1,L30_LF2
  861  00001960  54000000	nop; delay slot nop
  862  00001964  0800003c	j	L26_LF2
  863  00001968  54000000	nop; delay slot nop
  864  0000196c          	L31_LF2:
  865  0000196c          	L30_LF2:
  866  0000196c  8fc20000	lw	r2,(r30)
  867  00001970  20410001	addi	r1,r2,#1
  868  00001974  00011020	add	r2,r0,r1
  869  00001978  afc20000	sw	(r30),r2
  870  0000197c  8fc20004	lw	r2,4(r30)
  871  00001980  20410001	addi	r1,r2,#1
  872  00001984  00011020	add	r2,r0,r1
  873  00001988  afc20004	sw	4(r30),r2
  874  0000198c          	L27_LF2:
  875  0000198c  8fc2fff4	lw	r2,-12(r30)
  876  00001990  20410001	addi	r1,r2,#1
  877  00001994  00011020	add	r2,r0,r1
  878  00001998  afc2fff4	sw	-12(r30),r2
  879  0000199c  0bffff64	j	L25_LF2
  880  000019a0  54000000	nop; delay slot nop
  881  000019a4          	L26_LF2:
  882  000019a4  8fc1fff4	lw	r1,-12(r30)
  883  000019a8  8fc20008	lw	r2,8(r30)
  884  000019ac  00220828	seq	r1,r1,r2
  885  000019b0  10200018	beqz	r1,L32_LF2
  886  000019b4  54000000	nop; delay slot nop
  887  000019b8  20010000	addi	r1,r0,#0
  888  000019bc  08000054	j	L24_LF2
  889  000019c0  54000000	nop; delay slot nop
  890  000019c4  0800004c	j	L33_LF2
  891  000019c8  54000000	nop; delay slot nop
  892  000019cc          	L32_LF2:
  893  000019cc  8fc20000	lw	r2,(r30)
  894  000019d0  90410000	lbu	r1,(r2)
  895  000019d4  8fc20004	lw	r2,4(r30)
  896  000019d8  90430000	lbu	r3,(r2)
  897  000019dc  00230822	sub	r1,r1,r3
  898  000019e0  74220000	sgei	r2,r1,#0
  899  000019e4  10400020	beqz	r2,L34_LF2
  900  000019e8  54000000	nop; delay slot nop
  901  000019ec  8fc10000	lw	r1,(r30)
  902  000019f0  8fc20004	lw	r2,4(r30)
  903  000019f4  90210000	lbu	r1,(r1)
  904  000019f8  90420000	lbu	r2,(r2)
  905  000019fc  00220829	sne	r1,r1,r2
  906  00001a00  08000008	j	L35_LF2
  907  00001a04  54000000	nop; delay slot nop
  908  00001a08          	L34_LF2:
  909  00001a08  2001ffff	addi	r1,r0,#-1
  910  00001a0c          	L35_LF2:
  911  00001a0c  08000004	j	L24_LF2
  912  00001a10  54000000	nop; delay slot nop
  913  00001a14          	L33_LF2:
  914  00001a14          	L24_LF2:
  915  00001a14  8fa20000	lw	r2,0(r29)
  916  00001a18  8fa30004	lw	r3,4(r29)
  917  00001a1c  8fdffff8	lw	r31,-8(r30)
  918  00001a20  001ee820	add	r29,r0,r30
  919  00001a24  8fdefffc	lw	r30,-4(r30)
  920  00001a28  4be00000	jr	r31
  921  00001a2c  54000000	nop
  922  00001a30          	.endproc _dstrncmp
  923  00001a30          	.align 2
  924  00001a30          	.proc _dstrlen
  925  00001a30          	.global _dstrlen
  926  00001a30          	_dstrlen:
  927                      ;  Function 'dstrlen'; 8 bytes of locals, 1 regs to save.
  928  00001a30  afbefffc	sw	-4(r29),r30; push fp
  929  00001a34  001df020	add	r30,r0,r29; fp = sp
  930  00001a38  afbffff8	sw	-8(r29),r31; push ret addr
  931  00001a3c  2fbd0018	subui	r29,r29,#24; alloc local storage
  932  00001a40  afa20000	sw	0(r29),r2
  933  00001a44  20010000	addi	r1,r0,#0
  934  00001a48  afc1fff4	sw	-12(r30),r1
  935  00001a4c          	L37_LF2:
  936  00001a4c  8fc10000	lw	r1,(r30)
  937  00001a50  20220001	addi	r2,r1,#1
  938  00001a54  afc20000	sw	(r30),r2
  939  00001a58  90210000	lbu	r1,(r1)
  940  00001a5c  64220000	snei	r2,r1,#0
  941  00001a60  1440000c	bnez	r2,L39_LF2
  942  00001a64  54000000	nop; delay slot nop
  943  00001a68  0800001c	j	L38_LF2
  944  00001a6c  54000000	nop; delay slot nop
  945  00001a70          	L39_LF2:
  946  00001a70  8fc2fff4	lw	r2,-12(r30)
  947  00001a74  20410001	addi	r1,r2,#1
  948  00001a78  00011020	add	r2,r0,r1
  949  00001a7c  afc2fff4	sw	-12(r30),r2
  950  00001a80  0bffffc8	j	L37_LF2
  951  00001a84  54000000	nop; delay slot nop
  952  00001a88          	L38_LF2:
  953  00001a88  8fc1fff4	lw	r1,-12(r30)
  954  00001a8c  08000004	j	L36_LF2
  955  00001a90  54000000	nop; delay slot nop
  956  00001a94          	L36_LF2:
  957  00001a94  8fa20000	lw	r2,0(r29)
  958  00001a98  8fdffff8	lw	r31,-8(r30)
  959  00001a9c  001ee820	add	r29,r0,r30
  960  00001aa0  8fdefffc	lw	r30,-4(r30)
  961  00001aa4  4be00000	jr	r31
  962  00001aa8  54000000	nop
  963  00001aac          	.endproc _dstrlen
  964  00001aac          	.align 2
  965  00001aac          	.proc _dstrstr
  966  00001aac          	.global _dstrstr
  967  00001aac          	_dstrstr:
  968                      ;  Function 'dstrstr'; 8 bytes of locals, 1 regs to save.
  969  00001aac  afbefffc	sw	-4(r29),r30; push fp
  970  00001ab0  001df020	add	r30,r0,r29; fp = sp
  971  00001ab4  afbffff8	sw	-8(r29),r31; push ret addr
  972  00001ab8  2fbd0018	subui	r29,r29,#24; alloc local storage
  973  00001abc  afa20000	sw	0(r29),r2
  974  00001ac0  23bdfff8	addi	r29,r29,#-8
  975  00001ac4  001d0820	add	r1,r0,r29
  976  00001ac8  8fc20004	lw	r2,4(r30)
  977  00001acc  ac220000	sw	(r1),r2
  978  00001ad0  0fffff5c	jal	_dstrlen
  979  00001ad4  54000000	nop; delay slot nop
  980  00001ad8  23bd0008	addi	r29,r29,#8
  981  00001adc  afc1fff4	sw	-12(r30),r1
  982  00001ae0          	L41_LF2:
  983  00001ae0  8fc10000	lw	r1,(r30)
  984  00001ae4  90220000	lbu	r2,(r1)
  985  00001ae8  64410000	snei	r1,r2,#0
  986  00001aec  1420000c	bnez	r1,L43_LF2
  987  00001af0  54000000	nop; delay slot nop
  988  00001af4  08000060	j	L42_LF2
  989  00001af8  54000000	nop; delay slot nop
  990  00001afc          	L43_LF2:
  991  00001afc  23bdfff0	addi	r29,r29,#-16
  992  00001b00  001d0820	add	r1,r0,r29
  993  00001b04  8fc20000	lw	r2,(r30)
  994  00001b08  ac220000	sw	(r1),r2
  995  00001b0c  8fc20004	lw	r2,4(r30)
  996  00001b10  ac220004	sw	4(r1),r2
  997  00001b14  8fc2fff4	lw	r2,-12(r30)
  998  00001b18  ac220008	sw	8(r1),r2
  999  00001b1c  0ffffdc0	jal	_dstrncmp
 1000  00001b20  54000000	nop; delay slot nop
 1001  00001b24  23bd0010	addi	r29,r29,#16
 1002  00001b28  64220000	snei	r2,r1,#0
 1003  00001b2c  14400010	bnez	r2,L44_LF2
 1004  00001b30  54000000	nop; delay slot nop
 1005  00001b34  8fc10000	lw	r1,(r30)
 1006  00001b38  08000028	j	L40_LF2
 1007  00001b3c  54000000	nop; delay slot nop
 1008  00001b40          	L44_LF2:
 1009  00001b40  8fc20000	lw	r2,(r30)
 1010  00001b44  20410001	addi	r1,r2,#1
 1011  00001b48  00011020	add	r2,r0,r1
 1012  00001b4c  afc20000	sw	(r30),r2
 1013  00001b50  0bffff8c	j	L41_LF2
 1014  00001b54  54000000	nop; delay slot nop
 1015  00001b58          	L42_LF2:
 1016  00001b58  20010000	addi	r1,r0,#0
 1017  00001b5c  08000004	j	L40_LF2
 1018  00001b60  54000000	nop; delay slot nop
 1019  00001b64          	L40_LF2:
 1020  00001b64  8fa20000	lw	r2,0(r29)
 1021  00001b68  8fdffff8	lw	r31,-8(r30)
 1022  00001b6c  001ee820	add	r29,r0,r30
 1023  00001b70  8fdefffc	lw	r30,-4(r30)
 1024  00001b74  4be00000	jr	r31
 1025  00001b78  54000000	nop
 1026  00001b7c          	.endproc _dstrstr
 1027  00001b7c          	.align 2
 1028  00001b7c          	.proc _dmindex
 1029  00001b7c          	.global _dmindex
 1030  00001b7c          	_dmindex:
 1031                      ;  Function 'dmindex'; 8 bytes of locals, 1 regs to save.
 1032  00001b7c  afbefffc	sw	-4(r29),r30; push fp
 1033  00001b80  001df020	add	r30,r0,r29; fp = sp
 1034  00001b84  afbffff8	sw	-8(r29),r31; push ret addr
 1035  00001b88  2fbd0018	subui	r29,r29,#24; alloc local storage
 1036  00001b8c  afa20000	sw	0(r29),r2
 1037  00001b90  54000000	nop
 1038  00001b94          	L46_LF2:
 1039  00001b94  8fc10000	lw	r1,(r30)
 1040  00001b98  90220000	lbu	r2,(r1)
 1041  00001b9c  64410000	snei	r1,r2,#0
 1042  00001ba0  1420000c	bnez	r1,L48_LF2
 1043  00001ba4  54000000	nop; delay slot nop
 1044  00001ba8  08000070	j	L47_LF2
 1045  00001bac  54000000	nop; delay slot nop
 1046  00001bb0          	L48_LF2:
 1047  00001bb0  8fc10004	lw	r1,4(r30)
 1048  00001bb4  afc1fff4	sw	-12(r30),r1
 1049  00001bb8          	L49_LF2:
 1050  00001bb8  8fc1fff4	lw	r1,-12(r30)
 1051  00001bbc  90220000	lbu	r2,(r1)
 1052  00001bc0  64410000	snei	r1,r2,#0
 1053  00001bc4  1420000c	bnez	r1,L52_LF2
 1054  00001bc8  54000000	nop; delay slot nop
 1055  00001bcc  08000044	j	L50_LF2
 1056  00001bd0  54000000	nop; delay slot nop
 1057  00001bd4          	L52_LF2:
 1058  00001bd4  8fc10000	lw	r1,(r30)
 1059  00001bd8  8fc2fff4	lw	r2,-12(r30)
 1060  00001bdc  90210000	lbu	r1,(r1)
 1061  00001be0  90420000	lbu	r2,(r2)
 1062  00001be4  00220828	seq	r1,r1,r2
 1063  00001be8  10200010	beqz	r1,L51_LF2
 1064  00001bec  54000000	nop; delay slot nop
 1065  00001bf0  8fc10000	lw	r1,(r30)
 1066  00001bf4  08000030	j	L45_LF2
 1067  00001bf8  54000000	nop; delay slot nop
 1068  00001bfc          	L53_LF2:
 1069  00001bfc          	L51_LF2:
 1070  00001bfc  8fc2fff4	lw	r2,-12(r30)
 1071  00001c00  20410001	addi	r1,r2,#1
 1072  00001c04  00011020	add	r2,r0,r1
 1073  00001c08  afc2fff4	sw	-12(r30),r2
 1074  00001c0c  0bffffa8	j	L49_LF2
 1075  00001c10  54000000	nop; delay slot nop
 1076  00001c14          	L50_LF2:
 1077  00001c14  0bffff7c	j	L46_LF2
 1078  00001c18  54000000	nop; delay slot nop
 1079  00001c1c          	L47_LF2:
 1080  00001c1c  20010000	addi	r1,r0,#0
 1081  00001c20  08000004	j	L45_LF2
 1082  00001c24  54000000	nop; delay slot nop
 1083  00001c28          	L45_LF2:
 1084  00001c28  8fa20000	lw	r2,0(r29)
 1085  00001c2c  8fdffff8	lw	r31,-8(r30)
 1086  00001c30  001ee820	add	r29,r0,r30
 1087  00001c34  8fdefffc	lw	r30,-4(r30)
 1088  00001c38  4be00000	jr	r31
 1089  00001c3c  54000000	nop
 1090  00001c40          	.endproc _dmindex
 1091  00001c40          	.align 2
 1092  00001c40          	.proc _dindex
 1093  00001c40          	.global _dindex
 1094  00001c40          	_dindex:
 1095                      ;  Function 'dindex'; 0 bytes of locals, 1 regs to save.
 1096  00001c40  afbefffc	sw	-4(r29),r30; push fp
 1097  00001c44  001df020	add	r30,r0,r29; fp = sp
 1098  00001c48  afbffff8	sw	-8(r29),r31; push ret addr
 1099  00001c4c  2fbd0010	subui	r29,r29,#16; alloc local storage
 1100  00001c50  afa20000	sw	0(r29),r2
 1101  00001c54  54000000	nop
 1102  00001c58          	L55_LF2:
 1103  00001c58  8fc10000	lw	r1,(r30)
 1104  00001c5c  90220000	lbu	r2,(r1)
 1105  00001c60  64410000	snei	r1,r2,#0
 1106  00001c64  1420000c	bnez	r1,L57_LF2
 1107  00001c68  54000000	nop; delay slot nop
 1108  00001c6c  08000040	j	L56_LF2
 1109  00001c70  54000000	nop; delay slot nop
 1110  00001c74          	L57_LF2:
 1111  00001c74  8fc10000	lw	r1,(r30)
 1112  00001c78  90220000	lbu	r2,(r1)
 1113  00001c7c  8fc10004	lw	r1,4(r30)
 1114  00001c80  00411028	seq	r2,r2,r1
 1115  00001c84  10400010	beqz	r2,L58_LF2
 1116  00001c88  54000000	nop; delay slot nop
 1117  00001c8c  8fc10000	lw	r1,(r30)
 1118  00001c90  08000028	j	L54_LF2
 1119  00001c94  54000000	nop; delay slot nop
 1120  00001c98          	L58_LF2:
 1121  00001c98  8fc20000	lw	r2,(r30)
 1122  00001c9c  20410001	addi	r1,r2,#1
 1123  00001ca0  00011020	add	r2,r0,r1
 1124  00001ca4  afc20000	sw	(r30),r2
 1125  00001ca8  0bffffac	j	L55_LF2
 1126  00001cac  54000000	nop; delay slot nop
 1127  00001cb0          	L56_LF2:
 1128  00001cb0  20010000	addi	r1,r0,#0
 1129  00001cb4  08000004	j	L54_LF2
 1130  00001cb8  54000000	nop; delay slot nop
 1131  00001cbc          	L54_LF2:
 1132  00001cbc  8fa20000	lw	r2,0(r29)
 1133  00001cc0  8fdffff8	lw	r31,-8(r30)
 1134  00001cc4  001ee820	add	r29,r0,r30
 1135  00001cc8  8fdefffc	lw	r30,-4(r30)
 1136  00001ccc  4be00000	jr	r31
 1137  00001cd0  54000000	nop
 1138  00001cd4          	.endproc _dindex
 1139  00001cd4          	.align 2
 1140  00001cd4          	.proc _ditoa
 1141  00001cd4          	.global _ditoa
 1142  00001cd4          	_ditoa:
 1143                      ;  Function 'ditoa'; 8 bytes of locals, 2 regs to save.
 1144  00001cd4  afbefffc	sw	-4(r29),r30; push fp
 1145  00001cd8  001df020	add	r30,r0,r29; fp = sp
 1146  00001cdc  afbffff8	sw	-8(r29),r31; push ret addr
 1147  00001ce0  2fbd0018	subui	r29,r29,#24; alloc local storage
 1148  00001ce4  afa20000	sw	0(r29),r2
 1149  00001ce8  afa30004	sw	4(r29),r3
 1150  00001cec  8fc10000	lw	r1,(r30)
 1151  00001cf0  68220000	slti	r2,r1,#0
 1152  00001cf4  1040002c	beqz	r2,L60_LF2
 1153  00001cf8  54000000	nop; delay slot nop
 1154  00001cfc  8fc10004	lw	r1,4(r30)
 1155  00001d00  20220001	addi	r2,r1,#1
 1156  00001d04  afc20004	sw	4(r30),r2
 1157  00001d08  2002002d	addi	r2,r0,(#0x2d)&0xff
 1158  00001d0c  a0220000	sb	(r1),r2
 1159  00001d10  8fc10000	lw	r1,(r30)
 1160  00001d14  00011022	sub	r2,r0,r1
 1161  00001d18  afc20000	sw	(r30),r2
 1162  00001d1c  08000118	j	L61_LF2
 1163  00001d20  54000000	nop; delay slot nop
 1164  00001d24          	L60_LF2:
 1165  00001d24  8fc10000	lw	r1,(r30)
 1166  00001d28  64220000	snei	r2,r1,#0
 1167  00001d2c  14400020	bnez	r2,L62_LF2
 1168  00001d30  54000000	nop; delay slot nop
 1169  00001d34  8fc10004	lw	r1,4(r30)
 1170  00001d38  20220001	addi	r2,r1,#1
 1171  00001d3c  afc20004	sw	4(r30),r2
 1172  00001d40  20020030	addi	r2,r0,(#0x30)&0xff
 1173  00001d44  a0220000	sb	(r1),r2
 1174  00001d48  080000ec	j	L61_LF2
 1175  00001d4c  54000000	nop; delay slot nop
 1176  00001d50          	L62_LF2:
 1177  00001d50  20010001	addi	r1,r0,#1
 1178  00001d54  afc1fff4	sw	-12(r30),r1
 1179  00001d58          	L64_LF2:
 1180  00001d58  8fc1fff4	lw	r1,-12(r30)
 1181  00001d5c  8fc20000	lw	r2,(r30)
 1182  00001d60  0022082c	sle	r1,r1,r2
 1183  00001d64  1420000c	bnez	r1,L66_LF2
 1184  00001d68  54000000	nop; delay slot nop
 1185  00001d6c  08000024	j	L65_LF2
 1186  00001d70  54000000	nop; delay slot nop
 1187  00001d74          	L67_LF2:
 1188  00001d74          	L66_LF2:
 1189  00001d74  8fc1fff4	lw	r1,-12(r30)
 1190  00001d78  00011820	add	r3,r0,r1
 1191  00001d7c  50620002	slli	r2,r3,#0x2
 1192  00001d80  00411020	add	r2,r2,r1
 1193  00001d84  50410001	slli	r1,r2,#0x1
 1194  00001d88  afc1fff4	sw	-12(r30),r1
 1195  00001d8c  0bffffc8	j	L64_LF2
 1196  00001d90  54000000	nop; delay slot nop
 1197  00001d94          	L65_LF2:
 1198  00001d94  54000000	nop
 1199  00001d98          	L68_LF2:
 1200  00001d98  8fc1fff4	lw	r1,-12(r30)
 1201  00001d9c  2002000a	addi	r2,r0,#10
 1202  00001da0  00200035	movi2fp	f0,r1
 1203  00001da4  00400835	movi2fp	f1,r2
 1204  00001da8  0401000f	div	f0,f0,f1
 1205  00001dac  00000834	movfp2i	r1,f0
 1206  00001db0  afc1fff4	sw	-12(r30),r1
 1207  00001db4  8fc10004	lw	r1,4(r30)
 1208  00001db8  20220001	addi	r2,r1,#1
 1209  00001dbc  afc20004	sw	4(r30),r2
 1210  00001dc0  8fc20000	lw	r2,(r30)
 1211  00001dc4  8fc3fff4	lw	r3,-12(r30)
 1212  00001dc8  00400035	movi2fp	f0,r2
 1213  00001dcc  00600835	movi2fp	f1,r3
 1214  00001dd0  0401000f	div	f0,f0,f1
 1215  00001dd4  00001034	movfp2i	r2,f0
 1216  00001dd8  00021820	add	r3,r0,r2
 1217  00001ddc  20620030	addi	r2,r3,#48
 1218  00001de0  a0220000	sb	(r1),r2
 1219  00001de4  8fc10000	lw	r1,(r30)
 1220  00001de8  8fc3fff4	lw	r3,-12(r30)
 1221  00001dec  00200035	movi2fp	f0,r1
 1222  00001df0  00600835	movi2fp	f1,r3
 1223  00001df4  0401000f	div	f0,f0,f1
 1224  00001df8  00001034	movfp2i	r2,f0
 1225  00001dfc  8fc3fff4	lw	r3,-12(r30)
 1226  00001e00  00400035	movi2fp	f0,r2
 1227  00001e04  00600835	movi2fp	f1,r3
 1228  00001e08  0401000e	mult	f0,f0,f1
 1229  00001e0c  00001034	movfp2i	r2,f0
 1230  00001e10  00220822	sub	r1,r1,r2
 1231  00001e14  afc10000	sw	(r30),r1
 1232  00001e18          	L70_LF2:
 1233  00001e18  8fc1fff4	lw	r1,-12(r30)
 1234  00001e1c  6c220001	sgti	r2,r1,#1
 1235  00001e20  1440000c	bnez	r2,L71_LF2
 1236  00001e24  54000000	nop; delay slot nop
 1237  00001e28  0800000c	j	L61_LF2
 1238  00001e2c  54000000	nop; delay slot nop
 1239  00001e30          	L71_LF2:
 1240  00001e30  0bffff64	j	L68_LF2
 1241  00001e34  54000000	nop; delay slot nop
 1242  00001e38          	L69_LF2:
 1243  00001e38          	L63_LF2:
 1244  00001e38          	L61_LF2:
 1245  00001e38  8fc10004	lw	r1,4(r30)
 1246  00001e3c  20020000	addi	r2,r0,(#0x0)&0xff
 1247  00001e40  a0220000	sb	(r1),r2
 1248  00001e44          	L59_LF2:
 1249  00001e44  8fa20000	lw	r2,0(r29)
 1250  00001e48  8fa30004	lw	r3,4(r29)
 1251  00001e4c  8fdffff8	lw	r31,-8(r30)
 1252  00001e50  001ee820	add	r29,r0,r30
 1253  00001e54  8fdefffc	lw	r30,-4(r30)
 1254  00001e58  4be00000	jr	r31
 1255  00001e5c  54000000	nop
 1256  00001e60          	.endproc _ditoa
 1257  00001e60          	.align 2
 1258  00001e60          	.proc _dstrtol
 1259  00001e60          	.global _dstrtol
 1260  00001e60          	_dstrtol:
 1261                      ;  Function 'dstrtol'; 16 bytes of locals, 1 regs to save.
 1262  00001e60  afbefffc	sw	-4(r29),r30; push fp
 1263  00001e64  001df020	add	r30,r0,r29; fp = sp
 1264  00001e68  afbffff8	sw	-8(r29),r31; push ret addr
 1265  00001e6c  2fbd0020	subui	r29,r29,#32; alloc local storage
 1266  00001e70  afa20000	sw	0(r29),r2
 1267  00001e74  20010000	addi	r1,r0,#0
 1268  00001e78  afc1fff4	sw	-12(r30),r1
 1269  00001e7c          	L73_LF2:
 1270  00001e7c  8fc10000	lw	r1,(r30)
 1271  00001e80  90220000	lbu	r2,(r1)
 1272  00001e84  60410020	seqi	r1,r2,#32
 1273  00001e88  14200034	bnez	r1,L75_LF2
 1274  00001e8c  54000000	nop; delay slot nop
 1275  00001e90  8fc10000	lw	r1,(r30)
 1276  00001e94  90220000	lbu	r2,(r1)
 1277  00001e98  60410009	seqi	r1,r2,#9
 1278  00001e9c  14200020	bnez	r1,L75_LF2
 1279  00001ea0  54000000	nop; delay slot nop
 1280  00001ea4  8fc10000	lw	r1,(r30)
 1281  00001ea8  90220000	lbu	r2,(r1)
 1282  00001eac  6041000a	seqi	r1,r2,#10
 1283  00001eb0  1420000c	bnez	r1,L75_LF2
 1284  00001eb4  54000000	nop; delay slot nop
 1285  00001eb8  0800001c	j	L74_LF2
 1286  00001ebc  54000000	nop; delay slot nop
 1287  00001ec0          	L75_LF2:
 1288  00001ec0  8fc20000	lw	r2,(r30)
 1289  00001ec4  20410001	addi	r1,r2,#1
 1290  00001ec8  00011020	add	r2,r0,r1
 1291  00001ecc  afc20000	sw	(r30),r2
 1292  00001ed0  0bffffa8	j	L73_LF2
 1293  00001ed4  54000000	nop; delay slot nop
 1294  00001ed8          	L74_LF2:
 1295  00001ed8  8fc10004	lw	r1,4(r30)
 1296  00001edc  64220000	snei	r2,r1,#0
 1297  00001ee0  10400010	beqz	r2,L76_LF2
 1298  00001ee4  54000000	nop; delay slot nop
 1299  00001ee8  8fc10004	lw	r1,4(r30)
 1300  00001eec  8fc20000	lw	r2,(r30)
 1301  00001ef0  ac220000	sw	(r1),r2
 1302  00001ef4          	L76_LF2:
 1303  00001ef4  8fc10000	lw	r1,(r30)
 1304  00001ef8  90220000	lbu	r2,(r1)
 1305  00001efc  64410000	snei	r1,r2,#0
 1306  00001f00  14200010	bnez	r1,L77_LF2
 1307  00001f04  54000000	nop; delay slot nop
 1308  00001f08  8fc1fff4	lw	r1,-12(r30)
 1309  00001f0c  08000294	j	L72_LF2
 1310  00001f10  54000000	nop; delay slot nop
 1311  00001f14          	L77_LF2:
 1312  00001f14  8fc10000	lw	r1,(r30)
 1313  00001f18  90220000	lbu	r2,(r1)
 1314  00001f1c  6041002d	seqi	r1,r2,#45
 1315  00001f20  10200024	beqz	r1,L78_LF2
 1316  00001f24  54000000	nop; delay slot nop
 1317  00001f28  2001ffff	addi	r1,r0,#-1
 1318  00001f2c  afc1ffec	sw	-20(r30),r1
 1319  00001f30  8fc20000	lw	r2,(r30)
 1320  00001f34  20410001	addi	r1,r2,#1
 1321  00001f38  00011020	add	r2,r0,r1
 1322  00001f3c  afc20000	sw	(r30),r2
 1323  00001f40  0800000c	j	L79_LF2
 1324  00001f44  54000000	nop; delay slot nop
 1325  00001f48          	L78_LF2:
 1326  00001f48  20010001	addi	r1,r0,#1
 1327  00001f4c  afc1ffec	sw	-20(r30),r1
 1328  00001f50          	L79_LF2:
 1329  00001f50  8fc10008	lw	r1,8(r30)
 1330  00001f54  64220000	snei	r2,r1,#0
 1331  00001f58  14400090	bnez	r2,L80_LF2
 1332  00001f5c  54000000	nop; delay slot nop
 1333  00001f60  8fc10000	lw	r1,(r30)
 1334  00001f64  90220000	lbu	r2,(r1)
 1335  00001f68  60410030	seqi	r1,r2,#48
 1336  00001f6c  10200074	beqz	r1,L81_LF2
 1337  00001f70  54000000	nop; delay slot nop
 1338  00001f74  8fc20000	lw	r2,(r30)
 1339  00001f78  20410001	addi	r1,r2,#1
 1340  00001f7c  00011020	add	r2,r0,r1
 1341  00001f80  afc20000	sw	(r30),r2
 1342  00001f84  8fc10000	lw	r1,(r30)
 1343  00001f88  90220000	lbu	r2,(r1)
 1344  00001f8c  60410078	seqi	r1,r2,#120
 1345  00001f90  14200020	bnez	r1,L83_LF2
 1346  00001f94  54000000	nop; delay slot nop
 1347  00001f98  8fc10000	lw	r1,(r30)
 1348  00001f9c  90220000	lbu	r2,(r1)
 1349  00001fa0  60410058	seqi	r1,r2,#88
 1350  00001fa4  1420000c	bnez	r1,L83_LF2
 1351  00001fa8  54000000	nop; delay slot nop
 1352  00001fac  08000024	j	L82_LF2
 1353  00001fb0  54000000	nop; delay slot nop
 1354  00001fb4          	L83_LF2:
 1355  00001fb4  20010010	addi	r1,r0,#16
 1356  00001fb8  afc10008	sw	8(r30),r1
 1357  00001fbc  8fc20000	lw	r2,(r30)
 1358  00001fc0  20410001	addi	r1,r2,#1
 1359  00001fc4  00011020	add	r2,r0,r1
 1360  00001fc8  afc20000	sw	(r30),r2
 1361  00001fcc  0800000c	j	L84_LF2
 1362  00001fd0  54000000	nop; delay slot nop
 1363  00001fd4          	L82_LF2:
 1364  00001fd4  20010008	addi	r1,r0,#8
 1365  00001fd8  afc10008	sw	8(r30),r1
 1366  00001fdc          	L84_LF2:
 1367  00001fdc  0800000c	j	L80_LF2
 1368  00001fe0  54000000	nop; delay slot nop
 1369  00001fe4          	L81_LF2:
 1370  00001fe4  2001000a	addi	r1,r0,#10
 1371  00001fe8  afc10008	sw	8(r30),r1
 1372  00001fec          	L85_LF2:
 1373  00001fec          	L80_LF2:
 1374  00001fec  8fc10008	lw	r1,8(r30)
 1375  00001ff0  70220000	slei	r2,r1,#0
 1376  00001ff4  1440001c	bnez	r2,L87_LF2
 1377  00001ff8  54000000	nop; delay slot nop
 1378  00001ffc  8fc10008	lw	r1,8(r30)
 1379  00002000  6c220010	sgti	r2,r1,#16
 1380  00002004  1440000c	bnez	r2,L87_LF2
 1381  00002008  54000000	nop; delay slot nop
 1382  0000200c  08000010	j	L86_LF2
 1383  00002010  54000000	nop; delay slot nop
 1384  00002014          	L87_LF2:
 1385  00002014  8fc1fff4	lw	r1,-12(r30)
 1386  00002018  08000188	j	L72_LF2
 1387  0000201c  54000000	nop; delay slot nop
 1388  00002020          	L86_LF2:
 1389  00002020  54000000	nop
 1390  00002024          	L88_LF2:
 1391  00002024  8fc10000	lw	r1,(r30)
 1392  00002028  90220000	lbu	r2,(r1)
 1393  0000202c  6c41002f	sgtui	r1,r2,#47
 1394  00002030  10200030	beqz	r1,L91_LF2
 1395  00002034  54000000	nop; delay slot nop
 1396  00002038  8fc10000	lw	r1,(r30)
 1397  0000203c  90220000	lbu	r2,(r1)
 1398  00002040  70410039	sleui	r1,r2,#57
 1399  00002044  1020001c	beqz	r1,L91_LF2
 1400  00002048  54000000	nop; delay slot nop
 1401  0000204c  8fc10000	lw	r1,(r30)
 1402  00002050  90220000	lbu	r2,(r1)
 1403  00002054  2041ffd0	addi	r1,r2,#-48
 1404  00002058  afc1fff0	sw	-16(r30),r1
 1405  0000205c  0800008c	j	L92_LF2
 1406  00002060  54000000	nop; delay slot nop
 1407  00002064          	L91_LF2:
 1408  00002064  8fc10000	lw	r1,(r30)
 1409  00002068  90220000	lbu	r2,(r1)
 1410  0000206c  6c410060	sgtui	r1,r2,#96
 1411  00002070  10200030	beqz	r1,L93_LF2
 1412  00002074  54000000	nop; delay slot nop
 1413  00002078  8fc10000	lw	r1,(r30)
 1414  0000207c  90220000	lbu	r2,(r1)
 1415  00002080  7041007a	sleui	r1,r2,#122
 1416  00002084  1020001c	beqz	r1,L93_LF2
 1417  00002088  54000000	nop; delay slot nop
 1418  0000208c  8fc10000	lw	r1,(r30)
 1419  00002090  90220000	lbu	r2,(r1)
 1420  00002094  2041ffa9	addi	r1,r2,#-87
 1421  00002098  afc1fff0	sw	-16(r30),r1
 1422  0000209c  0800004c	j	L92_LF2
 1423  000020a0  54000000	nop; delay slot nop
 1424  000020a4          	L93_LF2:
 1425  000020a4  8fc10000	lw	r1,(r30)
 1426  000020a8  90220000	lbu	r2,(r1)
 1427  000020ac  6c410040	sgtui	r1,r2,#64
 1428  000020b0  10200030	beqz	r1,L95_LF2
 1429  000020b4  54000000	nop; delay slot nop
 1430  000020b8  8fc10000	lw	r1,(r30)
 1431  000020bc  90220000	lbu	r2,(r1)
 1432  000020c0  7041005a	sleui	r1,r2,#90
 1433  000020c4  1020001c	beqz	r1,L95_LF2
 1434  000020c8  54000000	nop; delay slot nop
 1435  000020cc  8fc10000	lw	r1,(r30)
 1436  000020d0  90220000	lbu	r2,(r1)
 1437  000020d4  2041ffc9	addi	r1,r2,#-55
 1438  000020d8  afc1fff0	sw	-16(r30),r1
 1439  000020dc  0800000c	j	L92_LF2
 1440  000020e0  54000000	nop; delay slot nop
 1441  000020e4          	L95_LF2:
 1442  000020e4  200103e8	addi	r1,r0,#1000
 1443  000020e8  afc1fff0	sw	-16(r30),r1
 1444  000020ec          	L96_LF2:
 1445  000020ec          	L94_LF2:
 1446  000020ec          	L92_LF2:
 1447  000020ec  8fc1fff0	lw	r1,-16(r30)
 1448  000020f0  8fc20008	lw	r2,8(r30)
 1449  000020f4  0022082a	slt	r1,r1,r2
 1450  000020f8  10200040	beqz	r1,L90_LF2
 1451  000020fc  54000000	nop; delay slot nop
 1452  00002100  8fc1fff4	lw	r1,-12(r30)
 1453  00002104  8fc20008	lw	r2,8(r30)
 1454  00002108  00200035	movi2fp	f0,r1
 1455  0000210c  00400835	movi2fp	f1,r2
 1456  00002110  0401000e	mult	f0,f0,f1
 1457  00002114  00000834	movfp2i	r1,f0
 1458  00002118  afc1fff4	sw	-12(r30),r1
 1459  0000211c  8fc1fff4	lw	r1,-12(r30)
 1460  00002120  8fc2fff0	lw	r2,-16(r30)
 1461  00002124  00220820	add	r1,r1,r2
 1462  00002128  afc1fff4	sw	-12(r30),r1
 1463  0000212c  8fc20000	lw	r2,(r30)
 1464  00002130  20410001	addi	r1,r2,#1
 1465  00002134  00011020	add	r2,r0,r1
 1466  00002138  afc20000	sw	(r30),r2
 1467  0000213c          	L97_LF2:
 1468  0000213c          	L90_LF2:
 1469  0000213c  8fc1fff0	lw	r1,-16(r30)
 1470  00002140  8fc20008	lw	r2,8(r30)
 1471  00002144  0022082a	slt	r1,r1,r2
 1472  00002148  1420000c	bnez	r1,L98_LF2
 1473  0000214c  54000000	nop; delay slot nop
 1474  00002150  0800000c	j	L89_LF2
 1475  00002154  54000000	nop; delay slot nop
 1476  00002158          	L98_LF2:
 1477  00002158  0bfffec8	j	L88_LF2
 1478  0000215c  54000000	nop; delay slot nop
 1479  00002160          	L89_LF2:
 1480  00002160  8fc10004	lw	r1,4(r30)
 1481  00002164  64220000	snei	r2,r1,#0
 1482  00002168  10400010	beqz	r2,L99_LF2
 1483  0000216c  54000000	nop; delay slot nop
 1484  00002170  8fc10004	lw	r1,4(r30)
 1485  00002174  8fc20000	lw	r2,(r30)
 1486  00002178  ac220000	sw	(r1),r2
 1487  0000217c          	L99_LF2:
 1488  0000217c  8fc1fff4	lw	r1,-12(r30)
 1489  00002180  8fc2ffec	lw	r2,-20(r30)
 1490  00002184  00200035	movi2fp	f0,r1
 1491  00002188  00400835	movi2fp	f1,r2
 1492  0000218c  0401000e	mult	f0,f0,f1
 1493  00002190  00000834	movfp2i	r1,f0
 1494  00002194  afc1fff4	sw	-12(r30),r1
 1495  00002198  8fc1fff4	lw	r1,-12(r30)
 1496  0000219c  08000004	j	L72_LF2
 1497  000021a0  54000000	nop; delay slot nop
 1498  000021a4          	L72_LF2:
 1499  000021a4  8fa20000	lw	r2,0(r29)
 1500  000021a8  8fdffff8	lw	r31,-8(r30)
 1501  000021ac  001ee820	add	r29,r0,r30
 1502  000021b0  8fdefffc	lw	r30,-4(r30)
 1503  000021b4  4be00000	jr	r31
 1504  000021b8  54000000	nop
 1505  000021bc          	.endproc _dstrtol
 1506  000021bc          	.align 2
 1507  000021bc          	.proc _bcopy
 1508  000021bc          	.global _bcopy
 1509  000021bc          	_bcopy:
 1510                      ;  Function 'bcopy'; 0 bytes of locals, 2 regs to save.
 1511  000021bc  afbefffc	sw	-4(r29),r30; push fp
 1512  000021c0  001df020	add	r30,r0,r29; fp = sp
 1513  000021c4  afbffff8	sw	-8(r29),r31; push ret addr
 1514  000021c8  2fbd0010	subui	r29,r29,#16; alloc local storage
 1515  000021cc  afa20000	sw	0(r29),r2
 1516  000021d0  afa30004	sw	4(r29),r3
 1517  000021d4  54000000	nop
 1518  000021d8          	L101_LF2:
 1519  000021d8  8fc10008	lw	r1,8(r30)
 1520  000021dc  2022ffff	addi	r2,r1,#-1
 1521  000021e0  afc20008	sw	8(r30),r2
 1522  000021e4  6c210000	sgti	r1,r1,#0
 1523  000021e8  1420000c	bnez	r1,L103_LF2
 1524  000021ec  54000000	nop; delay slot nop
 1525  000021f0  0800002c	j	L102_LF2
 1526  000021f4  54000000	nop; delay slot nop
 1527  000021f8          	L103_LF2:
 1528  000021f8  8fc10004	lw	r1,4(r30)
 1529  000021fc  20220001	addi	r2,r1,#1
 1530  00002200  afc20004	sw	4(r30),r2
 1531  00002204  8fc20000	lw	r2,(r30)
 1532  00002208  20430001	addi	r3,r2,#1
 1533  0000220c  afc30000	sw	(r30),r3
 1534  00002210  80420000	lb	r2,(r2)
 1535  00002214  a0220000	sb	(r1),r2
 1536  00002218  0bffffbc	j	L101_LF2
 1537  0000221c  54000000	nop; delay slot nop
 1538  00002220          	L102_LF2:
 1539  00002220          	L100_LF2:
 1540  00002220  8fa20000	lw	r2,0(r29)
 1541  00002224  8fa30004	lw	r3,4(r29)
 1542  00002228  8fdffff8	lw	r31,-8(r30)
 1543  0000222c  001ee820	add	r29,r0,r30
 1544  00002230  8fdefffc	lw	r30,-4(r30)
 1545  00002234  4be00000	jr	r31
 1546  00002238  54000000	nop
 1547  0000223c          	.endproc _bcopy
 1548  0000223c          	.align 2
 1549  0000223c          	.proc _bzero
 1550  0000223c          	.global _bzero
 1551  0000223c          	_bzero:
 1552                      ;  Function 'bzero'; 0 bytes of locals, 1 regs to save.
 1553  0000223c  afbefffc	sw	-4(r29),r30; push fp
 1554  00002240  001df020	add	r30,r0,r29; fp = sp
 1555  00002244  afbffff8	sw	-8(r29),r31; push ret addr
 1556  00002248  2fbd0010	subui	r29,r29,#16; alloc local storage
 1557  0000224c  afa20000	sw	0(r29),r2
 1558  00002250  54000000	nop
 1559  00002254          	L105_LF2:
 1560  00002254  8fc10004	lw	r1,4(r30)
 1561  00002258  2022ffff	addi	r2,r1,#-1
 1562  0000225c  afc20004	sw	4(r30),r2
 1563  00002260  6c210000	sgti	r1,r1,#0
 1564  00002264  1420000c	bnez	r1,L107_LF2
 1565  00002268  54000000	nop; delay slot nop
 1566  0000226c  08000020	j	L106_LF2
 1567  00002270  54000000	nop; delay slot nop
 1568  00002274          	L107_LF2:
 1569  00002274  8fc10000	lw	r1,(r30)
 1570  00002278  20220001	addi	r2,r1,#1
 1571  0000227c  afc20000	sw	(r30),r2
 1572  00002280  20020000	addi	r2,r0,(#0x0)&0xff
 1573  00002284  a0220000	sb	(r1),r2
 1574  00002288  0bffffc8	j	L105_LF2
 1575  0000228c  54000000	nop; delay slot nop
 1576  00002290          	L106_LF2:
 1577  00002290          	L104_LF2:
 1578  00002290  8fa20000	lw	r2,0(r29)
 1579  00002294  8fdffff8	lw	r31,-8(r30)
 1580  00002298  001ee820	add	r29,r0,r30
 1581  0000229c  8fdefffc	lw	r30,-4(r30)
 1582  000022a0  4be00000	jr	r31
 1583  000022a4  54000000	nop
 1584  000022a8          	.endproc _bzero
 1585  000022a8          	.align 2
 1586  000022a8          	.proc _min
 1587  000022a8          	.global _min
 1588  000022a8          	_min:
 1589                      ;  Function 'min'; 0 bytes of locals, 2 regs to save.
 1590  000022a8  afbefffc	sw	-4(r29),r30; push fp
 1591  000022ac  001df020	add	r30,r0,r29; fp = sp
 1592  000022b0  afbffff8	sw	-8(r29),r31; push ret addr
 1593  000022b4  2fbd0010	subui	r29,r29,#16; alloc local storage
 1594  000022b8  afa20000	sw	0(r29),r2
 1595  000022bc  afa30004	sw	4(r29),r3
 1596  000022c0  8fc10000	lw	r1,(r30)
 1597  000022c4  8fc20004	lw	r2,4(r30)
 1598  000022c8  0022182c	sle	r3,r1,r2
 1599  000022cc  14600008	bnez	r3,L109_LF2
 1600  000022d0  54000000	nop; delay slot nop
 1601  000022d4  8fc10004	lw	r1,4(r30)
 1602  000022d8          	L109_LF2:
 1603  000022d8  08000004	j	L108_LF2
 1604  000022dc  54000000	nop; delay slot nop
 1605  000022e0          	L108_LF2:
 1606  000022e0  8fa20000	lw	r2,0(r29)
 1607  000022e4  8fa30004	lw	r3,4(r29)
 1608  000022e8  8fdffff8	lw	r31,-8(r30)
 1609  000022ec  001ee820	add	r29,r0,r30
 1610  000022f0  8fdefffc	lw	r30,-4(r30)
 1611  000022f4  4be00000	jr	r31
 1612  000022f8  54000000	nop
 1613  000022fc          	.endproc _min
 1614                      ;;; Ethan L. Miller, 1999.  Released to the public domain
 1615                      ;;;
 1616                      ;;; Most of the traps are called in files from libtraps.
 1619  000022fc          	.align 2
 1620  000022fc          	.proc _exit
 1621  000022fc          	.global _exit
 1622  000022fc          	_exit:
 1623  000022fc  44000300	trap	#0x300
 1624  00002300  4be00000	jr	r31
 1625  00002304  54000000	nop
 1626  00002308          	.endproc _exit
 1628                      ; for the benefit of gcc.
 1629  00002308          	.proc ___main
 1630  00002308          	.global ___main
 1631  00002308          	___main:
 1632  00002308  4be00000	jr	r31
 1633  0000230c  54000000	nop
 1634  00002310          	.endproc ___main
 1635  00002310          	.text
 1636  00002310          	.global _etext
 1637  00002310          	_etext:
 1638  00002310          	.align 3
 1639  00002310          	.data
 1640  00003107          	.global _edata
 1641  00003107          	_edata:
