 line   address	contents
    1                      ; Linked by DLX-LD.
    2                      ; MemSize 24576
    3                      ; Data size: 283
    4                      ; Text size: 4804
    5                      ; Stack size: 8192
    6  00000000          	.text 0x1000
    7  00001000          	.data 0x3000
    8                      ; Compiled by GCC
    9  00003000          	.text
   10  00001000          	.align 2
   11  00001000          	.proc _isspace
   12  00001000          	.global _isspace
   13  00001000          	_isspace:
   14                      ;  Function 'isspace'; 0 bytes of locals, 1 regs to save.
   15  00001000  afbefffc	sw	-4(r29),r30; push fp
   16  00001004  001df020	add	r30,r0,r29; fp = sp
   17  00001008  afbffff8	sw	-8(r29),r31; push ret addr
   18  0000100c  2fbd0010	subui	r29,r29,#16; alloc local storage
   19  00001010  afa20000	sw	0(r29),r2
   20  00001014  83c20003	lb	r2,3(r30)
   21  00001018  201f0000	addi	r31,r0,#0
   22  0000101c  304100ff	andi	r1,r2,#0x00ff
   23  00001020  60210020	seqi	r1,r1,#32
   24  00001024  14200018	bnez	r1,L6_LF0
   25  00001028  54000000	nop; not filled.
   26  0000102c  2041fff7	addi	r1,r2,#-9
   27  00001030  302100ff	andi	r1,r1,#0x00ff
   28  00001034  70210001	sleui	r1,r1,#1
   29  00001038  10200008	beqz	r1,L5_LF0
   30  0000103c  54000000	nop; not filled.
   31  00001040          	L6_LF0:
   32  00001040  201f0001	addi	r31,r0,#1
   33  00001044          	L5_LF0:
   34  00001044  001f0820	add	r1,r0,r31
   35  00001048  8fa20000	lw	r2,0(r29)
   36  0000104c  8fdffff8	lw	r31,-8(r30)
   37  00001050  001ee820	add	r29,r0,r30
   38  00001054  8fdefffc	lw	r30,-4(r30)
   39  00001058  4be00000	jr	r31
   40  0000105c  54000000	nop
   41  00001060          	.endproc _isspace
   42  00001060          	.align 2
   43  00001060          	.proc _isxdigit
   44  00001060          	.global _isxdigit
   45  00001060          	_isxdigit:
   46                      ;  Function 'isxdigit'; 0 bytes of locals, 1 regs to save.
   47  00001060  afbefffc	sw	-4(r29),r30; push fp
   48  00001064  001df020	add	r30,r0,r29; fp = sp
   49  00001068  afbffff8	sw	-8(r29),r31; push ret addr
   50  0000106c  2fbd0010	subui	r29,r29,#16; alloc local storage
   51  00001070  afa20000	sw	0(r29),r2
   52  00001074  83df0003	lb	r31,3(r30)
   53  00001078  20020000	addi	r2,r0,#0
   54  0000107c  23e1ffd0	addi	r1,r31,#-48
   55  00001080  302100ff	andi	r1,r1,#0x00ff
   56  00001084  70210009	sleui	r1,r1,#9
   57  00001088  14200028	bnez	r1,L12_LF0
   58  0000108c  54000000	nop; not filled.
   59  00001090  23e1ff9f	addi	r1,r31,#-97
   60  00001094  302100ff	andi	r1,r1,#0x00ff
   61  00001098  70210005	sleui	r1,r1,#5
   62  0000109c  14200014	bnez	r1,L12_LF0
   63  000010a0  54000000	nop; not filled.
   64  000010a4  33e100ff	andi	r1,r31,#0x00ff
   65  000010a8  64210041	snei	r1,r1,#65
   66  000010ac  14200008	bnez	r1,L11_LF0
   67  000010b0  54000000	nop; not filled.
   68  000010b4          	L12_LF0:
   69  000010b4  20020001	addi	r2,r0,#1
   70  000010b8          	L11_LF0:
   71  000010b8  00020820	add	r1,r0,r2
   72  000010bc  8fa20000	lw	r2,0(r29)
   73  000010c0  8fdffff8	lw	r31,-8(r30)
   74  000010c4  001ee820	add	r29,r0,r30
   75  000010c8  8fdefffc	lw	r30,-4(r30)
   76  000010cc  4be00000	jr	r31
   77  000010d0  54000000	nop
   78  000010d4          	.endproc _isxdigit
   79  000010d4          	.data
   80  00003000          	.align 2
   81  00003000          	LC0_LF0:
   82  00003000  48656c6c	.ascii "Hello World\000"
   82  00003004  6f20576f	
   82  00003008  726c6400	
   83  0000300c          	.align 2
   84  0000300c          	LC1_LF0:
   85  0000300c  55736167	.ascii "Usage\000"
   85  00003010  6500    	
   86  00003012          	.align 2
   87  00003014          	LC2_LF0:
   88  00003014  3c68616e	.ascii "<handle_to_shared_memory_page> <handle_to_page_mapped_semaphore<handle"
   88  00003018  646c655f	
   88  0000301c  746f5f73	
   88  00003020  68617265	
   88  00003024  645f6d65	
   88  00003028  6d6f7279	
   88  0000302c  5f706167	
   88  00003030  653e203c	
   88  00003034  68616e64	
   88  00003038  6c655f74	
   88  0000303c  6f5f7061	
   88  00003040  67655f6d	
   88  00003044  61707065	
   88  00003048  645f7365	
   88  0000304c  6d617068	
   88  00003050  6f72653c	
   88  00003054  68616e64	
   88  00003058  6c65    	
   89  0000305a  20746f20	.ascii " to lock>\000"
   89  0000305e  6c6f636b	
   89  00003062  3e00    	
   90  00003064          	.align 2
   91  00003064          	LC3_LF0:
   92  00003064  436f756c	.ascii "Could not map the virtual address\000"
   92  00003068  64206e6f	
   92  0000306c  74206d61	
   92  00003070  70207468	
   92  00003074  65207669	
   92  00003078  72747561	
   92  0000307c  6c206164	
   92  00003080  64726573	
   92  00003084  7300    	
   93  00003086          	.align 2
   94  00003088          	LC4_LF0:
   95  00003088  65786974	.ascii "exiting\n\000"
   95  0000308c  696e670a	
   95  00003090  00      	
   96  00003091          	.align 2
   97  00003094          	LC5_LF0:
   98  00003094  436f6e73	.ascii "Consumer %d removed: %c\n\000"
   98  00003098  756d6572	
   98  0000309c  20256420	
   98  000030a0  72656d6f	
   98  000030a4  7665643a	
   98  000030a8  2025630a	
   98  000030ac  00      	
   99  000030ad          	.align 2
  100  000030b0          	LC6_LF0:
  101  000030b0  636f6e73	.ascii "consumer: PID %d is complete.String received is \000"
  101  000030b4  756d6572	
  101  000030b8  3a205049	
  101  000030bc  44202564	
  101  000030c0  20697320	
  101  000030c4  636f6d70	
  101  000030c8  6c657465	
  101  000030cc  2e537472	
  101  000030d0  696e6720	
  101  000030d4  72656365	
  101  000030d8  69766564	
  101  000030dc  20697320	
  101  000030e0  00      	
  102  000030e1          	.align 2
  103  000030e4          	LC7_LF0:
  104  000030e4  42616420	.ascii "Bad semaphore s_procs_completed (%d) in \000"
  104  000030e8  73656d61	
  104  000030ec  70686f72	
  104  000030f0  6520735f	
  104  000030f4  70726f63	
  104  000030f8  735f636f	
  104  000030fc  6d706c65	
  104  00003100  74656420	
  104  00003104  28256429	
  104  00003108  20696e20	
  104  0000310c  00      	
  105  0000310d          	.align 2
  106  00003110          	LC8_LF0:
  107  00003110  65786974	.ascii "exiting..\n\000"
  107  00003114  696e672e	
  107  00003118  2e0a00  	
  108  0000311b          	.text
  109  000010d4          	.align 2
  110  000010d4          	.proc _main
  111  000010d4          	.global _main
  112  000010d4          	_main:
  113                      ;  Function 'main'; 32 bytes of locals, 0 regs to save.
  114  000010d4  afbefffc	sw	-4(r29),r30; push fp
  115  000010d8  001df020	add	r30,r0,r29; fp = sp
  116  000010dc  afbffff8	sw	-8(r29),r31; push ret addr
  117  000010e0  2fbd0028	subui	r29,r29,#40; alloc local storage
  118  000010e4  8fc20000	lw	r2,(r30)
  119  000010e8  8fc90004	lw	r9,4(r30)
  120  000010ec  0c0011cc	jal	___main
  121  000010f0  54000000	nop; not filled.
  122  000010f4  20080000	addi	r8,r0,#0
  123  000010f8  3c010000	lhi	r1,((LC0_LF0)>>16)&0xffff
  124  000010fc  24213000	addui	r1,r1,(LC0_LF0)&0xffff
  125  00001100  802d0000	lb	r13,(r1)
  126  00001104  a3cdffe8	sb	-24(r30),r13
  127  00001108  802d0001	lb	r13,1(r1)
  128  0000110c  a3cdffe9	sb	-23(r30),r13
  129  00001110  802d0002	lb	r13,2(r1)
  130  00001114  a3cdffea	sb	-22(r30),r13
  131  00001118  802d0003	lb	r13,3(r1)
  132  0000111c  a3cdffeb	sb	-21(r30),r13
  133  00001120  802d0004	lb	r13,4(r1)
  134  00001124  a3cdffec	sb	-20(r30),r13
  135  00001128  802d0005	lb	r13,5(r1)
  136  0000112c  a3cdffed	sb	-19(r30),r13
  137  00001130  802d0006	lb	r13,6(r1)
  138  00001134  a3cdffee	sb	-18(r30),r13
  139  00001138  802d0007	lb	r13,7(r1)
  140  0000113c  a3cdffef	sb	-17(r30),r13
  141  00001140  802d0008	lb	r13,8(r1)
  142  00001144  a3cdfff0	sb	-16(r30),r13
  143  00001148  802d0009	lb	r13,9(r1)
  144  0000114c  a3cdfff1	sb	-15(r30),r13
  145  00001150  802d000a	lb	r13,10(r1)
  146  00001154  a3cdfff2	sb	-14(r30),r13
  147  00001158  8021000b	lb	r1,11(r1)
  148  0000115c  a3c1fff3	sb	-13(r30),r1
  149  00001160  64410006	snei	r1,r2,#6
  150  00001164  1020004c	beqz	r1,L14_LF0
  151  00001168  54000000	nop; not filled.
  152  0000116c  23bdfff8	addi	r29,r29,#-8
  153  00001170  3c0d0000	lhi	r13,((LC1_LF0)>>16)&0xffff
  154  00001174  25ad300c	addui	r13,r13,(LC1_LF0)&0xffff
  155  00001178  afad0000	sw	(r29),r13
  156  0000117c  0c000334	jal	_Printf
  157  00001180  54000000	nop; not filled.
  158  00001184  8d2d0000	lw	r13,(r9)
  159  00001188  afad0000	sw	(r29),r13
  160  0000118c  0c000324	jal	_Printf
  161  00001190  54000000	nop; not filled.
  162  00001194  3c0d0000	lhi	r13,((LC2_LF0)>>16)&0xffff
  163  00001198  25ad3014	addui	r13,r13,(LC2_LF0)&0xffff
  164  0000119c  afad0000	sw	(r29),r13
  165  000011a0  0c000310	jal	_Printf
  166  000011a4  54000000	nop; not filled.
  167  000011a8  0c0003bc	jal	_Exit
  168  000011ac  54000000	nop; not filled.
  169  000011b0  23bd0008	addi	r29,r29,#8
  170  000011b4          	L14_LF0:
  171  000011b4  23bdfff0	addi	r29,r29,#-16
  172  000011b8  8d2d0004	lw	r13,4(r9)
  173  000011bc  afad0000	sw	(r29),r13
  174  000011c0  200d0000	addi	r13,r0,#0
  175  000011c4  afad0004	sw	4(r29),r13
  176  000011c8  200d000a	addi	r13,r0,#10
  177  000011cc  afad0008	sw	8(r29),r13
  178  000011d0  0c000c40	jal	_dstrtol
  179  000011d4  54000000	nop; not filled.
  180  000011d8  00011020	add	r2,r0,r1
  181  000011dc  8d2d0008	lw	r13,8(r9)
  182  000011e0  afad0000	sw	(r29),r13
  183  000011e4  200d0000	addi	r13,r0,#0
  184  000011e8  afad0004	sw	4(r29),r13
  185  000011ec  200d000a	addi	r13,r0,#10
  186  000011f0  afad0008	sw	8(r29),r13
  187  000011f4  0c000c1c	jal	_dstrtol
  188  000011f8  54000000	nop; not filled.
  189  000011fc  00016020	add	r12,r0,r1
  190  00001200  8d2d000c	lw	r13,12(r9)
  191  00001204  afad0000	sw	(r29),r13
  192  00001208  200d0000	addi	r13,r0,#0
  193  0000120c  afad0004	sw	4(r29),r13
  194  00001210  200d000a	addi	r13,r0,#10
  195  00001214  afad0008	sw	8(r29),r13
  196  00001218  0c000bf8	jal	_dstrtol
  197  0000121c  54000000	nop; not filled.
  198  00001220  00013020	add	r6,r0,r1
  199  00001224  8d2d0010	lw	r13,16(r9)
  200  00001228  afad0000	sw	(r29),r13
  201  0000122c  200d0000	addi	r13,r0,#0
  202  00001230  afad0004	sw	4(r29),r13
  203  00001234  200d000a	addi	r13,r0,#10
  204  00001238  afad0008	sw	8(r29),r13
  205  0000123c  0c000bd4	jal	_dstrtol
  206  00001240  54000000	nop; not filled.
  207  00001244  00015820	add	r11,r0,r1
  208  00001248  8d2d0014	lw	r13,20(r9)
  209  0000124c  afad0000	sw	(r29),r13
  210  00001250  200d0000	addi	r13,r0,#0
  211  00001254  afad0004	sw	4(r29),r13
  212  00001258  200d000a	addi	r13,r0,#10
  213  0000125c  afad0008	sw	8(r29),r13
  214  00001260  0c000bb0	jal	_dstrtol
  215  00001264  54000000	nop; not filled.
  216  00001268  00013820	add	r7,r0,r1
  217  0000126c  afa20000	sw	(r29),r2
  218  00001270  0c000270	jal	_shmat
  219  00001274  54000000	nop; not filled.
  220  00001278  00012020	add	r4,r0,r1
  221  0000127c  23bd0010	addi	r29,r29,#16
  222  00001280  64810000	snei	r1,r4,#0
  223  00001284  1420004c	bnez	r1,L15_LF0
  224  00001288  54000000	nop; not filled.
  225  0000128c  23bdfff8	addi	r29,r29,#-8
  226  00001290  3c0d0000	lhi	r13,((LC3_LF0)>>16)&0xffff
  227  00001294  25ad3064	addui	r13,r13,(LC3_LF0)&0xffff
  228  00001298  afad0000	sw	(r29),r13
  229  0000129c  0c000214	jal	_Printf
  230  000012a0  54000000	nop; not filled.
  231  000012a4  8d2d0000	lw	r13,(r9)
  232  000012a8  afad0000	sw	(r29),r13
  233  000012ac  0c000204	jal	_Printf
  234  000012b0  54000000	nop; not filled.
  235  000012b4  3c0d0000	lhi	r13,((LC4_LF0)>>16)&0xffff
  236  000012b8  25ad3088	addui	r13,r13,(LC4_LF0)&0xffff
  237  000012bc  afad0000	sw	(r29),r13
  238  000012c0  0c0001f0	jal	_Printf
  239  000012c4  54000000	nop; not filled.
  240  000012c8  0c00029c	jal	_Exit
  241  000012cc  54000000	nop; not filled.
  242  000012d0  23bd0008	addi	r29,r29,#8
  243  000012d4          	L15_LF0:
  244  000012d4  23caffe8	addi	r10,r30,#-24
  245  000012d8  23c5ffd8	addi	r5,r30,#-40
  246  000012dc          	L16_LF0:
  247  000012dc  23bdfff8	addi	r29,r29,#-8
  248  000012e0  afaa0000	sw	(r29),r10
  249  000012e4  0c0006fc	jal	_dstrlen
  250  000012e8  54000000	nop; not filled.
  251  000012ec  23bd0008	addi	r29,r29,#8
  252  000012f0  0101082a	slt	r1,r8,r1
  253  000012f4  102000e0	beqz	r1,L17_LF0
  254  000012f8  54000000	nop; not filled.
  255  000012fc  23bdfff8	addi	r29,r29,#-8
  256  00001300  afa60000	sw	(r29),r6
  257  00001304  0c000218	jal	_lock_acquire
  258  00001308  54000000	nop; not filled.
  259  0000130c  08000014	j	L24_LF0
  260  00001310  54000000	nop; not filled.
  261  00001314          	L21_LF0:
  262  00001314  23bdfff8	addi	r29,r29,#-8
  263  00001318  afa70000	sw	(r29),r7
  264  0000131c  0c000224	jal	_cond_wait
  265  00001320  54000000	nop; not filled.
  266  00001324          	L24_LF0:
  267  00001324  23bd0008	addi	r29,r29,#8
  268  00001328  8c810000	lw	r1,(r4)
  269  0000132c  8c820004	lw	r2,4(r4)
  270  00001330  00220828	seq	r1,r1,r2
  271  00001334  1420ffdc	bnez	r1,L21_LF0
  272  00001338  54000000	nop; not filled.
  273  0000133c  0c000180	jal	_getpid
  274  00001340  54000000	nop; not filled.
  275  00001344  23bdfff0	addi	r29,r29,#-16
  276  00001348  3c0d0000	lhi	r13,((LC5_LF0)>>16)&0xffff
  277  0000134c  25ad3094	addui	r13,r13,(LC5_LF0)&0xffff
  278  00001350  afad0000	sw	(r29),r13
  279  00001354  afa10004	sw	4(r29),r1
  280  00001358  8c810004	lw	r1,4(r4)
  281  0000135c  00810820	add	r1,r4,r1
  282  00001360  90210008	lbu	r1,8(r1)
  283  00001364  afa10008	sw	8(r29),r1
  284  00001368  0c000148	jal	_Printf
  285  0000136c  54000000	nop; not filled.
  286  00001370  8c810004	lw	r1,4(r4)
  287  00001374  00810820	add	r1,r4,r1
  288  00001378  80210008	lb	r1,8(r1)
  289  0000137c  a0a10000	sb	(r5),r1
  290  00001380  20a50001	addi	r5,r5,#1
  291  00001384  21080001	addi	r8,r8,#1
  292  00001388  8c810004	lw	r1,4(r4)
  293  0000138c  20230001	addi	r3,r1,#1
  294  00001390  20010005	addi	r1,r0,#5
  295  00001394  00600035	movi2fp	f0,r3
  296  00001398  00200835	movi2fp	f1,r1
  297  0000139c  0401000f	div	f0,f0,f1
  298  000013a0  00001034	movfp2i	r2,f0
  299  000013a4  50410002	slli	r1,r2,#0x2
  300  000013a8  00220820	add	r1,r1,r2
  301  000013ac  00610822	sub	r1,r3,r1
  302  000013b0  ac810004	sw	4(r4),r1
  303  000013b4  afab0000	sw	(r29),r11
  304  000013b8  0c000194	jal	_cond_signal
  305  000013bc  54000000	nop; not filled.
  306  000013c0  afa60000	sw	(r29),r6
  307  000013c4  0c000164	jal	_lock_release
  308  000013c8  54000000	nop; not filled.
  309  000013cc  23bd0010	addi	r29,r29,#16
  310  000013d0  0bffff08	j	L16_LF0
  311  000013d4  54000000	nop; not filled.
  312  000013d8          	L17_LF0:
  313  000013d8  0c0000e4	jal	_getpid
  314  000013dc  54000000	nop; not filled.
  315  000013e0  23bdfff8	addi	r29,r29,#-8
  316  000013e4  3c0d0000	lhi	r13,((LC6_LF0)>>16)&0xffff
  317  000013e8  25ad30b0	addui	r13,r13,(LC6_LF0)&0xffff
  318  000013ec  afad0000	sw	(r29),r13
  319  000013f0  afa10004	sw	4(r29),r1
  320  000013f4  0c0000bc	jal	_Printf
  321  000013f8  54000000	nop; not filled.
  322  000013fc  afac0000	sw	(r29),r12
  323  00001400  0c000104	jal	_sem_signal
  324  00001404  54000000	nop; not filled.
  325  00001408  23bd0008	addi	r29,r29,#8
  326  0000140c  64210001	snei	r1,r1,#1
  327  00001410  10200050	beqz	r1,L23_LF0
  328  00001414  54000000	nop; not filled.
  329  00001418  23bdfff8	addi	r29,r29,#-8
  330  0000141c  3c0d0000	lhi	r13,((LC7_LF0)>>16)&0xffff
  331  00001420  25ad30e4	addui	r13,r13,(LC7_LF0)&0xffff
  332  00001424  afad0000	sw	(r29),r13
  333  00001428  afac0004	sw	4(r29),r12
  334  0000142c  0c000084	jal	_Printf
  335  00001430  54000000	nop; not filled.
  336  00001434  8d290000	lw	r9,(r9)
  337  00001438  afa90000	sw	(r29),r9
  338  0000143c  0c000074	jal	_Printf
  339  00001440  54000000	nop; not filled.
  340  00001444  3c0d0000	lhi	r13,((LC8_LF0)>>16)&0xffff
  341  00001448  25ad3110	addui	r13,r13,(LC8_LF0)&0xffff
  342  0000144c  afad0000	sw	(r29),r13
  343  00001450  0c000060	jal	_Printf
  344  00001454  54000000	nop; not filled.
  345  00001458  0c00010c	jal	_Exit
  346  0000145c  54000000	nop; not filled.
  347  00001460  23bd0008	addi	r29,r29,#8
  348  00001464          	L23_LF0:
  349  00001464  0c000e48	jal	_exit
  350  00001468  54000000	nop
  351  0000146c          	.endproc _main
  352                      ;;;
  353                      ;;; Stub functions for DLX traps.
  354                      ;;;
  355                      ;;; Ethan L. Miller, 1999.  Released to the public domain.
  356                      ;;;
  357                      ;;; The traps such as Open and Close
  358                      ;;; (note the capital letters) are for use by user programs.  The traps
  359                      ;;; with names such as open and close (lower case) are for use by the OS.
  360                      ;;;
  363  0000146c          	.align 2
  365                      ;;; The following are the traps to be used by user-level programs
  366                      ;;;
  368  0000146c          	.align 2
  369  0000146c          	.proc _Open
  370  0000146c          	.global _Open
  371  0000146c          	_Open:
  372                      ;;; Note that trap #0x213 actually causes a trap vector in the OS of
  373                      ;;; 0x1213.  The same is true for other user traps.  Thus, a user trap
  374                      ;;; with trap #0x240 will result in a trap vector of 0x1240 in the OS.
  375  0000146c  44000213	trap	#0x213
  376  00001470  4be00000	jr	r31
  377  00001474  54000000	nop
  378  00001478          	.endproc _Open
  380  00001478          	.proc _Close
  381  00001478          	.global _Close
  382  00001478          	_Close:
  383  00001478  44000214	trap	#0x214
  384  0000147c  4be00000	jr	r31
  385  00001480  54000000	nop
  386  00001484          	.endproc _Close
  388  00001484          	.proc _Read
  389  00001484          	.global _Read
  390  00001484          	_Read:
  391  00001484  44000210	trap	#0x210
  392  00001488  4be00000	jr	r31
  393  0000148c  54000000	nop
  394  00001490          	.endproc _Read
  396  00001490          	.proc _Write
  397  00001490          	.global _Write
  398  00001490          	_Write:
  399  00001490  44000211	trap	#0x211
  400  00001494  4be00000	jr	r31
  401  00001498  54000000	nop
  402  0000149c          	.endproc _Write
  404  0000149c          	.proc _Lseek
  405  0000149c          	.global _Lseek
  406  0000149c          	_Lseek:
  407  0000149c  44000212	trap	#0x212
  408  000014a0  4be00000	jr	r31
  409  000014a4  54000000	nop
  410  000014a8          	.endproc _Lseek
  412  000014a8          	.proc _Putchar
  413  000014a8          	.global _Putchar
  414  000014a8          	_Putchar:
  415  000014a8  44000280	trap	#0x280
  416  000014ac  4be00000	jr	r31
  417  000014b0  54000000	nop
  418  000014b4          	.endproc _Putchar
  420  000014b4          	.proc _Printf
  421  000014b4          	.global _Printf
  422  000014b4          	_Printf:
  423  000014b4  44000201	trap	#0x201
  424  000014b8  4be00000	jr	r31
  425  000014bc  54000000	nop
  426  000014c0          	.endproc _Printf
  428  000014c0          	.proc _getpid
  429  000014c0          	.global _getpid
  430  000014c0          	_getpid:
  431  000014c0  44000431	trap	#0x431
  432  000014c4  4be00000	jr	r31
  433  000014c8  54000000	nop
  434  000014cc          	.endproc _getpid
  436  000014cc          	.proc _process_create
  437  000014cc          	.global _process_create
  438  000014cc          	_process_create:
  439  000014cc  44000432	trap	#0x432
  440  000014d0  4be00000	jr	r31
  441  000014d4  54000000	nop
  442  000014d8          	.endproc _process_create
  444  000014d8          	.proc _shmget
  445  000014d8          	.global _shmget
  446  000014d8          	_shmget:
  447  000014d8  44000440	trap	#0x440
  448  000014dc  4be00000	jr	r31
  449  000014e0  54000000	nop
  450  000014e4          	.endproc _shmget
  452  000014e4          	.proc _shmat
  453  000014e4          	.global _shmat
  454  000014e4          	_shmat:
  455  000014e4  44000441	trap	#0x441
  456  000014e8  4be00000	jr	r31
  457  000014ec  54000000	nop
  458  000014f0          	.endproc _shmat
  460  000014f0          	.proc _sem_create
  461  000014f0          	.global _sem_create
  462  000014f0          	_sem_create:
  463  000014f0  44000450	trap	#0x450
  464  000014f4  4be00000	jr	r31
  465  000014f8  54000000	nop
  466  000014fc          	.endproc _sem_create
  468  000014fc          	.proc _sem_wait
  469  000014fc          	.global _sem_wait
  470  000014fc          	_sem_wait:
  471  000014fc  44000451	trap	#0x451
  472  00001500  4be00000	jr	r31
  473  00001504  54000000	nop
  474  00001508          	.endproc _sem_wait
  476  00001508          	.proc _sem_signal
  477  00001508          	.global _sem_signal
  478  00001508          	_sem_signal:
  479  00001508  44000452	trap	#0x452
  480  0000150c  4be00000	jr	r31
  481  00001510  54000000	nop
  482  00001514          	.endproc _sem_signal
  484  00001514          	.proc _lock_create
  485  00001514          	.global _lock_create
  486  00001514          	_lock_create:
  487  00001514  44000453	trap	#0x453
  488  00001518  4be00000	jr	r31
  489  0000151c  54000000	nop
  490  00001520          	.endproc _lock_create
  492  00001520          	.proc _lock_acquire
  493  00001520          	.global _lock_acquire
  494  00001520          	_lock_acquire:
  495  00001520  44000454	trap	#0x454
  496  00001524  4be00000	jr	r31
  497  00001528  54000000	nop
  498  0000152c          	.endproc _lock_acquire
  500  0000152c          	.proc _lock_release
  501  0000152c          	.global _lock_release
  502  0000152c          	_lock_release:
  503  0000152c  44000455	trap	#0x455
  504  00001530  4be00000	jr	r31
  505  00001534  54000000	nop
  506  00001538          	.endproc _lock_release
  508  00001538          	.proc _cond_create
  509  00001538          	.global _cond_create
  510  00001538          	_cond_create:
  511  00001538  44000456	trap	#0x456
  512  0000153c  4be00000	jr	r31
  513  00001540  54000000	nop
  514  00001544          	.endproc _cond_create
  516  00001544          	.proc _cond_wait
  517  00001544          	.global _cond_wait
  518  00001544          	_cond_wait:
  519  00001544  44000457	trap	#0x457
  520  00001548  4be00000	jr	r31
  521  0000154c  54000000	nop
  522  00001550          	.endproc _cond_wait
  524  00001550          	.proc _cond_signal
  525  00001550          	.global _cond_signal
  526  00001550          	_cond_signal:
  527  00001550  44000458	trap	#0x458
  528  00001554  4be00000	jr	r31
  529  00001558  54000000	nop
  530  0000155c          	.endproc _cond_signal
  532  0000155c          	.proc _cond_broadcast
  533  0000155c          	.global _cond_broadcast
  534  0000155c          	_cond_broadcast:
  535  0000155c  44000455	trap	#0x455
  536  00001560  4be00000	jr	r31
  537  00001564  54000000	nop
  538  00001568          	.endproc _cond_broadcast
  540  00001568          	.proc _Exit
  541  00001568          	.global _Exit
  542  00001568          	_Exit:
  543  00001568  44000500	trap	#0x500
  544  0000156c  4be00000	jr	r31
  545  00001570  54000000	nop
  546  00001574          	.endproc _Exit
  547                      ; Compiled by GCC
  549  00001574          	.align 2
  550  00001574          	.proc _isspace
  551  00001574          	.global _isspace
  552  00001574          	_isspace:
  553                      ;  Function 'isspace'; 0 bytes of locals, 3 regs to save.
  554  00001574  afbefffc	sw	-4(r29),r30; push fp
  555  00001578  001df020	add	r30,r0,r29; fp = sp
  556  0000157c  afbffff8	sw	-8(r29),r31; push ret addr
  557  00001580  2fbd0018	subui	r29,r29,#24; alloc local storage
  558  00001584  afa20000	sw	0(r29),r2
  559  00001588  afa30004	sw	4(r29),r3
  560  0000158c  afa40008	sw	8(r29),r4
  561  00001590  83c20003	lb	r2,3(r30)
  562  00001594  20010000	addi	r1,r0,#0
  563  00001598  304300ff	andi	r3,r2,#0x00ff
  564  0000159c  60640020	seqi	r4,r3,#32
  565  000015a0  1480002c	bnez	r4,L3_LF2
  566  000015a4  54000000	nop; delay slot nop
  567  000015a8  304300ff	andi	r3,r2,#0x00ff
  568  000015ac  60640009	seqi	r4,r3,#9
  569  000015b0  1480001c	bnez	r4,L3_LF2
  570  000015b4  54000000	nop; delay slot nop
  571  000015b8  304300ff	andi	r3,r2,#0x00ff
  572  000015bc  6064000a	seqi	r4,r3,#10
  573  000015c0  1480000c	bnez	r4,L3_LF2
  574  000015c4  54000000	nop; delay slot nop
  575  000015c8  08000008	j	L2_LF2
  576  000015cc  54000000	nop; delay slot nop
  577  000015d0          	L3_LF2:
  578  000015d0  20010001	addi	r1,r0,#1
  579  000015d4          	L2_LF2:
  580  000015d4  08000004	j	L1_LF2
  581  000015d8  54000000	nop; delay slot nop
  582  000015dc          	L1_LF2:
  583  000015dc  8fa20000	lw	r2,0(r29)
  584  000015e0  8fa30004	lw	r3,4(r29)
  585  000015e4  8fa40008	lw	r4,8(r29)
  586  000015e8  8fdffff8	lw	r31,-8(r30)
  587  000015ec  001ee820	add	r29,r0,r30
  588  000015f0  8fdefffc	lw	r30,-4(r30)
  589  000015f4  4be00000	jr	r31
  590  000015f8  54000000	nop
  591  000015fc          	.endproc _isspace
  592  000015fc          	.align 2
  593  000015fc          	.proc _isxdigit
  594  000015fc          	.global _isxdigit
  595  000015fc          	_isxdigit:
  596                      ;  Function 'isxdigit'; 0 bytes of locals, 3 regs to save.
  597  000015fc  afbefffc	sw	-4(r29),r30; push fp
  598  00001600  001df020	add	r30,r0,r29; fp = sp
  599  00001604  afbffff8	sw	-8(r29),r31; push ret addr
  600  00001608  2fbd0018	subui	r29,r29,#24; alloc local storage
  601  0000160c  afa20000	sw	0(r29),r2
  602  00001610  afa30004	sw	4(r29),r3
  603  00001614  afa40008	sw	8(r29),r4
  604  00001618  83c20003	lb	r2,3(r30)
  605  0000161c  20010000	addi	r1,r0,#0
  606  00001620  304300ff	andi	r3,r2,#0x00ff
  607  00001624  6c64002f	sgtui	r4,r3,#47
  608  00001628  1080001c	beqz	r4,L7_LF2
  609  0000162c  54000000	nop; delay slot nop
  610  00001630  304300ff	andi	r3,r2,#0x00ff
  611  00001634  70640039	sleui	r4,r3,#57
  612  00001638  1480005c	bnez	r4,L6_LF2
  613  0000163c  54000000	nop; delay slot nop
  614  00001640  08000004	j	L7_LF2
  615  00001644  54000000	nop; delay slot nop
  616  00001648          	L7_LF2:
  617  00001648  304300ff	andi	r3,r2,#0x00ff
  618  0000164c  6c640060	sgtui	r4,r3,#96
  619  00001650  1080001c	beqz	r4,L8_LF2
  620  00001654  54000000	nop; delay slot nop
  621  00001658  304300ff	andi	r3,r2,#0x00ff
  622  0000165c  70640066	sleui	r4,r3,#102
  623  00001660  14800034	bnez	r4,L6_LF2
  624  00001664  54000000	nop; delay slot nop
  625  00001668  08000004	j	L8_LF2
  626  0000166c  54000000	nop; delay slot nop
  627  00001670          	L8_LF2:
  628  00001670  304300ff	andi	r3,r2,#0x00ff
  629  00001674  6c640040	sgtui	r4,r3,#64
  630  00001678  10800020	beqz	r4,L5_LF2
  631  0000167c  54000000	nop; delay slot nop
  632  00001680  304300ff	andi	r3,r2,#0x00ff
  633  00001684  70640041	sleui	r4,r3,#65
  634  00001688  1480000c	bnez	r4,L6_LF2
  635  0000168c  54000000	nop; delay slot nop
  636  00001690  08000008	j	L5_LF2
  637  00001694  54000000	nop; delay slot nop
  638  00001698          	L6_LF2:
  639  00001698  20010001	addi	r1,r0,#1
  640  0000169c          	L5_LF2:
  641  0000169c  08000004	j	L4_LF2
  642  000016a0  54000000	nop; delay slot nop
  643  000016a4          	L4_LF2:
  644  000016a4  8fa20000	lw	r2,0(r29)
  645  000016a8  8fa30004	lw	r3,4(r29)
  646  000016ac  8fa40008	lw	r4,8(r29)
  647  000016b0  8fdffff8	lw	r31,-8(r30)
  648  000016b4  001ee820	add	r29,r0,r30
  649  000016b8  8fdefffc	lw	r30,-4(r30)
  650  000016bc  4be00000	jr	r31
  651  000016c0  54000000	nop
  652  000016c4          	.endproc _isxdigit
  653  000016c4          	.align 2
  654  000016c4          	.proc _dstrcpy
  655  000016c4          	.global _dstrcpy
  656  000016c4          	_dstrcpy:
  657                      ;  Function 'dstrcpy'; 8 bytes of locals, 2 regs to save.
  658  000016c4  afbefffc	sw	-4(r29),r30; push fp
  659  000016c8  001df020	add	r30,r0,r29; fp = sp
  660  000016cc  afbffff8	sw	-8(r29),r31; push ret addr
  661  000016d0  2fbd0018	subui	r29,r29,#24; alloc local storage
  662  000016d4  afa20000	sw	0(r29),r2
  663  000016d8  afa30004	sw	4(r29),r3
  664  000016dc  8fc10000	lw	r1,(r30)
  665  000016e0  afc1fff4	sw	-12(r30),r1
  666  000016e4          	L10_LF2:
  667  000016e4  8fc10000	lw	r1,(r30)
  668  000016e8  20220001	addi	r2,r1,#1
  669  000016ec  afc20000	sw	(r30),r2
  670  000016f0  8fc20004	lw	r2,4(r30)
  671  000016f4  20430001	addi	r3,r2,#1
  672  000016f8  afc30004	sw	4(r30),r3
  673  000016fc  80420000	lb	r2,(r2)
  674  00001700  a0220000	sb	(r1),r2
  675  00001704  a3c2fff3	sb	-13(r30),r2
  676  00001708          	L12_LF2:
  677  00001708  93c1fff3	lbu	r1,-13(r30)
  678  0000170c  64220000	snei	r2,r1,#0
  679  00001710  1440000c	bnez	r2,L13_LF2
  680  00001714  54000000	nop; delay slot nop
  681  00001718  0800000c	j	L11_LF2
  682  0000171c  54000000	nop; delay slot nop
  683  00001720          	L13_LF2:
  684  00001720  0bffffc0	j	L10_LF2
  685  00001724  54000000	nop; delay slot nop
  686  00001728          	L11_LF2:
  687  00001728  8fc1fff4	lw	r1,-12(r30)
  688  0000172c  08000004	j	L9_LF2
  689  00001730  54000000	nop; delay slot nop
  690  00001734          	L9_LF2:
  691  00001734  8fa20000	lw	r2,0(r29)
  692  00001738  8fa30004	lw	r3,4(r29)
  693  0000173c  8fdffff8	lw	r31,-8(r30)
  694  00001740  001ee820	add	r29,r0,r30
  695  00001744  8fdefffc	lw	r30,-4(r30)
  696  00001748  4be00000	jr	r31
  697  0000174c  54000000	nop
  698  00001750          	.endproc _dstrcpy
  699  00001750          	.align 2
  700  00001750          	.proc _dstrncpy
  701  00001750          	.global _dstrncpy
  702  00001750          	_dstrncpy:
  703                      ;  Function 'dstrncpy'; 8 bytes of locals, 2 regs to save.
  704  00001750  afbefffc	sw	-4(r29),r30; push fp
  705  00001754  001df020	add	r30,r0,r29; fp = sp
  706  00001758  afbffff8	sw	-8(r29),r31; push ret addr
  707  0000175c  2fbd0018	subui	r29,r29,#24; alloc local storage
  708  00001760  afa20000	sw	0(r29),r2
  709  00001764  afa30004	sw	4(r29),r3
  710  00001768  8fc10000	lw	r1,(r30)
  711  0000176c  afc1fff4	sw	-12(r30),r1
  712  00001770          	L15_LF2:
  713  00001770  8fc10008	lw	r1,8(r30)
  714  00001774  2022ffff	addi	r2,r1,#-1
  715  00001778  afc20008	sw	8(r30),r2
  716  0000177c  70210000	slei	r1,r1,#0
  717  00001780  1020000c	beqz	r1,L18_LF2
  718  00001784  54000000	nop; delay slot nop
  719  00001788  08000048	j	L16_LF2
  720  0000178c  54000000	nop; delay slot nop
  721  00001790          	L18_LF2:
  722  00001790  8fc10000	lw	r1,(r30)
  723  00001794  20220001	addi	r2,r1,#1
  724  00001798  afc20000	sw	(r30),r2
  725  0000179c  8fc20004	lw	r2,4(r30)
  726  000017a0  20430001	addi	r3,r2,#1
  727  000017a4  afc30004	sw	4(r30),r3
  728  000017a8  80420000	lb	r2,(r2)
  729  000017ac  a0220000	sb	(r1),r2
  730  000017b0  a3c2fff3	sb	-13(r30),r2
  731  000017b4          	L17_LF2:
  732  000017b4  93c1fff3	lbu	r1,-13(r30)
  733  000017b8  64220000	snei	r2,r1,#0
  734  000017bc  1440000c	bnez	r2,L19_LF2
  735  000017c0  54000000	nop; delay slot nop
  736  000017c4  0800000c	j	L16_LF2
  737  000017c8  54000000	nop; delay slot nop
  738  000017cc          	L19_LF2:
  739  000017cc  0bffffa0	j	L15_LF2
  740  000017d0  54000000	nop; delay slot nop
  741  000017d4          	L16_LF2:
  742  000017d4  8fc1fff4	lw	r1,-12(r30)
  743  000017d8  08000004	j	L14_LF2
  744  000017dc  54000000	nop; delay slot nop
  745  000017e0          	L14_LF2:
  746  000017e0  8fa20000	lw	r2,0(r29)
  747  000017e4  8fa30004	lw	r3,4(r29)
  748  000017e8  8fdffff8	lw	r31,-8(r30)
  749  000017ec  001ee820	add	r29,r0,r30
  750  000017f0  8fdefffc	lw	r30,-4(r30)
  751  000017f4  4be00000	jr	r31
  752  000017f8  54000000	nop
  753  000017fc          	.endproc _dstrncpy
  754  000017fc          	.align 2
  755  000017fc          	.proc _dstrcat
  756  000017fc          	.global _dstrcat
  757  000017fc          	_dstrcat:
  758                      ;  Function 'dstrcat'; 8 bytes of locals, 1 regs to save.
  759  000017fc  afbefffc	sw	-4(r29),r30; push fp
  760  00001800  001df020	add	r30,r0,r29; fp = sp
  761  00001804  afbffff8	sw	-8(r29),r31; push ret addr
  762  00001808  2fbd0018	subui	r29,r29,#24; alloc local storage
  763  0000180c  afa20000	sw	0(r29),r2
  764  00001810  8fc10000	lw	r1,(r30)
  765  00001814  afc1fff4	sw	-12(r30),r1
  766  00001818          	L21_LF2:
  767  00001818  8fc10000	lw	r1,(r30)
  768  0000181c  90220000	lbu	r2,(r1)
  769  00001820  64410000	snei	r1,r2,#0
  770  00001824  1420000c	bnez	r1,L23_LF2
  771  00001828  54000000	nop; delay slot nop
  772  0000182c  0800001c	j	L22_LF2
  773  00001830  54000000	nop; delay slot nop
  774  00001834          	L23_LF2:
  775  00001834  8fc20000	lw	r2,(r30)
  776  00001838  20410001	addi	r1,r2,#1
  777  0000183c  00011020	add	r2,r0,r1
  778  00001840  afc20000	sw	(r30),r2
  779  00001844  0bffffd0	j	L21_LF2
  780  00001848  54000000	nop; delay slot nop
  781  0000184c          	L22_LF2:
  782  0000184c  23bdfff8	addi	r29,r29,#-8
  783  00001850  001d0820	add	r1,r0,r29
  784  00001854  8fc20000	lw	r2,(r30)
  785  00001858  ac220000	sw	(r1),r2
  786  0000185c  8fc20004	lw	r2,4(r30)
  787  00001860  ac220004	sw	4(r1),r2
  788  00001864  0ffffe5c	jal	_dstrcpy
  789  00001868  54000000	nop; delay slot nop
  790  0000186c  23bd0008	addi	r29,r29,#8
  791  00001870  8fc1fff4	lw	r1,-12(r30)
  792  00001874  08000004	j	L20_LF2
  793  00001878  54000000	nop; delay slot nop
  794  0000187c          	L20_LF2:
  795  0000187c  8fa20000	lw	r2,0(r29)
  796  00001880  8fdffff8	lw	r31,-8(r30)
  797  00001884  001ee820	add	r29,r0,r30
  798  00001888  8fdefffc	lw	r30,-4(r30)
  799  0000188c  4be00000	jr	r31
  800  00001890  54000000	nop
  801  00001894          	.endproc _dstrcat
  802  00001894          	.align 2
  803  00001894          	.proc _dstrncmp
  804  00001894          	.global _dstrncmp
  805  00001894          	_dstrncmp:
  806                      ;  Function 'dstrncmp'; 8 bytes of locals, 2 regs to save.
  807  00001894  afbefffc	sw	-4(r29),r30; push fp
  808  00001898  001df020	add	r30,r0,r29; fp = sp
  809  0000189c  afbffff8	sw	-8(r29),r31; push ret addr
  810  000018a0  2fbd0018	subui	r29,r29,#24; alloc local storage
  811  000018a4  afa20000	sw	0(r29),r2
  812  000018a8  afa30004	sw	4(r29),r3
  813  000018ac  54000000	nop
  814  000018b0  20010000	addi	r1,r0,#0
  815  000018b4  afc1fff4	sw	-12(r30),r1
  816  000018b8          	L25_LF2:
  817  000018b8  8fc1fff4	lw	r1,-12(r30)
  818  000018bc  8fc20008	lw	r2,8(r30)
  819  000018c0  0022082a	slt	r1,r1,r2
  820  000018c4  1420000c	bnez	r1,L28_LF2
  821  000018c8  54000000	nop; delay slot nop
  822  000018cc  08000088	j	L26_LF2
  823  000018d0  54000000	nop; delay slot nop
  824  000018d4          	L28_LF2:
  825  000018d4  8fc10004	lw	r1,4(r30)
  826  000018d8  90220000	lbu	r2,(r1)
  827  000018dc  64410000	snei	r1,r2,#0
  828  000018e0  14200018	bnez	r1,L29_LF2
  829  000018e4  54000000	nop; delay slot nop
  830  000018e8  20010000	addi	r1,r0,#0
  831  000018ec  080000d8	j	L24_LF2
  832  000018f0  54000000	nop; delay slot nop
  833  000018f4  08000028	j	L30_LF2
  834  000018f8  54000000	nop; delay slot nop
  835  000018fc          	L29_LF2:
  836  000018fc  8fc10000	lw	r1,(r30)
  837  00001900  8fc20004	lw	r2,4(r30)
  838  00001904  90210000	lbu	r1,(r1)
  839  00001908  90420000	lbu	r2,(r2)
  840  0000190c  00220829	sne	r1,r1,r2
  841  00001910  1020000c	beqz	r1,L30_LF2
  842  00001914  54000000	nop; delay slot nop
  843  00001918  0800003c	j	L26_LF2
  844  0000191c  54000000	nop; delay slot nop
  845  00001920          	L31_LF2:
  846  00001920          	L30_LF2:
  847  00001920  8fc20000	lw	r2,(r30)
  848  00001924  20410001	addi	r1,r2,#1
  849  00001928  00011020	add	r2,r0,r1
  850  0000192c  afc20000	sw	(r30),r2
  851  00001930  8fc20004	lw	r2,4(r30)
  852  00001934  20410001	addi	r1,r2,#1
  853  00001938  00011020	add	r2,r0,r1
  854  0000193c  afc20004	sw	4(r30),r2
  855  00001940          	L27_LF2:
  856  00001940  8fc2fff4	lw	r2,-12(r30)
  857  00001944  20410001	addi	r1,r2,#1
  858  00001948  00011020	add	r2,r0,r1
  859  0000194c  afc2fff4	sw	-12(r30),r2
  860  00001950  0bffff64	j	L25_LF2
  861  00001954  54000000	nop; delay slot nop
  862  00001958          	L26_LF2:
  863  00001958  8fc1fff4	lw	r1,-12(r30)
  864  0000195c  8fc20008	lw	r2,8(r30)
  865  00001960  00220828	seq	r1,r1,r2
  866  00001964  10200018	beqz	r1,L32_LF2
  867  00001968  54000000	nop; delay slot nop
  868  0000196c  20010000	addi	r1,r0,#0
  869  00001970  08000054	j	L24_LF2
  870  00001974  54000000	nop; delay slot nop
  871  00001978  0800004c	j	L33_LF2
  872  0000197c  54000000	nop; delay slot nop
  873  00001980          	L32_LF2:
  874  00001980  8fc20000	lw	r2,(r30)
  875  00001984  90410000	lbu	r1,(r2)
  876  00001988  8fc20004	lw	r2,4(r30)
  877  0000198c  90430000	lbu	r3,(r2)
  878  00001990  00230822	sub	r1,r1,r3
  879  00001994  74220000	sgei	r2,r1,#0
  880  00001998  10400020	beqz	r2,L34_LF2
  881  0000199c  54000000	nop; delay slot nop
  882  000019a0  8fc10000	lw	r1,(r30)
  883  000019a4  8fc20004	lw	r2,4(r30)
  884  000019a8  90210000	lbu	r1,(r1)
  885  000019ac  90420000	lbu	r2,(r2)
  886  000019b0  00220829	sne	r1,r1,r2
  887  000019b4  08000008	j	L35_LF2
  888  000019b8  54000000	nop; delay slot nop
  889  000019bc          	L34_LF2:
  890  000019bc  2001ffff	addi	r1,r0,#-1
  891  000019c0          	L35_LF2:
  892  000019c0  08000004	j	L24_LF2
  893  000019c4  54000000	nop; delay slot nop
  894  000019c8          	L33_LF2:
  895  000019c8          	L24_LF2:
  896  000019c8  8fa20000	lw	r2,0(r29)
  897  000019cc  8fa30004	lw	r3,4(r29)
  898  000019d0  8fdffff8	lw	r31,-8(r30)
  899  000019d4  001ee820	add	r29,r0,r30
  900  000019d8  8fdefffc	lw	r30,-4(r30)
  901  000019dc  4be00000	jr	r31
  902  000019e0  54000000	nop
  903  000019e4          	.endproc _dstrncmp
  904  000019e4          	.align 2
  905  000019e4          	.proc _dstrlen
  906  000019e4          	.global _dstrlen
  907  000019e4          	_dstrlen:
  908                      ;  Function 'dstrlen'; 8 bytes of locals, 1 regs to save.
  909  000019e4  afbefffc	sw	-4(r29),r30; push fp
  910  000019e8  001df020	add	r30,r0,r29; fp = sp
  911  000019ec  afbffff8	sw	-8(r29),r31; push ret addr
  912  000019f0  2fbd0018	subui	r29,r29,#24; alloc local storage
  913  000019f4  afa20000	sw	0(r29),r2
  914  000019f8  20010000	addi	r1,r0,#0
  915  000019fc  afc1fff4	sw	-12(r30),r1
  916  00001a00          	L37_LF2:
  917  00001a00  8fc10000	lw	r1,(r30)
  918  00001a04  20220001	addi	r2,r1,#1
  919  00001a08  afc20000	sw	(r30),r2
  920  00001a0c  90210000	lbu	r1,(r1)
  921  00001a10  64220000	snei	r2,r1,#0
  922  00001a14  1440000c	bnez	r2,L39_LF2
  923  00001a18  54000000	nop; delay slot nop
  924  00001a1c  0800001c	j	L38_LF2
  925  00001a20  54000000	nop; delay slot nop
  926  00001a24          	L39_LF2:
  927  00001a24  8fc2fff4	lw	r2,-12(r30)
  928  00001a28  20410001	addi	r1,r2,#1
  929  00001a2c  00011020	add	r2,r0,r1
  930  00001a30  afc2fff4	sw	-12(r30),r2
  931  00001a34  0bffffc8	j	L37_LF2
  932  00001a38  54000000	nop; delay slot nop
  933  00001a3c          	L38_LF2:
  934  00001a3c  8fc1fff4	lw	r1,-12(r30)
  935  00001a40  08000004	j	L36_LF2
  936  00001a44  54000000	nop; delay slot nop
  937  00001a48          	L36_LF2:
  938  00001a48  8fa20000	lw	r2,0(r29)
  939  00001a4c  8fdffff8	lw	r31,-8(r30)
  940  00001a50  001ee820	add	r29,r0,r30
  941  00001a54  8fdefffc	lw	r30,-4(r30)
  942  00001a58  4be00000	jr	r31
  943  00001a5c  54000000	nop
  944  00001a60          	.endproc _dstrlen
  945  00001a60          	.align 2
  946  00001a60          	.proc _dstrstr
  947  00001a60          	.global _dstrstr
  948  00001a60          	_dstrstr:
  949                      ;  Function 'dstrstr'; 8 bytes of locals, 1 regs to save.
  950  00001a60  afbefffc	sw	-4(r29),r30; push fp
  951  00001a64  001df020	add	r30,r0,r29; fp = sp
  952  00001a68  afbffff8	sw	-8(r29),r31; push ret addr
  953  00001a6c  2fbd0018	subui	r29,r29,#24; alloc local storage
  954  00001a70  afa20000	sw	0(r29),r2
  955  00001a74  23bdfff8	addi	r29,r29,#-8
  956  00001a78  001d0820	add	r1,r0,r29
  957  00001a7c  8fc20004	lw	r2,4(r30)
  958  00001a80  ac220000	sw	(r1),r2
  959  00001a84  0fffff5c	jal	_dstrlen
  960  00001a88  54000000	nop; delay slot nop
  961  00001a8c  23bd0008	addi	r29,r29,#8
  962  00001a90  afc1fff4	sw	-12(r30),r1
  963  00001a94          	L41_LF2:
  964  00001a94  8fc10000	lw	r1,(r30)
  965  00001a98  90220000	lbu	r2,(r1)
  966  00001a9c  64410000	snei	r1,r2,#0
  967  00001aa0  1420000c	bnez	r1,L43_LF2
  968  00001aa4  54000000	nop; delay slot nop
  969  00001aa8  08000060	j	L42_LF2
  970  00001aac  54000000	nop; delay slot nop
  971  00001ab0          	L43_LF2:
  972  00001ab0  23bdfff0	addi	r29,r29,#-16
  973  00001ab4  001d0820	add	r1,r0,r29
  974  00001ab8  8fc20000	lw	r2,(r30)
  975  00001abc  ac220000	sw	(r1),r2
  976  00001ac0  8fc20004	lw	r2,4(r30)
  977  00001ac4  ac220004	sw	4(r1),r2
  978  00001ac8  8fc2fff4	lw	r2,-12(r30)
  979  00001acc  ac220008	sw	8(r1),r2
  980  00001ad0  0ffffdc0	jal	_dstrncmp
  981  00001ad4  54000000	nop; delay slot nop
  982  00001ad8  23bd0010	addi	r29,r29,#16
  983  00001adc  64220000	snei	r2,r1,#0
  984  00001ae0  14400010	bnez	r2,L44_LF2
  985  00001ae4  54000000	nop; delay slot nop
  986  00001ae8  8fc10000	lw	r1,(r30)
  987  00001aec  08000028	j	L40_LF2
  988  00001af0  54000000	nop; delay slot nop
  989  00001af4          	L44_LF2:
  990  00001af4  8fc20000	lw	r2,(r30)
  991  00001af8  20410001	addi	r1,r2,#1
  992  00001afc  00011020	add	r2,r0,r1
  993  00001b00  afc20000	sw	(r30),r2
  994  00001b04  0bffff8c	j	L41_LF2
  995  00001b08  54000000	nop; delay slot nop
  996  00001b0c          	L42_LF2:
  997  00001b0c  20010000	addi	r1,r0,#0
  998  00001b10  08000004	j	L40_LF2
  999  00001b14  54000000	nop; delay slot nop
 1000  00001b18          	L40_LF2:
 1001  00001b18  8fa20000	lw	r2,0(r29)
 1002  00001b1c  8fdffff8	lw	r31,-8(r30)
 1003  00001b20  001ee820	add	r29,r0,r30
 1004  00001b24  8fdefffc	lw	r30,-4(r30)
 1005  00001b28  4be00000	jr	r31
 1006  00001b2c  54000000	nop
 1007  00001b30          	.endproc _dstrstr
 1008  00001b30          	.align 2
 1009  00001b30          	.proc _dmindex
 1010  00001b30          	.global _dmindex
 1011  00001b30          	_dmindex:
 1012                      ;  Function 'dmindex'; 8 bytes of locals, 1 regs to save.
 1013  00001b30  afbefffc	sw	-4(r29),r30; push fp
 1014  00001b34  001df020	add	r30,r0,r29; fp = sp
 1015  00001b38  afbffff8	sw	-8(r29),r31; push ret addr
 1016  00001b3c  2fbd0018	subui	r29,r29,#24; alloc local storage
 1017  00001b40  afa20000	sw	0(r29),r2
 1018  00001b44  54000000	nop
 1019  00001b48          	L46_LF2:
 1020  00001b48  8fc10000	lw	r1,(r30)
 1021  00001b4c  90220000	lbu	r2,(r1)
 1022  00001b50  64410000	snei	r1,r2,#0
 1023  00001b54  1420000c	bnez	r1,L48_LF2
 1024  00001b58  54000000	nop; delay slot nop
 1025  00001b5c  08000070	j	L47_LF2
 1026  00001b60  54000000	nop; delay slot nop
 1027  00001b64          	L48_LF2:
 1028  00001b64  8fc10004	lw	r1,4(r30)
 1029  00001b68  afc1fff4	sw	-12(r30),r1
 1030  00001b6c          	L49_LF2:
 1031  00001b6c  8fc1fff4	lw	r1,-12(r30)
 1032  00001b70  90220000	lbu	r2,(r1)
 1033  00001b74  64410000	snei	r1,r2,#0
 1034  00001b78  1420000c	bnez	r1,L52_LF2
 1035  00001b7c  54000000	nop; delay slot nop
 1036  00001b80  08000044	j	L50_LF2
 1037  00001b84  54000000	nop; delay slot nop
 1038  00001b88          	L52_LF2:
 1039  00001b88  8fc10000	lw	r1,(r30)
 1040  00001b8c  8fc2fff4	lw	r2,-12(r30)
 1041  00001b90  90210000	lbu	r1,(r1)
 1042  00001b94  90420000	lbu	r2,(r2)
 1043  00001b98  00220828	seq	r1,r1,r2
 1044  00001b9c  10200010	beqz	r1,L51_LF2
 1045  00001ba0  54000000	nop; delay slot nop
 1046  00001ba4  8fc10000	lw	r1,(r30)
 1047  00001ba8  08000030	j	L45_LF2
 1048  00001bac  54000000	nop; delay slot nop
 1049  00001bb0          	L53_LF2:
 1050  00001bb0          	L51_LF2:
 1051  00001bb0  8fc2fff4	lw	r2,-12(r30)
 1052  00001bb4  20410001	addi	r1,r2,#1
 1053  00001bb8  00011020	add	r2,r0,r1
 1054  00001bbc  afc2fff4	sw	-12(r30),r2
 1055  00001bc0  0bffffa8	j	L49_LF2
 1056  00001bc4  54000000	nop; delay slot nop
 1057  00001bc8          	L50_LF2:
 1058  00001bc8  0bffff7c	j	L46_LF2
 1059  00001bcc  54000000	nop; delay slot nop
 1060  00001bd0          	L47_LF2:
 1061  00001bd0  20010000	addi	r1,r0,#0
 1062  00001bd4  08000004	j	L45_LF2
 1063  00001bd8  54000000	nop; delay slot nop
 1064  00001bdc          	L45_LF2:
 1065  00001bdc  8fa20000	lw	r2,0(r29)
 1066  00001be0  8fdffff8	lw	r31,-8(r30)
 1067  00001be4  001ee820	add	r29,r0,r30
 1068  00001be8  8fdefffc	lw	r30,-4(r30)
 1069  00001bec  4be00000	jr	r31
 1070  00001bf0  54000000	nop
 1071  00001bf4          	.endproc _dmindex
 1072  00001bf4          	.align 2
 1073  00001bf4          	.proc _dindex
 1074  00001bf4          	.global _dindex
 1075  00001bf4          	_dindex:
 1076                      ;  Function 'dindex'; 0 bytes of locals, 1 regs to save.
 1077  00001bf4  afbefffc	sw	-4(r29),r30; push fp
 1078  00001bf8  001df020	add	r30,r0,r29; fp = sp
 1079  00001bfc  afbffff8	sw	-8(r29),r31; push ret addr
 1080  00001c00  2fbd0010	subui	r29,r29,#16; alloc local storage
 1081  00001c04  afa20000	sw	0(r29),r2
 1082  00001c08  54000000	nop
 1083  00001c0c          	L55_LF2:
 1084  00001c0c  8fc10000	lw	r1,(r30)
 1085  00001c10  90220000	lbu	r2,(r1)
 1086  00001c14  64410000	snei	r1,r2,#0
 1087  00001c18  1420000c	bnez	r1,L57_LF2
 1088  00001c1c  54000000	nop; delay slot nop
 1089  00001c20  08000040	j	L56_LF2
 1090  00001c24  54000000	nop; delay slot nop
 1091  00001c28          	L57_LF2:
 1092  00001c28  8fc10000	lw	r1,(r30)
 1093  00001c2c  90220000	lbu	r2,(r1)
 1094  00001c30  8fc10004	lw	r1,4(r30)
 1095  00001c34  00411028	seq	r2,r2,r1
 1096  00001c38  10400010	beqz	r2,L58_LF2
 1097  00001c3c  54000000	nop; delay slot nop
 1098  00001c40  8fc10000	lw	r1,(r30)
 1099  00001c44  08000028	j	L54_LF2
 1100  00001c48  54000000	nop; delay slot nop
 1101  00001c4c          	L58_LF2:
 1102  00001c4c  8fc20000	lw	r2,(r30)
 1103  00001c50  20410001	addi	r1,r2,#1
 1104  00001c54  00011020	add	r2,r0,r1
 1105  00001c58  afc20000	sw	(r30),r2
 1106  00001c5c  0bffffac	j	L55_LF2
 1107  00001c60  54000000	nop; delay slot nop
 1108  00001c64          	L56_LF2:
 1109  00001c64  20010000	addi	r1,r0,#0
 1110  00001c68  08000004	j	L54_LF2
 1111  00001c6c  54000000	nop; delay slot nop
 1112  00001c70          	L54_LF2:
 1113  00001c70  8fa20000	lw	r2,0(r29)
 1114  00001c74  8fdffff8	lw	r31,-8(r30)
 1115  00001c78  001ee820	add	r29,r0,r30
 1116  00001c7c  8fdefffc	lw	r30,-4(r30)
 1117  00001c80  4be00000	jr	r31
 1118  00001c84  54000000	nop
 1119  00001c88          	.endproc _dindex
 1120  00001c88          	.align 2
 1121  00001c88          	.proc _ditoa
 1122  00001c88          	.global _ditoa
 1123  00001c88          	_ditoa:
 1124                      ;  Function 'ditoa'; 8 bytes of locals, 2 regs to save.
 1125  00001c88  afbefffc	sw	-4(r29),r30; push fp
 1126  00001c8c  001df020	add	r30,r0,r29; fp = sp
 1127  00001c90  afbffff8	sw	-8(r29),r31; push ret addr
 1128  00001c94  2fbd0018	subui	r29,r29,#24; alloc local storage
 1129  00001c98  afa20000	sw	0(r29),r2
 1130  00001c9c  afa30004	sw	4(r29),r3
 1131  00001ca0  8fc10000	lw	r1,(r30)
 1132  00001ca4  68220000	slti	r2,r1,#0
 1133  00001ca8  1040002c	beqz	r2,L60_LF2
 1134  00001cac  54000000	nop; delay slot nop
 1135  00001cb0  8fc10004	lw	r1,4(r30)
 1136  00001cb4  20220001	addi	r2,r1,#1
 1137  00001cb8  afc20004	sw	4(r30),r2
 1138  00001cbc  2002002d	addi	r2,r0,(#0x2d)&0xff
 1139  00001cc0  a0220000	sb	(r1),r2
 1140  00001cc4  8fc10000	lw	r1,(r30)
 1141  00001cc8  00011022	sub	r2,r0,r1
 1142  00001ccc  afc20000	sw	(r30),r2
 1143  00001cd0  08000118	j	L61_LF2
 1144  00001cd4  54000000	nop; delay slot nop
 1145  00001cd8          	L60_LF2:
 1146  00001cd8  8fc10000	lw	r1,(r30)
 1147  00001cdc  64220000	snei	r2,r1,#0
 1148  00001ce0  14400020	bnez	r2,L62_LF2
 1149  00001ce4  54000000	nop; delay slot nop
 1150  00001ce8  8fc10004	lw	r1,4(r30)
 1151  00001cec  20220001	addi	r2,r1,#1
 1152  00001cf0  afc20004	sw	4(r30),r2
 1153  00001cf4  20020030	addi	r2,r0,(#0x30)&0xff
 1154  00001cf8  a0220000	sb	(r1),r2
 1155  00001cfc  080000ec	j	L61_LF2
 1156  00001d00  54000000	nop; delay slot nop
 1157  00001d04          	L62_LF2:
 1158  00001d04  20010001	addi	r1,r0,#1
 1159  00001d08  afc1fff4	sw	-12(r30),r1
 1160  00001d0c          	L64_LF2:
 1161  00001d0c  8fc1fff4	lw	r1,-12(r30)
 1162  00001d10  8fc20000	lw	r2,(r30)
 1163  00001d14  0022082c	sle	r1,r1,r2
 1164  00001d18  1420000c	bnez	r1,L66_LF2
 1165  00001d1c  54000000	nop; delay slot nop
 1166  00001d20  08000024	j	L65_LF2
 1167  00001d24  54000000	nop; delay slot nop
 1168  00001d28          	L67_LF2:
 1169  00001d28          	L66_LF2:
 1170  00001d28  8fc1fff4	lw	r1,-12(r30)
 1171  00001d2c  00011820	add	r3,r0,r1
 1172  00001d30  50620002	slli	r2,r3,#0x2
 1173  00001d34  00411020	add	r2,r2,r1
 1174  00001d38  50410001	slli	r1,r2,#0x1
 1175  00001d3c  afc1fff4	sw	-12(r30),r1
 1176  00001d40  0bffffc8	j	L64_LF2
 1177  00001d44  54000000	nop; delay slot nop
 1178  00001d48          	L65_LF2:
 1179  00001d48  54000000	nop
 1180  00001d4c          	L68_LF2:
 1181  00001d4c  8fc1fff4	lw	r1,-12(r30)
 1182  00001d50  2002000a	addi	r2,r0,#10
 1183  00001d54  00200035	movi2fp	f0,r1
 1184  00001d58  00400835	movi2fp	f1,r2
 1185  00001d5c  0401000f	div	f0,f0,f1
 1186  00001d60  00000834	movfp2i	r1,f0
 1187  00001d64  afc1fff4	sw	-12(r30),r1
 1188  00001d68  8fc10004	lw	r1,4(r30)
 1189  00001d6c  20220001	addi	r2,r1,#1
 1190  00001d70  afc20004	sw	4(r30),r2
 1191  00001d74  8fc20000	lw	r2,(r30)
 1192  00001d78  8fc3fff4	lw	r3,-12(r30)
 1193  00001d7c  00400035	movi2fp	f0,r2
 1194  00001d80  00600835	movi2fp	f1,r3
 1195  00001d84  0401000f	div	f0,f0,f1
 1196  00001d88  00001034	movfp2i	r2,f0
 1197  00001d8c  00021820	add	r3,r0,r2
 1198  00001d90  20620030	addi	r2,r3,#48
 1199  00001d94  a0220000	sb	(r1),r2
 1200  00001d98  8fc10000	lw	r1,(r30)
 1201  00001d9c  8fc3fff4	lw	r3,-12(r30)
 1202  00001da0  00200035	movi2fp	f0,r1
 1203  00001da4  00600835	movi2fp	f1,r3
 1204  00001da8  0401000f	div	f0,f0,f1
 1205  00001dac  00001034	movfp2i	r2,f0
 1206  00001db0  8fc3fff4	lw	r3,-12(r30)
 1207  00001db4  00400035	movi2fp	f0,r2
 1208  00001db8  00600835	movi2fp	f1,r3
 1209  00001dbc  0401000e	mult	f0,f0,f1
 1210  00001dc0  00001034	movfp2i	r2,f0
 1211  00001dc4  00220822	sub	r1,r1,r2
 1212  00001dc8  afc10000	sw	(r30),r1
 1213  00001dcc          	L70_LF2:
 1214  00001dcc  8fc1fff4	lw	r1,-12(r30)
 1215  00001dd0  6c220001	sgti	r2,r1,#1
 1216  00001dd4  1440000c	bnez	r2,L71_LF2
 1217  00001dd8  54000000	nop; delay slot nop
 1218  00001ddc  0800000c	j	L61_LF2
 1219  00001de0  54000000	nop; delay slot nop
 1220  00001de4          	L71_LF2:
 1221  00001de4  0bffff64	j	L68_LF2
 1222  00001de8  54000000	nop; delay slot nop
 1223  00001dec          	L69_LF2:
 1224  00001dec          	L63_LF2:
 1225  00001dec          	L61_LF2:
 1226  00001dec  8fc10004	lw	r1,4(r30)
 1227  00001df0  20020000	addi	r2,r0,(#0x0)&0xff
 1228  00001df4  a0220000	sb	(r1),r2
 1229  00001df8          	L59_LF2:
 1230  00001df8  8fa20000	lw	r2,0(r29)
 1231  00001dfc  8fa30004	lw	r3,4(r29)
 1232  00001e00  8fdffff8	lw	r31,-8(r30)
 1233  00001e04  001ee820	add	r29,r0,r30
 1234  00001e08  8fdefffc	lw	r30,-4(r30)
 1235  00001e0c  4be00000	jr	r31
 1236  00001e10  54000000	nop
 1237  00001e14          	.endproc _ditoa
 1238  00001e14          	.align 2
 1239  00001e14          	.proc _dstrtol
 1240  00001e14          	.global _dstrtol
 1241  00001e14          	_dstrtol:
 1242                      ;  Function 'dstrtol'; 16 bytes of locals, 1 regs to save.
 1243  00001e14  afbefffc	sw	-4(r29),r30; push fp
 1244  00001e18  001df020	add	r30,r0,r29; fp = sp
 1245  00001e1c  afbffff8	sw	-8(r29),r31; push ret addr
 1246  00001e20  2fbd0020	subui	r29,r29,#32; alloc local storage
 1247  00001e24  afa20000	sw	0(r29),r2
 1248  00001e28  20010000	addi	r1,r0,#0
 1249  00001e2c  afc1fff4	sw	-12(r30),r1
 1250  00001e30          	L73_LF2:
 1251  00001e30  8fc10000	lw	r1,(r30)
 1252  00001e34  90220000	lbu	r2,(r1)
 1253  00001e38  60410020	seqi	r1,r2,#32
 1254  00001e3c  14200034	bnez	r1,L75_LF2
 1255  00001e40  54000000	nop; delay slot nop
 1256  00001e44  8fc10000	lw	r1,(r30)
 1257  00001e48  90220000	lbu	r2,(r1)
 1258  00001e4c  60410009	seqi	r1,r2,#9
 1259  00001e50  14200020	bnez	r1,L75_LF2
 1260  00001e54  54000000	nop; delay slot nop
 1261  00001e58  8fc10000	lw	r1,(r30)
 1262  00001e5c  90220000	lbu	r2,(r1)
 1263  00001e60  6041000a	seqi	r1,r2,#10
 1264  00001e64  1420000c	bnez	r1,L75_LF2
 1265  00001e68  54000000	nop; delay slot nop
 1266  00001e6c  0800001c	j	L74_LF2
 1267  00001e70  54000000	nop; delay slot nop
 1268  00001e74          	L75_LF2:
 1269  00001e74  8fc20000	lw	r2,(r30)
 1270  00001e78  20410001	addi	r1,r2,#1
 1271  00001e7c  00011020	add	r2,r0,r1
 1272  00001e80  afc20000	sw	(r30),r2
 1273  00001e84  0bffffa8	j	L73_LF2
 1274  00001e88  54000000	nop; delay slot nop
 1275  00001e8c          	L74_LF2:
 1276  00001e8c  8fc10004	lw	r1,4(r30)
 1277  00001e90  64220000	snei	r2,r1,#0
 1278  00001e94  10400010	beqz	r2,L76_LF2
 1279  00001e98  54000000	nop; delay slot nop
 1280  00001e9c  8fc10004	lw	r1,4(r30)
 1281  00001ea0  8fc20000	lw	r2,(r30)
 1282  00001ea4  ac220000	sw	(r1),r2
 1283  00001ea8          	L76_LF2:
 1284  00001ea8  8fc10000	lw	r1,(r30)
 1285  00001eac  90220000	lbu	r2,(r1)
 1286  00001eb0  64410000	snei	r1,r2,#0
 1287  00001eb4  14200010	bnez	r1,L77_LF2
 1288  00001eb8  54000000	nop; delay slot nop
 1289  00001ebc  8fc1fff4	lw	r1,-12(r30)
 1290  00001ec0  08000294	j	L72_LF2
 1291  00001ec4  54000000	nop; delay slot nop
 1292  00001ec8          	L77_LF2:
 1293  00001ec8  8fc10000	lw	r1,(r30)
 1294  00001ecc  90220000	lbu	r2,(r1)
 1295  00001ed0  6041002d	seqi	r1,r2,#45
 1296  00001ed4  10200024	beqz	r1,L78_LF2
 1297  00001ed8  54000000	nop; delay slot nop
 1298  00001edc  2001ffff	addi	r1,r0,#-1
 1299  00001ee0  afc1ffec	sw	-20(r30),r1
 1300  00001ee4  8fc20000	lw	r2,(r30)
 1301  00001ee8  20410001	addi	r1,r2,#1
 1302  00001eec  00011020	add	r2,r0,r1
 1303  00001ef0  afc20000	sw	(r30),r2
 1304  00001ef4  0800000c	j	L79_LF2
 1305  00001ef8  54000000	nop; delay slot nop
 1306  00001efc          	L78_LF2:
 1307  00001efc  20010001	addi	r1,r0,#1
 1308  00001f00  afc1ffec	sw	-20(r30),r1
 1309  00001f04          	L79_LF2:
 1310  00001f04  8fc10008	lw	r1,8(r30)
 1311  00001f08  64220000	snei	r2,r1,#0
 1312  00001f0c  14400090	bnez	r2,L80_LF2
 1313  00001f10  54000000	nop; delay slot nop
 1314  00001f14  8fc10000	lw	r1,(r30)
 1315  00001f18  90220000	lbu	r2,(r1)
 1316  00001f1c  60410030	seqi	r1,r2,#48
 1317  00001f20  10200074	beqz	r1,L81_LF2
 1318  00001f24  54000000	nop; delay slot nop
 1319  00001f28  8fc20000	lw	r2,(r30)
 1320  00001f2c  20410001	addi	r1,r2,#1
 1321  00001f30  00011020	add	r2,r0,r1
 1322  00001f34  afc20000	sw	(r30),r2
 1323  00001f38  8fc10000	lw	r1,(r30)
 1324  00001f3c  90220000	lbu	r2,(r1)
 1325  00001f40  60410078	seqi	r1,r2,#120
 1326  00001f44  14200020	bnez	r1,L83_LF2
 1327  00001f48  54000000	nop; delay slot nop
 1328  00001f4c  8fc10000	lw	r1,(r30)
 1329  00001f50  90220000	lbu	r2,(r1)
 1330  00001f54  60410058	seqi	r1,r2,#88
 1331  00001f58  1420000c	bnez	r1,L83_LF2
 1332  00001f5c  54000000	nop; delay slot nop
 1333  00001f60  08000024	j	L82_LF2
 1334  00001f64  54000000	nop; delay slot nop
 1335  00001f68          	L83_LF2:
 1336  00001f68  20010010	addi	r1,r0,#16
 1337  00001f6c  afc10008	sw	8(r30),r1
 1338  00001f70  8fc20000	lw	r2,(r30)
 1339  00001f74  20410001	addi	r1,r2,#1
 1340  00001f78  00011020	add	r2,r0,r1
 1341  00001f7c  afc20000	sw	(r30),r2
 1342  00001f80  0800000c	j	L84_LF2
 1343  00001f84  54000000	nop; delay slot nop
 1344  00001f88          	L82_LF2:
 1345  00001f88  20010008	addi	r1,r0,#8
 1346  00001f8c  afc10008	sw	8(r30),r1
 1347  00001f90          	L84_LF2:
 1348  00001f90  0800000c	j	L80_LF2
 1349  00001f94  54000000	nop; delay slot nop
 1350  00001f98          	L81_LF2:
 1351  00001f98  2001000a	addi	r1,r0,#10
 1352  00001f9c  afc10008	sw	8(r30),r1
 1353  00001fa0          	L85_LF2:
 1354  00001fa0          	L80_LF2:
 1355  00001fa0  8fc10008	lw	r1,8(r30)
 1356  00001fa4  70220000	slei	r2,r1,#0
 1357  00001fa8  1440001c	bnez	r2,L87_LF2
 1358  00001fac  54000000	nop; delay slot nop
 1359  00001fb0  8fc10008	lw	r1,8(r30)
 1360  00001fb4  6c220010	sgti	r2,r1,#16
 1361  00001fb8  1440000c	bnez	r2,L87_LF2
 1362  00001fbc  54000000	nop; delay slot nop
 1363  00001fc0  08000010	j	L86_LF2
 1364  00001fc4  54000000	nop; delay slot nop
 1365  00001fc8          	L87_LF2:
 1366  00001fc8  8fc1fff4	lw	r1,-12(r30)
 1367  00001fcc  08000188	j	L72_LF2
 1368  00001fd0  54000000	nop; delay slot nop
 1369  00001fd4          	L86_LF2:
 1370  00001fd4  54000000	nop
 1371  00001fd8          	L88_LF2:
 1372  00001fd8  8fc10000	lw	r1,(r30)
 1373  00001fdc  90220000	lbu	r2,(r1)
 1374  00001fe0  6c41002f	sgtui	r1,r2,#47
 1375  00001fe4  10200030	beqz	r1,L91_LF2
 1376  00001fe8  54000000	nop; delay slot nop
 1377  00001fec  8fc10000	lw	r1,(r30)
 1378  00001ff0  90220000	lbu	r2,(r1)
 1379  00001ff4  70410039	sleui	r1,r2,#57
 1380  00001ff8  1020001c	beqz	r1,L91_LF2
 1381  00001ffc  54000000	nop; delay slot nop
 1382  00002000  8fc10000	lw	r1,(r30)
 1383  00002004  90220000	lbu	r2,(r1)
 1384  00002008  2041ffd0	addi	r1,r2,#-48
 1385  0000200c  afc1fff0	sw	-16(r30),r1
 1386  00002010  0800008c	j	L92_LF2
 1387  00002014  54000000	nop; delay slot nop
 1388  00002018          	L91_LF2:
 1389  00002018  8fc10000	lw	r1,(r30)
 1390  0000201c  90220000	lbu	r2,(r1)
 1391  00002020  6c410060	sgtui	r1,r2,#96
 1392  00002024  10200030	beqz	r1,L93_LF2
 1393  00002028  54000000	nop; delay slot nop
 1394  0000202c  8fc10000	lw	r1,(r30)
 1395  00002030  90220000	lbu	r2,(r1)
 1396  00002034  7041007a	sleui	r1,r2,#122
 1397  00002038  1020001c	beqz	r1,L93_LF2
 1398  0000203c  54000000	nop; delay slot nop
 1399  00002040  8fc10000	lw	r1,(r30)
 1400  00002044  90220000	lbu	r2,(r1)
 1401  00002048  2041ffa9	addi	r1,r2,#-87
 1402  0000204c  afc1fff0	sw	-16(r30),r1
 1403  00002050  0800004c	j	L92_LF2
 1404  00002054  54000000	nop; delay slot nop
 1405  00002058          	L93_LF2:
 1406  00002058  8fc10000	lw	r1,(r30)
 1407  0000205c  90220000	lbu	r2,(r1)
 1408  00002060  6c410040	sgtui	r1,r2,#64
 1409  00002064  10200030	beqz	r1,L95_LF2
 1410  00002068  54000000	nop; delay slot nop
 1411  0000206c  8fc10000	lw	r1,(r30)
 1412  00002070  90220000	lbu	r2,(r1)
 1413  00002074  7041005a	sleui	r1,r2,#90
 1414  00002078  1020001c	beqz	r1,L95_LF2
 1415  0000207c  54000000	nop; delay slot nop
 1416  00002080  8fc10000	lw	r1,(r30)
 1417  00002084  90220000	lbu	r2,(r1)
 1418  00002088  2041ffc9	addi	r1,r2,#-55
 1419  0000208c  afc1fff0	sw	-16(r30),r1
 1420  00002090  0800000c	j	L92_LF2
 1421  00002094  54000000	nop; delay slot nop
 1422  00002098          	L95_LF2:
 1423  00002098  200103e8	addi	r1,r0,#1000
 1424  0000209c  afc1fff0	sw	-16(r30),r1
 1425  000020a0          	L96_LF2:
 1426  000020a0          	L94_LF2:
 1427  000020a0          	L92_LF2:
 1428  000020a0  8fc1fff0	lw	r1,-16(r30)
 1429  000020a4  8fc20008	lw	r2,8(r30)
 1430  000020a8  0022082a	slt	r1,r1,r2
 1431  000020ac  10200040	beqz	r1,L90_LF2
 1432  000020b0  54000000	nop; delay slot nop
 1433  000020b4  8fc1fff4	lw	r1,-12(r30)
 1434  000020b8  8fc20008	lw	r2,8(r30)
 1435  000020bc  00200035	movi2fp	f0,r1
 1436  000020c0  00400835	movi2fp	f1,r2
 1437  000020c4  0401000e	mult	f0,f0,f1
 1438  000020c8  00000834	movfp2i	r1,f0
 1439  000020cc  afc1fff4	sw	-12(r30),r1
 1440  000020d0  8fc1fff4	lw	r1,-12(r30)
 1441  000020d4  8fc2fff0	lw	r2,-16(r30)
 1442  000020d8  00220820	add	r1,r1,r2
 1443  000020dc  afc1fff4	sw	-12(r30),r1
 1444  000020e0  8fc20000	lw	r2,(r30)
 1445  000020e4  20410001	addi	r1,r2,#1
 1446  000020e8  00011020	add	r2,r0,r1
 1447  000020ec  afc20000	sw	(r30),r2
 1448  000020f0          	L97_LF2:
 1449  000020f0          	L90_LF2:
 1450  000020f0  8fc1fff0	lw	r1,-16(r30)
 1451  000020f4  8fc20008	lw	r2,8(r30)
 1452  000020f8  0022082a	slt	r1,r1,r2
 1453  000020fc  1420000c	bnez	r1,L98_LF2
 1454  00002100  54000000	nop; delay slot nop
 1455  00002104  0800000c	j	L89_LF2
 1456  00002108  54000000	nop; delay slot nop
 1457  0000210c          	L98_LF2:
 1458  0000210c  0bfffec8	j	L88_LF2
 1459  00002110  54000000	nop; delay slot nop
 1460  00002114          	L89_LF2:
 1461  00002114  8fc10004	lw	r1,4(r30)
 1462  00002118  64220000	snei	r2,r1,#0
 1463  0000211c  10400010	beqz	r2,L99_LF2
 1464  00002120  54000000	nop; delay slot nop
 1465  00002124  8fc10004	lw	r1,4(r30)
 1466  00002128  8fc20000	lw	r2,(r30)
 1467  0000212c  ac220000	sw	(r1),r2
 1468  00002130          	L99_LF2:
 1469  00002130  8fc1fff4	lw	r1,-12(r30)
 1470  00002134  8fc2ffec	lw	r2,-20(r30)
 1471  00002138  00200035	movi2fp	f0,r1
 1472  0000213c  00400835	movi2fp	f1,r2
 1473  00002140  0401000e	mult	f0,f0,f1
 1474  00002144  00000834	movfp2i	r1,f0
 1475  00002148  afc1fff4	sw	-12(r30),r1
 1476  0000214c  8fc1fff4	lw	r1,-12(r30)
 1477  00002150  08000004	j	L72_LF2
 1478  00002154  54000000	nop; delay slot nop
 1479  00002158          	L72_LF2:
 1480  00002158  8fa20000	lw	r2,0(r29)
 1481  0000215c  8fdffff8	lw	r31,-8(r30)
 1482  00002160  001ee820	add	r29,r0,r30
 1483  00002164  8fdefffc	lw	r30,-4(r30)
 1484  00002168  4be00000	jr	r31
 1485  0000216c  54000000	nop
 1486  00002170          	.endproc _dstrtol
 1487  00002170          	.align 2
 1488  00002170          	.proc _bcopy
 1489  00002170          	.global _bcopy
 1490  00002170          	_bcopy:
 1491                      ;  Function 'bcopy'; 0 bytes of locals, 2 regs to save.
 1492  00002170  afbefffc	sw	-4(r29),r30; push fp
 1493  00002174  001df020	add	r30,r0,r29; fp = sp
 1494  00002178  afbffff8	sw	-8(r29),r31; push ret addr
 1495  0000217c  2fbd0010	subui	r29,r29,#16; alloc local storage
 1496  00002180  afa20000	sw	0(r29),r2
 1497  00002184  afa30004	sw	4(r29),r3
 1498  00002188  54000000	nop
 1499  0000218c          	L101_LF2:
 1500  0000218c  8fc10008	lw	r1,8(r30)
 1501  00002190  2022ffff	addi	r2,r1,#-1
 1502  00002194  afc20008	sw	8(r30),r2
 1503  00002198  6c210000	sgti	r1,r1,#0
 1504  0000219c  1420000c	bnez	r1,L103_LF2
 1505  000021a0  54000000	nop; delay slot nop
 1506  000021a4  0800002c	j	L102_LF2
 1507  000021a8  54000000	nop; delay slot nop
 1508  000021ac          	L103_LF2:
 1509  000021ac  8fc10004	lw	r1,4(r30)
 1510  000021b0  20220001	addi	r2,r1,#1
 1511  000021b4  afc20004	sw	4(r30),r2
 1512  000021b8  8fc20000	lw	r2,(r30)
 1513  000021bc  20430001	addi	r3,r2,#1
 1514  000021c0  afc30000	sw	(r30),r3
 1515  000021c4  80420000	lb	r2,(r2)
 1516  000021c8  a0220000	sb	(r1),r2
 1517  000021cc  0bffffbc	j	L101_LF2
 1518  000021d0  54000000	nop; delay slot nop
 1519  000021d4          	L102_LF2:
 1520  000021d4          	L100_LF2:
 1521  000021d4  8fa20000	lw	r2,0(r29)
 1522  000021d8  8fa30004	lw	r3,4(r29)
 1523  000021dc  8fdffff8	lw	r31,-8(r30)
 1524  000021e0  001ee820	add	r29,r0,r30
 1525  000021e4  8fdefffc	lw	r30,-4(r30)
 1526  000021e8  4be00000	jr	r31
 1527  000021ec  54000000	nop
 1528  000021f0          	.endproc _bcopy
 1529  000021f0          	.align 2
 1530  000021f0          	.proc _bzero
 1531  000021f0          	.global _bzero
 1532  000021f0          	_bzero:
 1533                      ;  Function 'bzero'; 0 bytes of locals, 1 regs to save.
 1534  000021f0  afbefffc	sw	-4(r29),r30; push fp
 1535  000021f4  001df020	add	r30,r0,r29; fp = sp
 1536  000021f8  afbffff8	sw	-8(r29),r31; push ret addr
 1537  000021fc  2fbd0010	subui	r29,r29,#16; alloc local storage
 1538  00002200  afa20000	sw	0(r29),r2
 1539  00002204  54000000	nop
 1540  00002208          	L105_LF2:
 1541  00002208  8fc10004	lw	r1,4(r30)
 1542  0000220c  2022ffff	addi	r2,r1,#-1
 1543  00002210  afc20004	sw	4(r30),r2
 1544  00002214  6c210000	sgti	r1,r1,#0
 1545  00002218  1420000c	bnez	r1,L107_LF2
 1546  0000221c  54000000	nop; delay slot nop
 1547  00002220  08000020	j	L106_LF2
 1548  00002224  54000000	nop; delay slot nop
 1549  00002228          	L107_LF2:
 1550  00002228  8fc10000	lw	r1,(r30)
 1551  0000222c  20220001	addi	r2,r1,#1
 1552  00002230  afc20000	sw	(r30),r2
 1553  00002234  20020000	addi	r2,r0,(#0x0)&0xff
 1554  00002238  a0220000	sb	(r1),r2
 1555  0000223c  0bffffc8	j	L105_LF2
 1556  00002240  54000000	nop; delay slot nop
 1557  00002244          	L106_LF2:
 1558  00002244          	L104_LF2:
 1559  00002244  8fa20000	lw	r2,0(r29)
 1560  00002248  8fdffff8	lw	r31,-8(r30)
 1561  0000224c  001ee820	add	r29,r0,r30
 1562  00002250  8fdefffc	lw	r30,-4(r30)
 1563  00002254  4be00000	jr	r31
 1564  00002258  54000000	nop
 1565  0000225c          	.endproc _bzero
 1566  0000225c          	.align 2
 1567  0000225c          	.proc _min
 1568  0000225c          	.global _min
 1569  0000225c          	_min:
 1570                      ;  Function 'min'; 0 bytes of locals, 2 regs to save.
 1571  0000225c  afbefffc	sw	-4(r29),r30; push fp
 1572  00002260  001df020	add	r30,r0,r29; fp = sp
 1573  00002264  afbffff8	sw	-8(r29),r31; push ret addr
 1574  00002268  2fbd0010	subui	r29,r29,#16; alloc local storage
 1575  0000226c  afa20000	sw	0(r29),r2
 1576  00002270  afa30004	sw	4(r29),r3
 1577  00002274  8fc10000	lw	r1,(r30)
 1578  00002278  8fc20004	lw	r2,4(r30)
 1579  0000227c  0022182c	sle	r3,r1,r2
 1580  00002280  14600008	bnez	r3,L109_LF2
 1581  00002284  54000000	nop; delay slot nop
 1582  00002288  8fc10004	lw	r1,4(r30)
 1583  0000228c          	L109_LF2:
 1584  0000228c  08000004	j	L108_LF2
 1585  00002290  54000000	nop; delay slot nop
 1586  00002294          	L108_LF2:
 1587  00002294  8fa20000	lw	r2,0(r29)
 1588  00002298  8fa30004	lw	r3,4(r29)
 1589  0000229c  8fdffff8	lw	r31,-8(r30)
 1590  000022a0  001ee820	add	r29,r0,r30
 1591  000022a4  8fdefffc	lw	r30,-4(r30)
 1592  000022a8  4be00000	jr	r31
 1593  000022ac  54000000	nop
 1594  000022b0          	.endproc _min
 1595                      ;;; Ethan L. Miller, 1999.  Released to the public domain
 1596                      ;;;
 1597                      ;;; Most of the traps are called in files from libtraps.
 1600  000022b0          	.align 2
 1601  000022b0          	.proc _exit
 1602  000022b0          	.global _exit
 1603  000022b0          	_exit:
 1604  000022b0  44000300	trap	#0x300
 1605  000022b4  4be00000	jr	r31
 1606  000022b8  54000000	nop
 1607  000022bc          	.endproc _exit
 1609                      ; for the benefit of gcc.
 1610  000022bc          	.proc ___main
 1611  000022bc          	.global ___main
 1612  000022bc          	___main:
 1613  000022bc  4be00000	jr	r31
 1614  000022c0  54000000	nop
 1615  000022c4          	.endproc ___main
 1616  000022c4          	.text
 1617  000022c4          	.global _etext
 1618  000022c4          	_etext:
 1619  000022c4          	.align 3
 1620  000022c8          	.data
 1621  0000311b          	.global _edata
 1622  0000311b          	_edata:
