 line   address	contents
    1                      ; Linked by DLX-LD.
    2                      ; MemSize 24576
    3                      ; Data size: 843
    4                      ; Text size: 6688
    5                      ; Stack size: 8192
    6  00000000          	.text 0x1000
    7  00001000          	.data 0x3000
    8                      ; Compiled by GCC
    9  00003000          	.text
   10  00001000          	.align 2
   11  00001000          	.proc _isspace
   12  00001000          	.global _isspace
   13  00001000          	_isspace:
   14                      ;  Function 'isspace'; 0 bytes of locals, 1 regs to save.
   15  00001000  afbefffc	sw	-4(r29),r30; push fp
   16  00001004  001df020	add	r30,r0,r29; fp = sp
   17  00001008  afbffff8	sw	-8(r29),r31; push ret addr
   18  0000100c  2fbd0010	subui	r29,r29,#16; alloc local storage
   19  00001010  afa20000	sw	0(r29),r2
   20  00001014  83c20003	lb	r2,3(r30)
   21  00001018  201f0000	addi	r31,r0,#0
   22  0000101c  304100ff	andi	r1,r2,#0x00ff
   23  00001020  60210020	seqi	r1,r1,#32
   24  00001024  14200018	bnez	r1,L6_LF0
   25  00001028  54000000	nop; not filled.
   26  0000102c  2041fff7	addi	r1,r2,#-9
   27  00001030  302100ff	andi	r1,r1,#0x00ff
   28  00001034  70210001	sleui	r1,r1,#1
   29  00001038  10200008	beqz	r1,L5_LF0
   30  0000103c  54000000	nop; not filled.
   31  00001040          	L6_LF0:
   32  00001040  201f0001	addi	r31,r0,#1
   33  00001044          	L5_LF0:
   34  00001044  001f0820	add	r1,r0,r31
   35  00001048  8fa20000	lw	r2,0(r29)
   36  0000104c  8fdffff8	lw	r31,-8(r30)
   37  00001050  001ee820	add	r29,r0,r30
   38  00001054  8fdefffc	lw	r30,-4(r30)
   39  00001058  4be00000	jr	r31
   40  0000105c  54000000	nop
   41  00001060          	.endproc _isspace
   42  00001060          	.align 2
   43  00001060          	.proc _isxdigit
   44  00001060          	.global _isxdigit
   45  00001060          	_isxdigit:
   46                      ;  Function 'isxdigit'; 0 bytes of locals, 1 regs to save.
   47  00001060  afbefffc	sw	-4(r29),r30; push fp
   48  00001064  001df020	add	r30,r0,r29; fp = sp
   49  00001068  afbffff8	sw	-8(r29),r31; push ret addr
   50  0000106c  2fbd0010	subui	r29,r29,#16; alloc local storage
   51  00001070  afa20000	sw	0(r29),r2
   52  00001074  83df0003	lb	r31,3(r30)
   53  00001078  20020000	addi	r2,r0,#0
   54  0000107c  23e1ffd0	addi	r1,r31,#-48
   55  00001080  302100ff	andi	r1,r1,#0x00ff
   56  00001084  70210009	sleui	r1,r1,#9
   57  00001088  14200028	bnez	r1,L12_LF0
   58  0000108c  54000000	nop; not filled.
   59  00001090  23e1ff9f	addi	r1,r31,#-97
   60  00001094  302100ff	andi	r1,r1,#0x00ff
   61  00001098  70210005	sleui	r1,r1,#5
   62  0000109c  14200014	bnez	r1,L12_LF0
   63  000010a0  54000000	nop; not filled.
   64  000010a4  33e100ff	andi	r1,r31,#0x00ff
   65  000010a8  64210041	snei	r1,r1,#65
   66  000010ac  14200008	bnez	r1,L11_LF0
   67  000010b0  54000000	nop; not filled.
   68  000010b4          	L12_LF0:
   69  000010b4  20020001	addi	r2,r0,#1
   70  000010b8          	L11_LF0:
   71  000010b8  00020820	add	r1,r0,r2
   72  000010bc  8fa20000	lw	r2,0(r29)
   73  000010c0  8fdffff8	lw	r31,-8(r30)
   74  000010c4  001ee820	add	r29,r0,r30
   75  000010c8  8fdefffc	lw	r30,-4(r30)
   76  000010cc  4be00000	jr	r31
   77  000010d0  54000000	nop
   78  000010d4          	.endproc _isxdigit
   79  000010d4          	.data
   80  00003000          	.align 2
   81  00003000          	LC0_LF0:
   82  00003000  55736167	.ascii "Usage: \000"
   82  00003004  653a2000	
   83  00003008          	.align 2
   84  00003008          	LC1_LF0:
   85  00003008  203c6e75	.ascii " <number of processes to create>\n\000"
   85  0000300c  6d626572	
   85  00003010  206f6620	
   85  00003014  70726f63	
   85  00003018  65737365	
   85  0000301c  7320746f	
   85  00003020  20637265	
   85  00003024  6174653e	
   85  00003028  0a00    	
   86  0000302a          	.align 2
   87  0000302c          	LC2_LF0:
   88  0000302c  43726561	.ascii "Creating %d SOs and %d COs\n\000"
   88  00003030  74696e67	
   88  00003034  20256420	
   88  00003038  534f7320	
   88  0000303c  616e6420	
   88  00003040  25642043	
   88  00003044  4f730a00	
   89  00003048          	.align 2
   90  00003048          	LC3_LF0:
   91  00003048  42616420	.ascii "Bad sem_create in \000"
   91  0000304c  73656d5f	
   91  00003050  63726561	
   91  00003054  74652069	
   91  00003058  6e2000  	
   92  0000305b          	.align 2
   93  0000305c          	LC4_LF0:
   94  0000305c  0a00    	.ascii "\n\000"
   95  0000305e          	.align 2
   96  00003060          	LC5_LF0:
   97  00003060  42616420	.ascii "Bad mbox_create for S2\000"
   97  00003064  6d626f78	
   97  00003068  5f637265	
   97  0000306c  61746520	
   97  00003070  666f7220	
   97  00003074  533200  	
   98  00003077          	.align 2
   99  00003078          	LC6_LF0:
  100  00003078  42616420	.ascii "Bad mbox_create for S\000"
  100  0000307c  6d626f78	
  100  00003080  5f637265	
  100  00003084  61746520	
  100  00003088  666f7220	
  100  0000308c  5300    	
  101  0000308e          	.align 2
  102  00003090          	LC7_LF0:
  103  00003090  42616420	.ascii "Bad mbox_create for CO\000"
  103  00003094  6d626f78	
  103  00003098  5f637265	
  103  0000309c  61746520	
  103  000030a0  666f7220	
  103  000030a4  434f00  	
  104  000030a7          	.align 2
  105  000030a8          	LC8_LF0:
  106  000030a8  42616420	.ascii "Bad mbox_create for O2\000"
  106  000030ac  6d626f78	
  106  000030b0  5f637265	
  106  000030b4  61746520	
  106  000030b8  666f7220	
  106  000030bc  4f3200  	
  107  000030bf          	.align 2
  108  000030c0          	LC9_LF0:
  109  000030c0  42616420	.ascii "Bad mbox_create for C2\000"
  109  000030c4  6d626f78	
  109  000030c8  5f637265	
  109  000030cc  61746520	
  109  000030d0  666f7220	
  109  000030d4  433200  	
  110  000030d7          	.align 2
  111  000030d8          	LC10_LF0:
  112  000030d8  42616420	.ascii "Bad mbox_create for SO4\000"
  112  000030dc  6d626f78	
  112  000030e0  5f637265	
  112  000030e4  61746520	
  112  000030e8  666f7220	
  112  000030ec  534f3400	
  113  000030f0          	.align 2
  114  000030f0          	LC11_LF0:
  115  000030f0  436f756c	.ascii "Couldn\'t open mailbox for S2\n\000"
  115  000030f4  646e2774	
  115  000030f8  206f7065	
  115  000030fc  6e206d61	
  115  00003100  696c626f	
  115  00003104  7820666f	
  115  00003108  72205332	
  115  0000310c  0a00    	
  116  0000310e          	.align 2
  117  00003110          	LC12_LF0:
  118  00003110  436f756c	.ascii "Couldn\'t open mailbox for S\n\000"
  118  00003114  646e2774	
  118  00003118  206f7065	
  118  0000311c  6e206d61	
  118  00003120  696c626f	
  118  00003124  7820666f	
  118  00003128  7220530a	
  118  0000312c  00      	
  119  0000312d          	.align 2
  120  00003130          	LC13_LF0:
  121  00003130  436f756c	.ascii "Couldn\'t open mailbox for CO\n\000"
  121  00003134  646e2774	
  121  00003138  206f7065	
  121  0000313c  6e206d61	
  121  00003140  696c626f	
  121  00003144  7820666f	
  121  00003148  7220434f	
  121  0000314c  0a00    	
  122  0000314e          	.align 2
  123  00003150          	LC14_LF0:
  124  00003150  436f756c	.ascii "Couldn\'t open mailbox for O2\n\000"
  124  00003154  646e2774	
  124  00003158  206f7065	
  124  0000315c  6e206d61	
  124  00003160  696c626f	
  124  00003164  7820666f	
  124  00003168  72204f32	
  124  0000316c  0a00    	
  125  0000316e          	.align 2
  126  00003170          	LC15_LF0:
  127  00003170  436f756c	.ascii "Couldn\'t open mailbox for C2\n\000"
  127  00003174  646e2774	
  127  00003178  206f7065	
  127  0000317c  6e206d61	
  127  00003180  696c626f	
  127  00003184  7820666f	
  127  00003188  72204332	
  127  0000318c  0a00    	
  128  0000318e          	.align 2
  129  00003190          	LC16_LF0:
  130  00003190  436f756c	.ascii "Couldn\'t open mailbox for SO4\n\000"
  130  00003194  646e2774	
  130  00003198  206f7065	
  130  0000319c  6e206d61	
  130  000031a0  696c626f	
  130  000031a4  7820666f	
  130  000031a8  7220534f	
  130  000031ac  340a00  	
  131  000031af          	.align 2
  132  000031b0          	LC17_LF0:
  133  000031b0  696e6a65	.ascii "inject_s2.dlx.obj\000"
  133  000031b4  63745f73	
  133  000031b8  322e646c	
  133  000031bc  782e6f62	
  133  000031c0  6a00    	
  134  000031c2          	.align 2
  135  000031c4          	LC18_LF0:
  136  000031c4  696e6a65	.ascii "inject_co.dlx.obj\000"
  136  000031c8  63745f63	
  136  000031cc  6f2e646c	
  136  000031d0  782e6f62	
  136  000031d4  6a00    	
  137  000031d6          	.align 2
  138  000031d8          	LC19_LF0:
  139  000031d8  72656163	.ascii "reaction1.dlx.obj\000"
  139  000031dc  74696f6e	
  139  000031e0  312e646c	
  139  000031e4  782e6f62	
  139  000031e8  6a00    	
  140  000031ea          	.align 2
  141  000031ec          	LC20_LF0:
  142  000031ec  72656163	.ascii "reaction2.dlx.obj\000"
  142  000031f0  74696f6e	
  142  000031f4  322e646c	
  142  000031f8  782e6f62	
  142  000031fc  6a00    	
  143  000031fe          	.align 2
  144  00003200          	LC21_LF0:
  145  00003200  72656163	.ascii "reaction3.dlx.obj\000"
  145  00003204  74696f6e	
  145  00003208  332e646c	
  145  0000320c  782e6f62	
  145  00003210  6a00    	
  146  00003212          	.align 2
  147  00003214          	LC22_LF0:
  148  00003214  42616420	.ascii "Bad semaphore s_procs_completed (%d) in \000"
  148  00003218  73656d61	
  148  0000321c  70686f72	
  148  00003220  6520735f	
  148  00003224  70726f63	
  148  00003228  735f636f	
  148  0000322c  6d706c65	
  148  00003230  74656420	
  148  00003234  28256429	
  148  00003238  20696e20	
  148  0000323c  00      	
  149  0000323d          	.align 2
  150  00003240          	LC23_LF0:
  151  00003240  436f756c	.ascii "Couldn\'t close mailbox for S2\n\000"
  151  00003244  646e2774	
  151  00003248  20636c6f	
  151  0000324c  7365206d	
  151  00003250  61696c62	
  151  00003254  6f782066	
  151  00003258  6f722053	
  151  0000325c  320a00  	
  152  0000325f          	.align 2
  153  00003260          	LC24_LF0:
  154  00003260  436f756c	.ascii "Couldn\'t close mailbox for S\n\000"
  154  00003264  646e2774	
  154  00003268  20636c6f	
  154  0000326c  7365206d	
  154  00003270  61696c62	
  154  00003274  6f782066	
  154  00003278  6f722053	
  154  0000327c  0a00    	
  155  0000327e          	.align 2
  156  00003280          	LC25_LF0:
  157  00003280  436f756c	.ascii "Couldn\'t close mailbox for CO\n\000"
  157  00003284  646e2774	
  157  00003288  20636c6f	
  157  0000328c  7365206d	
  157  00003290  61696c62	
  157  00003294  6f782066	
  157  00003298  6f722043	
  157  0000329c  4f0a00  	
  158  0000329f          	.align 2
  159  000032a0          	LC26_LF0:
  160  000032a0  436f756c	.ascii "Couldn\'t close mailbox for O2\n\000"
  160  000032a4  646e2774	
  160  000032a8  20636c6f	
  160  000032ac  7365206d	
  160  000032b0  61696c62	
  160  000032b4  6f782066	
  160  000032b8  6f72204f	
  160  000032bc  320a00  	
  161  000032bf          	.align 2
  162  000032c0          	LC27_LF0:
  163  000032c0  436f756c	.ascii "Couldn\'t close mailbox for C2\n\000"
  163  000032c4  646e2774	
  163  000032c8  20636c6f	
  163  000032cc  7365206d	
  163  000032d0  61696c62	
  163  000032d4  6f782066	
  163  000032d8  6f722043	
  163  000032dc  320a00  	
  164  000032df          	.align 2
  165  000032e0          	LC28_LF0:
  166  000032e0  436f756c	.ascii "Couldn\'t close mailbox for SO4\n\000"
  166  000032e4  646e2774	
  166  000032e8  20636c6f	
  166  000032ec  7365206d	
  166  000032f0  61696c62	
  166  000032f4  6f782066	
  166  000032f8  6f722053	
  166  000032fc  4f340a00	
  167  00003300          	.align 2
  168  00003300          	LC29_LF0:
  169  00003300  416c6c20	.ascii "All other processes completed, exiting main process.\n\000"
  169  00003304  6f746865	
  169  00003308  72207072	
  169  0000330c  6f636573	
  169  00003310  73657320	
  169  00003314  636f6d70	
  169  00003318  6c657465	
  169  0000331c  642c2065	
  169  00003320  78697469	
  169  00003324  6e67206d	
  169  00003328  61696e20	
  169  0000332c  70726f63	
  169  00003330  6573732e	
  169  00003334  0a00    	
  170  00003336          	.align 2
  171  00003338          	LC30_LF0:
  172  00003338  25642053	.ascii "%d SO4\'s created.\n\000"
  172  0000333c  4f342773	
  172  00003340  20637265	
  172  00003344  61746564	
  172  00003348  2e0a00  	
  173  0000334b          	.text
  174  000010d4          	.align 2
  175  000010d4          	.proc _main
  176  000010d4          	.global _main
  177  000010d4          	_main:
  178                      ;  Function 'main'; 112 bytes of locals, 0 regs to save.
  179  000010d4  afbefffc	sw	-4(r29),r30; push fp
  180  000010d8  001df020	add	r30,r0,r29; fp = sp
  181  000010dc  afbffff8	sw	-8(r29),r31; push ret addr
  182  000010e0  2fbd0078	subui	r29,r29,#120; alloc local storage
  183  000010e4  8fc20000	lw	r2,(r30)
  184  000010e8  8fc90004	lw	r9,4(r30)
  185  000010ec  0c001928	jal	___main
  186  000010f0  54000000	nop; not filled.
  187  000010f4  64410003	snei	r1,r2,#3
  188  000010f8  1020004c	beqz	r1,L14_LF0
  189  000010fc  54000000	nop; not filled.
  190  00001100  23bdfff8	addi	r29,r29,#-8
  191  00001104  3c120000	lhi	r18,((LC0_LF0)>>16)&0xffff
  192  00001108  26523000	addui	r18,r18,(LC0_LF0)&0xffff
  193  0000110c  afb20000	sw	(r29),r18
  194  00001110  0c000a54	jal	_Printf
  195  00001114  54000000	nop; not filled.
  196  00001118  8d320000	lw	r18,(r9)
  197  0000111c  afb20000	sw	(r29),r18
  198  00001120  0c000a44	jal	_Printf
  199  00001124  54000000	nop; not filled.
  200  00001128  3c120000	lhi	r18,((LC1_LF0)>>16)&0xffff
  201  0000112c  26523008	addui	r18,r18,(LC1_LF0)&0xffff
  202  00001130  afb20000	sw	(r29),r18
  203  00001134  0c000a30	jal	_Printf
  204  00001138  54000000	nop; not filled.
  205  0000113c  0c000b30	jal	_Exit
  206  00001140  54000000	nop; not filled.
  207  00001144  23bd0008	addi	r29,r29,#8
  208  00001148          	L14_LF0:
  209  00001148  23bdfff0	addi	r29,r29,#-16
  210  0000114c  8d320004	lw	r18,4(r9)
  211  00001150  afb20000	sw	(r29),r18
  212  00001154  20120000	addi	r18,r0,#0
  213  00001158  afb20004	sw	4(r29),r18
  214  0000115c  2012000a	addi	r18,r0,#10
  215  00001160  afb20008	sw	8(r29),r18
  216  00001164  0c0013b4	jal	_dstrtol
  217  00001168  54000000	nop; not filled.
  218  0000116c  00015020	add	r10,r0,r1
  219  00001170  8d320008	lw	r18,8(r9)
  220  00001174  afb20000	sw	(r29),r18
  221  00001178  20120000	addi	r18,r0,#0
  222  0000117c  afb20004	sw	4(r29),r18
  223  00001180  2012000a	addi	r18,r0,#10
  224  00001184  afb20008	sw	8(r29),r18
  225  00001188  0c001390	jal	_dstrtol
  226  0000118c  54000000	nop; not filled.
  227  00001190  00012820	add	r5,r0,r1
  228  00001194  3c120000	lhi	r18,((LC2_LF0)>>16)&0xffff
  229  00001198  2652302c	addui	r18,r18,(LC2_LF0)&0xffff
  230  0000119c  afb20000	sw	(r29),r18
  231  000011a0  afaa0004	sw	4(r29),r10
  232  000011a4  afa50008	sw	8(r29),r5
  233  000011a8  0c0009bc	jal	_Printf
  234  000011ac  54000000	nop; not filled.
  235  000011b0  20120001	addi	r18,r0,#1
  236  000011b4  afb20000	sw	(r29),r18
  237  000011b8  0c0009e8	jal	_sem_create
  238  000011bc  54000000	nop; not filled.
  239  000011c0  00018820	add	r17,r0,r1
  240  000011c4  23bd0010	addi	r29,r29,#16
  241  000011c8  6221ffff	seqi	r1,r17,#-1
  242  000011cc  1020004c	beqz	r1,L15_LF0
  243  000011d0  54000000	nop; not filled.
  244  000011d4  23bdfff8	addi	r29,r29,#-8
  245  000011d8  3c120000	lhi	r18,((LC3_LF0)>>16)&0xffff
  246  000011dc  26523048	addui	r18,r18,(LC3_LF0)&0xffff
  247  000011e0  afb20000	sw	(r29),r18
  248  000011e4  0c000980	jal	_Printf
  249  000011e8  54000000	nop; not filled.
  250  000011ec  8d320000	lw	r18,(r9)
  251  000011f0  afb20000	sw	(r29),r18
  252  000011f4  0c000970	jal	_Printf
  253  000011f8  54000000	nop; not filled.
  254  000011fc  3c120000	lhi	r18,((LC4_LF0)>>16)&0xffff
  255  00001200  2652305c	addui	r18,r18,(LC4_LF0)&0xffff
  256  00001204  afb20000	sw	(r29),r18
  257  00001208  0c00095c	jal	_Printf
  258  0000120c  54000000	nop; not filled.
  259  00001210  0c000a5c	jal	_Exit
  260  00001214  54000000	nop; not filled.
  261  00001218  23bd0008	addi	r29,r29,#8
  262  0000121c          	L15_LF0:
  263  0000121c  23bdfff8	addi	r29,r29,#-8
  264  00001220  20120000	addi	r18,r0,#0
  265  00001224  afb20000	sw	(r29),r18
  266  00001228  0c0009f0	jal	_mbox_create
  267  0000122c  54000000	nop; not filled.
  268  00001230  00018020	add	r16,r0,r1
  269  00001234  23bd0008	addi	r29,r29,#8
  270  00001238  6201ffff	seqi	r1,r16,#-1
  271  0000123c  1020004c	beqz	r1,L16_LF0
  272  00001240  54000000	nop; not filled.
  273  00001244  23bdfff8	addi	r29,r29,#-8
  274  00001248  3c120000	lhi	r18,((LC5_LF0)>>16)&0xffff
  275  0000124c  26523060	addui	r18,r18,(LC5_LF0)&0xffff
  276  00001250  afb20000	sw	(r29),r18
  277  00001254  0c000910	jal	_Printf
  278  00001258  54000000	nop; not filled.
  279  0000125c  8d320000	lw	r18,(r9)
  280  00001260  afb20000	sw	(r29),r18
  281  00001264  0c000900	jal	_Printf
  282  00001268  54000000	nop; not filled.
  283  0000126c  3c120000	lhi	r18,((LC4_LF0)>>16)&0xffff
  284  00001270  2652305c	addui	r18,r18,(LC4_LF0)&0xffff
  285  00001274  afb20000	sw	(r29),r18
  286  00001278  0c0008ec	jal	_Printf
  287  0000127c  54000000	nop; not filled.
  288  00001280  0c0009ec	jal	_Exit
  289  00001284  54000000	nop; not filled.
  290  00001288  23bd0008	addi	r29,r29,#8
  291  0000128c          	L16_LF0:
  292  0000128c  23bdfff8	addi	r29,r29,#-8
  293  00001290  20120000	addi	r18,r0,#0
  294  00001294  afb20000	sw	(r29),r18
  295  00001298  0c000980	jal	_mbox_create
  296  0000129c  54000000	nop; not filled.
  297  000012a0  00017820	add	r15,r0,r1
  298  000012a4  23bd0008	addi	r29,r29,#8
  299  000012a8  61e1ffff	seqi	r1,r15,#-1
  300  000012ac  1020004c	beqz	r1,L17_LF0
  301  000012b0  54000000	nop; not filled.
  302  000012b4  23bdfff8	addi	r29,r29,#-8
  303  000012b8  3c120000	lhi	r18,((LC6_LF0)>>16)&0xffff
  304  000012bc  26523078	addui	r18,r18,(LC6_LF0)&0xffff
  305  000012c0  afb20000	sw	(r29),r18
  306  000012c4  0c0008a0	jal	_Printf
  307  000012c8  54000000	nop; not filled.
  308  000012cc  8d320000	lw	r18,(r9)
  309  000012d0  afb20000	sw	(r29),r18
  310  000012d4  0c000890	jal	_Printf
  311  000012d8  54000000	nop; not filled.
  312  000012dc  3c120000	lhi	r18,((LC4_LF0)>>16)&0xffff
  313  000012e0  2652305c	addui	r18,r18,(LC4_LF0)&0xffff
  314  000012e4  afb20000	sw	(r29),r18
  315  000012e8  0c00087c	jal	_Printf
  316  000012ec  54000000	nop; not filled.
  317  000012f0  0c00097c	jal	_Exit
  318  000012f4  54000000	nop; not filled.
  319  000012f8  23bd0008	addi	r29,r29,#8
  320  000012fc          	L17_LF0:
  321  000012fc  23bdfff8	addi	r29,r29,#-8
  322  00001300  20120000	addi	r18,r0,#0
  323  00001304  afb20000	sw	(r29),r18
  324  00001308  0c000910	jal	_mbox_create
  325  0000130c  54000000	nop; not filled.
  326  00001310  00017020	add	r14,r0,r1
  327  00001314  23bd0008	addi	r29,r29,#8
  328  00001318  61c1ffff	seqi	r1,r14,#-1
  329  0000131c  1020004c	beqz	r1,L18_LF0
  330  00001320  54000000	nop; not filled.
  331  00001324  23bdfff8	addi	r29,r29,#-8
  332  00001328  3c120000	lhi	r18,((LC7_LF0)>>16)&0xffff
  333  0000132c  26523090	addui	r18,r18,(LC7_LF0)&0xffff
  334  00001330  afb20000	sw	(r29),r18
  335  00001334  0c000830	jal	_Printf
  336  00001338  54000000	nop; not filled.
  337  0000133c  8d320000	lw	r18,(r9)
  338  00001340  afb20000	sw	(r29),r18
  339  00001344  0c000820	jal	_Printf
  340  00001348  54000000	nop; not filled.
  341  0000134c  3c120000	lhi	r18,((LC4_LF0)>>16)&0xffff
  342  00001350  2652305c	addui	r18,r18,(LC4_LF0)&0xffff
  343  00001354  afb20000	sw	(r29),r18
  344  00001358  0c00080c	jal	_Printf
  345  0000135c  54000000	nop; not filled.
  346  00001360  0c00090c	jal	_Exit
  347  00001364  54000000	nop; not filled.
  348  00001368  23bd0008	addi	r29,r29,#8
  349  0000136c          	L18_LF0:
  350  0000136c  23bdfff8	addi	r29,r29,#-8
  351  00001370  20120000	addi	r18,r0,#0
  352  00001374  afb20000	sw	(r29),r18
  353  00001378  0c0008a0	jal	_mbox_create
  354  0000137c  54000000	nop; not filled.
  355  00001380  00016820	add	r13,r0,r1
  356  00001384  23bd0008	addi	r29,r29,#8
  357  00001388  61a1ffff	seqi	r1,r13,#-1
  358  0000138c  1020004c	beqz	r1,L19_LF0
  359  00001390  54000000	nop; not filled.
  360  00001394  23bdfff8	addi	r29,r29,#-8
  361  00001398  3c120000	lhi	r18,((LC8_LF0)>>16)&0xffff
  362  0000139c  265230a8	addui	r18,r18,(LC8_LF0)&0xffff
  363  000013a0  afb20000	sw	(r29),r18
  364  000013a4  0c0007c0	jal	_Printf
  365  000013a8  54000000	nop; not filled.
  366  000013ac  8d320000	lw	r18,(r9)
  367  000013b0  afb20000	sw	(r29),r18
  368  000013b4  0c0007b0	jal	_Printf
  369  000013b8  54000000	nop; not filled.
  370  000013bc  3c120000	lhi	r18,((LC4_LF0)>>16)&0xffff
  371  000013c0  2652305c	addui	r18,r18,(LC4_LF0)&0xffff
  372  000013c4  afb20000	sw	(r29),r18
  373  000013c8  0c00079c	jal	_Printf
  374  000013cc  54000000	nop; not filled.
  375  000013d0  0c00089c	jal	_Exit
  376  000013d4  54000000	nop; not filled.
  377  000013d8  23bd0008	addi	r29,r29,#8
  378  000013dc          	L19_LF0:
  379  000013dc  23bdfff8	addi	r29,r29,#-8
  380  000013e0  20120000	addi	r18,r0,#0
  381  000013e4  afb20000	sw	(r29),r18
  382  000013e8  0c000830	jal	_mbox_create
  383  000013ec  54000000	nop; not filled.
  384  000013f0  00016020	add	r12,r0,r1
  385  000013f4  23bd0008	addi	r29,r29,#8
  386  000013f8  6181ffff	seqi	r1,r12,#-1
  387  000013fc  1020004c	beqz	r1,L20_LF0
  388  00001400  54000000	nop; not filled.
  389  00001404  23bdfff8	addi	r29,r29,#-8
  390  00001408  3c120000	lhi	r18,((LC9_LF0)>>16)&0xffff
  391  0000140c  265230c0	addui	r18,r18,(LC9_LF0)&0xffff
  392  00001410  afb20000	sw	(r29),r18
  393  00001414  0c000750	jal	_Printf
  394  00001418  54000000	nop; not filled.
  395  0000141c  8d320000	lw	r18,(r9)
  396  00001420  afb20000	sw	(r29),r18
  397  00001424  0c000740	jal	_Printf
  398  00001428  54000000	nop; not filled.
  399  0000142c  3c120000	lhi	r18,((LC4_LF0)>>16)&0xffff
  400  00001430  2652305c	addui	r18,r18,(LC4_LF0)&0xffff
  401  00001434  afb20000	sw	(r29),r18
  402  00001438  0c00072c	jal	_Printf
  403  0000143c  54000000	nop; not filled.
  404  00001440  0c00082c	jal	_Exit
  405  00001444  54000000	nop; not filled.
  406  00001448  23bd0008	addi	r29,r29,#8
  407  0000144c          	L20_LF0:
  408  0000144c  23bdfff8	addi	r29,r29,#-8
  409  00001450  20120000	addi	r18,r0,#0
  410  00001454  afb20000	sw	(r29),r18
  411  00001458  0c0007c0	jal	_mbox_create
  412  0000145c  54000000	nop; not filled.
  413  00001460  00015820	add	r11,r0,r1
  414  00001464  23bd0008	addi	r29,r29,#8
  415  00001468  6161ffff	seqi	r1,r11,#-1
  416  0000146c  1020004c	beqz	r1,L21_LF0
  417  00001470  54000000	nop; not filled.
  418  00001474  23bdfff8	addi	r29,r29,#-8
  419  00001478  3c120000	lhi	r18,((LC10_LF0)>>16)&0xffff
  420  0000147c  265230d8	addui	r18,r18,(LC10_LF0)&0xffff
  421  00001480  afb20000	sw	(r29),r18
  422  00001484  0c0006e0	jal	_Printf
  423  00001488  54000000	nop; not filled.
  424  0000148c  8d320000	lw	r18,(r9)
  425  00001490  afb20000	sw	(r29),r18
  426  00001494  0c0006d0	jal	_Printf
  427  00001498  54000000	nop; not filled.
  428  0000149c  3c120000	lhi	r18,((LC4_LF0)>>16)&0xffff
  429  000014a0  2652305c	addui	r18,r18,(LC4_LF0)&0xffff
  430  000014a4  afb20000	sw	(r29),r18
  431  000014a8  0c0006bc	jal	_Printf
  432  000014ac  54000000	nop; not filled.
  433  000014b0  0c0007bc	jal	_Exit
  434  000014b4  54000000	nop; not filled.
  435  000014b8  23bd0008	addi	r29,r29,#8
  436  000014bc          	L21_LF0:
  437  000014bc  23bdfff8	addi	r29,r29,#-8
  438  000014c0  afb00000	sw	(r29),r16
  439  000014c4  0c000760	jal	_mbox_open
  440  000014c8  54000000	nop; not filled.
  441  000014cc  23bd0008	addi	r29,r29,#8
  442  000014d0  64210001	snei	r1,r1,#1
  443  000014d4  10200028	beqz	r1,L22_LF0
  444  000014d8  54000000	nop; not filled.
  445  000014dc  23bdfff8	addi	r29,r29,#-8
  446  000014e0  3c120000	lhi	r18,((LC11_LF0)>>16)&0xffff
  447  000014e4  265230f0	addui	r18,r18,(LC11_LF0)&0xffff
  448  000014e8  afb20000	sw	(r29),r18
  449  000014ec  0c000678	jal	_Printf
  450  000014f0  54000000	nop; not filled.
  451  000014f4  0c000778	jal	_Exit
  452  000014f8  54000000	nop; not filled.
  453  000014fc  23bd0008	addi	r29,r29,#8
  454  00001500          	L22_LF0:
  455  00001500  23bdfff8	addi	r29,r29,#-8
  456  00001504  afaf0000	sw	(r29),r15
  457  00001508  0c00071c	jal	_mbox_open
  458  0000150c  54000000	nop; not filled.
  459  00001510  23bd0008	addi	r29,r29,#8
  460  00001514  64210001	snei	r1,r1,#1
  461  00001518  10200028	beqz	r1,L23_LF0
  462  0000151c  54000000	nop; not filled.
  463  00001520  23bdfff8	addi	r29,r29,#-8
  464  00001524  3c120000	lhi	r18,((LC12_LF0)>>16)&0xffff
  465  00001528  26523110	addui	r18,r18,(LC12_LF0)&0xffff
  466  0000152c  afb20000	sw	(r29),r18
  467  00001530  0c000634	jal	_Printf
  468  00001534  54000000	nop; not filled.
  469  00001538  0c000734	jal	_Exit
  470  0000153c  54000000	nop; not filled.
  471  00001540  23bd0008	addi	r29,r29,#8
  472  00001544          	L23_LF0:
  473  00001544  23bdfff8	addi	r29,r29,#-8
  474  00001548  afae0000	sw	(r29),r14
  475  0000154c  0c0006d8	jal	_mbox_open
  476  00001550  54000000	nop; not filled.
  477  00001554  23bd0008	addi	r29,r29,#8
  478  00001558  64210001	snei	r1,r1,#1
  479  0000155c  10200028	beqz	r1,L24_LF0
  480  00001560  54000000	nop; not filled.
  481  00001564  23bdfff8	addi	r29,r29,#-8
  482  00001568  3c120000	lhi	r18,((LC13_LF0)>>16)&0xffff
  483  0000156c  26523130	addui	r18,r18,(LC13_LF0)&0xffff
  484  00001570  afb20000	sw	(r29),r18
  485  00001574  0c0005f0	jal	_Printf
  486  00001578  54000000	nop; not filled.
  487  0000157c  0c0006f0	jal	_Exit
  488  00001580  54000000	nop; not filled.
  489  00001584  23bd0008	addi	r29,r29,#8
  490  00001588          	L24_LF0:
  491  00001588  23bdfff8	addi	r29,r29,#-8
  492  0000158c  afad0000	sw	(r29),r13
  493  00001590  0c000694	jal	_mbox_open
  494  00001594  54000000	nop; not filled.
  495  00001598  23bd0008	addi	r29,r29,#8
  496  0000159c  64210001	snei	r1,r1,#1
  497  000015a0  10200028	beqz	r1,L25_LF0
  498  000015a4  54000000	nop; not filled.
  499  000015a8  23bdfff8	addi	r29,r29,#-8
  500  000015ac  3c120000	lhi	r18,((LC14_LF0)>>16)&0xffff
  501  000015b0  26523150	addui	r18,r18,(LC14_LF0)&0xffff
  502  000015b4  afb20000	sw	(r29),r18
  503  000015b8  0c0005ac	jal	_Printf
  504  000015bc  54000000	nop; not filled.
  505  000015c0  0c0006ac	jal	_Exit
  506  000015c4  54000000	nop; not filled.
  507  000015c8  23bd0008	addi	r29,r29,#8
  508  000015cc          	L25_LF0:
  509  000015cc  23bdfff8	addi	r29,r29,#-8
  510  000015d0  afac0000	sw	(r29),r12
  511  000015d4  0c000650	jal	_mbox_open
  512  000015d8  54000000	nop; not filled.
  513  000015dc  23bd0008	addi	r29,r29,#8
  514  000015e0  64210001	snei	r1,r1,#1
  515  000015e4  10200028	beqz	r1,L26_LF0
  516  000015e8  54000000	nop; not filled.
  517  000015ec  23bdfff8	addi	r29,r29,#-8
  518  000015f0  3c120000	lhi	r18,((LC15_LF0)>>16)&0xffff
  519  000015f4  26523170	addui	r18,r18,(LC15_LF0)&0xffff
  520  000015f8  afb20000	sw	(r29),r18
  521  000015fc  0c000568	jal	_Printf
  522  00001600  54000000	nop; not filled.
  523  00001604  0c000668	jal	_Exit
  524  00001608  54000000	nop; not filled.
  525  0000160c  23bd0008	addi	r29,r29,#8
  526  00001610          	L26_LF0:
  527  00001610  23bdfff8	addi	r29,r29,#-8
  528  00001614  afab0000	sw	(r29),r11
  529  00001618  0c00060c	jal	_mbox_open
  530  0000161c  54000000	nop; not filled.
  531  00001620  23bd0008	addi	r29,r29,#8
  532  00001624  64210001	snei	r1,r1,#1
  533  00001628  10200028	beqz	r1,L27_LF0
  534  0000162c  54000000	nop; not filled.
  535  00001630  23bdfff8	addi	r29,r29,#-8
  536  00001634  3c120000	lhi	r18,((LC16_LF0)>>16)&0xffff
  537  00001638  26523190	addui	r18,r18,(LC16_LF0)&0xffff
  538  0000163c  afb20000	sw	(r29),r18
  539  00001640  0c000524	jal	_Printf
  540  00001644  54000000	nop; not filled.
  541  00001648  0c000624	jal	_Exit
  542  0000164c  54000000	nop; not filled.
  543  00001650  23bd0008	addi	r29,r29,#8
  544  00001654          	L27_LF0:
  545  00001654  23bdfff8	addi	r29,r29,#-8
  546  00001658  afb10000	sw	(r29),r17
  547  0000165c  23c4ffe8	addi	r4,r30,#-24
  548  00001660  afa40004	sw	4(r29),r4
  549  00001664  0c000d28	jal	_ditoa
  550  00001668  54000000	nop; not filled.
  551  0000166c  afb00000	sw	(r29),r16
  552  00001670  23c3ffd8	addi	r3,r30,#-40
  553  00001674  afa30004	sw	4(r29),r3
  554  00001678  0c000d14	jal	_ditoa
  555  0000167c  54000000	nop; not filled.
  556  00001680  afaf0000	sw	(r29),r15
  557  00001684  23c1ffc8	addi	r1,r30,#-56
  558  00001688  afa10004	sw	4(r29),r1
  559  0000168c  0c000d00	jal	_ditoa
  560  00001690  54000000	nop; not filled.
  561  00001694  afae0000	sw	(r29),r14
  562  00001698  23c1ffb8	addi	r1,r30,#-72
  563  0000169c  afa10004	sw	4(r29),r1
  564  000016a0  0c000cec	jal	_ditoa
  565  000016a4  54000000	nop; not filled.
  566  000016a8  afad0000	sw	(r29),r13
  567  000016ac  23c1ffa8	addi	r1,r30,#-88
  568  000016b0  afa10004	sw	4(r29),r1
  569  000016b4  0c000cd8	jal	_ditoa
  570  000016b8  54000000	nop; not filled.
  571  000016bc  afac0000	sw	(r29),r12
  572  000016c0  23c1ff98	addi	r1,r30,#-104
  573  000016c4  afa10004	sw	4(r29),r1
  574  000016c8  0c000cc4	jal	_ditoa
  575  000016cc  54000000	nop; not filled.
  576  000016d0  afab0000	sw	(r29),r11
  577  000016d4  23c1ff88	addi	r1,r30,#-120
  578  000016d8  afa10004	sw	4(r29),r1
  579  000016dc  0c000cb0	jal	_ditoa
  580  000016e0  54000000	nop; not filled.
  581  000016e4  000a3020	add	r6,r0,r10
  582  000016e8  00051020	add	r2,r0,r5
  583  000016ec  74a10000	sgei	r1,r5,#0
  584  000016f0  14200008	bnez	r1,L28_LF0
  585  000016f4  54000000	nop; not filled.
  586  000016f8  20a20003	addi	r2,r5,#3
  587  000016fc          	L28_LF0:
  588  000016fc  5c470002	srai	r7,r2,#0x2
  589  00001700  50c10001	slli	r1,r6,#0x1
  590  00001704  afa10000	sw	(r29),r1
  591  00001708  afa70004	sw	4(r29),r7
  592  0000170c  0c001254	jal	_min
  593  00001710  54000000	nop; not filled.
  594  00001714  00014020	add	r8,r0,r1
  595  00001718  20020000	addi	r2,r0,#0
  596  0000171c  23bd0008	addi	r29,r29,#8
  597  00001720  0046082a	slt	r1,r2,r6
  598  00001724  10200044	beqz	r1,L61_LF0
  599  00001728  54000000	nop; not filled.
  600  0000172c          	L32_LF0:
  601  0000172c  23bdfff0	addi	r29,r29,#-16
  602  00001730  3c120000	lhi	r18,((LC17_LF0)>>16)&0xffff
  603  00001734  265231b0	addui	r18,r18,(LC17_LF0)&0xffff
  604  00001738  afb20000	sw	(r29),r18
  605  0000173c  afa40004	sw	4(r29),r4
  606  00001740  afa30008	sw	8(r29),r3
  607  00001744  20120000	addi	r18,r0,#0
  608  00001748  afb2000c	sw	12(r29),r18
  609  0000174c  0c000430	jal	_process_create
  610  00001750  54000000	nop; not filled.
  611  00001754  23bd0010	addi	r29,r29,#16
  612  00001758  20420001	addi	r2,r2,#1
  613  0000175c  004a082a	slt	r1,r2,r10
  614  00001760  1420ffc8	bnez	r1,L32_LF0
  615  00001764  54000000	nop; not filled.
  616  00001768  20020000	addi	r2,r0,#0
  617  0000176c          	L61_LF0:
  618  0000176c  0045082a	slt	r1,r2,r5
  619  00001770  10200048	beqz	r1,L35_LF0
  620  00001774  54000000	nop; not filled.
  621  00001778  23c4ffe8	addi	r4,r30,#-24
  622  0000177c  23c3ffb8	addi	r3,r30,#-72
  623  00001780          	L37_LF0:
  624  00001780  23bdfff0	addi	r29,r29,#-16
  625  00001784  3c120000	lhi	r18,((LC18_LF0)>>16)&0xffff
  626  00001788  265231c4	addui	r18,r18,(LC18_LF0)&0xffff
  627  0000178c  afb20000	sw	(r29),r18
  628  00001790  afa40004	sw	4(r29),r4
  629  00001794  afa30008	sw	8(r29),r3
  630  00001798  20120000	addi	r18,r0,#0
  631  0000179c  afb2000c	sw	12(r29),r18
  632  000017a0  0c0003dc	jal	_process_create
  633  000017a4  54000000	nop; not filled.
  634  000017a8  23bd0010	addi	r29,r29,#16
  635  000017ac  20420001	addi	r2,r2,#1
  636  000017b0  0045082a	slt	r1,r2,r5
  637  000017b4  1420ffc8	bnez	r1,L37_LF0
  638  000017b8  54000000	nop; not filled.
  639  000017bc          	L35_LF0:
  640  000017bc  20020000	addi	r2,r0,#0
  641  000017c0  0046082a	slt	r1,r2,r6
  642  000017c4  10200054	beqz	r1,L62_LF0
  643  000017c8  54000000	nop; not filled.
  644  000017cc  23c5ffe8	addi	r5,r30,#-24
  645  000017d0  23c4ffd8	addi	r4,r30,#-40
  646  000017d4  23c3ffc8	addi	r3,r30,#-56
  647  000017d8          	L42_LF0:
  648  000017d8  23bdffe8	addi	r29,r29,#-24
  649  000017dc  3c120000	lhi	r18,((LC19_LF0)>>16)&0xffff
  650  000017e0  265231d8	addui	r18,r18,(LC19_LF0)&0xffff
  651  000017e4  afb20000	sw	(r29),r18
  652  000017e8  afa50004	sw	4(r29),r5
  653  000017ec  afa40008	sw	8(r29),r4
  654  000017f0  afa3000c	sw	12(r29),r3
  655  000017f4  20120000	addi	r18,r0,#0
  656  000017f8  afb20010	sw	16(r29),r18
  657  000017fc  0c000380	jal	_process_create
  658  00001800  54000000	nop; not filled.
  659  00001804  23bd0018	addi	r29,r29,#24
  660  00001808  20420001	addi	r2,r2,#1
  661  0000180c  0046082a	slt	r1,r2,r6
  662  00001810  1420ffc4	bnez	r1,L42_LF0
  663  00001814  54000000	nop; not filled.
  664  00001818  20020000	addi	r2,r0,#0
  665  0000181c          	L62_LF0:
  666  0000181c  0047082a	slt	r1,r2,r7
  667  00001820  10200058	beqz	r1,L45_LF0
  668  00001824  54000000	nop; not filled.
  669  00001828  23c6ffe8	addi	r6,r30,#-24
  670  0000182c  23c5ffb8	addi	r5,r30,#-72
  671  00001830  23c4ffa8	addi	r4,r30,#-88
  672  00001834  23c3ff98	addi	r3,r30,#-104
  673  00001838          	L47_LF0:
  674  00001838  23bdffe8	addi	r29,r29,#-24
  675  0000183c  3c120000	lhi	r18,((LC20_LF0)>>16)&0xffff
  676  00001840  265231ec	addui	r18,r18,(LC20_LF0)&0xffff
  677  00001844  afb20000	sw	(r29),r18
  678  00001848  afa60004	sw	4(r29),r6
  679  0000184c  afa50008	sw	8(r29),r5
  680  00001850  afa4000c	sw	12(r29),r4
  681  00001854  afa30010	sw	16(r29),r3
  682  00001858  20120000	addi	r18,r0,#0
  683  0000185c  afb20014	sw	20(r29),r18
  684  00001860  0c00031c	jal	_process_create
  685  00001864  54000000	nop; not filled.
  686  00001868  23bd0018	addi	r29,r29,#24
  687  0000186c  20420001	addi	r2,r2,#1
  688  00001870  0047082a	slt	r1,r2,r7
  689  00001874  1420ffc0	bnez	r1,L47_LF0
  690  00001878  54000000	nop; not filled.
  691  0000187c          	L45_LF0:
  692  0000187c  20020000	addi	r2,r0,#0
  693  00001880  0048082a	slt	r1,r2,r8
  694  00001884  10200058	beqz	r1,L50_LF0
  695  00001888  54000000	nop; not filled.
  696  0000188c  23c6ffe8	addi	r6,r30,#-24
  697  00001890  23c5ffc8	addi	r5,r30,#-56
  698  00001894  23c4ffa8	addi	r4,r30,#-88
  699  00001898  23c3ff88	addi	r3,r30,#-120
  700  0000189c          	L52_LF0:
  701  0000189c  23bdffe8	addi	r29,r29,#-24
  702  000018a0  3c120000	lhi	r18,((LC21_LF0)>>16)&0xffff
  703  000018a4  26523200	addui	r18,r18,(LC21_LF0)&0xffff
  704  000018a8  afb20000	sw	(r29),r18
  705  000018ac  afa60004	sw	4(r29),r6
  706  000018b0  afa50008	sw	8(r29),r5
  707  000018b4  afa4000c	sw	12(r29),r4
  708  000018b8  afa30010	sw	16(r29),r3
  709  000018bc  20120000	addi	r18,r0,#0
  710  000018c0  afb20014	sw	20(r29),r18
  711  000018c4  0c0002b8	jal	_process_create
  712  000018c8  54000000	nop; not filled.
  713  000018cc  23bd0018	addi	r29,r29,#24
  714  000018d0  20420001	addi	r2,r2,#1
  715  000018d4  0048082a	slt	r1,r2,r8
  716  000018d8  1420ffc0	bnez	r1,L52_LF0
  717  000018dc  54000000	nop; not filled.
  718  000018e0          	L50_LF0:
  719  000018e0  23bdfff8	addi	r29,r29,#-8
  720  000018e4  afb10000	sw	(r29),r17
  721  000018e8  0c0002c4	jal	_sem_wait
  722  000018ec  54000000	nop; not filled.
  723  000018f0  23bd0008	addi	r29,r29,#8
  724  000018f4  64210001	snei	r1,r1,#1
  725  000018f8  10200050	beqz	r1,L54_LF0
  726  000018fc  54000000	nop; not filled.
  727  00001900  23bdfff8	addi	r29,r29,#-8
  728  00001904  3c120000	lhi	r18,((LC22_LF0)>>16)&0xffff
  729  00001908  26523214	addui	r18,r18,(LC22_LF0)&0xffff
  730  0000190c  afb20000	sw	(r29),r18
  731  00001910  afb10004	sw	4(r29),r17
  732  00001914  0c000250	jal	_Printf
  733  00001918  54000000	nop; not filled.
  734  0000191c  8d290000	lw	r9,(r9)
  735  00001920  afa90000	sw	(r29),r9
  736  00001924  0c000240	jal	_Printf
  737  00001928  54000000	nop; not filled.
  738  0000192c  3c120000	lhi	r18,((LC4_LF0)>>16)&0xffff
  739  00001930  2652305c	addui	r18,r18,(LC4_LF0)&0xffff
  740  00001934  afb20000	sw	(r29),r18
  741  00001938  0c00022c	jal	_Printf
  742  0000193c  54000000	nop; not filled.
  743  00001940  0c00032c	jal	_Exit
  744  00001944  54000000	nop; not filled.
  745  00001948  23bd0008	addi	r29,r29,#8
  746  0000194c          	L54_LF0:
  747  0000194c  23bdfff8	addi	r29,r29,#-8
  748  00001950  afb00000	sw	(r29),r16
  749  00001954  0c0002dc	jal	_mbox_close
  750  00001958  54000000	nop; not filled.
  751  0000195c  23bd0008	addi	r29,r29,#8
  752  00001960  64210001	snei	r1,r1,#1
  753  00001964  10200028	beqz	r1,L55_LF0
  754  00001968  54000000	nop; not filled.
  755  0000196c  23bdfff8	addi	r29,r29,#-8
  756  00001970  3c120000	lhi	r18,((LC23_LF0)>>16)&0xffff
  757  00001974  26523240	addui	r18,r18,(LC23_LF0)&0xffff
  758  00001978  afb20000	sw	(r29),r18
  759  0000197c  0c0001e8	jal	_Printf
  760  00001980  54000000	nop; not filled.
  761  00001984  0c0002e8	jal	_Exit
  762  00001988  54000000	nop; not filled.
  763  0000198c  23bd0008	addi	r29,r29,#8
  764  00001990          	L55_LF0:
  765  00001990  23bdfff8	addi	r29,r29,#-8
  766  00001994  afaf0000	sw	(r29),r15
  767  00001998  0c000298	jal	_mbox_close
  768  0000199c  54000000	nop; not filled.
  769  000019a0  23bd0008	addi	r29,r29,#8
  770  000019a4  64210001	snei	r1,r1,#1
  771  000019a8  10200028	beqz	r1,L56_LF0
  772  000019ac  54000000	nop; not filled.
  773  000019b0  23bdfff8	addi	r29,r29,#-8
  774  000019b4  3c120000	lhi	r18,((LC24_LF0)>>16)&0xffff
  775  000019b8  26523260	addui	r18,r18,(LC24_LF0)&0xffff
  776  000019bc  afb20000	sw	(r29),r18
  777  000019c0  0c0001a4	jal	_Printf
  778  000019c4  54000000	nop; not filled.
  779  000019c8  0c0002a4	jal	_Exit
  780  000019cc  54000000	nop; not filled.
  781  000019d0  23bd0008	addi	r29,r29,#8
  782  000019d4          	L56_LF0:
  783  000019d4  23bdfff8	addi	r29,r29,#-8
  784  000019d8  afae0000	sw	(r29),r14
  785  000019dc  0c000254	jal	_mbox_close
  786  000019e0  54000000	nop; not filled.
  787  000019e4  23bd0008	addi	r29,r29,#8
  788  000019e8  64210001	snei	r1,r1,#1
  789  000019ec  10200028	beqz	r1,L57_LF0
  790  000019f0  54000000	nop; not filled.
  791  000019f4  23bdfff8	addi	r29,r29,#-8
  792  000019f8  3c120000	lhi	r18,((LC25_LF0)>>16)&0xffff
  793  000019fc  26523280	addui	r18,r18,(LC25_LF0)&0xffff
  794  00001a00  afb20000	sw	(r29),r18
  795  00001a04  0c000160	jal	_Printf
  796  00001a08  54000000	nop; not filled.
  797  00001a0c  0c000260	jal	_Exit
  798  00001a10  54000000	nop; not filled.
  799  00001a14  23bd0008	addi	r29,r29,#8
  800  00001a18          	L57_LF0:
  801  00001a18  23bdfff8	addi	r29,r29,#-8
  802  00001a1c  afad0000	sw	(r29),r13
  803  00001a20  0c000210	jal	_mbox_close
  804  00001a24  54000000	nop; not filled.
  805  00001a28  23bd0008	addi	r29,r29,#8
  806  00001a2c  64210001	snei	r1,r1,#1
  807  00001a30  10200028	beqz	r1,L58_LF0
  808  00001a34  54000000	nop; not filled.
  809  00001a38  23bdfff8	addi	r29,r29,#-8
  810  00001a3c  3c120000	lhi	r18,((LC26_LF0)>>16)&0xffff
  811  00001a40  265232a0	addui	r18,r18,(LC26_LF0)&0xffff
  812  00001a44  afb20000	sw	(r29),r18
  813  00001a48  0c00011c	jal	_Printf
  814  00001a4c  54000000	nop; not filled.
  815  00001a50  0c00021c	jal	_Exit
  816  00001a54  54000000	nop; not filled.
  817  00001a58  23bd0008	addi	r29,r29,#8
  818  00001a5c          	L58_LF0:
  819  00001a5c  23bdfff8	addi	r29,r29,#-8
  820  00001a60  afac0000	sw	(r29),r12
  821  00001a64  0c0001cc	jal	_mbox_close
  822  00001a68  54000000	nop; not filled.
  823  00001a6c  23bd0008	addi	r29,r29,#8
  824  00001a70  64210001	snei	r1,r1,#1
  825  00001a74  10200028	beqz	r1,L59_LF0
  826  00001a78  54000000	nop; not filled.
  827  00001a7c  23bdfff8	addi	r29,r29,#-8
  828  00001a80  3c120000	lhi	r18,((LC27_LF0)>>16)&0xffff
  829  00001a84  265232c0	addui	r18,r18,(LC27_LF0)&0xffff
  830  00001a88  afb20000	sw	(r29),r18
  831  00001a8c  0c0000d8	jal	_Printf
  832  00001a90  54000000	nop; not filled.
  833  00001a94  0c0001d8	jal	_Exit
  834  00001a98  54000000	nop; not filled.
  835  00001a9c  23bd0008	addi	r29,r29,#8
  836  00001aa0          	L59_LF0:
  837  00001aa0  23bdfff8	addi	r29,r29,#-8
  838  00001aa4  afab0000	sw	(r29),r11
  839  00001aa8  0c000188	jal	_mbox_close
  840  00001aac  54000000	nop; not filled.
  841  00001ab0  23bd0008	addi	r29,r29,#8
  842  00001ab4  64210001	snei	r1,r1,#1
  843  00001ab8  10200028	beqz	r1,L60_LF0
  844  00001abc  54000000	nop; not filled.
  845  00001ac0  23bdfff8	addi	r29,r29,#-8
  846  00001ac4  3c120000	lhi	r18,((LC28_LF0)>>16)&0xffff
  847  00001ac8  265232e0	addui	r18,r18,(LC28_LF0)&0xffff
  848  00001acc  afb20000	sw	(r29),r18
  849  00001ad0  0c000094	jal	_Printf
  850  00001ad4  54000000	nop; not filled.
  851  00001ad8  0c000194	jal	_Exit
  852  00001adc  54000000	nop; not filled.
  853  00001ae0  23bd0008	addi	r29,r29,#8
  854  00001ae4          	L60_LF0:
  855  00001ae4  23bdfff8	addi	r29,r29,#-8
  856  00001ae8  3c120000	lhi	r18,((LC29_LF0)>>16)&0xffff
  857  00001aec  26523300	addui	r18,r18,(LC29_LF0)&0xffff
  858  00001af0  afb20000	sw	(r29),r18
  859  00001af4  0c000070	jal	_Printf
  860  00001af8  54000000	nop; not filled.
  861  00001afc  3c120000	lhi	r18,((LC30_LF0)>>16)&0xffff
  862  00001b00  26523338	addui	r18,r18,(LC30_LF0)&0xffff
  863  00001b04  afb20000	sw	(r29),r18
  864  00001b08  afa80004	sw	4(r29),r8
  865  00001b0c  0c000058	jal	_Printf
  866  00001b10  54000000	nop; not filled.
  867  00001b14  23bd0008	addi	r29,r29,#8
  868  00001b18  0c000ef0	jal	_exit
  869  00001b1c  54000000	nop
  870  00001b20          	.endproc _main
  871                      ;;;
  872                      ;;; Stub functions for DLX traps.
  873                      ;;;
  874                      ;;; Ethan L. Miller, 1999.  Released to the public domain.
  875                      ;;;
  876                      ;;; The traps such as Open and Close
  877                      ;;; (note the capital letters) are for use by user programs.  The traps
  878                      ;;; with names such as open and close (lower case) are for use by the OS.
  879                      ;;;
  882  00001b20          	.align 2
  884                      ;;; The following are the traps to be used by user-level programs
  885                      ;;;
  887  00001b20          	.align 2
  888  00001b20          	.proc _Open
  889  00001b20          	.global _Open
  890  00001b20          	_Open:
  891                      ;;; Note that trap #0x213 actually causes a trap vector in the OS of
  892                      ;;; 0x1213.  The same is true for other user traps.  Thus, a user trap
  893                      ;;; with trap #0x240 will result in a trap vector of 0x1240 in the OS.
  894  00001b20  44000213	trap	#0x213
  895  00001b24  4be00000	jr	r31
  896  00001b28  54000000	nop
  897  00001b2c          	.endproc _Open
  899  00001b2c          	.proc _Close
  900  00001b2c          	.global _Close
  901  00001b2c          	_Close:
  902  00001b2c  44000214	trap	#0x214
  903  00001b30  4be00000	jr	r31
  904  00001b34  54000000	nop
  905  00001b38          	.endproc _Close
  907  00001b38          	.proc _Read
  908  00001b38          	.global _Read
  909  00001b38          	_Read:
  910  00001b38  44000210	trap	#0x210
  911  00001b3c  4be00000	jr	r31
  912  00001b40  54000000	nop
  913  00001b44          	.endproc _Read
  915  00001b44          	.proc _Write
  916  00001b44          	.global _Write
  917  00001b44          	_Write:
  918  00001b44  44000211	trap	#0x211
  919  00001b48  4be00000	jr	r31
  920  00001b4c  54000000	nop
  921  00001b50          	.endproc _Write
  923  00001b50          	.proc _Lseek
  924  00001b50          	.global _Lseek
  925  00001b50          	_Lseek:
  926  00001b50  44000212	trap	#0x212
  927  00001b54  4be00000	jr	r31
  928  00001b58  54000000	nop
  929  00001b5c          	.endproc _Lseek
  931  00001b5c          	.proc _Putchar
  932  00001b5c          	.global _Putchar
  933  00001b5c          	_Putchar:
  934  00001b5c  44000280	trap	#0x280
  935  00001b60  4be00000	jr	r31
  936  00001b64  54000000	nop
  937  00001b68          	.endproc _Putchar
  939  00001b68          	.proc _Printf
  940  00001b68          	.global _Printf
  941  00001b68          	_Printf:
  942  00001b68  44000201	trap	#0x201
  943  00001b6c  4be00000	jr	r31
  944  00001b70  54000000	nop
  945  00001b74          	.endproc _Printf
  947  00001b74          	.proc _getpid
  948  00001b74          	.global _getpid
  949  00001b74          	_getpid:
  950  00001b74  44000431	trap	#0x431
  951  00001b78  4be00000	jr	r31
  952  00001b7c  54000000	nop
  953  00001b80          	.endproc _getpid
  955  00001b80          	.proc _process_create
  956  00001b80          	.global _process_create
  957  00001b80          	_process_create:
  958  00001b80  44000432	trap	#0x432
  959  00001b84  4be00000	jr	r31
  960  00001b88  54000000	nop
  961  00001b8c          	.endproc _process_create
  963  00001b8c          	.proc _shmget
  964  00001b8c          	.global _shmget
  965  00001b8c          	_shmget:
  966  00001b8c  44000440	trap	#0x440
  967  00001b90  4be00000	jr	r31
  968  00001b94  54000000	nop
  969  00001b98          	.endproc _shmget
  971  00001b98          	.proc _shmat
  972  00001b98          	.global _shmat
  973  00001b98          	_shmat:
  974  00001b98  44000441	trap	#0x441
  975  00001b9c  4be00000	jr	r31
  976  00001ba0  54000000	nop
  977  00001ba4          	.endproc _shmat
  979  00001ba4          	.proc _sem_create
  980  00001ba4          	.global _sem_create
  981  00001ba4          	_sem_create:
  982  00001ba4  44000450	trap	#0x450
  983  00001ba8  4be00000	jr	r31
  984  00001bac  54000000	nop
  985  00001bb0          	.endproc _sem_create
  987  00001bb0          	.proc _sem_wait
  988  00001bb0          	.global _sem_wait
  989  00001bb0          	_sem_wait:
  990  00001bb0  44000451	trap	#0x451
  991  00001bb4  4be00000	jr	r31
  992  00001bb8  54000000	nop
  993  00001bbc          	.endproc _sem_wait
  995  00001bbc          	.proc _sem_signal
  996  00001bbc          	.global _sem_signal
  997  00001bbc          	_sem_signal:
  998  00001bbc  44000452	trap	#0x452
  999  00001bc0  4be00000	jr	r31
 1000  00001bc4  54000000	nop
 1001  00001bc8          	.endproc _sem_signal
 1003  00001bc8          	.proc _lock_create
 1004  00001bc8          	.global _lock_create
 1005  00001bc8          	_lock_create:
 1006  00001bc8  44000453	trap	#0x453
 1007  00001bcc  4be00000	jr	r31
 1008  00001bd0  54000000	nop
 1009  00001bd4          	.endproc _lock_create
 1011  00001bd4          	.proc _lock_acquire
 1012  00001bd4          	.global _lock_acquire
 1013  00001bd4          	_lock_acquire:
 1014  00001bd4  44000454	trap	#0x454
 1015  00001bd8  4be00000	jr	r31
 1016  00001bdc  54000000	nop
 1017  00001be0          	.endproc _lock_acquire
 1019  00001be0          	.proc _lock_release
 1020  00001be0          	.global _lock_release
 1021  00001be0          	_lock_release:
 1022  00001be0  44000455	trap	#0x455
 1023  00001be4  4be00000	jr	r31
 1024  00001be8  54000000	nop
 1025  00001bec          	.endproc _lock_release
 1027  00001bec          	.proc _cond_create
 1028  00001bec          	.global _cond_create
 1029  00001bec          	_cond_create:
 1030  00001bec  44000456	trap	#0x456
 1031  00001bf0  4be00000	jr	r31
 1032  00001bf4  54000000	nop
 1033  00001bf8          	.endproc _cond_create
 1035  00001bf8          	.proc _cond_wait
 1036  00001bf8          	.global _cond_wait
 1037  00001bf8          	_cond_wait:
 1038  00001bf8  44000457	trap	#0x457
 1039  00001bfc  4be00000	jr	r31
 1040  00001c00  54000000	nop
 1041  00001c04          	.endproc _cond_wait
 1043  00001c04          	.proc _cond_signal
 1044  00001c04          	.global _cond_signal
 1045  00001c04          	_cond_signal:
 1046  00001c04  44000458	trap	#0x458
 1047  00001c08  4be00000	jr	r31
 1048  00001c0c  54000000	nop
 1049  00001c10          	.endproc _cond_signal
 1051  00001c10          	.proc _cond_broadcast
 1052  00001c10          	.global _cond_broadcast
 1053  00001c10          	_cond_broadcast:
 1054  00001c10  44000459	trap	#0x459
 1055  00001c14  4be00000	jr	r31
 1056  00001c18  54000000	nop
 1057  00001c1c          	.endproc _cond_broadcast
 1059  00001c1c          	.proc _mbox_create
 1060  00001c1c          	.global _mbox_create
 1061  00001c1c          	_mbox_create:
 1062  00001c1c  44000460	trap	#0x460
 1063  00001c20  4be00000	jr	r31
 1064  00001c24  54000000	nop
 1065  00001c28          	.endproc _mbox_create
 1067  00001c28          	.proc _mbox_open
 1068  00001c28          	.global _mbox_open
 1069  00001c28          	_mbox_open:
 1070  00001c28  44000461	trap	#0x461
 1071  00001c2c  4be00000	jr	r31
 1072  00001c30  54000000	nop
 1073  00001c34          	.endproc _mbox_open
 1075  00001c34          	.proc _mbox_close
 1076  00001c34          	.global _mbox_close
 1077  00001c34          	_mbox_close:
 1078  00001c34  44000462	trap	#0x462
 1079  00001c38  4be00000	jr	r31
 1080  00001c3c  54000000	nop
 1081  00001c40          	.endproc _mbox_close
 1083  00001c40          	.proc _mbox_send
 1084  00001c40          	.global _mbox_send
 1085  00001c40          	_mbox_send:
 1086  00001c40  44000463	trap	#0x463
 1087  00001c44  4be00000	jr	r31
 1088  00001c48  54000000	nop
 1089  00001c4c          	.endproc _mbox_send
 1091  00001c4c          	.proc _mbox_recv
 1092  00001c4c          	.global _mbox_recv
 1093  00001c4c          	_mbox_recv:
 1094  00001c4c  44000464	trap	#0x464
 1095  00001c50  4be00000	jr	r31
 1096  00001c54  54000000	nop
 1097  00001c58          	.endproc _mbox_recv
 1099  00001c58          	.proc _sleep
 1100  00001c58          	.global _sleep
 1101  00001c58          	_sleep:
 1102  00001c58  44000465	trap	#0x465
 1103  00001c5c  4be00000	jr	r31
 1104  00001c60  54000000	nop
 1105  00001c64          	.endproc _sleep
 1107  00001c64          	.proc _yield
 1108  00001c64          	.global _yield
 1109  00001c64          	_yield:
 1110  00001c64  44000466	trap	#0x466
 1111  00001c68  4be00000	jr	r31
 1112  00001c6c  54000000	nop
 1113  00001c70          	.endproc _yield
 1116  00001c70          	.proc _Exit
 1117  00001c70          	.global _Exit
 1118  00001c70          	_Exit:
 1119  00001c70  44000500	trap	#0x500
 1120  00001c74  4be00000	jr	r31
 1121  00001c78  54000000	nop
 1122  00001c7c          	.endproc _Exit
 1123                      ; Compiled by GCC
 1125  00001c7c          	.align 2
 1126  00001c7c          	.proc _isspace
 1127  00001c7c          	.global _isspace
 1128  00001c7c          	_isspace:
 1129                      ;  Function 'isspace'; 0 bytes of locals, 3 regs to save.
 1130  00001c7c  afbefffc	sw	-4(r29),r30; push fp
 1131  00001c80  001df020	add	r30,r0,r29; fp = sp
 1132  00001c84  afbffff8	sw	-8(r29),r31; push ret addr
 1133  00001c88  2fbd0018	subui	r29,r29,#24; alloc local storage
 1134  00001c8c  afa20000	sw	0(r29),r2
 1135  00001c90  afa30004	sw	4(r29),r3
 1136  00001c94  afa40008	sw	8(r29),r4
 1137  00001c98  83c20003	lb	r2,3(r30)
 1138  00001c9c  20010000	addi	r1,r0,#0
 1139  00001ca0  304300ff	andi	r3,r2,#0x00ff
 1140  00001ca4  60640020	seqi	r4,r3,#32
 1141  00001ca8  1480002c	bnez	r4,L3_LF2
 1142  00001cac  54000000	nop; delay slot nop
 1143  00001cb0  304300ff	andi	r3,r2,#0x00ff
 1144  00001cb4  60640009	seqi	r4,r3,#9
 1145  00001cb8  1480001c	bnez	r4,L3_LF2
 1146  00001cbc  54000000	nop; delay slot nop
 1147  00001cc0  304300ff	andi	r3,r2,#0x00ff
 1148  00001cc4  6064000a	seqi	r4,r3,#10
 1149  00001cc8  1480000c	bnez	r4,L3_LF2
 1150  00001ccc  54000000	nop; delay slot nop
 1151  00001cd0  08000008	j	L2_LF2
 1152  00001cd4  54000000	nop; delay slot nop
 1153  00001cd8          	L3_LF2:
 1154  00001cd8  20010001	addi	r1,r0,#1
 1155  00001cdc          	L2_LF2:
 1156  00001cdc  08000004	j	L1_LF2
 1157  00001ce0  54000000	nop; delay slot nop
 1158  00001ce4          	L1_LF2:
 1159  00001ce4  8fa20000	lw	r2,0(r29)
 1160  00001ce8  8fa30004	lw	r3,4(r29)
 1161  00001cec  8fa40008	lw	r4,8(r29)
 1162  00001cf0  8fdffff8	lw	r31,-8(r30)
 1163  00001cf4  001ee820	add	r29,r0,r30
 1164  00001cf8  8fdefffc	lw	r30,-4(r30)
 1165  00001cfc  4be00000	jr	r31
 1166  00001d00  54000000	nop
 1167  00001d04          	.endproc _isspace
 1168  00001d04          	.align 2
 1169  00001d04          	.proc _isxdigit
 1170  00001d04          	.global _isxdigit
 1171  00001d04          	_isxdigit:
 1172                      ;  Function 'isxdigit'; 0 bytes of locals, 3 regs to save.
 1173  00001d04  afbefffc	sw	-4(r29),r30; push fp
 1174  00001d08  001df020	add	r30,r0,r29; fp = sp
 1175  00001d0c  afbffff8	sw	-8(r29),r31; push ret addr
 1176  00001d10  2fbd0018	subui	r29,r29,#24; alloc local storage
 1177  00001d14  afa20000	sw	0(r29),r2
 1178  00001d18  afa30004	sw	4(r29),r3
 1179  00001d1c  afa40008	sw	8(r29),r4
 1180  00001d20  83c20003	lb	r2,3(r30)
 1181  00001d24  20010000	addi	r1,r0,#0
 1182  00001d28  304300ff	andi	r3,r2,#0x00ff
 1183  00001d2c  6c64002f	sgtui	r4,r3,#47
 1184  00001d30  1080001c	beqz	r4,L7_LF2
 1185  00001d34  54000000	nop; delay slot nop
 1186  00001d38  304300ff	andi	r3,r2,#0x00ff
 1187  00001d3c  70640039	sleui	r4,r3,#57
 1188  00001d40  1480005c	bnez	r4,L6_LF2
 1189  00001d44  54000000	nop; delay slot nop
 1190  00001d48  08000004	j	L7_LF2
 1191  00001d4c  54000000	nop; delay slot nop
 1192  00001d50          	L7_LF2:
 1193  00001d50  304300ff	andi	r3,r2,#0x00ff
 1194  00001d54  6c640060	sgtui	r4,r3,#96
 1195  00001d58  1080001c	beqz	r4,L8_LF2
 1196  00001d5c  54000000	nop; delay slot nop
 1197  00001d60  304300ff	andi	r3,r2,#0x00ff
 1198  00001d64  70640066	sleui	r4,r3,#102
 1199  00001d68  14800034	bnez	r4,L6_LF2
 1200  00001d6c  54000000	nop; delay slot nop
 1201  00001d70  08000004	j	L8_LF2
 1202  00001d74  54000000	nop; delay slot nop
 1203  00001d78          	L8_LF2:
 1204  00001d78  304300ff	andi	r3,r2,#0x00ff
 1205  00001d7c  6c640040	sgtui	r4,r3,#64
 1206  00001d80  10800020	beqz	r4,L5_LF2
 1207  00001d84  54000000	nop; delay slot nop
 1208  00001d88  304300ff	andi	r3,r2,#0x00ff
 1209  00001d8c  70640041	sleui	r4,r3,#65
 1210  00001d90  1480000c	bnez	r4,L6_LF2
 1211  00001d94  54000000	nop; delay slot nop
 1212  00001d98  08000008	j	L5_LF2
 1213  00001d9c  54000000	nop; delay slot nop
 1214  00001da0          	L6_LF2:
 1215  00001da0  20010001	addi	r1,r0,#1
 1216  00001da4          	L5_LF2:
 1217  00001da4  08000004	j	L4_LF2
 1218  00001da8  54000000	nop; delay slot nop
 1219  00001dac          	L4_LF2:
 1220  00001dac  8fa20000	lw	r2,0(r29)
 1221  00001db0  8fa30004	lw	r3,4(r29)
 1222  00001db4  8fa40008	lw	r4,8(r29)
 1223  00001db8  8fdffff8	lw	r31,-8(r30)
 1224  00001dbc  001ee820	add	r29,r0,r30
 1225  00001dc0  8fdefffc	lw	r30,-4(r30)
 1226  00001dc4  4be00000	jr	r31
 1227  00001dc8  54000000	nop
 1228  00001dcc          	.endproc _isxdigit
 1229  00001dcc          	.align 2
 1230  00001dcc          	.proc _dstrcpy
 1231  00001dcc          	.global _dstrcpy
 1232  00001dcc          	_dstrcpy:
 1233                      ;  Function 'dstrcpy'; 8 bytes of locals, 2 regs to save.
 1234  00001dcc  afbefffc	sw	-4(r29),r30; push fp
 1235  00001dd0  001df020	add	r30,r0,r29; fp = sp
 1236  00001dd4  afbffff8	sw	-8(r29),r31; push ret addr
 1237  00001dd8  2fbd0018	subui	r29,r29,#24; alloc local storage
 1238  00001ddc  afa20000	sw	0(r29),r2
 1239  00001de0  afa30004	sw	4(r29),r3
 1240  00001de4  8fc10000	lw	r1,(r30)
 1241  00001de8  afc1fff4	sw	-12(r30),r1
 1242  00001dec          	L10_LF2:
 1243  00001dec  8fc10000	lw	r1,(r30)
 1244  00001df0  20220001	addi	r2,r1,#1
 1245  00001df4  afc20000	sw	(r30),r2
 1246  00001df8  8fc20004	lw	r2,4(r30)
 1247  00001dfc  20430001	addi	r3,r2,#1
 1248  00001e00  afc30004	sw	4(r30),r3
 1249  00001e04  80420000	lb	r2,(r2)
 1250  00001e08  a0220000	sb	(r1),r2
 1251  00001e0c  a3c2fff3	sb	-13(r30),r2
 1252  00001e10          	L12_LF2:
 1253  00001e10  93c1fff3	lbu	r1,-13(r30)
 1254  00001e14  64220000	snei	r2,r1,#0
 1255  00001e18  1440000c	bnez	r2,L13_LF2
 1256  00001e1c  54000000	nop; delay slot nop
 1257  00001e20  0800000c	j	L11_LF2
 1258  00001e24  54000000	nop; delay slot nop
 1259  00001e28          	L13_LF2:
 1260  00001e28  0bffffc0	j	L10_LF2
 1261  00001e2c  54000000	nop; delay slot nop
 1262  00001e30          	L11_LF2:
 1263  00001e30  8fc1fff4	lw	r1,-12(r30)
 1264  00001e34  08000004	j	L9_LF2
 1265  00001e38  54000000	nop; delay slot nop
 1266  00001e3c          	L9_LF2:
 1267  00001e3c  8fa20000	lw	r2,0(r29)
 1268  00001e40  8fa30004	lw	r3,4(r29)
 1269  00001e44  8fdffff8	lw	r31,-8(r30)
 1270  00001e48  001ee820	add	r29,r0,r30
 1271  00001e4c  8fdefffc	lw	r30,-4(r30)
 1272  00001e50  4be00000	jr	r31
 1273  00001e54  54000000	nop
 1274  00001e58          	.endproc _dstrcpy
 1275  00001e58          	.align 2
 1276  00001e58          	.proc _dstrncpy
 1277  00001e58          	.global _dstrncpy
 1278  00001e58          	_dstrncpy:
 1279                      ;  Function 'dstrncpy'; 8 bytes of locals, 2 regs to save.
 1280  00001e58  afbefffc	sw	-4(r29),r30; push fp
 1281  00001e5c  001df020	add	r30,r0,r29; fp = sp
 1282  00001e60  afbffff8	sw	-8(r29),r31; push ret addr
 1283  00001e64  2fbd0018	subui	r29,r29,#24; alloc local storage
 1284  00001e68  afa20000	sw	0(r29),r2
 1285  00001e6c  afa30004	sw	4(r29),r3
 1286  00001e70  8fc10000	lw	r1,(r30)
 1287  00001e74  afc1fff4	sw	-12(r30),r1
 1288  00001e78          	L15_LF2:
 1289  00001e78  8fc10008	lw	r1,8(r30)
 1290  00001e7c  2022ffff	addi	r2,r1,#-1
 1291  00001e80  afc20008	sw	8(r30),r2
 1292  00001e84  70210000	slei	r1,r1,#0
 1293  00001e88  1020000c	beqz	r1,L18_LF2
 1294  00001e8c  54000000	nop; delay slot nop
 1295  00001e90  08000048	j	L16_LF2
 1296  00001e94  54000000	nop; delay slot nop
 1297  00001e98          	L18_LF2:
 1298  00001e98  8fc10000	lw	r1,(r30)
 1299  00001e9c  20220001	addi	r2,r1,#1
 1300  00001ea0  afc20000	sw	(r30),r2
 1301  00001ea4  8fc20004	lw	r2,4(r30)
 1302  00001ea8  20430001	addi	r3,r2,#1
 1303  00001eac  afc30004	sw	4(r30),r3
 1304  00001eb0  80420000	lb	r2,(r2)
 1305  00001eb4  a0220000	sb	(r1),r2
 1306  00001eb8  a3c2fff3	sb	-13(r30),r2
 1307  00001ebc          	L17_LF2:
 1308  00001ebc  93c1fff3	lbu	r1,-13(r30)
 1309  00001ec0  64220000	snei	r2,r1,#0
 1310  00001ec4  1440000c	bnez	r2,L19_LF2
 1311  00001ec8  54000000	nop; delay slot nop
 1312  00001ecc  0800000c	j	L16_LF2
 1313  00001ed0  54000000	nop; delay slot nop
 1314  00001ed4          	L19_LF2:
 1315  00001ed4  0bffffa0	j	L15_LF2
 1316  00001ed8  54000000	nop; delay slot nop
 1317  00001edc          	L16_LF2:
 1318  00001edc  8fc1fff4	lw	r1,-12(r30)
 1319  00001ee0  08000004	j	L14_LF2
 1320  00001ee4  54000000	nop; delay slot nop
 1321  00001ee8          	L14_LF2:
 1322  00001ee8  8fa20000	lw	r2,0(r29)
 1323  00001eec  8fa30004	lw	r3,4(r29)
 1324  00001ef0  8fdffff8	lw	r31,-8(r30)
 1325  00001ef4  001ee820	add	r29,r0,r30
 1326  00001ef8  8fdefffc	lw	r30,-4(r30)
 1327  00001efc  4be00000	jr	r31
 1328  00001f00  54000000	nop
 1329  00001f04          	.endproc _dstrncpy
 1330  00001f04          	.align 2
 1331  00001f04          	.proc _dstrcat
 1332  00001f04          	.global _dstrcat
 1333  00001f04          	_dstrcat:
 1334                      ;  Function 'dstrcat'; 8 bytes of locals, 1 regs to save.
 1335  00001f04  afbefffc	sw	-4(r29),r30; push fp
 1336  00001f08  001df020	add	r30,r0,r29; fp = sp
 1337  00001f0c  afbffff8	sw	-8(r29),r31; push ret addr
 1338  00001f10  2fbd0018	subui	r29,r29,#24; alloc local storage
 1339  00001f14  afa20000	sw	0(r29),r2
 1340  00001f18  8fc10000	lw	r1,(r30)
 1341  00001f1c  afc1fff4	sw	-12(r30),r1
 1342  00001f20          	L21_LF2:
 1343  00001f20  8fc10000	lw	r1,(r30)
 1344  00001f24  90220000	lbu	r2,(r1)
 1345  00001f28  64410000	snei	r1,r2,#0
 1346  00001f2c  1420000c	bnez	r1,L23_LF2
 1347  00001f30  54000000	nop; delay slot nop
 1348  00001f34  0800001c	j	L22_LF2
 1349  00001f38  54000000	nop; delay slot nop
 1350  00001f3c          	L23_LF2:
 1351  00001f3c  8fc20000	lw	r2,(r30)
 1352  00001f40  20410001	addi	r1,r2,#1
 1353  00001f44  00011020	add	r2,r0,r1
 1354  00001f48  afc20000	sw	(r30),r2
 1355  00001f4c  0bffffd0	j	L21_LF2
 1356  00001f50  54000000	nop; delay slot nop
 1357  00001f54          	L22_LF2:
 1358  00001f54  23bdfff8	addi	r29,r29,#-8
 1359  00001f58  001d0820	add	r1,r0,r29
 1360  00001f5c  8fc20000	lw	r2,(r30)
 1361  00001f60  ac220000	sw	(r1),r2
 1362  00001f64  8fc20004	lw	r2,4(r30)
 1363  00001f68  ac220004	sw	4(r1),r2
 1364  00001f6c  0ffffe5c	jal	_dstrcpy
 1365  00001f70  54000000	nop; delay slot nop
 1366  00001f74  23bd0008	addi	r29,r29,#8
 1367  00001f78  8fc1fff4	lw	r1,-12(r30)
 1368  00001f7c  08000004	j	L20_LF2
 1369  00001f80  54000000	nop; delay slot nop
 1370  00001f84          	L20_LF2:
 1371  00001f84  8fa20000	lw	r2,0(r29)
 1372  00001f88  8fdffff8	lw	r31,-8(r30)
 1373  00001f8c  001ee820	add	r29,r0,r30
 1374  00001f90  8fdefffc	lw	r30,-4(r30)
 1375  00001f94  4be00000	jr	r31
 1376  00001f98  54000000	nop
 1377  00001f9c          	.endproc _dstrcat
 1378  00001f9c          	.align 2
 1379  00001f9c          	.proc _dstrncmp
 1380  00001f9c          	.global _dstrncmp
 1381  00001f9c          	_dstrncmp:
 1382                      ;  Function 'dstrncmp'; 8 bytes of locals, 2 regs to save.
 1383  00001f9c  afbefffc	sw	-4(r29),r30; push fp
 1384  00001fa0  001df020	add	r30,r0,r29; fp = sp
 1385  00001fa4  afbffff8	sw	-8(r29),r31; push ret addr
 1386  00001fa8  2fbd0018	subui	r29,r29,#24; alloc local storage
 1387  00001fac  afa20000	sw	0(r29),r2
 1388  00001fb0  afa30004	sw	4(r29),r3
 1389  00001fb4  54000000	nop
 1390  00001fb8  20010000	addi	r1,r0,#0
 1391  00001fbc  afc1fff4	sw	-12(r30),r1
 1392  00001fc0          	L25_LF2:
 1393  00001fc0  8fc1fff4	lw	r1,-12(r30)
 1394  00001fc4  8fc20008	lw	r2,8(r30)
 1395  00001fc8  0022082a	slt	r1,r1,r2
 1396  00001fcc  1420000c	bnez	r1,L28_LF2
 1397  00001fd0  54000000	nop; delay slot nop
 1398  00001fd4  08000088	j	L26_LF2
 1399  00001fd8  54000000	nop; delay slot nop
 1400  00001fdc          	L28_LF2:
 1401  00001fdc  8fc10004	lw	r1,4(r30)
 1402  00001fe0  90220000	lbu	r2,(r1)
 1403  00001fe4  64410000	snei	r1,r2,#0
 1404  00001fe8  14200018	bnez	r1,L29_LF2
 1405  00001fec  54000000	nop; delay slot nop
 1406  00001ff0  20010000	addi	r1,r0,#0
 1407  00001ff4  080000d8	j	L24_LF2
 1408  00001ff8  54000000	nop; delay slot nop
 1409  00001ffc  08000028	j	L30_LF2
 1410  00002000  54000000	nop; delay slot nop
 1411  00002004          	L29_LF2:
 1412  00002004  8fc10000	lw	r1,(r30)
 1413  00002008  8fc20004	lw	r2,4(r30)
 1414  0000200c  90210000	lbu	r1,(r1)
 1415  00002010  90420000	lbu	r2,(r2)
 1416  00002014  00220829	sne	r1,r1,r2
 1417  00002018  1020000c	beqz	r1,L30_LF2
 1418  0000201c  54000000	nop; delay slot nop
 1419  00002020  0800003c	j	L26_LF2
 1420  00002024  54000000	nop; delay slot nop
 1421  00002028          	L31_LF2:
 1422  00002028          	L30_LF2:
 1423  00002028  8fc20000	lw	r2,(r30)
 1424  0000202c  20410001	addi	r1,r2,#1
 1425  00002030  00011020	add	r2,r0,r1
 1426  00002034  afc20000	sw	(r30),r2
 1427  00002038  8fc20004	lw	r2,4(r30)
 1428  0000203c  20410001	addi	r1,r2,#1
 1429  00002040  00011020	add	r2,r0,r1
 1430  00002044  afc20004	sw	4(r30),r2
 1431  00002048          	L27_LF2:
 1432  00002048  8fc2fff4	lw	r2,-12(r30)
 1433  0000204c  20410001	addi	r1,r2,#1
 1434  00002050  00011020	add	r2,r0,r1
 1435  00002054  afc2fff4	sw	-12(r30),r2
 1436  00002058  0bffff64	j	L25_LF2
 1437  0000205c  54000000	nop; delay slot nop
 1438  00002060          	L26_LF2:
 1439  00002060  8fc1fff4	lw	r1,-12(r30)
 1440  00002064  8fc20008	lw	r2,8(r30)
 1441  00002068  00220828	seq	r1,r1,r2
 1442  0000206c  10200018	beqz	r1,L32_LF2
 1443  00002070  54000000	nop; delay slot nop
 1444  00002074  20010000	addi	r1,r0,#0
 1445  00002078  08000054	j	L24_LF2
 1446  0000207c  54000000	nop; delay slot nop
 1447  00002080  0800004c	j	L33_LF2
 1448  00002084  54000000	nop; delay slot nop
 1449  00002088          	L32_LF2:
 1450  00002088  8fc20000	lw	r2,(r30)
 1451  0000208c  90410000	lbu	r1,(r2)
 1452  00002090  8fc20004	lw	r2,4(r30)
 1453  00002094  90430000	lbu	r3,(r2)
 1454  00002098  00230822	sub	r1,r1,r3
 1455  0000209c  74220000	sgei	r2,r1,#0
 1456  000020a0  10400020	beqz	r2,L34_LF2
 1457  000020a4  54000000	nop; delay slot nop
 1458  000020a8  8fc10000	lw	r1,(r30)
 1459  000020ac  8fc20004	lw	r2,4(r30)
 1460  000020b0  90210000	lbu	r1,(r1)
 1461  000020b4  90420000	lbu	r2,(r2)
 1462  000020b8  00220829	sne	r1,r1,r2
 1463  000020bc  08000008	j	L35_LF2
 1464  000020c0  54000000	nop; delay slot nop
 1465  000020c4          	L34_LF2:
 1466  000020c4  2001ffff	addi	r1,r0,#-1
 1467  000020c8          	L35_LF2:
 1468  000020c8  08000004	j	L24_LF2
 1469  000020cc  54000000	nop; delay slot nop
 1470  000020d0          	L33_LF2:
 1471  000020d0          	L24_LF2:
 1472  000020d0  8fa20000	lw	r2,0(r29)
 1473  000020d4  8fa30004	lw	r3,4(r29)
 1474  000020d8  8fdffff8	lw	r31,-8(r30)
 1475  000020dc  001ee820	add	r29,r0,r30
 1476  000020e0  8fdefffc	lw	r30,-4(r30)
 1477  000020e4  4be00000	jr	r31
 1478  000020e8  54000000	nop
 1479  000020ec          	.endproc _dstrncmp
 1480  000020ec          	.align 2
 1481  000020ec          	.proc _dstrlen
 1482  000020ec          	.global _dstrlen
 1483  000020ec          	_dstrlen:
 1484                      ;  Function 'dstrlen'; 8 bytes of locals, 1 regs to save.
 1485  000020ec  afbefffc	sw	-4(r29),r30; push fp
 1486  000020f0  001df020	add	r30,r0,r29; fp = sp
 1487  000020f4  afbffff8	sw	-8(r29),r31; push ret addr
 1488  000020f8  2fbd0018	subui	r29,r29,#24; alloc local storage
 1489  000020fc  afa20000	sw	0(r29),r2
 1490  00002100  20010000	addi	r1,r0,#0
 1491  00002104  afc1fff4	sw	-12(r30),r1
 1492  00002108          	L37_LF2:
 1493  00002108  8fc10000	lw	r1,(r30)
 1494  0000210c  20220001	addi	r2,r1,#1
 1495  00002110  afc20000	sw	(r30),r2
 1496  00002114  90210000	lbu	r1,(r1)
 1497  00002118  64220000	snei	r2,r1,#0
 1498  0000211c  1440000c	bnez	r2,L39_LF2
 1499  00002120  54000000	nop; delay slot nop
 1500  00002124  0800001c	j	L38_LF2
 1501  00002128  54000000	nop; delay slot nop
 1502  0000212c          	L39_LF2:
 1503  0000212c  8fc2fff4	lw	r2,-12(r30)
 1504  00002130  20410001	addi	r1,r2,#1
 1505  00002134  00011020	add	r2,r0,r1
 1506  00002138  afc2fff4	sw	-12(r30),r2
 1507  0000213c  0bffffc8	j	L37_LF2
 1508  00002140  54000000	nop; delay slot nop
 1509  00002144          	L38_LF2:
 1510  00002144  8fc1fff4	lw	r1,-12(r30)
 1511  00002148  08000004	j	L36_LF2
 1512  0000214c  54000000	nop; delay slot nop
 1513  00002150          	L36_LF2:
 1514  00002150  8fa20000	lw	r2,0(r29)
 1515  00002154  8fdffff8	lw	r31,-8(r30)
 1516  00002158  001ee820	add	r29,r0,r30
 1517  0000215c  8fdefffc	lw	r30,-4(r30)
 1518  00002160  4be00000	jr	r31
 1519  00002164  54000000	nop
 1520  00002168          	.endproc _dstrlen
 1521  00002168          	.align 2
 1522  00002168          	.proc _dstrstr
 1523  00002168          	.global _dstrstr
 1524  00002168          	_dstrstr:
 1525                      ;  Function 'dstrstr'; 8 bytes of locals, 1 regs to save.
 1526  00002168  afbefffc	sw	-4(r29),r30; push fp
 1527  0000216c  001df020	add	r30,r0,r29; fp = sp
 1528  00002170  afbffff8	sw	-8(r29),r31; push ret addr
 1529  00002174  2fbd0018	subui	r29,r29,#24; alloc local storage
 1530  00002178  afa20000	sw	0(r29),r2
 1531  0000217c  23bdfff8	addi	r29,r29,#-8
 1532  00002180  001d0820	add	r1,r0,r29
 1533  00002184  8fc20004	lw	r2,4(r30)
 1534  00002188  ac220000	sw	(r1),r2
 1535  0000218c  0fffff5c	jal	_dstrlen
 1536  00002190  54000000	nop; delay slot nop
 1537  00002194  23bd0008	addi	r29,r29,#8
 1538  00002198  afc1fff4	sw	-12(r30),r1
 1539  0000219c          	L41_LF2:
 1540  0000219c  8fc10000	lw	r1,(r30)
 1541  000021a0  90220000	lbu	r2,(r1)
 1542  000021a4  64410000	snei	r1,r2,#0
 1543  000021a8  1420000c	bnez	r1,L43_LF2
 1544  000021ac  54000000	nop; delay slot nop
 1545  000021b0  08000060	j	L42_LF2
 1546  000021b4  54000000	nop; delay slot nop
 1547  000021b8          	L43_LF2:
 1548  000021b8  23bdfff0	addi	r29,r29,#-16
 1549  000021bc  001d0820	add	r1,r0,r29
 1550  000021c0  8fc20000	lw	r2,(r30)
 1551  000021c4  ac220000	sw	(r1),r2
 1552  000021c8  8fc20004	lw	r2,4(r30)
 1553  000021cc  ac220004	sw	4(r1),r2
 1554  000021d0  8fc2fff4	lw	r2,-12(r30)
 1555  000021d4  ac220008	sw	8(r1),r2
 1556  000021d8  0ffffdc0	jal	_dstrncmp
 1557  000021dc  54000000	nop; delay slot nop
 1558  000021e0  23bd0010	addi	r29,r29,#16
 1559  000021e4  64220000	snei	r2,r1,#0
 1560  000021e8  14400010	bnez	r2,L44_LF2
 1561  000021ec  54000000	nop; delay slot nop
 1562  000021f0  8fc10000	lw	r1,(r30)
 1563  000021f4  08000028	j	L40_LF2
 1564  000021f8  54000000	nop; delay slot nop
 1565  000021fc          	L44_LF2:
 1566  000021fc  8fc20000	lw	r2,(r30)
 1567  00002200  20410001	addi	r1,r2,#1
 1568  00002204  00011020	add	r2,r0,r1
 1569  00002208  afc20000	sw	(r30),r2
 1570  0000220c  0bffff8c	j	L41_LF2
 1571  00002210  54000000	nop; delay slot nop
 1572  00002214          	L42_LF2:
 1573  00002214  20010000	addi	r1,r0,#0
 1574  00002218  08000004	j	L40_LF2
 1575  0000221c  54000000	nop; delay slot nop
 1576  00002220          	L40_LF2:
 1577  00002220  8fa20000	lw	r2,0(r29)
 1578  00002224  8fdffff8	lw	r31,-8(r30)
 1579  00002228  001ee820	add	r29,r0,r30
 1580  0000222c  8fdefffc	lw	r30,-4(r30)
 1581  00002230  4be00000	jr	r31
 1582  00002234  54000000	nop
 1583  00002238          	.endproc _dstrstr
 1584  00002238          	.align 2
 1585  00002238          	.proc _dmindex
 1586  00002238          	.global _dmindex
 1587  00002238          	_dmindex:
 1588                      ;  Function 'dmindex'; 8 bytes of locals, 1 regs to save.
 1589  00002238  afbefffc	sw	-4(r29),r30; push fp
 1590  0000223c  001df020	add	r30,r0,r29; fp = sp
 1591  00002240  afbffff8	sw	-8(r29),r31; push ret addr
 1592  00002244  2fbd0018	subui	r29,r29,#24; alloc local storage
 1593  00002248  afa20000	sw	0(r29),r2
 1594  0000224c  54000000	nop
 1595  00002250          	L46_LF2:
 1596  00002250  8fc10000	lw	r1,(r30)
 1597  00002254  90220000	lbu	r2,(r1)
 1598  00002258  64410000	snei	r1,r2,#0
 1599  0000225c  1420000c	bnez	r1,L48_LF2
 1600  00002260  54000000	nop; delay slot nop
 1601  00002264  08000070	j	L47_LF2
 1602  00002268  54000000	nop; delay slot nop
 1603  0000226c          	L48_LF2:
 1604  0000226c  8fc10004	lw	r1,4(r30)
 1605  00002270  afc1fff4	sw	-12(r30),r1
 1606  00002274          	L49_LF2:
 1607  00002274  8fc1fff4	lw	r1,-12(r30)
 1608  00002278  90220000	lbu	r2,(r1)
 1609  0000227c  64410000	snei	r1,r2,#0
 1610  00002280  1420000c	bnez	r1,L52_LF2
 1611  00002284  54000000	nop; delay slot nop
 1612  00002288  08000044	j	L50_LF2
 1613  0000228c  54000000	nop; delay slot nop
 1614  00002290          	L52_LF2:
 1615  00002290  8fc10000	lw	r1,(r30)
 1616  00002294  8fc2fff4	lw	r2,-12(r30)
 1617  00002298  90210000	lbu	r1,(r1)
 1618  0000229c  90420000	lbu	r2,(r2)
 1619  000022a0  00220828	seq	r1,r1,r2
 1620  000022a4  10200010	beqz	r1,L51_LF2
 1621  000022a8  54000000	nop; delay slot nop
 1622  000022ac  8fc10000	lw	r1,(r30)
 1623  000022b0  08000030	j	L45_LF2
 1624  000022b4  54000000	nop; delay slot nop
 1625  000022b8          	L53_LF2:
 1626  000022b8          	L51_LF2:
 1627  000022b8  8fc2fff4	lw	r2,-12(r30)
 1628  000022bc  20410001	addi	r1,r2,#1
 1629  000022c0  00011020	add	r2,r0,r1
 1630  000022c4  afc2fff4	sw	-12(r30),r2
 1631  000022c8  0bffffa8	j	L49_LF2
 1632  000022cc  54000000	nop; delay slot nop
 1633  000022d0          	L50_LF2:
 1634  000022d0  0bffff7c	j	L46_LF2
 1635  000022d4  54000000	nop; delay slot nop
 1636  000022d8          	L47_LF2:
 1637  000022d8  20010000	addi	r1,r0,#0
 1638  000022dc  08000004	j	L45_LF2
 1639  000022e0  54000000	nop; delay slot nop
 1640  000022e4          	L45_LF2:
 1641  000022e4  8fa20000	lw	r2,0(r29)
 1642  000022e8  8fdffff8	lw	r31,-8(r30)
 1643  000022ec  001ee820	add	r29,r0,r30
 1644  000022f0  8fdefffc	lw	r30,-4(r30)
 1645  000022f4  4be00000	jr	r31
 1646  000022f8  54000000	nop
 1647  000022fc          	.endproc _dmindex
 1648  000022fc          	.align 2
 1649  000022fc          	.proc _dindex
 1650  000022fc          	.global _dindex
 1651  000022fc          	_dindex:
 1652                      ;  Function 'dindex'; 0 bytes of locals, 1 regs to save.
 1653  000022fc  afbefffc	sw	-4(r29),r30; push fp
 1654  00002300  001df020	add	r30,r0,r29; fp = sp
 1655  00002304  afbffff8	sw	-8(r29),r31; push ret addr
 1656  00002308  2fbd0010	subui	r29,r29,#16; alloc local storage
 1657  0000230c  afa20000	sw	0(r29),r2
 1658  00002310  54000000	nop
 1659  00002314          	L55_LF2:
 1660  00002314  8fc10000	lw	r1,(r30)
 1661  00002318  90220000	lbu	r2,(r1)
 1662  0000231c  64410000	snei	r1,r2,#0
 1663  00002320  1420000c	bnez	r1,L57_LF2
 1664  00002324  54000000	nop; delay slot nop
 1665  00002328  08000040	j	L56_LF2
 1666  0000232c  54000000	nop; delay slot nop
 1667  00002330          	L57_LF2:
 1668  00002330  8fc10000	lw	r1,(r30)
 1669  00002334  90220000	lbu	r2,(r1)
 1670  00002338  8fc10004	lw	r1,4(r30)
 1671  0000233c  00411028	seq	r2,r2,r1
 1672  00002340  10400010	beqz	r2,L58_LF2
 1673  00002344  54000000	nop; delay slot nop
 1674  00002348  8fc10000	lw	r1,(r30)
 1675  0000234c  08000028	j	L54_LF2
 1676  00002350  54000000	nop; delay slot nop
 1677  00002354          	L58_LF2:
 1678  00002354  8fc20000	lw	r2,(r30)
 1679  00002358  20410001	addi	r1,r2,#1
 1680  0000235c  00011020	add	r2,r0,r1
 1681  00002360  afc20000	sw	(r30),r2
 1682  00002364  0bffffac	j	L55_LF2
 1683  00002368  54000000	nop; delay slot nop
 1684  0000236c          	L56_LF2:
 1685  0000236c  20010000	addi	r1,r0,#0
 1686  00002370  08000004	j	L54_LF2
 1687  00002374  54000000	nop; delay slot nop
 1688  00002378          	L54_LF2:
 1689  00002378  8fa20000	lw	r2,0(r29)
 1690  0000237c  8fdffff8	lw	r31,-8(r30)
 1691  00002380  001ee820	add	r29,r0,r30
 1692  00002384  8fdefffc	lw	r30,-4(r30)
 1693  00002388  4be00000	jr	r31
 1694  0000238c  54000000	nop
 1695  00002390          	.endproc _dindex
 1696  00002390          	.align 2
 1697  00002390          	.proc _ditoa
 1698  00002390          	.global _ditoa
 1699  00002390          	_ditoa:
 1700                      ;  Function 'ditoa'; 8 bytes of locals, 2 regs to save.
 1701  00002390  afbefffc	sw	-4(r29),r30; push fp
 1702  00002394  001df020	add	r30,r0,r29; fp = sp
 1703  00002398  afbffff8	sw	-8(r29),r31; push ret addr
 1704  0000239c  2fbd0018	subui	r29,r29,#24; alloc local storage
 1705  000023a0  afa20000	sw	0(r29),r2
 1706  000023a4  afa30004	sw	4(r29),r3
 1707  000023a8  8fc10000	lw	r1,(r30)
 1708  000023ac  68220000	slti	r2,r1,#0
 1709  000023b0  1040002c	beqz	r2,L60_LF2
 1710  000023b4  54000000	nop; delay slot nop
 1711  000023b8  8fc10004	lw	r1,4(r30)
 1712  000023bc  20220001	addi	r2,r1,#1
 1713  000023c0  afc20004	sw	4(r30),r2
 1714  000023c4  2002002d	addi	r2,r0,(#0x2d)&0xff
 1715  000023c8  a0220000	sb	(r1),r2
 1716  000023cc  8fc10000	lw	r1,(r30)
 1717  000023d0  00011022	sub	r2,r0,r1
 1718  000023d4  afc20000	sw	(r30),r2
 1719  000023d8  08000118	j	L61_LF2
 1720  000023dc  54000000	nop; delay slot nop
 1721  000023e0          	L60_LF2:
 1722  000023e0  8fc10000	lw	r1,(r30)
 1723  000023e4  64220000	snei	r2,r1,#0
 1724  000023e8  14400020	bnez	r2,L62_LF2
 1725  000023ec  54000000	nop; delay slot nop
 1726  000023f0  8fc10004	lw	r1,4(r30)
 1727  000023f4  20220001	addi	r2,r1,#1
 1728  000023f8  afc20004	sw	4(r30),r2
 1729  000023fc  20020030	addi	r2,r0,(#0x30)&0xff
 1730  00002400  a0220000	sb	(r1),r2
 1731  00002404  080000ec	j	L61_LF2
 1732  00002408  54000000	nop; delay slot nop
 1733  0000240c          	L62_LF2:
 1734  0000240c  20010001	addi	r1,r0,#1
 1735  00002410  afc1fff4	sw	-12(r30),r1
 1736  00002414          	L64_LF2:
 1737  00002414  8fc1fff4	lw	r1,-12(r30)
 1738  00002418  8fc20000	lw	r2,(r30)
 1739  0000241c  0022082c	sle	r1,r1,r2
 1740  00002420  1420000c	bnez	r1,L66_LF2
 1741  00002424  54000000	nop; delay slot nop
 1742  00002428  08000024	j	L65_LF2
 1743  0000242c  54000000	nop; delay slot nop
 1744  00002430          	L67_LF2:
 1745  00002430          	L66_LF2:
 1746  00002430  8fc1fff4	lw	r1,-12(r30)
 1747  00002434  00011820	add	r3,r0,r1
 1748  00002438  50620002	slli	r2,r3,#0x2
 1749  0000243c  00411020	add	r2,r2,r1
 1750  00002440  50410001	slli	r1,r2,#0x1
 1751  00002444  afc1fff4	sw	-12(r30),r1
 1752  00002448  0bffffc8	j	L64_LF2
 1753  0000244c  54000000	nop; delay slot nop
 1754  00002450          	L65_LF2:
 1755  00002450  54000000	nop
 1756  00002454          	L68_LF2:
 1757  00002454  8fc1fff4	lw	r1,-12(r30)
 1758  00002458  2002000a	addi	r2,r0,#10
 1759  0000245c  00200035	movi2fp	f0,r1
 1760  00002460  00400835	movi2fp	f1,r2
 1761  00002464  0401000f	div	f0,f0,f1
 1762  00002468  00000834	movfp2i	r1,f0
 1763  0000246c  afc1fff4	sw	-12(r30),r1
 1764  00002470  8fc10004	lw	r1,4(r30)
 1765  00002474  20220001	addi	r2,r1,#1
 1766  00002478  afc20004	sw	4(r30),r2
 1767  0000247c  8fc20000	lw	r2,(r30)
 1768  00002480  8fc3fff4	lw	r3,-12(r30)
 1769  00002484  00400035	movi2fp	f0,r2
 1770  00002488  00600835	movi2fp	f1,r3
 1771  0000248c  0401000f	div	f0,f0,f1
 1772  00002490  00001034	movfp2i	r2,f0
 1773  00002494  00021820	add	r3,r0,r2
 1774  00002498  20620030	addi	r2,r3,#48
 1775  0000249c  a0220000	sb	(r1),r2
 1776  000024a0  8fc10000	lw	r1,(r30)
 1777  000024a4  8fc3fff4	lw	r3,-12(r30)
 1778  000024a8  00200035	movi2fp	f0,r1
 1779  000024ac  00600835	movi2fp	f1,r3
 1780  000024b0  0401000f	div	f0,f0,f1
 1781  000024b4  00001034	movfp2i	r2,f0
 1782  000024b8  8fc3fff4	lw	r3,-12(r30)
 1783  000024bc  00400035	movi2fp	f0,r2
 1784  000024c0  00600835	movi2fp	f1,r3
 1785  000024c4  0401000e	mult	f0,f0,f1
 1786  000024c8  00001034	movfp2i	r2,f0
 1787  000024cc  00220822	sub	r1,r1,r2
 1788  000024d0  afc10000	sw	(r30),r1
 1789  000024d4          	L70_LF2:
 1790  000024d4  8fc1fff4	lw	r1,-12(r30)
 1791  000024d8  6c220001	sgti	r2,r1,#1
 1792  000024dc  1440000c	bnez	r2,L71_LF2
 1793  000024e0  54000000	nop; delay slot nop
 1794  000024e4  0800000c	j	L61_LF2
 1795  000024e8  54000000	nop; delay slot nop
 1796  000024ec          	L71_LF2:
 1797  000024ec  0bffff64	j	L68_LF2
 1798  000024f0  54000000	nop; delay slot nop
 1799  000024f4          	L69_LF2:
 1800  000024f4          	L63_LF2:
 1801  000024f4          	L61_LF2:
 1802  000024f4  8fc10004	lw	r1,4(r30)
 1803  000024f8  20020000	addi	r2,r0,(#0x0)&0xff
 1804  000024fc  a0220000	sb	(r1),r2
 1805  00002500          	L59_LF2:
 1806  00002500  8fa20000	lw	r2,0(r29)
 1807  00002504  8fa30004	lw	r3,4(r29)
 1808  00002508  8fdffff8	lw	r31,-8(r30)
 1809  0000250c  001ee820	add	r29,r0,r30
 1810  00002510  8fdefffc	lw	r30,-4(r30)
 1811  00002514  4be00000	jr	r31
 1812  00002518  54000000	nop
 1813  0000251c          	.endproc _ditoa
 1814  0000251c          	.align 2
 1815  0000251c          	.proc _dstrtol
 1816  0000251c          	.global _dstrtol
 1817  0000251c          	_dstrtol:
 1818                      ;  Function 'dstrtol'; 16 bytes of locals, 1 regs to save.
 1819  0000251c  afbefffc	sw	-4(r29),r30; push fp
 1820  00002520  001df020	add	r30,r0,r29; fp = sp
 1821  00002524  afbffff8	sw	-8(r29),r31; push ret addr
 1822  00002528  2fbd0020	subui	r29,r29,#32; alloc local storage
 1823  0000252c  afa20000	sw	0(r29),r2
 1824  00002530  20010000	addi	r1,r0,#0
 1825  00002534  afc1fff4	sw	-12(r30),r1
 1826  00002538          	L73_LF2:
 1827  00002538  8fc10000	lw	r1,(r30)
 1828  0000253c  90220000	lbu	r2,(r1)
 1829  00002540  60410020	seqi	r1,r2,#32
 1830  00002544  14200034	bnez	r1,L75_LF2
 1831  00002548  54000000	nop; delay slot nop
 1832  0000254c  8fc10000	lw	r1,(r30)
 1833  00002550  90220000	lbu	r2,(r1)
 1834  00002554  60410009	seqi	r1,r2,#9
 1835  00002558  14200020	bnez	r1,L75_LF2
 1836  0000255c  54000000	nop; delay slot nop
 1837  00002560  8fc10000	lw	r1,(r30)
 1838  00002564  90220000	lbu	r2,(r1)
 1839  00002568  6041000a	seqi	r1,r2,#10
 1840  0000256c  1420000c	bnez	r1,L75_LF2
 1841  00002570  54000000	nop; delay slot nop
 1842  00002574  0800001c	j	L74_LF2
 1843  00002578  54000000	nop; delay slot nop
 1844  0000257c          	L75_LF2:
 1845  0000257c  8fc20000	lw	r2,(r30)
 1846  00002580  20410001	addi	r1,r2,#1
 1847  00002584  00011020	add	r2,r0,r1
 1848  00002588  afc20000	sw	(r30),r2
 1849  0000258c  0bffffa8	j	L73_LF2
 1850  00002590  54000000	nop; delay slot nop
 1851  00002594          	L74_LF2:
 1852  00002594  8fc10004	lw	r1,4(r30)
 1853  00002598  64220000	snei	r2,r1,#0
 1854  0000259c  10400010	beqz	r2,L76_LF2
 1855  000025a0  54000000	nop; delay slot nop
 1856  000025a4  8fc10004	lw	r1,4(r30)
 1857  000025a8  8fc20000	lw	r2,(r30)
 1858  000025ac  ac220000	sw	(r1),r2
 1859  000025b0          	L76_LF2:
 1860  000025b0  8fc10000	lw	r1,(r30)
 1861  000025b4  90220000	lbu	r2,(r1)
 1862  000025b8  64410000	snei	r1,r2,#0
 1863  000025bc  14200010	bnez	r1,L77_LF2
 1864  000025c0  54000000	nop; delay slot nop
 1865  000025c4  8fc1fff4	lw	r1,-12(r30)
 1866  000025c8  08000294	j	L72_LF2
 1867  000025cc  54000000	nop; delay slot nop
 1868  000025d0          	L77_LF2:
 1869  000025d0  8fc10000	lw	r1,(r30)
 1870  000025d4  90220000	lbu	r2,(r1)
 1871  000025d8  6041002d	seqi	r1,r2,#45
 1872  000025dc  10200024	beqz	r1,L78_LF2
 1873  000025e0  54000000	nop; delay slot nop
 1874  000025e4  2001ffff	addi	r1,r0,#-1
 1875  000025e8  afc1ffec	sw	-20(r30),r1
 1876  000025ec  8fc20000	lw	r2,(r30)
 1877  000025f0  20410001	addi	r1,r2,#1
 1878  000025f4  00011020	add	r2,r0,r1
 1879  000025f8  afc20000	sw	(r30),r2
 1880  000025fc  0800000c	j	L79_LF2
 1881  00002600  54000000	nop; delay slot nop
 1882  00002604          	L78_LF2:
 1883  00002604  20010001	addi	r1,r0,#1
 1884  00002608  afc1ffec	sw	-20(r30),r1
 1885  0000260c          	L79_LF2:
 1886  0000260c  8fc10008	lw	r1,8(r30)
 1887  00002610  64220000	snei	r2,r1,#0
 1888  00002614  14400090	bnez	r2,L80_LF2
 1889  00002618  54000000	nop; delay slot nop
 1890  0000261c  8fc10000	lw	r1,(r30)
 1891  00002620  90220000	lbu	r2,(r1)
 1892  00002624  60410030	seqi	r1,r2,#48
 1893  00002628  10200074	beqz	r1,L81_LF2
 1894  0000262c  54000000	nop; delay slot nop
 1895  00002630  8fc20000	lw	r2,(r30)
 1896  00002634  20410001	addi	r1,r2,#1
 1897  00002638  00011020	add	r2,r0,r1
 1898  0000263c  afc20000	sw	(r30),r2
 1899  00002640  8fc10000	lw	r1,(r30)
 1900  00002644  90220000	lbu	r2,(r1)
 1901  00002648  60410078	seqi	r1,r2,#120
 1902  0000264c  14200020	bnez	r1,L83_LF2
 1903  00002650  54000000	nop; delay slot nop
 1904  00002654  8fc10000	lw	r1,(r30)
 1905  00002658  90220000	lbu	r2,(r1)
 1906  0000265c  60410058	seqi	r1,r2,#88
 1907  00002660  1420000c	bnez	r1,L83_LF2
 1908  00002664  54000000	nop; delay slot nop
 1909  00002668  08000024	j	L82_LF2
 1910  0000266c  54000000	nop; delay slot nop
 1911  00002670          	L83_LF2:
 1912  00002670  20010010	addi	r1,r0,#16
 1913  00002674  afc10008	sw	8(r30),r1
 1914  00002678  8fc20000	lw	r2,(r30)
 1915  0000267c  20410001	addi	r1,r2,#1
 1916  00002680  00011020	add	r2,r0,r1
 1917  00002684  afc20000	sw	(r30),r2
 1918  00002688  0800000c	j	L84_LF2
 1919  0000268c  54000000	nop; delay slot nop
 1920  00002690          	L82_LF2:
 1921  00002690  20010008	addi	r1,r0,#8
 1922  00002694  afc10008	sw	8(r30),r1
 1923  00002698          	L84_LF2:
 1924  00002698  0800000c	j	L80_LF2
 1925  0000269c  54000000	nop; delay slot nop
 1926  000026a0          	L81_LF2:
 1927  000026a0  2001000a	addi	r1,r0,#10
 1928  000026a4  afc10008	sw	8(r30),r1
 1929  000026a8          	L85_LF2:
 1930  000026a8          	L80_LF2:
 1931  000026a8  8fc10008	lw	r1,8(r30)
 1932  000026ac  70220000	slei	r2,r1,#0
 1933  000026b0  1440001c	bnez	r2,L87_LF2
 1934  000026b4  54000000	nop; delay slot nop
 1935  000026b8  8fc10008	lw	r1,8(r30)
 1936  000026bc  6c220010	sgti	r2,r1,#16
 1937  000026c0  1440000c	bnez	r2,L87_LF2
 1938  000026c4  54000000	nop; delay slot nop
 1939  000026c8  08000010	j	L86_LF2
 1940  000026cc  54000000	nop; delay slot nop
 1941  000026d0          	L87_LF2:
 1942  000026d0  8fc1fff4	lw	r1,-12(r30)
 1943  000026d4  08000188	j	L72_LF2
 1944  000026d8  54000000	nop; delay slot nop
 1945  000026dc          	L86_LF2:
 1946  000026dc  54000000	nop
 1947  000026e0          	L88_LF2:
 1948  000026e0  8fc10000	lw	r1,(r30)
 1949  000026e4  90220000	lbu	r2,(r1)
 1950  000026e8  6c41002f	sgtui	r1,r2,#47
 1951  000026ec  10200030	beqz	r1,L91_LF2
 1952  000026f0  54000000	nop; delay slot nop
 1953  000026f4  8fc10000	lw	r1,(r30)
 1954  000026f8  90220000	lbu	r2,(r1)
 1955  000026fc  70410039	sleui	r1,r2,#57
 1956  00002700  1020001c	beqz	r1,L91_LF2
 1957  00002704  54000000	nop; delay slot nop
 1958  00002708  8fc10000	lw	r1,(r30)
 1959  0000270c  90220000	lbu	r2,(r1)
 1960  00002710  2041ffd0	addi	r1,r2,#-48
 1961  00002714  afc1fff0	sw	-16(r30),r1
 1962  00002718  0800008c	j	L92_LF2
 1963  0000271c  54000000	nop; delay slot nop
 1964  00002720          	L91_LF2:
 1965  00002720  8fc10000	lw	r1,(r30)
 1966  00002724  90220000	lbu	r2,(r1)
 1967  00002728  6c410060	sgtui	r1,r2,#96
 1968  0000272c  10200030	beqz	r1,L93_LF2
 1969  00002730  54000000	nop; delay slot nop
 1970  00002734  8fc10000	lw	r1,(r30)
 1971  00002738  90220000	lbu	r2,(r1)
 1972  0000273c  7041007a	sleui	r1,r2,#122
 1973  00002740  1020001c	beqz	r1,L93_LF2
 1974  00002744  54000000	nop; delay slot nop
 1975  00002748  8fc10000	lw	r1,(r30)
 1976  0000274c  90220000	lbu	r2,(r1)
 1977  00002750  2041ffa9	addi	r1,r2,#-87
 1978  00002754  afc1fff0	sw	-16(r30),r1
 1979  00002758  0800004c	j	L92_LF2
 1980  0000275c  54000000	nop; delay slot nop
 1981  00002760          	L93_LF2:
 1982  00002760  8fc10000	lw	r1,(r30)
 1983  00002764  90220000	lbu	r2,(r1)
 1984  00002768  6c410040	sgtui	r1,r2,#64
 1985  0000276c  10200030	beqz	r1,L95_LF2
 1986  00002770  54000000	nop; delay slot nop
 1987  00002774  8fc10000	lw	r1,(r30)
 1988  00002778  90220000	lbu	r2,(r1)
 1989  0000277c  7041005a	sleui	r1,r2,#90
 1990  00002780  1020001c	beqz	r1,L95_LF2
 1991  00002784  54000000	nop; delay slot nop
 1992  00002788  8fc10000	lw	r1,(r30)
 1993  0000278c  90220000	lbu	r2,(r1)
 1994  00002790  2041ffc9	addi	r1,r2,#-55
 1995  00002794  afc1fff0	sw	-16(r30),r1
 1996  00002798  0800000c	j	L92_LF2
 1997  0000279c  54000000	nop; delay slot nop
 1998  000027a0          	L95_LF2:
 1999  000027a0  200103e8	addi	r1,r0,#1000
 2000  000027a4  afc1fff0	sw	-16(r30),r1
 2001  000027a8          	L96_LF2:
 2002  000027a8          	L94_LF2:
 2003  000027a8          	L92_LF2:
 2004  000027a8  8fc1fff0	lw	r1,-16(r30)
 2005  000027ac  8fc20008	lw	r2,8(r30)
 2006  000027b0  0022082a	slt	r1,r1,r2
 2007  000027b4  10200040	beqz	r1,L90_LF2
 2008  000027b8  54000000	nop; delay slot nop
 2009  000027bc  8fc1fff4	lw	r1,-12(r30)
 2010  000027c0  8fc20008	lw	r2,8(r30)
 2011  000027c4  00200035	movi2fp	f0,r1
 2012  000027c8  00400835	movi2fp	f1,r2
 2013  000027cc  0401000e	mult	f0,f0,f1
 2014  000027d0  00000834	movfp2i	r1,f0
 2015  000027d4  afc1fff4	sw	-12(r30),r1
 2016  000027d8  8fc1fff4	lw	r1,-12(r30)
 2017  000027dc  8fc2fff0	lw	r2,-16(r30)
 2018  000027e0  00220820	add	r1,r1,r2
 2019  000027e4  afc1fff4	sw	-12(r30),r1
 2020  000027e8  8fc20000	lw	r2,(r30)
 2021  000027ec  20410001	addi	r1,r2,#1
 2022  000027f0  00011020	add	r2,r0,r1
 2023  000027f4  afc20000	sw	(r30),r2
 2024  000027f8          	L97_LF2:
 2025  000027f8          	L90_LF2:
 2026  000027f8  8fc1fff0	lw	r1,-16(r30)
 2027  000027fc  8fc20008	lw	r2,8(r30)
 2028  00002800  0022082a	slt	r1,r1,r2
 2029  00002804  1420000c	bnez	r1,L98_LF2
 2030  00002808  54000000	nop; delay slot nop
 2031  0000280c  0800000c	j	L89_LF2
 2032  00002810  54000000	nop; delay slot nop
 2033  00002814          	L98_LF2:
 2034  00002814  0bfffec8	j	L88_LF2
 2035  00002818  54000000	nop; delay slot nop
 2036  0000281c          	L89_LF2:
 2037  0000281c  8fc10004	lw	r1,4(r30)
 2038  00002820  64220000	snei	r2,r1,#0
 2039  00002824  10400010	beqz	r2,L99_LF2
 2040  00002828  54000000	nop; delay slot nop
 2041  0000282c  8fc10004	lw	r1,4(r30)
 2042  00002830  8fc20000	lw	r2,(r30)
 2043  00002834  ac220000	sw	(r1),r2
 2044  00002838          	L99_LF2:
 2045  00002838  8fc1fff4	lw	r1,-12(r30)
 2046  0000283c  8fc2ffec	lw	r2,-20(r30)
 2047  00002840  00200035	movi2fp	f0,r1
 2048  00002844  00400835	movi2fp	f1,r2
 2049  00002848  0401000e	mult	f0,f0,f1
 2050  0000284c  00000834	movfp2i	r1,f0
 2051  00002850  afc1fff4	sw	-12(r30),r1
 2052  00002854  8fc1fff4	lw	r1,-12(r30)
 2053  00002858  08000004	j	L72_LF2
 2054  0000285c  54000000	nop; delay slot nop
 2055  00002860          	L72_LF2:
 2056  00002860  8fa20000	lw	r2,0(r29)
 2057  00002864  8fdffff8	lw	r31,-8(r30)
 2058  00002868  001ee820	add	r29,r0,r30
 2059  0000286c  8fdefffc	lw	r30,-4(r30)
 2060  00002870  4be00000	jr	r31
 2061  00002874  54000000	nop
 2062  00002878          	.endproc _dstrtol
 2063  00002878          	.align 2
 2064  00002878          	.proc _bcopy
 2065  00002878          	.global _bcopy
 2066  00002878          	_bcopy:
 2067                      ;  Function 'bcopy'; 0 bytes of locals, 2 regs to save.
 2068  00002878  afbefffc	sw	-4(r29),r30; push fp
 2069  0000287c  001df020	add	r30,r0,r29; fp = sp
 2070  00002880  afbffff8	sw	-8(r29),r31; push ret addr
 2071  00002884  2fbd0010	subui	r29,r29,#16; alloc local storage
 2072  00002888  afa20000	sw	0(r29),r2
 2073  0000288c  afa30004	sw	4(r29),r3
 2074  00002890  54000000	nop
 2075  00002894          	L101_LF2:
 2076  00002894  8fc10008	lw	r1,8(r30)
 2077  00002898  2022ffff	addi	r2,r1,#-1
 2078  0000289c  afc20008	sw	8(r30),r2
 2079  000028a0  6c210000	sgti	r1,r1,#0
 2080  000028a4  1420000c	bnez	r1,L103_LF2
 2081  000028a8  54000000	nop; delay slot nop
 2082  000028ac  0800002c	j	L102_LF2
 2083  000028b0  54000000	nop; delay slot nop
 2084  000028b4          	L103_LF2:
 2085  000028b4  8fc10004	lw	r1,4(r30)
 2086  000028b8  20220001	addi	r2,r1,#1
 2087  000028bc  afc20004	sw	4(r30),r2
 2088  000028c0  8fc20000	lw	r2,(r30)
 2089  000028c4  20430001	addi	r3,r2,#1
 2090  000028c8  afc30000	sw	(r30),r3
 2091  000028cc  80420000	lb	r2,(r2)
 2092  000028d0  a0220000	sb	(r1),r2
 2093  000028d4  0bffffbc	j	L101_LF2
 2094  000028d8  54000000	nop; delay slot nop
 2095  000028dc          	L102_LF2:
 2096  000028dc          	L100_LF2:
 2097  000028dc  8fa20000	lw	r2,0(r29)
 2098  000028e0  8fa30004	lw	r3,4(r29)
 2099  000028e4  8fdffff8	lw	r31,-8(r30)
 2100  000028e8  001ee820	add	r29,r0,r30
 2101  000028ec  8fdefffc	lw	r30,-4(r30)
 2102  000028f0  4be00000	jr	r31
 2103  000028f4  54000000	nop
 2104  000028f8          	.endproc _bcopy
 2105  000028f8          	.align 2
 2106  000028f8          	.proc _bzero
 2107  000028f8          	.global _bzero
 2108  000028f8          	_bzero:
 2109                      ;  Function 'bzero'; 0 bytes of locals, 1 regs to save.
 2110  000028f8  afbefffc	sw	-4(r29),r30; push fp
 2111  000028fc  001df020	add	r30,r0,r29; fp = sp
 2112  00002900  afbffff8	sw	-8(r29),r31; push ret addr
 2113  00002904  2fbd0010	subui	r29,r29,#16; alloc local storage
 2114  00002908  afa20000	sw	0(r29),r2
 2115  0000290c  54000000	nop
 2116  00002910          	L105_LF2:
 2117  00002910  8fc10004	lw	r1,4(r30)
 2118  00002914  2022ffff	addi	r2,r1,#-1
 2119  00002918  afc20004	sw	4(r30),r2
 2120  0000291c  6c210000	sgti	r1,r1,#0
 2121  00002920  1420000c	bnez	r1,L107_LF2
 2122  00002924  54000000	nop; delay slot nop
 2123  00002928  08000020	j	L106_LF2
 2124  0000292c  54000000	nop; delay slot nop
 2125  00002930          	L107_LF2:
 2126  00002930  8fc10000	lw	r1,(r30)
 2127  00002934  20220001	addi	r2,r1,#1
 2128  00002938  afc20000	sw	(r30),r2
 2129  0000293c  20020000	addi	r2,r0,(#0x0)&0xff
 2130  00002940  a0220000	sb	(r1),r2
 2131  00002944  0bffffc8	j	L105_LF2
 2132  00002948  54000000	nop; delay slot nop
 2133  0000294c          	L106_LF2:
 2134  0000294c          	L104_LF2:
 2135  0000294c  8fa20000	lw	r2,0(r29)
 2136  00002950  8fdffff8	lw	r31,-8(r30)
 2137  00002954  001ee820	add	r29,r0,r30
 2138  00002958  8fdefffc	lw	r30,-4(r30)
 2139  0000295c  4be00000	jr	r31
 2140  00002960  54000000	nop
 2141  00002964          	.endproc _bzero
 2142  00002964          	.align 2
 2143  00002964          	.proc _min
 2144  00002964          	.global _min
 2145  00002964          	_min:
 2146                      ;  Function 'min'; 0 bytes of locals, 2 regs to save.
 2147  00002964  afbefffc	sw	-4(r29),r30; push fp
 2148  00002968  001df020	add	r30,r0,r29; fp = sp
 2149  0000296c  afbffff8	sw	-8(r29),r31; push ret addr
 2150  00002970  2fbd0010	subui	r29,r29,#16; alloc local storage
 2151  00002974  afa20000	sw	0(r29),r2
 2152  00002978  afa30004	sw	4(r29),r3
 2153  0000297c  8fc10000	lw	r1,(r30)
 2154  00002980  8fc20004	lw	r2,4(r30)
 2155  00002984  0022182c	sle	r3,r1,r2
 2156  00002988  14600008	bnez	r3,L109_LF2
 2157  0000298c  54000000	nop; delay slot nop
 2158  00002990  8fc10004	lw	r1,4(r30)
 2159  00002994          	L109_LF2:
 2160  00002994  08000004	j	L108_LF2
 2161  00002998  54000000	nop; delay slot nop
 2162  0000299c          	L108_LF2:
 2163  0000299c  8fa20000	lw	r2,0(r29)
 2164  000029a0  8fa30004	lw	r3,4(r29)
 2165  000029a4  8fdffff8	lw	r31,-8(r30)
 2166  000029a8  001ee820	add	r29,r0,r30
 2167  000029ac  8fdefffc	lw	r30,-4(r30)
 2168  000029b0  4be00000	jr	r31
 2169  000029b4  54000000	nop
 2170  000029b8          	.endproc _min
 2171  000029b8          	.align 2
 2172  000029b8          	.proc _max
 2173  000029b8          	.global _max
 2174  000029b8          	_max:
 2175                      ;  Function 'max'; 0 bytes of locals, 2 regs to save.
 2176  000029b8  afbefffc	sw	-4(r29),r30; push fp
 2177  000029bc  001df020	add	r30,r0,r29; fp = sp
 2178  000029c0  afbffff8	sw	-8(r29),r31; push ret addr
 2179  000029c4  2fbd0010	subui	r29,r29,#16; alloc local storage
 2180  000029c8  afa20000	sw	0(r29),r2
 2181  000029cc  afa30004	sw	4(r29),r3
 2182  000029d0  8fc10000	lw	r1,(r30)
 2183  000029d4  8fc20004	lw	r2,4(r30)
 2184  000029d8  0022182d	sge	r3,r1,r2
 2185  000029dc  14600008	bnez	r3,L111_LF2
 2186  000029e0  54000000	nop; delay slot nop
 2187  000029e4  8fc10004	lw	r1,4(r30)
 2188  000029e8          	L111_LF2:
 2189  000029e8  08000004	j	L110_LF2
 2190  000029ec  54000000	nop; delay slot nop
 2191  000029f0          	L110_LF2:
 2192  000029f0  8fa20000	lw	r2,0(r29)
 2193  000029f4  8fa30004	lw	r3,4(r29)
 2194  000029f8  8fdffff8	lw	r31,-8(r30)
 2195  000029fc  001ee820	add	r29,r0,r30
 2196  00002a00  8fdefffc	lw	r30,-4(r30)
 2197  00002a04  4be00000	jr	r31
 2198  00002a08  54000000	nop
 2199  00002a0c          	.endproc _max
 2200                      ;;; Ethan L. Miller, 1999.  Released to the public domain
 2201                      ;;;
 2202                      ;;; Most of the traps are called in files from libtraps.
 2205  00002a0c          	.align 2
 2206  00002a0c          	.proc _exit
 2207  00002a0c          	.global _exit
 2208  00002a0c          	_exit:
 2209  00002a0c  44000300	trap	#0x300
 2210  00002a10  4be00000	jr	r31
 2211  00002a14  54000000	nop
 2212  00002a18          	.endproc _exit
 2214                      ; for the benefit of gcc.
 2215  00002a18          	.proc ___main
 2216  00002a18          	.global ___main
 2217  00002a18          	___main:
 2218  00002a18  4be00000	jr	r31
 2219  00002a1c  54000000	nop
 2220  00002a20          	.endproc ___main
 2221  00002a20          	.text
 2222  00002a20          	.global _etext
 2223  00002a20          	_etext:
 2224  00002a20          	.align 3
 2225  00002a20          	.data
 2226  0000334b          	.global _edata
 2227  0000334b          	_edata:
