 line   address	contents
    1                      ; Linked by DLX-LD.
    2                      ; MemSize 24576
    3                      ; Data size: 567
    4                      ; Text size: 5360
    5                      ; Stack size: 8192
    6  00000000          	.text 0x1000
    7  00001000          	.data 0x3000
    8                      ; Compiled by GCC
    9  00003000          	.text
   10  00001000          	.align 2
   11  00001000          	.proc _isspace
   12  00001000          	.global _isspace
   13  00001000          	_isspace:
   14                      ;  Function 'isspace'; 0 bytes of locals, 1 regs to save.
   15  00001000  afbefffc	sw	-4(r29),r30; push fp
   16  00001004  001df020	add	r30,r0,r29; fp = sp
   17  00001008  afbffff8	sw	-8(r29),r31; push ret addr
   18  0000100c  2fbd0010	subui	r29,r29,#16; alloc local storage
   19  00001010  afa20000	sw	0(r29),r2
   20  00001014  83c20003	lb	r2,3(r30)
   21  00001018  201f0000	addi	r31,r0,#0
   22  0000101c  304100ff	andi	r1,r2,#0x00ff
   23  00001020  60210020	seqi	r1,r1,#32
   24  00001024  14200018	bnez	r1,L6_LF0
   25  00001028  54000000	nop; not filled.
   26  0000102c  2041fff7	addi	r1,r2,#-9
   27  00001030  302100ff	andi	r1,r1,#0x00ff
   28  00001034  70210001	sleui	r1,r1,#1
   29  00001038  10200008	beqz	r1,L5_LF0
   30  0000103c  54000000	nop; not filled.
   31  00001040          	L6_LF0:
   32  00001040  201f0001	addi	r31,r0,#1
   33  00001044          	L5_LF0:
   34  00001044  001f0820	add	r1,r0,r31
   35  00001048  8fa20000	lw	r2,0(r29)
   36  0000104c  8fdffff8	lw	r31,-8(r30)
   37  00001050  001ee820	add	r29,r0,r30
   38  00001054  8fdefffc	lw	r30,-4(r30)
   39  00001058  4be00000	jr	r31
   40  0000105c  54000000	nop
   41  00001060          	.endproc _isspace
   42  00001060          	.align 2
   43  00001060          	.proc _isxdigit
   44  00001060          	.global _isxdigit
   45  00001060          	_isxdigit:
   46                      ;  Function 'isxdigit'; 0 bytes of locals, 1 regs to save.
   47  00001060  afbefffc	sw	-4(r29),r30; push fp
   48  00001064  001df020	add	r30,r0,r29; fp = sp
   49  00001068  afbffff8	sw	-8(r29),r31; push ret addr
   50  0000106c  2fbd0010	subui	r29,r29,#16; alloc local storage
   51  00001070  afa20000	sw	0(r29),r2
   52  00001074  83df0003	lb	r31,3(r30)
   53  00001078  20020000	addi	r2,r0,#0
   54  0000107c  23e1ffd0	addi	r1,r31,#-48
   55  00001080  302100ff	andi	r1,r1,#0x00ff
   56  00001084  70210009	sleui	r1,r1,#9
   57  00001088  14200028	bnez	r1,L12_LF0
   58  0000108c  54000000	nop; not filled.
   59  00001090  23e1ff9f	addi	r1,r31,#-97
   60  00001094  302100ff	andi	r1,r1,#0x00ff
   61  00001098  70210005	sleui	r1,r1,#5
   62  0000109c  14200014	bnez	r1,L12_LF0
   63  000010a0  54000000	nop; not filled.
   64  000010a4  33e100ff	andi	r1,r31,#0x00ff
   65  000010a8  64210041	snei	r1,r1,#65
   66  000010ac  14200008	bnez	r1,L11_LF0
   67  000010b0  54000000	nop; not filled.
   68  000010b4          	L12_LF0:
   69  000010b4  20020001	addi	r2,r0,#1
   70  000010b8          	L11_LF0:
   71  000010b8  00020820	add	r1,r0,r2
   72  000010bc  8fa20000	lw	r2,0(r29)
   73  000010c0  8fdffff8	lw	r31,-8(r30)
   74  000010c4  001ee820	add	r29,r0,r30
   75  000010c8  8fdefffc	lw	r30,-4(r30)
   76  000010cc  4be00000	jr	r31
   77  000010d0  54000000	nop
   78  000010d4          	.endproc _isxdigit
   79  000010d4          	.data
   80  00003000          	.align 2
   81  00003000          	LC0_LF0:
   82  00003000  534f3400	.ascii "SO4\000"
   83  00003004          	.align 2
   84  00003004          	LC1_LF0:
   85  00003004  55736167	.ascii "Usage\000"
   85  00003008  6500    	
   86  0000300a          	.align 2
   87  0000300c          	LC2_LF0:
   88  0000300c  3c68616e	.ascii "<handle_to_shared_memory_page> <handle_to_page_mapped_semaphore<handle"
   88  00003010  646c655f	
   88  00003014  746f5f73	
   88  00003018  68617265	
   88  0000301c  645f6d65	
   88  00003020  6d6f7279	
   88  00003024  5f706167	
   88  00003028  653e203c	
   88  0000302c  68616e64	
   88  00003030  6c655f74	
   88  00003034  6f5f7061	
   88  00003038  67655f6d	
   88  0000303c  61707065	
   88  00003040  645f7365	
   88  00003044  6d617068	
   88  00003048  6f72653c	
   88  0000304c  68616e64	
   88  00003050  6c65    	
   89  00003052  20746f20	.ascii " to lock>\000"
   89  00003056  6c6f636b	
   89  0000305a  3e00    	
   90  0000305c          	.align 2
   91  0000305c          	LC3_LF0:
   92  0000305c  52656163	.ascii "Reaction 3: %d. Couldn\'t open S mailbox\n\000"
   92  00003060  74696f6e	
   92  00003064  20333a20	
   92  00003068  25642e20	
   92  0000306c  436f756c	
   92  00003070  646e2774	
   92  00003074  206f7065	
   92  00003078  6e205320	
   92  0000307c  6d61696c	
   92  00003080  626f780a	
   92  00003084  00      	
   93  00003085          	.align 2
   94  00003088          	LC4_LF0:
   95  00003088  52656163	.ascii "Reaction 3: %d. Couldn\'t open O2 mailbox\n\000"
   95  0000308c  74696f6e	
   95  00003090  20333a20	
   95  00003094  25642e20	
   95  00003098  436f756c	
   95  0000309c  646e2774	
   95  000030a0  206f7065	
   95  000030a4  6e204f32	
   95  000030a8  206d6169	
   95  000030ac  6c626f78	
   95  000030b0  0a00    	
   96  000030b2          	.align 2
   97  000030b4          	LC5_LF0:
   98  000030b4  52656163	.ascii "Reaction 3: %d. Couldn\'t open SO4 mailbox\n\000"
   98  000030b8  74696f6e	
   98  000030bc  20333a20	
   98  000030c0  25642e20	
   98  000030c4  436f756c	
   98  000030c8  646e2774	
   98  000030cc  206f7065	
   98  000030d0  6e20534f	
   98  000030d4  34206d61	
   98  000030d8  696c626f	
   98  000030dc  780a00  	
   99  000030df          	.align 2
  100  000030e0          	LC6_LF0:
  101  000030e0  52656163	.ascii "Reaction 3: %d. Couldn\'t receive S\n\000"
  101  000030e4  74696f6e	
  101  000030e8  20333a20	
  101  000030ec  25642e20	
  101  000030f0  436f756c	
  101  000030f4  646e2774	
  101  000030f8  20726563	
  101  000030fc  65697665	
  101  00003100  20530a00	
  102  00003104          	.align 2
  103  00003104          	LC7_LF0:
  104  00003104  52656163	.ascii "Reaction 3: %d. Couldn\'t receive O2\n\000"
  104  00003108  74696f6e	
  104  0000310c  20333a20	
  104  00003110  25642e20	
  104  00003114  436f756c	
  104  00003118  646e2774	
  104  0000311c  20726563	
  104  00003120  65697665	
  104  00003124  204f320a	
  104  00003128  00      	
  105  00003129          	.align 2
  106  0000312c          	LC8_LF0:
  107  0000312c  52656163	.ascii "Reaction 3: %d. Couldn\'t send SO4 mailbox\n\000"
  107  00003130  74696f6e	
  107  00003134  20333a20	
  107  00003138  25642e20	
  107  0000313c  436f756c	
  107  00003140  646e2774	
  107  00003144  2073656e	
  107  00003148  6420534f	
  107  0000314c  34206d61	
  107  00003150  696c626f	
  107  00003154  780a00  	
  108  00003157          	.align 2
  109  00003158          	LC9_LF0:
  110  00003158  52656163	.ascii "Reaction 3: %d. Couldn\'t close SO4 mailbox\n\000"
  110  0000315c  74696f6e	
  110  00003160  20333a20	
  110  00003164  25642e20	
  110  00003168  436f756c	
  110  0000316c  646e2774	
  110  00003170  20636c6f	
  110  00003174  73652053	
  110  00003178  4f34206d	
  110  0000317c  61696c62	
  110  00003180  6f780a00	
  111  00003184          	.align 2
  112  00003184          	LC10_LF0:
  113  00003184  52656163	.ascii "Reaction 3: %d. Couldn\'t close S mailbox\n\000"
  113  00003188  74696f6e	
  113  0000318c  20333a20	
  113  00003190  25642e20	
  113  00003194  436f756c	
  113  00003198  646e2774	
  113  0000319c  20636c6f	
  113  000031a0  73652053	
  113  000031a4  206d6169	
  113  000031a8  6c626f78	
  113  000031ac  0a00    	
  114  000031ae          	.align 2
  115  000031b0          	LC11_LF0:
  116  000031b0  53202b20	.ascii "S + 2 O2 -> SO4 reacted, PID:%d\n\000"
  116  000031b4  32204f32	
  116  000031b8  202d3e20	
  116  000031bc  534f3420	
  116  000031c0  72656163	
  116  000031c4  7465642c	
  116  000031c8  20504944	
  116  000031cc  3a25640a	
  116  000031d0  00      	
  117  000031d1          	.align 2
  118  000031d4          	LC12_LF0:
  119  000031d4  52656163	.ascii "Reaction 3: %d. Couldn\'t close O2 mailbox\n\000"
  119  000031d8  74696f6e	
  119  000031dc  20333a20	
  119  000031e0  25642e20	
  119  000031e4  436f756c	
  119  000031e8  646e2774	
  119  000031ec  20636c6f	
  119  000031f0  7365204f	
  119  000031f4  32206d61	
  119  000031f8  696c626f	
  119  000031fc  780a00  	
  120  000031ff          	.align 2
  121  00003200          	LC13_LF0:
  122  00003200  42616420	.ascii "Bad semaphore s_procs_completed (%d) in \000"
  122  00003204  73656d61	
  122  00003208  70686f72	
  122  0000320c  6520735f	
  122  00003210  70726f63	
  122  00003214  735f636f	
  122  00003218  6d706c65	
  122  0000321c  74656420	
  122  00003220  28256429	
  122  00003224  20696e20	
  122  00003228  00      	
  123  00003229          	.align 2
  124  0000322c          	LC14_LF0:
  125  0000322c  65786974	.ascii "exiting..\n\000"
  125  00003230  696e672e	
  125  00003234  2e0a00  	
  126  00003237          	.text
  127  000010d4          	.align 2
  128  000010d4          	.proc _main
  129  000010d4          	.global _main
  130  000010d4          	_main:
  131                      ;  Function 'main'; 24 bytes of locals, 0 regs to save.
  132  000010d4  afbefffc	sw	-4(r29),r30; push fp
  133  000010d8  001df020	add	r30,r0,r29; fp = sp
  134  000010dc  afbffff8	sw	-8(r29),r31; push ret addr
  135  000010e0  2fbd0020	subui	r29,r29,#32; alloc local storage
  136  000010e4  8fc20000	lw	r2,(r30)
  137  000010e8  8fc60004	lw	r6,4(r30)
  138  000010ec  0c0013f8	jal	___main
  139  000010f0  54000000	nop; not filled.
  140  000010f4  3c010000	lhi	r1,((LC0_LF0)>>16)&0xffff
  141  000010f8  24213000	addui	r1,r1,(LC0_LF0)&0xffff
  142  000010fc  80280000	lb	r8,(r1)
  143  00001100  a3c8fff0	sb	-16(r30),r8
  144  00001104  80280001	lb	r8,1(r1)
  145  00001108  a3c8fff1	sb	-15(r30),r8
  146  0000110c  80280002	lb	r8,2(r1)
  147  00001110  a3c8fff2	sb	-14(r30),r8
  148  00001114  80210003	lb	r1,3(r1)
  149  00001118  a3c1fff3	sb	-13(r30),r1
  150  0000111c  64410005	snei	r1,r2,#5
  151  00001120  1020004c	beqz	r1,L14_LF0
  152  00001124  54000000	nop; not filled.
  153  00001128  23bdfff8	addi	r29,r29,#-8
  154  0000112c  3c080000	lhi	r8,((LC1_LF0)>>16)&0xffff
  155  00001130  25083004	addui	r8,r8,(LC1_LF0)&0xffff
  156  00001134  afa80000	sw	(r29),r8
  157  00001138  0c0004fc	jal	_Printf
  158  0000113c  54000000	nop; not filled.
  159  00001140  8cc80000	lw	r8,(r6)
  160  00001144  afa80000	sw	(r29),r8
  161  00001148  0c0004ec	jal	_Printf
  162  0000114c  54000000	nop; not filled.
  163  00001150  3c080000	lhi	r8,((LC2_LF0)>>16)&0xffff
  164  00001154  2508300c	addui	r8,r8,(LC2_LF0)&0xffff
  165  00001158  afa80000	sw	(r29),r8
  166  0000115c  0c0004d8	jal	_Printf
  167  00001160  54000000	nop; not filled.
  168  00001164  0c0005d8	jal	_Exit
  169  00001168  54000000	nop; not filled.
  170  0000116c  23bd0008	addi	r29,r29,#8
  171  00001170          	L14_LF0:
  172  00001170  23bdfff0	addi	r29,r29,#-16
  173  00001174  8cc80010	lw	r8,16(r6)
  174  00001178  afa80000	sw	(r29),r8
  175  0000117c  20080000	addi	r8,r0,#0
  176  00001180  afa80004	sw	4(r29),r8
  177  00001184  2008000a	addi	r8,r0,#10
  178  00001188  afa80008	sw	8(r29),r8
  179  0000118c  0c000e5c	jal	_dstrtol
  180  00001190  54000000	nop; not filled.
  181  00001194  00013820	add	r7,r0,r1
  182  00001198  8cc80004	lw	r8,4(r6)
  183  0000119c  afa80000	sw	(r29),r8
  184  000011a0  20080000	addi	r8,r0,#0
  185  000011a4  afa80004	sw	4(r29),r8
  186  000011a8  2008000a	addi	r8,r0,#10
  187  000011ac  afa80008	sw	8(r29),r8
  188  000011b0  0c000e38	jal	_dstrtol
  189  000011b4  54000000	nop; not filled.
  190  000011b8  00012820	add	r5,r0,r1
  191  000011bc  8cc80008	lw	r8,8(r6)
  192  000011c0  afa80000	sw	(r29),r8
  193  000011c4  20080000	addi	r8,r0,#0
  194  000011c8  afa80004	sw	4(r29),r8
  195  000011cc  2008000a	addi	r8,r0,#10
  196  000011d0  afa80008	sw	8(r29),r8
  197  000011d4  0c000e14	jal	_dstrtol
  198  000011d8  54000000	nop; not filled.
  199  000011dc  00012020	add	r4,r0,r1
  200  000011e0  8cc8000c	lw	r8,12(r6)
  201  000011e4  afa80000	sw	(r29),r8
  202  000011e8  20080000	addi	r8,r0,#0
  203  000011ec  afa80004	sw	4(r29),r8
  204  000011f0  2008000a	addi	r8,r0,#10
  205  000011f4  afa80008	sw	8(r29),r8
  206  000011f8  0c000df0	jal	_dstrtol
  207  000011fc  54000000	nop; not filled.
  208  00001200  00011820	add	r3,r0,r1
  209  00001204  afa50000	sw	(r29),r5
  210  00001208  0c0004ec	jal	_mbox_open
  211  0000120c  54000000	nop; not filled.
  212  00001210  23bd0010	addi	r29,r29,#16
  213  00001214  64210001	snei	r1,r1,#1
  214  00001218  10200034	beqz	r1,L15_LF0
  215  0000121c  54000000	nop; not filled.
  216  00001220  0c000420	jal	_getpid
  217  00001224  54000000	nop; not filled.
  218  00001228  23bdfff8	addi	r29,r29,#-8
  219  0000122c  3c080000	lhi	r8,((LC3_LF0)>>16)&0xffff
  220  00001230  2508305c	addui	r8,r8,(LC3_LF0)&0xffff
  221  00001234  afa80000	sw	(r29),r8
  222  00001238  afa10004	sw	4(r29),r1
  223  0000123c  0c0003f8	jal	_Printf
  224  00001240  54000000	nop; not filled.
  225  00001244  0c0004f8	jal	_Exit
  226  00001248  54000000	nop; not filled.
  227  0000124c  23bd0008	addi	r29,r29,#8
  228  00001250          	L15_LF0:
  229  00001250  23bdfff8	addi	r29,r29,#-8
  230  00001254  afa40000	sw	(r29),r4
  231  00001258  0c00049c	jal	_mbox_open
  232  0000125c  54000000	nop; not filled.
  233  00001260  23bd0008	addi	r29,r29,#8
  234  00001264  64210001	snei	r1,r1,#1
  235  00001268  10200034	beqz	r1,L16_LF0
  236  0000126c  54000000	nop; not filled.
  237  00001270  0c0003d0	jal	_getpid
  238  00001274  54000000	nop; not filled.
  239  00001278  23bdfff8	addi	r29,r29,#-8
  240  0000127c  3c080000	lhi	r8,((LC4_LF0)>>16)&0xffff
  241  00001280  25083088	addui	r8,r8,(LC4_LF0)&0xffff
  242  00001284  afa80000	sw	(r29),r8
  243  00001288  afa10004	sw	4(r29),r1
  244  0000128c  0c0003a8	jal	_Printf
  245  00001290  54000000	nop; not filled.
  246  00001294  0c0004a8	jal	_Exit
  247  00001298  54000000	nop; not filled.
  248  0000129c  23bd0008	addi	r29,r29,#8
  249  000012a0          	L16_LF0:
  250  000012a0  23bdfff8	addi	r29,r29,#-8
  251  000012a4  afa30000	sw	(r29),r3
  252  000012a8  0c00044c	jal	_mbox_open
  253  000012ac  54000000	nop; not filled.
  254  000012b0  23bd0008	addi	r29,r29,#8
  255  000012b4  64210001	snei	r1,r1,#1
  256  000012b8  10200034	beqz	r1,L17_LF0
  257  000012bc  54000000	nop; not filled.
  258  000012c0  0c000380	jal	_getpid
  259  000012c4  54000000	nop; not filled.
  260  000012c8  23bdfff8	addi	r29,r29,#-8
  261  000012cc  3c080000	lhi	r8,((LC5_LF0)>>16)&0xffff
  262  000012d0  250830b4	addui	r8,r8,(LC5_LF0)&0xffff
  263  000012d4  afa80000	sw	(r29),r8
  264  000012d8  afa10004	sw	4(r29),r1
  265  000012dc  0c000358	jal	_Printf
  266  000012e0  54000000	nop; not filled.
  267  000012e4  0c000458	jal	_Exit
  268  000012e8  54000000	nop; not filled.
  269  000012ec  23bd0008	addi	r29,r29,#8
  270  000012f0          	L17_LF0:
  271  000012f0  23bdfff0	addi	r29,r29,#-16
  272  000012f4  afa50000	sw	(r29),r5
  273  000012f8  20080001	addi	r8,r0,#1
  274  000012fc  afa80004	sw	4(r29),r8
  275  00001300  23c1ffe8	addi	r1,r30,#-24
  276  00001304  afa10008	sw	8(r29),r1
  277  00001308  0c000410	jal	_mbox_recv
  278  0000130c  54000000	nop; not filled.
  279  00001310  23bd0010	addi	r29,r29,#16
  280  00001314  6021ffff	seqi	r1,r1,#-1
  281  00001318  10200034	beqz	r1,L18_LF0
  282  0000131c  54000000	nop; not filled.
  283  00001320  0c000320	jal	_getpid
  284  00001324  54000000	nop; not filled.
  285  00001328  23bdfff8	addi	r29,r29,#-8
  286  0000132c  3c080000	lhi	r8,((LC6_LF0)>>16)&0xffff
  287  00001330  250830e0	addui	r8,r8,(LC6_LF0)&0xffff
  288  00001334  afa80000	sw	(r29),r8
  289  00001338  afa10004	sw	4(r29),r1
  290  0000133c  0c0002f8	jal	_Printf
  291  00001340  54000000	nop; not filled.
  292  00001344  0c0003f8	jal	_Exit
  293  00001348  54000000	nop; not filled.
  294  0000134c  23bd0008	addi	r29,r29,#8
  295  00001350          	L18_LF0:
  296  00001350  23bdfff0	addi	r29,r29,#-16
  297  00001354  afa40000	sw	(r29),r4
  298  00001358  20080002	addi	r8,r0,#2
  299  0000135c  afa80004	sw	4(r29),r8
  300  00001360  23c2ffe0	addi	r2,r30,#-32
  301  00001364  afa20008	sw	8(r29),r2
  302  00001368  0c0003b0	jal	_mbox_recv
  303  0000136c  54000000	nop; not filled.
  304  00001370  23bd0010	addi	r29,r29,#16
  305  00001374  6021ffff	seqi	r1,r1,#-1
  306  00001378  10200034	beqz	r1,L19_LF0
  307  0000137c  54000000	nop; not filled.
  308  00001380  0c0002c0	jal	_getpid
  309  00001384  54000000	nop; not filled.
  310  00001388  23bdfff8	addi	r29,r29,#-8
  311  0000138c  3c080000	lhi	r8,((LC7_LF0)>>16)&0xffff
  312  00001390  25083104	addui	r8,r8,(LC7_LF0)&0xffff
  313  00001394  afa80000	sw	(r29),r8
  314  00001398  afa10004	sw	4(r29),r1
  315  0000139c  0c000298	jal	_Printf
  316  000013a0  54000000	nop; not filled.
  317  000013a4  0c000398	jal	_Exit
  318  000013a8  54000000	nop; not filled.
  319  000013ac  23bd0008	addi	r29,r29,#8
  320  000013b0          	L19_LF0:
  321  000013b0  23bdfff0	addi	r29,r29,#-16
  322  000013b4  afa40000	sw	(r29),r4
  323  000013b8  20080002	addi	r8,r0,#2
  324  000013bc  afa80004	sw	4(r29),r8
  325  000013c0  afa20008	sw	8(r29),r2
  326  000013c4  0c000354	jal	_mbox_recv
  327  000013c8  54000000	nop; not filled.
  328  000013cc  23bd0010	addi	r29,r29,#16
  329  000013d0  6021ffff	seqi	r1,r1,#-1
  330  000013d4  10200034	beqz	r1,L20_LF0
  331  000013d8  54000000	nop; not filled.
  332  000013dc  0c000264	jal	_getpid
  333  000013e0  54000000	nop; not filled.
  334  000013e4  23bdfff8	addi	r29,r29,#-8
  335  000013e8  3c080000	lhi	r8,((LC7_LF0)>>16)&0xffff
  336  000013ec  25083104	addui	r8,r8,(LC7_LF0)&0xffff
  337  000013f0  afa80000	sw	(r29),r8
  338  000013f4  afa10004	sw	4(r29),r1
  339  000013f8  0c00023c	jal	_Printf
  340  000013fc  54000000	nop; not filled.
  341  00001400  0c00033c	jal	_Exit
  342  00001404  54000000	nop; not filled.
  343  00001408  23bd0008	addi	r29,r29,#8
  344  0000140c          	L20_LF0:
  345  0000140c  23bdfff0	addi	r29,r29,#-16
  346  00001410  afa30000	sw	(r29),r3
  347  00001414  20080003	addi	r8,r0,#3
  348  00001418  afa80004	sw	4(r29),r8
  349  0000141c  23c1fff0	addi	r1,r30,#-16
  350  00001420  afa10008	sw	8(r29),r1
  351  00001424  0c0002e8	jal	_mbox_send
  352  00001428  54000000	nop; not filled.
  353  0000142c  23bd0010	addi	r29,r29,#16
  354  00001430  64210001	snei	r1,r1,#1
  355  00001434  10200034	beqz	r1,L21_LF0
  356  00001438  54000000	nop; not filled.
  357  0000143c  0c000204	jal	_getpid
  358  00001440  54000000	nop; not filled.
  359  00001444  23bdfff8	addi	r29,r29,#-8
  360  00001448  3c080000	lhi	r8,((LC8_LF0)>>16)&0xffff
  361  0000144c  2508312c	addui	r8,r8,(LC8_LF0)&0xffff
  362  00001450  afa80000	sw	(r29),r8
  363  00001454  afa10004	sw	4(r29),r1
  364  00001458  0c0001dc	jal	_Printf
  365  0000145c  54000000	nop; not filled.
  366  00001460  0c0002dc	jal	_Exit
  367  00001464  54000000	nop; not filled.
  368  00001468  23bd0008	addi	r29,r29,#8
  369  0000146c          	L21_LF0:
  370  0000146c  23bdfff8	addi	r29,r29,#-8
  371  00001470  afa30000	sw	(r29),r3
  372  00001474  0c00028c	jal	_mbox_close
  373  00001478  54000000	nop; not filled.
  374  0000147c  23bd0008	addi	r29,r29,#8
  375  00001480  64210001	snei	r1,r1,#1
  376  00001484  10200034	beqz	r1,L22_LF0
  377  00001488  54000000	nop; not filled.
  378  0000148c  0c0001b4	jal	_getpid
  379  00001490  54000000	nop; not filled.
  380  00001494  23bdfff8	addi	r29,r29,#-8
  381  00001498  3c080000	lhi	r8,((LC9_LF0)>>16)&0xffff
  382  0000149c  25083158	addui	r8,r8,(LC9_LF0)&0xffff
  383  000014a0  afa80000	sw	(r29),r8
  384  000014a4  afa10004	sw	4(r29),r1
  385  000014a8  0c00018c	jal	_Printf
  386  000014ac  54000000	nop; not filled.
  387  000014b0  0c00028c	jal	_Exit
  388  000014b4  54000000	nop; not filled.
  389  000014b8  23bd0008	addi	r29,r29,#8
  390  000014bc          	L22_LF0:
  391  000014bc  23bdfff8	addi	r29,r29,#-8
  392  000014c0  afa50000	sw	(r29),r5
  393  000014c4  0c00023c	jal	_mbox_close
  394  000014c8  54000000	nop; not filled.
  395  000014cc  23bd0008	addi	r29,r29,#8
  396  000014d0  64210001	snei	r1,r1,#1
  397  000014d4  10200034	beqz	r1,L23_LF0
  398  000014d8  54000000	nop; not filled.
  399  000014dc  0c000164	jal	_getpid
  400  000014e0  54000000	nop; not filled.
  401  000014e4  23bdfff8	addi	r29,r29,#-8
  402  000014e8  3c080000	lhi	r8,((LC10_LF0)>>16)&0xffff
  403  000014ec  25083184	addui	r8,r8,(LC10_LF0)&0xffff
  404  000014f0  afa80000	sw	(r29),r8
  405  000014f4  afa10004	sw	4(r29),r1
  406  000014f8  0c00013c	jal	_Printf
  407  000014fc  54000000	nop; not filled.
  408  00001500  0c00023c	jal	_Exit
  409  00001504  54000000	nop; not filled.
  410  00001508  23bd0008	addi	r29,r29,#8
  411  0000150c          	L23_LF0:
  412  0000150c  0c000134	jal	_getpid
  413  00001510  54000000	nop; not filled.
  414  00001514  23bdfff8	addi	r29,r29,#-8
  415  00001518  3c080000	lhi	r8,((LC11_LF0)>>16)&0xffff
  416  0000151c  250831b0	addui	r8,r8,(LC11_LF0)&0xffff
  417  00001520  afa80000	sw	(r29),r8
  418  00001524  afa10004	sw	4(r29),r1
  419  00001528  0c00010c	jal	_Printf
  420  0000152c  54000000	nop; not filled.
  421  00001530  afa40000	sw	(r29),r4
  422  00001534  0c0001cc	jal	_mbox_close
  423  00001538  54000000	nop; not filled.
  424  0000153c  23bd0008	addi	r29,r29,#8
  425  00001540  64210001	snei	r1,r1,#1
  426  00001544  10200034	beqz	r1,L24_LF0
  427  00001548  54000000	nop; not filled.
  428  0000154c  0c0000f4	jal	_getpid
  429  00001550  54000000	nop; not filled.
  430  00001554  23bdfff8	addi	r29,r29,#-8
  431  00001558  3c080000	lhi	r8,((LC12_LF0)>>16)&0xffff
  432  0000155c  250831d4	addui	r8,r8,(LC12_LF0)&0xffff
  433  00001560  afa80000	sw	(r29),r8
  434  00001564  afa10004	sw	4(r29),r1
  435  00001568  0c0000cc	jal	_Printf
  436  0000156c  54000000	nop; not filled.
  437  00001570  0c0001cc	jal	_Exit
  438  00001574  54000000	nop; not filled.
  439  00001578  23bd0008	addi	r29,r29,#8
  440  0000157c          	L24_LF0:
  441  0000157c  23bdfff8	addi	r29,r29,#-8
  442  00001580  afa70000	sw	(r29),r7
  443  00001584  0c000104	jal	_sem_signal
  444  00001588  54000000	nop; not filled.
  445  0000158c  23bd0008	addi	r29,r29,#8
  446  00001590  64210001	snei	r1,r1,#1
  447  00001594  10200050	beqz	r1,L25_LF0
  448  00001598  54000000	nop; not filled.
  449  0000159c  23bdfff8	addi	r29,r29,#-8
  450  000015a0  3c080000	lhi	r8,((LC13_LF0)>>16)&0xffff
  451  000015a4  25083200	addui	r8,r8,(LC13_LF0)&0xffff
  452  000015a8  afa80000	sw	(r29),r8
  453  000015ac  afa70004	sw	4(r29),r7
  454  000015b0  0c000084	jal	_Printf
  455  000015b4  54000000	nop; not filled.
  456  000015b8  8cc60000	lw	r6,(r6)
  457  000015bc  afa60000	sw	(r29),r6
  458  000015c0  0c000074	jal	_Printf
  459  000015c4  54000000	nop; not filled.
  460  000015c8  3c080000	lhi	r8,((LC14_LF0)>>16)&0xffff
  461  000015cc  2508322c	addui	r8,r8,(LC14_LF0)&0xffff
  462  000015d0  afa80000	sw	(r29),r8
  463  000015d4  0c000060	jal	_Printf
  464  000015d8  54000000	nop; not filled.
  465  000015dc  0c000160	jal	_Exit
  466  000015e0  54000000	nop; not filled.
  467  000015e4  23bd0008	addi	r29,r29,#8
  468  000015e8          	L25_LF0:
  469  000015e8  0c000ef0	jal	_exit
  470  000015ec  54000000	nop
  471  000015f0          	.endproc _main
  472                      ;;;
  473                      ;;; Stub functions for DLX traps.
  474                      ;;;
  475                      ;;; Ethan L. Miller, 1999.  Released to the public domain.
  476                      ;;;
  477                      ;;; The traps such as Open and Close
  478                      ;;; (note the capital letters) are for use by user programs.  The traps
  479                      ;;; with names such as open and close (lower case) are for use by the OS.
  480                      ;;;
  483  000015f0          	.align 2
  485                      ;;; The following are the traps to be used by user-level programs
  486                      ;;;
  488  000015f0          	.align 2
  489  000015f0          	.proc _Open
  490  000015f0          	.global _Open
  491  000015f0          	_Open:
  492                      ;;; Note that trap #0x213 actually causes a trap vector in the OS of
  493                      ;;; 0x1213.  The same is true for other user traps.  Thus, a user trap
  494                      ;;; with trap #0x240 will result in a trap vector of 0x1240 in the OS.
  495  000015f0  44000213	trap	#0x213
  496  000015f4  4be00000	jr	r31
  497  000015f8  54000000	nop
  498  000015fc          	.endproc _Open
  500  000015fc          	.proc _Close
  501  000015fc          	.global _Close
  502  000015fc          	_Close:
  503  000015fc  44000214	trap	#0x214
  504  00001600  4be00000	jr	r31
  505  00001604  54000000	nop
  506  00001608          	.endproc _Close
  508  00001608          	.proc _Read
  509  00001608          	.global _Read
  510  00001608          	_Read:
  511  00001608  44000210	trap	#0x210
  512  0000160c  4be00000	jr	r31
  513  00001610  54000000	nop
  514  00001614          	.endproc _Read
  516  00001614          	.proc _Write
  517  00001614          	.global _Write
  518  00001614          	_Write:
  519  00001614  44000211	trap	#0x211
  520  00001618  4be00000	jr	r31
  521  0000161c  54000000	nop
  522  00001620          	.endproc _Write
  524  00001620          	.proc _Lseek
  525  00001620          	.global _Lseek
  526  00001620          	_Lseek:
  527  00001620  44000212	trap	#0x212
  528  00001624  4be00000	jr	r31
  529  00001628  54000000	nop
  530  0000162c          	.endproc _Lseek
  532  0000162c          	.proc _Putchar
  533  0000162c          	.global _Putchar
  534  0000162c          	_Putchar:
  535  0000162c  44000280	trap	#0x280
  536  00001630  4be00000	jr	r31
  537  00001634  54000000	nop
  538  00001638          	.endproc _Putchar
  540  00001638          	.proc _Printf
  541  00001638          	.global _Printf
  542  00001638          	_Printf:
  543  00001638  44000201	trap	#0x201
  544  0000163c  4be00000	jr	r31
  545  00001640  54000000	nop
  546  00001644          	.endproc _Printf
  548  00001644          	.proc _getpid
  549  00001644          	.global _getpid
  550  00001644          	_getpid:
  551  00001644  44000431	trap	#0x431
  552  00001648  4be00000	jr	r31
  553  0000164c  54000000	nop
  554  00001650          	.endproc _getpid
  556  00001650          	.proc _process_create
  557  00001650          	.global _process_create
  558  00001650          	_process_create:
  559  00001650  44000432	trap	#0x432
  560  00001654  4be00000	jr	r31
  561  00001658  54000000	nop
  562  0000165c          	.endproc _process_create
  564  0000165c          	.proc _shmget
  565  0000165c          	.global _shmget
  566  0000165c          	_shmget:
  567  0000165c  44000440	trap	#0x440
  568  00001660  4be00000	jr	r31
  569  00001664  54000000	nop
  570  00001668          	.endproc _shmget
  572  00001668          	.proc _shmat
  573  00001668          	.global _shmat
  574  00001668          	_shmat:
  575  00001668  44000441	trap	#0x441
  576  0000166c  4be00000	jr	r31
  577  00001670  54000000	nop
  578  00001674          	.endproc _shmat
  580  00001674          	.proc _sem_create
  581  00001674          	.global _sem_create
  582  00001674          	_sem_create:
  583  00001674  44000450	trap	#0x450
  584  00001678  4be00000	jr	r31
  585  0000167c  54000000	nop
  586  00001680          	.endproc _sem_create
  588  00001680          	.proc _sem_wait
  589  00001680          	.global _sem_wait
  590  00001680          	_sem_wait:
  591  00001680  44000451	trap	#0x451
  592  00001684  4be00000	jr	r31
  593  00001688  54000000	nop
  594  0000168c          	.endproc _sem_wait
  596  0000168c          	.proc _sem_signal
  597  0000168c          	.global _sem_signal
  598  0000168c          	_sem_signal:
  599  0000168c  44000452	trap	#0x452
  600  00001690  4be00000	jr	r31
  601  00001694  54000000	nop
  602  00001698          	.endproc _sem_signal
  604  00001698          	.proc _lock_create
  605  00001698          	.global _lock_create
  606  00001698          	_lock_create:
  607  00001698  44000453	trap	#0x453
  608  0000169c  4be00000	jr	r31
  609  000016a0  54000000	nop
  610  000016a4          	.endproc _lock_create
  612  000016a4          	.proc _lock_acquire
  613  000016a4          	.global _lock_acquire
  614  000016a4          	_lock_acquire:
  615  000016a4  44000454	trap	#0x454
  616  000016a8  4be00000	jr	r31
  617  000016ac  54000000	nop
  618  000016b0          	.endproc _lock_acquire
  620  000016b0          	.proc _lock_release
  621  000016b0          	.global _lock_release
  622  000016b0          	_lock_release:
  623  000016b0  44000455	trap	#0x455
  624  000016b4  4be00000	jr	r31
  625  000016b8  54000000	nop
  626  000016bc          	.endproc _lock_release
  628  000016bc          	.proc _cond_create
  629  000016bc          	.global _cond_create
  630  000016bc          	_cond_create:
  631  000016bc  44000456	trap	#0x456
  632  000016c0  4be00000	jr	r31
  633  000016c4  54000000	nop
  634  000016c8          	.endproc _cond_create
  636  000016c8          	.proc _cond_wait
  637  000016c8          	.global _cond_wait
  638  000016c8          	_cond_wait:
  639  000016c8  44000457	trap	#0x457
  640  000016cc  4be00000	jr	r31
  641  000016d0  54000000	nop
  642  000016d4          	.endproc _cond_wait
  644  000016d4          	.proc _cond_signal
  645  000016d4          	.global _cond_signal
  646  000016d4          	_cond_signal:
  647  000016d4  44000458	trap	#0x458
  648  000016d8  4be00000	jr	r31
  649  000016dc  54000000	nop
  650  000016e0          	.endproc _cond_signal
  652  000016e0          	.proc _cond_broadcast
  653  000016e0          	.global _cond_broadcast
  654  000016e0          	_cond_broadcast:
  655  000016e0  44000459	trap	#0x459
  656  000016e4  4be00000	jr	r31
  657  000016e8  54000000	nop
  658  000016ec          	.endproc _cond_broadcast
  660  000016ec          	.proc _mbox_create
  661  000016ec          	.global _mbox_create
  662  000016ec          	_mbox_create:
  663  000016ec  44000460	trap	#0x460
  664  000016f0  4be00000	jr	r31
  665  000016f4  54000000	nop
  666  000016f8          	.endproc _mbox_create
  668  000016f8          	.proc _mbox_open
  669  000016f8          	.global _mbox_open
  670  000016f8          	_mbox_open:
  671  000016f8  44000461	trap	#0x461
  672  000016fc  4be00000	jr	r31
  673  00001700  54000000	nop
  674  00001704          	.endproc _mbox_open
  676  00001704          	.proc _mbox_close
  677  00001704          	.global _mbox_close
  678  00001704          	_mbox_close:
  679  00001704  44000462	trap	#0x462
  680  00001708  4be00000	jr	r31
  681  0000170c  54000000	nop
  682  00001710          	.endproc _mbox_close
  684  00001710          	.proc _mbox_send
  685  00001710          	.global _mbox_send
  686  00001710          	_mbox_send:
  687  00001710  44000463	trap	#0x463
  688  00001714  4be00000	jr	r31
  689  00001718  54000000	nop
  690  0000171c          	.endproc _mbox_send
  692  0000171c          	.proc _mbox_recv
  693  0000171c          	.global _mbox_recv
  694  0000171c          	_mbox_recv:
  695  0000171c  44000464	trap	#0x464
  696  00001720  4be00000	jr	r31
  697  00001724  54000000	nop
  698  00001728          	.endproc _mbox_recv
  700  00001728          	.proc _sleep
  701  00001728          	.global _sleep
  702  00001728          	_sleep:
  703  00001728  44000465	trap	#0x465
  704  0000172c  4be00000	jr	r31
  705  00001730  54000000	nop
  706  00001734          	.endproc _sleep
  708  00001734          	.proc _yield
  709  00001734          	.global _yield
  710  00001734          	_yield:
  711  00001734  44000466	trap	#0x466
  712  00001738  4be00000	jr	r31
  713  0000173c  54000000	nop
  714  00001740          	.endproc _yield
  717  00001740          	.proc _Exit
  718  00001740          	.global _Exit
  719  00001740          	_Exit:
  720  00001740  44000500	trap	#0x500
  721  00001744  4be00000	jr	r31
  722  00001748  54000000	nop
  723  0000174c          	.endproc _Exit
  724                      ; Compiled by GCC
  726  0000174c          	.align 2
  727  0000174c          	.proc _isspace
  728  0000174c          	.global _isspace
  729  0000174c          	_isspace:
  730                      ;  Function 'isspace'; 0 bytes of locals, 3 regs to save.
  731  0000174c  afbefffc	sw	-4(r29),r30; push fp
  732  00001750  001df020	add	r30,r0,r29; fp = sp
  733  00001754  afbffff8	sw	-8(r29),r31; push ret addr
  734  00001758  2fbd0018	subui	r29,r29,#24; alloc local storage
  735  0000175c  afa20000	sw	0(r29),r2
  736  00001760  afa30004	sw	4(r29),r3
  737  00001764  afa40008	sw	8(r29),r4
  738  00001768  83c20003	lb	r2,3(r30)
  739  0000176c  20010000	addi	r1,r0,#0
  740  00001770  304300ff	andi	r3,r2,#0x00ff
  741  00001774  60640020	seqi	r4,r3,#32
  742  00001778  1480002c	bnez	r4,L3_LF2
  743  0000177c  54000000	nop; delay slot nop
  744  00001780  304300ff	andi	r3,r2,#0x00ff
  745  00001784  60640009	seqi	r4,r3,#9
  746  00001788  1480001c	bnez	r4,L3_LF2
  747  0000178c  54000000	nop; delay slot nop
  748  00001790  304300ff	andi	r3,r2,#0x00ff
  749  00001794  6064000a	seqi	r4,r3,#10
  750  00001798  1480000c	bnez	r4,L3_LF2
  751  0000179c  54000000	nop; delay slot nop
  752  000017a0  08000008	j	L2_LF2
  753  000017a4  54000000	nop; delay slot nop
  754  000017a8          	L3_LF2:
  755  000017a8  20010001	addi	r1,r0,#1
  756  000017ac          	L2_LF2:
  757  000017ac  08000004	j	L1_LF2
  758  000017b0  54000000	nop; delay slot nop
  759  000017b4          	L1_LF2:
  760  000017b4  8fa20000	lw	r2,0(r29)
  761  000017b8  8fa30004	lw	r3,4(r29)
  762  000017bc  8fa40008	lw	r4,8(r29)
  763  000017c0  8fdffff8	lw	r31,-8(r30)
  764  000017c4  001ee820	add	r29,r0,r30
  765  000017c8  8fdefffc	lw	r30,-4(r30)
  766  000017cc  4be00000	jr	r31
  767  000017d0  54000000	nop
  768  000017d4          	.endproc _isspace
  769  000017d4          	.align 2
  770  000017d4          	.proc _isxdigit
  771  000017d4          	.global _isxdigit
  772  000017d4          	_isxdigit:
  773                      ;  Function 'isxdigit'; 0 bytes of locals, 3 regs to save.
  774  000017d4  afbefffc	sw	-4(r29),r30; push fp
  775  000017d8  001df020	add	r30,r0,r29; fp = sp
  776  000017dc  afbffff8	sw	-8(r29),r31; push ret addr
  777  000017e0  2fbd0018	subui	r29,r29,#24; alloc local storage
  778  000017e4  afa20000	sw	0(r29),r2
  779  000017e8  afa30004	sw	4(r29),r3
  780  000017ec  afa40008	sw	8(r29),r4
  781  000017f0  83c20003	lb	r2,3(r30)
  782  000017f4  20010000	addi	r1,r0,#0
  783  000017f8  304300ff	andi	r3,r2,#0x00ff
  784  000017fc  6c64002f	sgtui	r4,r3,#47
  785  00001800  1080001c	beqz	r4,L7_LF2
  786  00001804  54000000	nop; delay slot nop
  787  00001808  304300ff	andi	r3,r2,#0x00ff
  788  0000180c  70640039	sleui	r4,r3,#57
  789  00001810  1480005c	bnez	r4,L6_LF2
  790  00001814  54000000	nop; delay slot nop
  791  00001818  08000004	j	L7_LF2
  792  0000181c  54000000	nop; delay slot nop
  793  00001820          	L7_LF2:
  794  00001820  304300ff	andi	r3,r2,#0x00ff
  795  00001824  6c640060	sgtui	r4,r3,#96
  796  00001828  1080001c	beqz	r4,L8_LF2
  797  0000182c  54000000	nop; delay slot nop
  798  00001830  304300ff	andi	r3,r2,#0x00ff
  799  00001834  70640066	sleui	r4,r3,#102
  800  00001838  14800034	bnez	r4,L6_LF2
  801  0000183c  54000000	nop; delay slot nop
  802  00001840  08000004	j	L8_LF2
  803  00001844  54000000	nop; delay slot nop
  804  00001848          	L8_LF2:
  805  00001848  304300ff	andi	r3,r2,#0x00ff
  806  0000184c  6c640040	sgtui	r4,r3,#64
  807  00001850  10800020	beqz	r4,L5_LF2
  808  00001854  54000000	nop; delay slot nop
  809  00001858  304300ff	andi	r3,r2,#0x00ff
  810  0000185c  70640041	sleui	r4,r3,#65
  811  00001860  1480000c	bnez	r4,L6_LF2
  812  00001864  54000000	nop; delay slot nop
  813  00001868  08000008	j	L5_LF2
  814  0000186c  54000000	nop; delay slot nop
  815  00001870          	L6_LF2:
  816  00001870  20010001	addi	r1,r0,#1
  817  00001874          	L5_LF2:
  818  00001874  08000004	j	L4_LF2
  819  00001878  54000000	nop; delay slot nop
  820  0000187c          	L4_LF2:
  821  0000187c  8fa20000	lw	r2,0(r29)
  822  00001880  8fa30004	lw	r3,4(r29)
  823  00001884  8fa40008	lw	r4,8(r29)
  824  00001888  8fdffff8	lw	r31,-8(r30)
  825  0000188c  001ee820	add	r29,r0,r30
  826  00001890  8fdefffc	lw	r30,-4(r30)
  827  00001894  4be00000	jr	r31
  828  00001898  54000000	nop
  829  0000189c          	.endproc _isxdigit
  830  0000189c          	.align 2
  831  0000189c          	.proc _dstrcpy
  832  0000189c          	.global _dstrcpy
  833  0000189c          	_dstrcpy:
  834                      ;  Function 'dstrcpy'; 8 bytes of locals, 2 regs to save.
  835  0000189c  afbefffc	sw	-4(r29),r30; push fp
  836  000018a0  001df020	add	r30,r0,r29; fp = sp
  837  000018a4  afbffff8	sw	-8(r29),r31; push ret addr
  838  000018a8  2fbd0018	subui	r29,r29,#24; alloc local storage
  839  000018ac  afa20000	sw	0(r29),r2
  840  000018b0  afa30004	sw	4(r29),r3
  841  000018b4  8fc10000	lw	r1,(r30)
  842  000018b8  afc1fff4	sw	-12(r30),r1
  843  000018bc          	L10_LF2:
  844  000018bc  8fc10000	lw	r1,(r30)
  845  000018c0  20220001	addi	r2,r1,#1
  846  000018c4  afc20000	sw	(r30),r2
  847  000018c8  8fc20004	lw	r2,4(r30)
  848  000018cc  20430001	addi	r3,r2,#1
  849  000018d0  afc30004	sw	4(r30),r3
  850  000018d4  80420000	lb	r2,(r2)
  851  000018d8  a0220000	sb	(r1),r2
  852  000018dc  a3c2fff3	sb	-13(r30),r2
  853  000018e0          	L12_LF2:
  854  000018e0  93c1fff3	lbu	r1,-13(r30)
  855  000018e4  64220000	snei	r2,r1,#0
  856  000018e8  1440000c	bnez	r2,L13_LF2
  857  000018ec  54000000	nop; delay slot nop
  858  000018f0  0800000c	j	L11_LF2
  859  000018f4  54000000	nop; delay slot nop
  860  000018f8          	L13_LF2:
  861  000018f8  0bffffc0	j	L10_LF2
  862  000018fc  54000000	nop; delay slot nop
  863  00001900          	L11_LF2:
  864  00001900  8fc1fff4	lw	r1,-12(r30)
  865  00001904  08000004	j	L9_LF2
  866  00001908  54000000	nop; delay slot nop
  867  0000190c          	L9_LF2:
  868  0000190c  8fa20000	lw	r2,0(r29)
  869  00001910  8fa30004	lw	r3,4(r29)
  870  00001914  8fdffff8	lw	r31,-8(r30)
  871  00001918  001ee820	add	r29,r0,r30
  872  0000191c  8fdefffc	lw	r30,-4(r30)
  873  00001920  4be00000	jr	r31
  874  00001924  54000000	nop
  875  00001928          	.endproc _dstrcpy
  876  00001928          	.align 2
  877  00001928          	.proc _dstrncpy
  878  00001928          	.global _dstrncpy
  879  00001928          	_dstrncpy:
  880                      ;  Function 'dstrncpy'; 8 bytes of locals, 2 regs to save.
  881  00001928  afbefffc	sw	-4(r29),r30; push fp
  882  0000192c  001df020	add	r30,r0,r29; fp = sp
  883  00001930  afbffff8	sw	-8(r29),r31; push ret addr
  884  00001934  2fbd0018	subui	r29,r29,#24; alloc local storage
  885  00001938  afa20000	sw	0(r29),r2
  886  0000193c  afa30004	sw	4(r29),r3
  887  00001940  8fc10000	lw	r1,(r30)
  888  00001944  afc1fff4	sw	-12(r30),r1
  889  00001948          	L15_LF2:
  890  00001948  8fc10008	lw	r1,8(r30)
  891  0000194c  2022ffff	addi	r2,r1,#-1
  892  00001950  afc20008	sw	8(r30),r2
  893  00001954  70210000	slei	r1,r1,#0
  894  00001958  1020000c	beqz	r1,L18_LF2
  895  0000195c  54000000	nop; delay slot nop
  896  00001960  08000048	j	L16_LF2
  897  00001964  54000000	nop; delay slot nop
  898  00001968          	L18_LF2:
  899  00001968  8fc10000	lw	r1,(r30)
  900  0000196c  20220001	addi	r2,r1,#1
  901  00001970  afc20000	sw	(r30),r2
  902  00001974  8fc20004	lw	r2,4(r30)
  903  00001978  20430001	addi	r3,r2,#1
  904  0000197c  afc30004	sw	4(r30),r3
  905  00001980  80420000	lb	r2,(r2)
  906  00001984  a0220000	sb	(r1),r2
  907  00001988  a3c2fff3	sb	-13(r30),r2
  908  0000198c          	L17_LF2:
  909  0000198c  93c1fff3	lbu	r1,-13(r30)
  910  00001990  64220000	snei	r2,r1,#0
  911  00001994  1440000c	bnez	r2,L19_LF2
  912  00001998  54000000	nop; delay slot nop
  913  0000199c  0800000c	j	L16_LF2
  914  000019a0  54000000	nop; delay slot nop
  915  000019a4          	L19_LF2:
  916  000019a4  0bffffa0	j	L15_LF2
  917  000019a8  54000000	nop; delay slot nop
  918  000019ac          	L16_LF2:
  919  000019ac  8fc1fff4	lw	r1,-12(r30)
  920  000019b0  08000004	j	L14_LF2
  921  000019b4  54000000	nop; delay slot nop
  922  000019b8          	L14_LF2:
  923  000019b8  8fa20000	lw	r2,0(r29)
  924  000019bc  8fa30004	lw	r3,4(r29)
  925  000019c0  8fdffff8	lw	r31,-8(r30)
  926  000019c4  001ee820	add	r29,r0,r30
  927  000019c8  8fdefffc	lw	r30,-4(r30)
  928  000019cc  4be00000	jr	r31
  929  000019d0  54000000	nop
  930  000019d4          	.endproc _dstrncpy
  931  000019d4          	.align 2
  932  000019d4          	.proc _dstrcat
  933  000019d4          	.global _dstrcat
  934  000019d4          	_dstrcat:
  935                      ;  Function 'dstrcat'; 8 bytes of locals, 1 regs to save.
  936  000019d4  afbefffc	sw	-4(r29),r30; push fp
  937  000019d8  001df020	add	r30,r0,r29; fp = sp
  938  000019dc  afbffff8	sw	-8(r29),r31; push ret addr
  939  000019e0  2fbd0018	subui	r29,r29,#24; alloc local storage
  940  000019e4  afa20000	sw	0(r29),r2
  941  000019e8  8fc10000	lw	r1,(r30)
  942  000019ec  afc1fff4	sw	-12(r30),r1
  943  000019f0          	L21_LF2:
  944  000019f0  8fc10000	lw	r1,(r30)
  945  000019f4  90220000	lbu	r2,(r1)
  946  000019f8  64410000	snei	r1,r2,#0
  947  000019fc  1420000c	bnez	r1,L23_LF2
  948  00001a00  54000000	nop; delay slot nop
  949  00001a04  0800001c	j	L22_LF2
  950  00001a08  54000000	nop; delay slot nop
  951  00001a0c          	L23_LF2:
  952  00001a0c  8fc20000	lw	r2,(r30)
  953  00001a10  20410001	addi	r1,r2,#1
  954  00001a14  00011020	add	r2,r0,r1
  955  00001a18  afc20000	sw	(r30),r2
  956  00001a1c  0bffffd0	j	L21_LF2
  957  00001a20  54000000	nop; delay slot nop
  958  00001a24          	L22_LF2:
  959  00001a24  23bdfff8	addi	r29,r29,#-8
  960  00001a28  001d0820	add	r1,r0,r29
  961  00001a2c  8fc20000	lw	r2,(r30)
  962  00001a30  ac220000	sw	(r1),r2
  963  00001a34  8fc20004	lw	r2,4(r30)
  964  00001a38  ac220004	sw	4(r1),r2
  965  00001a3c  0ffffe5c	jal	_dstrcpy
  966  00001a40  54000000	nop; delay slot nop
  967  00001a44  23bd0008	addi	r29,r29,#8
  968  00001a48  8fc1fff4	lw	r1,-12(r30)
  969  00001a4c  08000004	j	L20_LF2
  970  00001a50  54000000	nop; delay slot nop
  971  00001a54          	L20_LF2:
  972  00001a54  8fa20000	lw	r2,0(r29)
  973  00001a58  8fdffff8	lw	r31,-8(r30)
  974  00001a5c  001ee820	add	r29,r0,r30
  975  00001a60  8fdefffc	lw	r30,-4(r30)
  976  00001a64  4be00000	jr	r31
  977  00001a68  54000000	nop
  978  00001a6c          	.endproc _dstrcat
  979  00001a6c          	.align 2
  980  00001a6c          	.proc _dstrncmp
  981  00001a6c          	.global _dstrncmp
  982  00001a6c          	_dstrncmp:
  983                      ;  Function 'dstrncmp'; 8 bytes of locals, 2 regs to save.
  984  00001a6c  afbefffc	sw	-4(r29),r30; push fp
  985  00001a70  001df020	add	r30,r0,r29; fp = sp
  986  00001a74  afbffff8	sw	-8(r29),r31; push ret addr
  987  00001a78  2fbd0018	subui	r29,r29,#24; alloc local storage
  988  00001a7c  afa20000	sw	0(r29),r2
  989  00001a80  afa30004	sw	4(r29),r3
  990  00001a84  54000000	nop
  991  00001a88  20010000	addi	r1,r0,#0
  992  00001a8c  afc1fff4	sw	-12(r30),r1
  993  00001a90          	L25_LF2:
  994  00001a90  8fc1fff4	lw	r1,-12(r30)
  995  00001a94  8fc20008	lw	r2,8(r30)
  996  00001a98  0022082a	slt	r1,r1,r2
  997  00001a9c  1420000c	bnez	r1,L28_LF2
  998  00001aa0  54000000	nop; delay slot nop
  999  00001aa4  08000088	j	L26_LF2
 1000  00001aa8  54000000	nop; delay slot nop
 1001  00001aac          	L28_LF2:
 1002  00001aac  8fc10004	lw	r1,4(r30)
 1003  00001ab0  90220000	lbu	r2,(r1)
 1004  00001ab4  64410000	snei	r1,r2,#0
 1005  00001ab8  14200018	bnez	r1,L29_LF2
 1006  00001abc  54000000	nop; delay slot nop
 1007  00001ac0  20010000	addi	r1,r0,#0
 1008  00001ac4  080000d8	j	L24_LF2
 1009  00001ac8  54000000	nop; delay slot nop
 1010  00001acc  08000028	j	L30_LF2
 1011  00001ad0  54000000	nop; delay slot nop
 1012  00001ad4          	L29_LF2:
 1013  00001ad4  8fc10000	lw	r1,(r30)
 1014  00001ad8  8fc20004	lw	r2,4(r30)
 1015  00001adc  90210000	lbu	r1,(r1)
 1016  00001ae0  90420000	lbu	r2,(r2)
 1017  00001ae4  00220829	sne	r1,r1,r2
 1018  00001ae8  1020000c	beqz	r1,L30_LF2
 1019  00001aec  54000000	nop; delay slot nop
 1020  00001af0  0800003c	j	L26_LF2
 1021  00001af4  54000000	nop; delay slot nop
 1022  00001af8          	L31_LF2:
 1023  00001af8          	L30_LF2:
 1024  00001af8  8fc20000	lw	r2,(r30)
 1025  00001afc  20410001	addi	r1,r2,#1
 1026  00001b00  00011020	add	r2,r0,r1
 1027  00001b04  afc20000	sw	(r30),r2
 1028  00001b08  8fc20004	lw	r2,4(r30)
 1029  00001b0c  20410001	addi	r1,r2,#1
 1030  00001b10  00011020	add	r2,r0,r1
 1031  00001b14  afc20004	sw	4(r30),r2
 1032  00001b18          	L27_LF2:
 1033  00001b18  8fc2fff4	lw	r2,-12(r30)
 1034  00001b1c  20410001	addi	r1,r2,#1
 1035  00001b20  00011020	add	r2,r0,r1
 1036  00001b24  afc2fff4	sw	-12(r30),r2
 1037  00001b28  0bffff64	j	L25_LF2
 1038  00001b2c  54000000	nop; delay slot nop
 1039  00001b30          	L26_LF2:
 1040  00001b30  8fc1fff4	lw	r1,-12(r30)
 1041  00001b34  8fc20008	lw	r2,8(r30)
 1042  00001b38  00220828	seq	r1,r1,r2
 1043  00001b3c  10200018	beqz	r1,L32_LF2
 1044  00001b40  54000000	nop; delay slot nop
 1045  00001b44  20010000	addi	r1,r0,#0
 1046  00001b48  08000054	j	L24_LF2
 1047  00001b4c  54000000	nop; delay slot nop
 1048  00001b50  0800004c	j	L33_LF2
 1049  00001b54  54000000	nop; delay slot nop
 1050  00001b58          	L32_LF2:
 1051  00001b58  8fc20000	lw	r2,(r30)
 1052  00001b5c  90410000	lbu	r1,(r2)
 1053  00001b60  8fc20004	lw	r2,4(r30)
 1054  00001b64  90430000	lbu	r3,(r2)
 1055  00001b68  00230822	sub	r1,r1,r3
 1056  00001b6c  74220000	sgei	r2,r1,#0
 1057  00001b70  10400020	beqz	r2,L34_LF2
 1058  00001b74  54000000	nop; delay slot nop
 1059  00001b78  8fc10000	lw	r1,(r30)
 1060  00001b7c  8fc20004	lw	r2,4(r30)
 1061  00001b80  90210000	lbu	r1,(r1)
 1062  00001b84  90420000	lbu	r2,(r2)
 1063  00001b88  00220829	sne	r1,r1,r2
 1064  00001b8c  08000008	j	L35_LF2
 1065  00001b90  54000000	nop; delay slot nop
 1066  00001b94          	L34_LF2:
 1067  00001b94  2001ffff	addi	r1,r0,#-1
 1068  00001b98          	L35_LF2:
 1069  00001b98  08000004	j	L24_LF2
 1070  00001b9c  54000000	nop; delay slot nop
 1071  00001ba0          	L33_LF2:
 1072  00001ba0          	L24_LF2:
 1073  00001ba0  8fa20000	lw	r2,0(r29)
 1074  00001ba4  8fa30004	lw	r3,4(r29)
 1075  00001ba8  8fdffff8	lw	r31,-8(r30)
 1076  00001bac  001ee820	add	r29,r0,r30
 1077  00001bb0  8fdefffc	lw	r30,-4(r30)
 1078  00001bb4  4be00000	jr	r31
 1079  00001bb8  54000000	nop
 1080  00001bbc          	.endproc _dstrncmp
 1081  00001bbc          	.align 2
 1082  00001bbc          	.proc _dstrlen
 1083  00001bbc          	.global _dstrlen
 1084  00001bbc          	_dstrlen:
 1085                      ;  Function 'dstrlen'; 8 bytes of locals, 1 regs to save.
 1086  00001bbc  afbefffc	sw	-4(r29),r30; push fp
 1087  00001bc0  001df020	add	r30,r0,r29; fp = sp
 1088  00001bc4  afbffff8	sw	-8(r29),r31; push ret addr
 1089  00001bc8  2fbd0018	subui	r29,r29,#24; alloc local storage
 1090  00001bcc  afa20000	sw	0(r29),r2
 1091  00001bd0  20010000	addi	r1,r0,#0
 1092  00001bd4  afc1fff4	sw	-12(r30),r1
 1093  00001bd8          	L37_LF2:
 1094  00001bd8  8fc10000	lw	r1,(r30)
 1095  00001bdc  20220001	addi	r2,r1,#1
 1096  00001be0  afc20000	sw	(r30),r2
 1097  00001be4  90210000	lbu	r1,(r1)
 1098  00001be8  64220000	snei	r2,r1,#0
 1099  00001bec  1440000c	bnez	r2,L39_LF2
 1100  00001bf0  54000000	nop; delay slot nop
 1101  00001bf4  0800001c	j	L38_LF2
 1102  00001bf8  54000000	nop; delay slot nop
 1103  00001bfc          	L39_LF2:
 1104  00001bfc  8fc2fff4	lw	r2,-12(r30)
 1105  00001c00  20410001	addi	r1,r2,#1
 1106  00001c04  00011020	add	r2,r0,r1
 1107  00001c08  afc2fff4	sw	-12(r30),r2
 1108  00001c0c  0bffffc8	j	L37_LF2
 1109  00001c10  54000000	nop; delay slot nop
 1110  00001c14          	L38_LF2:
 1111  00001c14  8fc1fff4	lw	r1,-12(r30)
 1112  00001c18  08000004	j	L36_LF2
 1113  00001c1c  54000000	nop; delay slot nop
 1114  00001c20          	L36_LF2:
 1115  00001c20  8fa20000	lw	r2,0(r29)
 1116  00001c24  8fdffff8	lw	r31,-8(r30)
 1117  00001c28  001ee820	add	r29,r0,r30
 1118  00001c2c  8fdefffc	lw	r30,-4(r30)
 1119  00001c30  4be00000	jr	r31
 1120  00001c34  54000000	nop
 1121  00001c38          	.endproc _dstrlen
 1122  00001c38          	.align 2
 1123  00001c38          	.proc _dstrstr
 1124  00001c38          	.global _dstrstr
 1125  00001c38          	_dstrstr:
 1126                      ;  Function 'dstrstr'; 8 bytes of locals, 1 regs to save.
 1127  00001c38  afbefffc	sw	-4(r29),r30; push fp
 1128  00001c3c  001df020	add	r30,r0,r29; fp = sp
 1129  00001c40  afbffff8	sw	-8(r29),r31; push ret addr
 1130  00001c44  2fbd0018	subui	r29,r29,#24; alloc local storage
 1131  00001c48  afa20000	sw	0(r29),r2
 1132  00001c4c  23bdfff8	addi	r29,r29,#-8
 1133  00001c50  001d0820	add	r1,r0,r29
 1134  00001c54  8fc20004	lw	r2,4(r30)
 1135  00001c58  ac220000	sw	(r1),r2
 1136  00001c5c  0fffff5c	jal	_dstrlen
 1137  00001c60  54000000	nop; delay slot nop
 1138  00001c64  23bd0008	addi	r29,r29,#8
 1139  00001c68  afc1fff4	sw	-12(r30),r1
 1140  00001c6c          	L41_LF2:
 1141  00001c6c  8fc10000	lw	r1,(r30)
 1142  00001c70  90220000	lbu	r2,(r1)
 1143  00001c74  64410000	snei	r1,r2,#0
 1144  00001c78  1420000c	bnez	r1,L43_LF2
 1145  00001c7c  54000000	nop; delay slot nop
 1146  00001c80  08000060	j	L42_LF2
 1147  00001c84  54000000	nop; delay slot nop
 1148  00001c88          	L43_LF2:
 1149  00001c88  23bdfff0	addi	r29,r29,#-16
 1150  00001c8c  001d0820	add	r1,r0,r29
 1151  00001c90  8fc20000	lw	r2,(r30)
 1152  00001c94  ac220000	sw	(r1),r2
 1153  00001c98  8fc20004	lw	r2,4(r30)
 1154  00001c9c  ac220004	sw	4(r1),r2
 1155  00001ca0  8fc2fff4	lw	r2,-12(r30)
 1156  00001ca4  ac220008	sw	8(r1),r2
 1157  00001ca8  0ffffdc0	jal	_dstrncmp
 1158  00001cac  54000000	nop; delay slot nop
 1159  00001cb0  23bd0010	addi	r29,r29,#16
 1160  00001cb4  64220000	snei	r2,r1,#0
 1161  00001cb8  14400010	bnez	r2,L44_LF2
 1162  00001cbc  54000000	nop; delay slot nop
 1163  00001cc0  8fc10000	lw	r1,(r30)
 1164  00001cc4  08000028	j	L40_LF2
 1165  00001cc8  54000000	nop; delay slot nop
 1166  00001ccc          	L44_LF2:
 1167  00001ccc  8fc20000	lw	r2,(r30)
 1168  00001cd0  20410001	addi	r1,r2,#1
 1169  00001cd4  00011020	add	r2,r0,r1
 1170  00001cd8  afc20000	sw	(r30),r2
 1171  00001cdc  0bffff8c	j	L41_LF2
 1172  00001ce0  54000000	nop; delay slot nop
 1173  00001ce4          	L42_LF2:
 1174  00001ce4  20010000	addi	r1,r0,#0
 1175  00001ce8  08000004	j	L40_LF2
 1176  00001cec  54000000	nop; delay slot nop
 1177  00001cf0          	L40_LF2:
 1178  00001cf0  8fa20000	lw	r2,0(r29)
 1179  00001cf4  8fdffff8	lw	r31,-8(r30)
 1180  00001cf8  001ee820	add	r29,r0,r30
 1181  00001cfc  8fdefffc	lw	r30,-4(r30)
 1182  00001d00  4be00000	jr	r31
 1183  00001d04  54000000	nop
 1184  00001d08          	.endproc _dstrstr
 1185  00001d08          	.align 2
 1186  00001d08          	.proc _dmindex
 1187  00001d08          	.global _dmindex
 1188  00001d08          	_dmindex:
 1189                      ;  Function 'dmindex'; 8 bytes of locals, 1 regs to save.
 1190  00001d08  afbefffc	sw	-4(r29),r30; push fp
 1191  00001d0c  001df020	add	r30,r0,r29; fp = sp
 1192  00001d10  afbffff8	sw	-8(r29),r31; push ret addr
 1193  00001d14  2fbd0018	subui	r29,r29,#24; alloc local storage
 1194  00001d18  afa20000	sw	0(r29),r2
 1195  00001d1c  54000000	nop
 1196  00001d20          	L46_LF2:
 1197  00001d20  8fc10000	lw	r1,(r30)
 1198  00001d24  90220000	lbu	r2,(r1)
 1199  00001d28  64410000	snei	r1,r2,#0
 1200  00001d2c  1420000c	bnez	r1,L48_LF2
 1201  00001d30  54000000	nop; delay slot nop
 1202  00001d34  08000070	j	L47_LF2
 1203  00001d38  54000000	nop; delay slot nop
 1204  00001d3c          	L48_LF2:
 1205  00001d3c  8fc10004	lw	r1,4(r30)
 1206  00001d40  afc1fff4	sw	-12(r30),r1
 1207  00001d44          	L49_LF2:
 1208  00001d44  8fc1fff4	lw	r1,-12(r30)
 1209  00001d48  90220000	lbu	r2,(r1)
 1210  00001d4c  64410000	snei	r1,r2,#0
 1211  00001d50  1420000c	bnez	r1,L52_LF2
 1212  00001d54  54000000	nop; delay slot nop
 1213  00001d58  08000044	j	L50_LF2
 1214  00001d5c  54000000	nop; delay slot nop
 1215  00001d60          	L52_LF2:
 1216  00001d60  8fc10000	lw	r1,(r30)
 1217  00001d64  8fc2fff4	lw	r2,-12(r30)
 1218  00001d68  90210000	lbu	r1,(r1)
 1219  00001d6c  90420000	lbu	r2,(r2)
 1220  00001d70  00220828	seq	r1,r1,r2
 1221  00001d74  10200010	beqz	r1,L51_LF2
 1222  00001d78  54000000	nop; delay slot nop
 1223  00001d7c  8fc10000	lw	r1,(r30)
 1224  00001d80  08000030	j	L45_LF2
 1225  00001d84  54000000	nop; delay slot nop
 1226  00001d88          	L53_LF2:
 1227  00001d88          	L51_LF2:
 1228  00001d88  8fc2fff4	lw	r2,-12(r30)
 1229  00001d8c  20410001	addi	r1,r2,#1
 1230  00001d90  00011020	add	r2,r0,r1
 1231  00001d94  afc2fff4	sw	-12(r30),r2
 1232  00001d98  0bffffa8	j	L49_LF2
 1233  00001d9c  54000000	nop; delay slot nop
 1234  00001da0          	L50_LF2:
 1235  00001da0  0bffff7c	j	L46_LF2
 1236  00001da4  54000000	nop; delay slot nop
 1237  00001da8          	L47_LF2:
 1238  00001da8  20010000	addi	r1,r0,#0
 1239  00001dac  08000004	j	L45_LF2
 1240  00001db0  54000000	nop; delay slot nop
 1241  00001db4          	L45_LF2:
 1242  00001db4  8fa20000	lw	r2,0(r29)
 1243  00001db8  8fdffff8	lw	r31,-8(r30)
 1244  00001dbc  001ee820	add	r29,r0,r30
 1245  00001dc0  8fdefffc	lw	r30,-4(r30)
 1246  00001dc4  4be00000	jr	r31
 1247  00001dc8  54000000	nop
 1248  00001dcc          	.endproc _dmindex
 1249  00001dcc          	.align 2
 1250  00001dcc          	.proc _dindex
 1251  00001dcc          	.global _dindex
 1252  00001dcc          	_dindex:
 1253                      ;  Function 'dindex'; 0 bytes of locals, 1 regs to save.
 1254  00001dcc  afbefffc	sw	-4(r29),r30; push fp
 1255  00001dd0  001df020	add	r30,r0,r29; fp = sp
 1256  00001dd4  afbffff8	sw	-8(r29),r31; push ret addr
 1257  00001dd8  2fbd0010	subui	r29,r29,#16; alloc local storage
 1258  00001ddc  afa20000	sw	0(r29),r2
 1259  00001de0  54000000	nop
 1260  00001de4          	L55_LF2:
 1261  00001de4  8fc10000	lw	r1,(r30)
 1262  00001de8  90220000	lbu	r2,(r1)
 1263  00001dec  64410000	snei	r1,r2,#0
 1264  00001df0  1420000c	bnez	r1,L57_LF2
 1265  00001df4  54000000	nop; delay slot nop
 1266  00001df8  08000040	j	L56_LF2
 1267  00001dfc  54000000	nop; delay slot nop
 1268  00001e00          	L57_LF2:
 1269  00001e00  8fc10000	lw	r1,(r30)
 1270  00001e04  90220000	lbu	r2,(r1)
 1271  00001e08  8fc10004	lw	r1,4(r30)
 1272  00001e0c  00411028	seq	r2,r2,r1
 1273  00001e10  10400010	beqz	r2,L58_LF2
 1274  00001e14  54000000	nop; delay slot nop
 1275  00001e18  8fc10000	lw	r1,(r30)
 1276  00001e1c  08000028	j	L54_LF2
 1277  00001e20  54000000	nop; delay slot nop
 1278  00001e24          	L58_LF2:
 1279  00001e24  8fc20000	lw	r2,(r30)
 1280  00001e28  20410001	addi	r1,r2,#1
 1281  00001e2c  00011020	add	r2,r0,r1
 1282  00001e30  afc20000	sw	(r30),r2
 1283  00001e34  0bffffac	j	L55_LF2
 1284  00001e38  54000000	nop; delay slot nop
 1285  00001e3c          	L56_LF2:
 1286  00001e3c  20010000	addi	r1,r0,#0
 1287  00001e40  08000004	j	L54_LF2
 1288  00001e44  54000000	nop; delay slot nop
 1289  00001e48          	L54_LF2:
 1290  00001e48  8fa20000	lw	r2,0(r29)
 1291  00001e4c  8fdffff8	lw	r31,-8(r30)
 1292  00001e50  001ee820	add	r29,r0,r30
 1293  00001e54  8fdefffc	lw	r30,-4(r30)
 1294  00001e58  4be00000	jr	r31
 1295  00001e5c  54000000	nop
 1296  00001e60          	.endproc _dindex
 1297  00001e60          	.align 2
 1298  00001e60          	.proc _ditoa
 1299  00001e60          	.global _ditoa
 1300  00001e60          	_ditoa:
 1301                      ;  Function 'ditoa'; 8 bytes of locals, 2 regs to save.
 1302  00001e60  afbefffc	sw	-4(r29),r30; push fp
 1303  00001e64  001df020	add	r30,r0,r29; fp = sp
 1304  00001e68  afbffff8	sw	-8(r29),r31; push ret addr
 1305  00001e6c  2fbd0018	subui	r29,r29,#24; alloc local storage
 1306  00001e70  afa20000	sw	0(r29),r2
 1307  00001e74  afa30004	sw	4(r29),r3
 1308  00001e78  8fc10000	lw	r1,(r30)
 1309  00001e7c  68220000	slti	r2,r1,#0
 1310  00001e80  1040002c	beqz	r2,L60_LF2
 1311  00001e84  54000000	nop; delay slot nop
 1312  00001e88  8fc10004	lw	r1,4(r30)
 1313  00001e8c  20220001	addi	r2,r1,#1
 1314  00001e90  afc20004	sw	4(r30),r2
 1315  00001e94  2002002d	addi	r2,r0,(#0x2d)&0xff
 1316  00001e98  a0220000	sb	(r1),r2
 1317  00001e9c  8fc10000	lw	r1,(r30)
 1318  00001ea0  00011022	sub	r2,r0,r1
 1319  00001ea4  afc20000	sw	(r30),r2
 1320  00001ea8  08000118	j	L61_LF2
 1321  00001eac  54000000	nop; delay slot nop
 1322  00001eb0          	L60_LF2:
 1323  00001eb0  8fc10000	lw	r1,(r30)
 1324  00001eb4  64220000	snei	r2,r1,#0
 1325  00001eb8  14400020	bnez	r2,L62_LF2
 1326  00001ebc  54000000	nop; delay slot nop
 1327  00001ec0  8fc10004	lw	r1,4(r30)
 1328  00001ec4  20220001	addi	r2,r1,#1
 1329  00001ec8  afc20004	sw	4(r30),r2
 1330  00001ecc  20020030	addi	r2,r0,(#0x30)&0xff
 1331  00001ed0  a0220000	sb	(r1),r2
 1332  00001ed4  080000ec	j	L61_LF2
 1333  00001ed8  54000000	nop; delay slot nop
 1334  00001edc          	L62_LF2:
 1335  00001edc  20010001	addi	r1,r0,#1
 1336  00001ee0  afc1fff4	sw	-12(r30),r1
 1337  00001ee4          	L64_LF2:
 1338  00001ee4  8fc1fff4	lw	r1,-12(r30)
 1339  00001ee8  8fc20000	lw	r2,(r30)
 1340  00001eec  0022082c	sle	r1,r1,r2
 1341  00001ef0  1420000c	bnez	r1,L66_LF2
 1342  00001ef4  54000000	nop; delay slot nop
 1343  00001ef8  08000024	j	L65_LF2
 1344  00001efc  54000000	nop; delay slot nop
 1345  00001f00          	L67_LF2:
 1346  00001f00          	L66_LF2:
 1347  00001f00  8fc1fff4	lw	r1,-12(r30)
 1348  00001f04  00011820	add	r3,r0,r1
 1349  00001f08  50620002	slli	r2,r3,#0x2
 1350  00001f0c  00411020	add	r2,r2,r1
 1351  00001f10  50410001	slli	r1,r2,#0x1
 1352  00001f14  afc1fff4	sw	-12(r30),r1
 1353  00001f18  0bffffc8	j	L64_LF2
 1354  00001f1c  54000000	nop; delay slot nop
 1355  00001f20          	L65_LF2:
 1356  00001f20  54000000	nop
 1357  00001f24          	L68_LF2:
 1358  00001f24  8fc1fff4	lw	r1,-12(r30)
 1359  00001f28  2002000a	addi	r2,r0,#10
 1360  00001f2c  00200035	movi2fp	f0,r1
 1361  00001f30  00400835	movi2fp	f1,r2
 1362  00001f34  0401000f	div	f0,f0,f1
 1363  00001f38  00000834	movfp2i	r1,f0
 1364  00001f3c  afc1fff4	sw	-12(r30),r1
 1365  00001f40  8fc10004	lw	r1,4(r30)
 1366  00001f44  20220001	addi	r2,r1,#1
 1367  00001f48  afc20004	sw	4(r30),r2
 1368  00001f4c  8fc20000	lw	r2,(r30)
 1369  00001f50  8fc3fff4	lw	r3,-12(r30)
 1370  00001f54  00400035	movi2fp	f0,r2
 1371  00001f58  00600835	movi2fp	f1,r3
 1372  00001f5c  0401000f	div	f0,f0,f1
 1373  00001f60  00001034	movfp2i	r2,f0
 1374  00001f64  00021820	add	r3,r0,r2
 1375  00001f68  20620030	addi	r2,r3,#48
 1376  00001f6c  a0220000	sb	(r1),r2
 1377  00001f70  8fc10000	lw	r1,(r30)
 1378  00001f74  8fc3fff4	lw	r3,-12(r30)
 1379  00001f78  00200035	movi2fp	f0,r1
 1380  00001f7c  00600835	movi2fp	f1,r3
 1381  00001f80  0401000f	div	f0,f0,f1
 1382  00001f84  00001034	movfp2i	r2,f0
 1383  00001f88  8fc3fff4	lw	r3,-12(r30)
 1384  00001f8c  00400035	movi2fp	f0,r2
 1385  00001f90  00600835	movi2fp	f1,r3
 1386  00001f94  0401000e	mult	f0,f0,f1
 1387  00001f98  00001034	movfp2i	r2,f0
 1388  00001f9c  00220822	sub	r1,r1,r2
 1389  00001fa0  afc10000	sw	(r30),r1
 1390  00001fa4          	L70_LF2:
 1391  00001fa4  8fc1fff4	lw	r1,-12(r30)
 1392  00001fa8  6c220001	sgti	r2,r1,#1
 1393  00001fac  1440000c	bnez	r2,L71_LF2
 1394  00001fb0  54000000	nop; delay slot nop
 1395  00001fb4  0800000c	j	L61_LF2
 1396  00001fb8  54000000	nop; delay slot nop
 1397  00001fbc          	L71_LF2:
 1398  00001fbc  0bffff64	j	L68_LF2
 1399  00001fc0  54000000	nop; delay slot nop
 1400  00001fc4          	L69_LF2:
 1401  00001fc4          	L63_LF2:
 1402  00001fc4          	L61_LF2:
 1403  00001fc4  8fc10004	lw	r1,4(r30)
 1404  00001fc8  20020000	addi	r2,r0,(#0x0)&0xff
 1405  00001fcc  a0220000	sb	(r1),r2
 1406  00001fd0          	L59_LF2:
 1407  00001fd0  8fa20000	lw	r2,0(r29)
 1408  00001fd4  8fa30004	lw	r3,4(r29)
 1409  00001fd8  8fdffff8	lw	r31,-8(r30)
 1410  00001fdc  001ee820	add	r29,r0,r30
 1411  00001fe0  8fdefffc	lw	r30,-4(r30)
 1412  00001fe4  4be00000	jr	r31
 1413  00001fe8  54000000	nop
 1414  00001fec          	.endproc _ditoa
 1415  00001fec          	.align 2
 1416  00001fec          	.proc _dstrtol
 1417  00001fec          	.global _dstrtol
 1418  00001fec          	_dstrtol:
 1419                      ;  Function 'dstrtol'; 16 bytes of locals, 1 regs to save.
 1420  00001fec  afbefffc	sw	-4(r29),r30; push fp
 1421  00001ff0  001df020	add	r30,r0,r29; fp = sp
 1422  00001ff4  afbffff8	sw	-8(r29),r31; push ret addr
 1423  00001ff8  2fbd0020	subui	r29,r29,#32; alloc local storage
 1424  00001ffc  afa20000	sw	0(r29),r2
 1425  00002000  20010000	addi	r1,r0,#0
 1426  00002004  afc1fff4	sw	-12(r30),r1
 1427  00002008          	L73_LF2:
 1428  00002008  8fc10000	lw	r1,(r30)
 1429  0000200c  90220000	lbu	r2,(r1)
 1430  00002010  60410020	seqi	r1,r2,#32
 1431  00002014  14200034	bnez	r1,L75_LF2
 1432  00002018  54000000	nop; delay slot nop
 1433  0000201c  8fc10000	lw	r1,(r30)
 1434  00002020  90220000	lbu	r2,(r1)
 1435  00002024  60410009	seqi	r1,r2,#9
 1436  00002028  14200020	bnez	r1,L75_LF2
 1437  0000202c  54000000	nop; delay slot nop
 1438  00002030  8fc10000	lw	r1,(r30)
 1439  00002034  90220000	lbu	r2,(r1)
 1440  00002038  6041000a	seqi	r1,r2,#10
 1441  0000203c  1420000c	bnez	r1,L75_LF2
 1442  00002040  54000000	nop; delay slot nop
 1443  00002044  0800001c	j	L74_LF2
 1444  00002048  54000000	nop; delay slot nop
 1445  0000204c          	L75_LF2:
 1446  0000204c  8fc20000	lw	r2,(r30)
 1447  00002050  20410001	addi	r1,r2,#1
 1448  00002054  00011020	add	r2,r0,r1
 1449  00002058  afc20000	sw	(r30),r2
 1450  0000205c  0bffffa8	j	L73_LF2
 1451  00002060  54000000	nop; delay slot nop
 1452  00002064          	L74_LF2:
 1453  00002064  8fc10004	lw	r1,4(r30)
 1454  00002068  64220000	snei	r2,r1,#0
 1455  0000206c  10400010	beqz	r2,L76_LF2
 1456  00002070  54000000	nop; delay slot nop
 1457  00002074  8fc10004	lw	r1,4(r30)
 1458  00002078  8fc20000	lw	r2,(r30)
 1459  0000207c  ac220000	sw	(r1),r2
 1460  00002080          	L76_LF2:
 1461  00002080  8fc10000	lw	r1,(r30)
 1462  00002084  90220000	lbu	r2,(r1)
 1463  00002088  64410000	snei	r1,r2,#0
 1464  0000208c  14200010	bnez	r1,L77_LF2
 1465  00002090  54000000	nop; delay slot nop
 1466  00002094  8fc1fff4	lw	r1,-12(r30)
 1467  00002098  08000294	j	L72_LF2
 1468  0000209c  54000000	nop; delay slot nop
 1469  000020a0          	L77_LF2:
 1470  000020a0  8fc10000	lw	r1,(r30)
 1471  000020a4  90220000	lbu	r2,(r1)
 1472  000020a8  6041002d	seqi	r1,r2,#45
 1473  000020ac  10200024	beqz	r1,L78_LF2
 1474  000020b0  54000000	nop; delay slot nop
 1475  000020b4  2001ffff	addi	r1,r0,#-1
 1476  000020b8  afc1ffec	sw	-20(r30),r1
 1477  000020bc  8fc20000	lw	r2,(r30)
 1478  000020c0  20410001	addi	r1,r2,#1
 1479  000020c4  00011020	add	r2,r0,r1
 1480  000020c8  afc20000	sw	(r30),r2
 1481  000020cc  0800000c	j	L79_LF2
 1482  000020d0  54000000	nop; delay slot nop
 1483  000020d4          	L78_LF2:
 1484  000020d4  20010001	addi	r1,r0,#1
 1485  000020d8  afc1ffec	sw	-20(r30),r1
 1486  000020dc          	L79_LF2:
 1487  000020dc  8fc10008	lw	r1,8(r30)
 1488  000020e0  64220000	snei	r2,r1,#0
 1489  000020e4  14400090	bnez	r2,L80_LF2
 1490  000020e8  54000000	nop; delay slot nop
 1491  000020ec  8fc10000	lw	r1,(r30)
 1492  000020f0  90220000	lbu	r2,(r1)
 1493  000020f4  60410030	seqi	r1,r2,#48
 1494  000020f8  10200074	beqz	r1,L81_LF2
 1495  000020fc  54000000	nop; delay slot nop
 1496  00002100  8fc20000	lw	r2,(r30)
 1497  00002104  20410001	addi	r1,r2,#1
 1498  00002108  00011020	add	r2,r0,r1
 1499  0000210c  afc20000	sw	(r30),r2
 1500  00002110  8fc10000	lw	r1,(r30)
 1501  00002114  90220000	lbu	r2,(r1)
 1502  00002118  60410078	seqi	r1,r2,#120
 1503  0000211c  14200020	bnez	r1,L83_LF2
 1504  00002120  54000000	nop; delay slot nop
 1505  00002124  8fc10000	lw	r1,(r30)
 1506  00002128  90220000	lbu	r2,(r1)
 1507  0000212c  60410058	seqi	r1,r2,#88
 1508  00002130  1420000c	bnez	r1,L83_LF2
 1509  00002134  54000000	nop; delay slot nop
 1510  00002138  08000024	j	L82_LF2
 1511  0000213c  54000000	nop; delay slot nop
 1512  00002140          	L83_LF2:
 1513  00002140  20010010	addi	r1,r0,#16
 1514  00002144  afc10008	sw	8(r30),r1
 1515  00002148  8fc20000	lw	r2,(r30)
 1516  0000214c  20410001	addi	r1,r2,#1
 1517  00002150  00011020	add	r2,r0,r1
 1518  00002154  afc20000	sw	(r30),r2
 1519  00002158  0800000c	j	L84_LF2
 1520  0000215c  54000000	nop; delay slot nop
 1521  00002160          	L82_LF2:
 1522  00002160  20010008	addi	r1,r0,#8
 1523  00002164  afc10008	sw	8(r30),r1
 1524  00002168          	L84_LF2:
 1525  00002168  0800000c	j	L80_LF2
 1526  0000216c  54000000	nop; delay slot nop
 1527  00002170          	L81_LF2:
 1528  00002170  2001000a	addi	r1,r0,#10
 1529  00002174  afc10008	sw	8(r30),r1
 1530  00002178          	L85_LF2:
 1531  00002178          	L80_LF2:
 1532  00002178  8fc10008	lw	r1,8(r30)
 1533  0000217c  70220000	slei	r2,r1,#0
 1534  00002180  1440001c	bnez	r2,L87_LF2
 1535  00002184  54000000	nop; delay slot nop
 1536  00002188  8fc10008	lw	r1,8(r30)
 1537  0000218c  6c220010	sgti	r2,r1,#16
 1538  00002190  1440000c	bnez	r2,L87_LF2
 1539  00002194  54000000	nop; delay slot nop
 1540  00002198  08000010	j	L86_LF2
 1541  0000219c  54000000	nop; delay slot nop
 1542  000021a0          	L87_LF2:
 1543  000021a0  8fc1fff4	lw	r1,-12(r30)
 1544  000021a4  08000188	j	L72_LF2
 1545  000021a8  54000000	nop; delay slot nop
 1546  000021ac          	L86_LF2:
 1547  000021ac  54000000	nop
 1548  000021b0          	L88_LF2:
 1549  000021b0  8fc10000	lw	r1,(r30)
 1550  000021b4  90220000	lbu	r2,(r1)
 1551  000021b8  6c41002f	sgtui	r1,r2,#47
 1552  000021bc  10200030	beqz	r1,L91_LF2
 1553  000021c0  54000000	nop; delay slot nop
 1554  000021c4  8fc10000	lw	r1,(r30)
 1555  000021c8  90220000	lbu	r2,(r1)
 1556  000021cc  70410039	sleui	r1,r2,#57
 1557  000021d0  1020001c	beqz	r1,L91_LF2
 1558  000021d4  54000000	nop; delay slot nop
 1559  000021d8  8fc10000	lw	r1,(r30)
 1560  000021dc  90220000	lbu	r2,(r1)
 1561  000021e0  2041ffd0	addi	r1,r2,#-48
 1562  000021e4  afc1fff0	sw	-16(r30),r1
 1563  000021e8  0800008c	j	L92_LF2
 1564  000021ec  54000000	nop; delay slot nop
 1565  000021f0          	L91_LF2:
 1566  000021f0  8fc10000	lw	r1,(r30)
 1567  000021f4  90220000	lbu	r2,(r1)
 1568  000021f8  6c410060	sgtui	r1,r2,#96
 1569  000021fc  10200030	beqz	r1,L93_LF2
 1570  00002200  54000000	nop; delay slot nop
 1571  00002204  8fc10000	lw	r1,(r30)
 1572  00002208  90220000	lbu	r2,(r1)
 1573  0000220c  7041007a	sleui	r1,r2,#122
 1574  00002210  1020001c	beqz	r1,L93_LF2
 1575  00002214  54000000	nop; delay slot nop
 1576  00002218  8fc10000	lw	r1,(r30)
 1577  0000221c  90220000	lbu	r2,(r1)
 1578  00002220  2041ffa9	addi	r1,r2,#-87
 1579  00002224  afc1fff0	sw	-16(r30),r1
 1580  00002228  0800004c	j	L92_LF2
 1581  0000222c  54000000	nop; delay slot nop
 1582  00002230          	L93_LF2:
 1583  00002230  8fc10000	lw	r1,(r30)
 1584  00002234  90220000	lbu	r2,(r1)
 1585  00002238  6c410040	sgtui	r1,r2,#64
 1586  0000223c  10200030	beqz	r1,L95_LF2
 1587  00002240  54000000	nop; delay slot nop
 1588  00002244  8fc10000	lw	r1,(r30)
 1589  00002248  90220000	lbu	r2,(r1)
 1590  0000224c  7041005a	sleui	r1,r2,#90
 1591  00002250  1020001c	beqz	r1,L95_LF2
 1592  00002254  54000000	nop; delay slot nop
 1593  00002258  8fc10000	lw	r1,(r30)
 1594  0000225c  90220000	lbu	r2,(r1)
 1595  00002260  2041ffc9	addi	r1,r2,#-55
 1596  00002264  afc1fff0	sw	-16(r30),r1
 1597  00002268  0800000c	j	L92_LF2
 1598  0000226c  54000000	nop; delay slot nop
 1599  00002270          	L95_LF2:
 1600  00002270  200103e8	addi	r1,r0,#1000
 1601  00002274  afc1fff0	sw	-16(r30),r1
 1602  00002278          	L96_LF2:
 1603  00002278          	L94_LF2:
 1604  00002278          	L92_LF2:
 1605  00002278  8fc1fff0	lw	r1,-16(r30)
 1606  0000227c  8fc20008	lw	r2,8(r30)
 1607  00002280  0022082a	slt	r1,r1,r2
 1608  00002284  10200040	beqz	r1,L90_LF2
 1609  00002288  54000000	nop; delay slot nop
 1610  0000228c  8fc1fff4	lw	r1,-12(r30)
 1611  00002290  8fc20008	lw	r2,8(r30)
 1612  00002294  00200035	movi2fp	f0,r1
 1613  00002298  00400835	movi2fp	f1,r2
 1614  0000229c  0401000e	mult	f0,f0,f1
 1615  000022a0  00000834	movfp2i	r1,f0
 1616  000022a4  afc1fff4	sw	-12(r30),r1
 1617  000022a8  8fc1fff4	lw	r1,-12(r30)
 1618  000022ac  8fc2fff0	lw	r2,-16(r30)
 1619  000022b0  00220820	add	r1,r1,r2
 1620  000022b4  afc1fff4	sw	-12(r30),r1
 1621  000022b8  8fc20000	lw	r2,(r30)
 1622  000022bc  20410001	addi	r1,r2,#1
 1623  000022c0  00011020	add	r2,r0,r1
 1624  000022c4  afc20000	sw	(r30),r2
 1625  000022c8          	L97_LF2:
 1626  000022c8          	L90_LF2:
 1627  000022c8  8fc1fff0	lw	r1,-16(r30)
 1628  000022cc  8fc20008	lw	r2,8(r30)
 1629  000022d0  0022082a	slt	r1,r1,r2
 1630  000022d4  1420000c	bnez	r1,L98_LF2
 1631  000022d8  54000000	nop; delay slot nop
 1632  000022dc  0800000c	j	L89_LF2
 1633  000022e0  54000000	nop; delay slot nop
 1634  000022e4          	L98_LF2:
 1635  000022e4  0bfffec8	j	L88_LF2
 1636  000022e8  54000000	nop; delay slot nop
 1637  000022ec          	L89_LF2:
 1638  000022ec  8fc10004	lw	r1,4(r30)
 1639  000022f0  64220000	snei	r2,r1,#0
 1640  000022f4  10400010	beqz	r2,L99_LF2
 1641  000022f8  54000000	nop; delay slot nop
 1642  000022fc  8fc10004	lw	r1,4(r30)
 1643  00002300  8fc20000	lw	r2,(r30)
 1644  00002304  ac220000	sw	(r1),r2
 1645  00002308          	L99_LF2:
 1646  00002308  8fc1fff4	lw	r1,-12(r30)
 1647  0000230c  8fc2ffec	lw	r2,-20(r30)
 1648  00002310  00200035	movi2fp	f0,r1
 1649  00002314  00400835	movi2fp	f1,r2
 1650  00002318  0401000e	mult	f0,f0,f1
 1651  0000231c  00000834	movfp2i	r1,f0
 1652  00002320  afc1fff4	sw	-12(r30),r1
 1653  00002324  8fc1fff4	lw	r1,-12(r30)
 1654  00002328  08000004	j	L72_LF2
 1655  0000232c  54000000	nop; delay slot nop
 1656  00002330          	L72_LF2:
 1657  00002330  8fa20000	lw	r2,0(r29)
 1658  00002334  8fdffff8	lw	r31,-8(r30)
 1659  00002338  001ee820	add	r29,r0,r30
 1660  0000233c  8fdefffc	lw	r30,-4(r30)
 1661  00002340  4be00000	jr	r31
 1662  00002344  54000000	nop
 1663  00002348          	.endproc _dstrtol
 1664  00002348          	.align 2
 1665  00002348          	.proc _bcopy
 1666  00002348          	.global _bcopy
 1667  00002348          	_bcopy:
 1668                      ;  Function 'bcopy'; 0 bytes of locals, 2 regs to save.
 1669  00002348  afbefffc	sw	-4(r29),r30; push fp
 1670  0000234c  001df020	add	r30,r0,r29; fp = sp
 1671  00002350  afbffff8	sw	-8(r29),r31; push ret addr
 1672  00002354  2fbd0010	subui	r29,r29,#16; alloc local storage
 1673  00002358  afa20000	sw	0(r29),r2
 1674  0000235c  afa30004	sw	4(r29),r3
 1675  00002360  54000000	nop
 1676  00002364          	L101_LF2:
 1677  00002364  8fc10008	lw	r1,8(r30)
 1678  00002368  2022ffff	addi	r2,r1,#-1
 1679  0000236c  afc20008	sw	8(r30),r2
 1680  00002370  6c210000	sgti	r1,r1,#0
 1681  00002374  1420000c	bnez	r1,L103_LF2
 1682  00002378  54000000	nop; delay slot nop
 1683  0000237c  0800002c	j	L102_LF2
 1684  00002380  54000000	nop; delay slot nop
 1685  00002384          	L103_LF2:
 1686  00002384  8fc10004	lw	r1,4(r30)
 1687  00002388  20220001	addi	r2,r1,#1
 1688  0000238c  afc20004	sw	4(r30),r2
 1689  00002390  8fc20000	lw	r2,(r30)
 1690  00002394  20430001	addi	r3,r2,#1
 1691  00002398  afc30000	sw	(r30),r3
 1692  0000239c  80420000	lb	r2,(r2)
 1693  000023a0  a0220000	sb	(r1),r2
 1694  000023a4  0bffffbc	j	L101_LF2
 1695  000023a8  54000000	nop; delay slot nop
 1696  000023ac          	L102_LF2:
 1697  000023ac          	L100_LF2:
 1698  000023ac  8fa20000	lw	r2,0(r29)
 1699  000023b0  8fa30004	lw	r3,4(r29)
 1700  000023b4  8fdffff8	lw	r31,-8(r30)
 1701  000023b8  001ee820	add	r29,r0,r30
 1702  000023bc  8fdefffc	lw	r30,-4(r30)
 1703  000023c0  4be00000	jr	r31
 1704  000023c4  54000000	nop
 1705  000023c8          	.endproc _bcopy
 1706  000023c8          	.align 2
 1707  000023c8          	.proc _bzero
 1708  000023c8          	.global _bzero
 1709  000023c8          	_bzero:
 1710                      ;  Function 'bzero'; 0 bytes of locals, 1 regs to save.
 1711  000023c8  afbefffc	sw	-4(r29),r30; push fp
 1712  000023cc  001df020	add	r30,r0,r29; fp = sp
 1713  000023d0  afbffff8	sw	-8(r29),r31; push ret addr
 1714  000023d4  2fbd0010	subui	r29,r29,#16; alloc local storage
 1715  000023d8  afa20000	sw	0(r29),r2
 1716  000023dc  54000000	nop
 1717  000023e0          	L105_LF2:
 1718  000023e0  8fc10004	lw	r1,4(r30)
 1719  000023e4  2022ffff	addi	r2,r1,#-1
 1720  000023e8  afc20004	sw	4(r30),r2
 1721  000023ec  6c210000	sgti	r1,r1,#0
 1722  000023f0  1420000c	bnez	r1,L107_LF2
 1723  000023f4  54000000	nop; delay slot nop
 1724  000023f8  08000020	j	L106_LF2
 1725  000023fc  54000000	nop; delay slot nop
 1726  00002400          	L107_LF2:
 1727  00002400  8fc10000	lw	r1,(r30)
 1728  00002404  20220001	addi	r2,r1,#1
 1729  00002408  afc20000	sw	(r30),r2
 1730  0000240c  20020000	addi	r2,r0,(#0x0)&0xff
 1731  00002410  a0220000	sb	(r1),r2
 1732  00002414  0bffffc8	j	L105_LF2
 1733  00002418  54000000	nop; delay slot nop
 1734  0000241c          	L106_LF2:
 1735  0000241c          	L104_LF2:
 1736  0000241c  8fa20000	lw	r2,0(r29)
 1737  00002420  8fdffff8	lw	r31,-8(r30)
 1738  00002424  001ee820	add	r29,r0,r30
 1739  00002428  8fdefffc	lw	r30,-4(r30)
 1740  0000242c  4be00000	jr	r31
 1741  00002430  54000000	nop
 1742  00002434          	.endproc _bzero
 1743  00002434          	.align 2
 1744  00002434          	.proc _min
 1745  00002434          	.global _min
 1746  00002434          	_min:
 1747                      ;  Function 'min'; 0 bytes of locals, 2 regs to save.
 1748  00002434  afbefffc	sw	-4(r29),r30; push fp
 1749  00002438  001df020	add	r30,r0,r29; fp = sp
 1750  0000243c  afbffff8	sw	-8(r29),r31; push ret addr
 1751  00002440  2fbd0010	subui	r29,r29,#16; alloc local storage
 1752  00002444  afa20000	sw	0(r29),r2
 1753  00002448  afa30004	sw	4(r29),r3
 1754  0000244c  8fc10000	lw	r1,(r30)
 1755  00002450  8fc20004	lw	r2,4(r30)
 1756  00002454  0022182c	sle	r3,r1,r2
 1757  00002458  14600008	bnez	r3,L109_LF2
 1758  0000245c  54000000	nop; delay slot nop
 1759  00002460  8fc10004	lw	r1,4(r30)
 1760  00002464          	L109_LF2:
 1761  00002464  08000004	j	L108_LF2
 1762  00002468  54000000	nop; delay slot nop
 1763  0000246c          	L108_LF2:
 1764  0000246c  8fa20000	lw	r2,0(r29)
 1765  00002470  8fa30004	lw	r3,4(r29)
 1766  00002474  8fdffff8	lw	r31,-8(r30)
 1767  00002478  001ee820	add	r29,r0,r30
 1768  0000247c  8fdefffc	lw	r30,-4(r30)
 1769  00002480  4be00000	jr	r31
 1770  00002484  54000000	nop
 1771  00002488          	.endproc _min
 1772  00002488          	.align 2
 1773  00002488          	.proc _max
 1774  00002488          	.global _max
 1775  00002488          	_max:
 1776                      ;  Function 'max'; 0 bytes of locals, 2 regs to save.
 1777  00002488  afbefffc	sw	-4(r29),r30; push fp
 1778  0000248c  001df020	add	r30,r0,r29; fp = sp
 1779  00002490  afbffff8	sw	-8(r29),r31; push ret addr
 1780  00002494  2fbd0010	subui	r29,r29,#16; alloc local storage
 1781  00002498  afa20000	sw	0(r29),r2
 1782  0000249c  afa30004	sw	4(r29),r3
 1783  000024a0  8fc10000	lw	r1,(r30)
 1784  000024a4  8fc20004	lw	r2,4(r30)
 1785  000024a8  0022182d	sge	r3,r1,r2
 1786  000024ac  14600008	bnez	r3,L111_LF2
 1787  000024b0  54000000	nop; delay slot nop
 1788  000024b4  8fc10004	lw	r1,4(r30)
 1789  000024b8          	L111_LF2:
 1790  000024b8  08000004	j	L110_LF2
 1791  000024bc  54000000	nop; delay slot nop
 1792  000024c0          	L110_LF2:
 1793  000024c0  8fa20000	lw	r2,0(r29)
 1794  000024c4  8fa30004	lw	r3,4(r29)
 1795  000024c8  8fdffff8	lw	r31,-8(r30)
 1796  000024cc  001ee820	add	r29,r0,r30
 1797  000024d0  8fdefffc	lw	r30,-4(r30)
 1798  000024d4  4be00000	jr	r31
 1799  000024d8  54000000	nop
 1800  000024dc          	.endproc _max
 1801                      ;;; Ethan L. Miller, 1999.  Released to the public domain
 1802                      ;;;
 1803                      ;;; Most of the traps are called in files from libtraps.
 1806  000024dc          	.align 2
 1807  000024dc          	.proc _exit
 1808  000024dc          	.global _exit
 1809  000024dc          	_exit:
 1810  000024dc  44000300	trap	#0x300
 1811  000024e0  4be00000	jr	r31
 1812  000024e4  54000000	nop
 1813  000024e8          	.endproc _exit
 1815                      ; for the benefit of gcc.
 1816  000024e8          	.proc ___main
 1817  000024e8          	.global ___main
 1818  000024e8          	___main:
 1819  000024e8  4be00000	jr	r31
 1820  000024ec  54000000	nop
 1821  000024f0          	.endproc ___main
 1822  000024f0          	.text
 1823  000024f0          	.global _etext
 1824  000024f0          	_etext:
 1825  000024f0          	.align 3
 1826  000024f0          	.data
 1827  00003237          	.global _edata
 1828  00003237          	_edata:
