 line   address	contents
    1                      ; Linked by DLX-LD.
    2                      ; MemSize 24576
    3                      ; Data size: 179
    4                      ; Text size: 4412
    5                      ; Stack size: 8192
    6  00000000          	.text 0x1000
    7  00001000          	.data 0x3000
    8                      ; Compiled by GCC
    9  00003000          	.text
   10  00001000          	.align 2
   11  00001000          	.proc _isspace
   12  00001000          	.global _isspace
   13  00001000          	_isspace:
   14                      ;  Function 'isspace'; 0 bytes of locals, 1 regs to save.
   15  00001000  afbefffc	sw	-4(r29),r30; push fp
   16  00001004  001df020	add	r30,r0,r29; fp = sp
   17  00001008  afbffff8	sw	-8(r29),r31; push ret addr
   18  0000100c  2fbd0010	subui	r29,r29,#16; alloc local storage
   19  00001010  afa20000	sw	0(r29),r2
   20  00001014  83c20003	lb	r2,3(r30)
   21  00001018  201f0000	addi	r31,r0,#0
   22  0000101c  304100ff	andi	r1,r2,#0x00ff
   23  00001020  60210020	seqi	r1,r1,#32
   24  00001024  14200018	bnez	r1,L6_LF0
   25  00001028  54000000	nop; not filled.
   26  0000102c  2041fff7	addi	r1,r2,#-9
   27  00001030  302100ff	andi	r1,r1,#0x00ff
   28  00001034  70210001	sleui	r1,r1,#1
   29  00001038  10200008	beqz	r1,L5_LF0
   30  0000103c  54000000	nop; not filled.
   31  00001040          	L6_LF0:
   32  00001040  201f0001	addi	r31,r0,#1
   33  00001044          	L5_LF0:
   34  00001044  001f0820	add	r1,r0,r31
   35  00001048  8fa20000	lw	r2,0(r29)
   36  0000104c  8fdffff8	lw	r31,-8(r30)
   37  00001050  001ee820	add	r29,r0,r30
   38  00001054  8fdefffc	lw	r30,-4(r30)
   39  00001058  4be00000	jr	r31
   40  0000105c  54000000	nop
   41  00001060          	.endproc _isspace
   42  00001060          	.align 2
   43  00001060          	.proc _isxdigit
   44  00001060          	.global _isxdigit
   45  00001060          	_isxdigit:
   46                      ;  Function 'isxdigit'; 0 bytes of locals, 1 regs to save.
   47  00001060  afbefffc	sw	-4(r29),r30; push fp
   48  00001064  001df020	add	r30,r0,r29; fp = sp
   49  00001068  afbffff8	sw	-8(r29),r31; push ret addr
   50  0000106c  2fbd0010	subui	r29,r29,#16; alloc local storage
   51  00001070  afa20000	sw	0(r29),r2
   52  00001074  83df0003	lb	r31,3(r30)
   53  00001078  20020000	addi	r2,r0,#0
   54  0000107c  23e1ffd0	addi	r1,r31,#-48
   55  00001080  302100ff	andi	r1,r1,#0x00ff
   56  00001084  70210009	sleui	r1,r1,#9
   57  00001088  14200028	bnez	r1,L12_LF0
   58  0000108c  54000000	nop; not filled.
   59  00001090  23e1ff9f	addi	r1,r31,#-97
   60  00001094  302100ff	andi	r1,r1,#0x00ff
   61  00001098  70210005	sleui	r1,r1,#5
   62  0000109c  14200014	bnez	r1,L12_LF0
   63  000010a0  54000000	nop; not filled.
   64  000010a4  33e100ff	andi	r1,r31,#0x00ff
   65  000010a8  64210041	snei	r1,r1,#65
   66  000010ac  14200008	bnez	r1,L11_LF0
   67  000010b0  54000000	nop; not filled.
   68  000010b4          	L12_LF0:
   69  000010b4  20020001	addi	r2,r0,#1
   70  000010b8          	L11_LF0:
   71  000010b8  00020820	add	r1,r0,r2
   72  000010bc  8fa20000	lw	r2,0(r29)
   73  000010c0  8fdffff8	lw	r31,-8(r30)
   74  000010c4  001ee820	add	r29,r0,r30
   75  000010c8  8fdefffc	lw	r30,-4(r30)
   76  000010cc  4be00000	jr	r31
   77  000010d0  54000000	nop
   78  000010d4          	.endproc _isxdigit
   79  000010d4          	.data
   80  00003000          	.align 2
   81  00003000          	LC0_LF0:
   82  00003000  55736167	.ascii "Usage\000"
   82  00003004  6500    	
   83  00003006          	.align 2
   84  00003008          	LC1_LF0:
   85  00003008  3c68616e	.ascii "<handle_to_shared_memory_page> <handle_to_page_mapped_semaphore<handle"
   85  0000300c  646c655f	
   85  00003010  746f5f73	
   85  00003014  68617265	
   85  00003018  645f6d65	
   85  0000301c  6d6f7279	
   85  00003020  5f706167	
   85  00003024  653e203c	
   85  00003028  68616e64	
   85  0000302c  6c655f74	
   85  00003030  6f5f7061	
   85  00003034  67655f6d	
   85  00003038  61707065	
   85  0000303c  645f7365	
   85  00003040  6d617068	
   85  00003044  6f72653c	
   85  00003048  68616e64	
   85  0000304c  6c65    	
   86  0000304e  20746f20	.ascii " to lock>\000"
   86  00003052  6c6f636b	
   86  00003056  3e00    	
   87  00003058          	.align 2
   88  00003058          	LC2_LF0:
   89  00003058  534f3420	.ascii "SO4 -> SO2 + O2 reacted, PID:%d\n\000"
   89  0000305c  2d3e2053	
   89  00003060  4f32202b	
   89  00003064  204f3220	
   89  00003068  72656163	
   89  0000306c  7465642c	
   89  00003070  20504944	
   89  00003074  3a25640a	
   89  00003078  00      	
   90  00003079          	.align 2
   91  0000307c          	LC3_LF0:
   92  0000307c  42616420	.ascii "Bad semaphore s_procs_completed (%d) in \000"
   92  00003080  73656d61	
   92  00003084  70686f72	
   92  00003088  6520735f	
   92  0000308c  70726f63	
   92  00003090  735f636f	
   92  00003094  6d706c65	
   92  00003098  74656420	
   92  0000309c  28256429	
   92  000030a0  20696e20	
   92  000030a4  00      	
   93  000030a5          	.align 2
   94  000030a8          	LC4_LF0:
   95  000030a8  65786974	.ascii "exiting..\n\000"
   95  000030ac  696e672e	
   95  000030b0  2e0a00  	
   96  000030b3          	.text
   97  000010d4          	.align 2
   98  000010d4          	.proc _main
   99  000010d4          	.global _main
  100  000010d4          	_main:
  101                      ;  Function 'main'; 0 bytes of locals, 0 regs to save.
  102  000010d4  afbefffc	sw	-4(r29),r30; push fp
  103  000010d8  001df020	add	r30,r0,r29; fp = sp
  104  000010dc  afbffff8	sw	-8(r29),r31; push ret addr
  105  000010e0  2fbd0008	subui	r29,r29,#8; alloc local storage
  106  000010e4  8fc20000	lw	r2,(r30)
  107  000010e8  8fc40004	lw	r4,4(r30)
  108  000010ec  0c001044	jal	___main
  109  000010f0  54000000	nop; not filled.
  110  000010f4  64410006	snei	r1,r2,#6
  111  000010f8  1020004c	beqz	r1,L14_LF0
  112  000010fc  54000000	nop; not filled.
  113  00001100  23bdfff8	addi	r29,r29,#-8
  114  00001104  3c090000	lhi	r9,((LC0_LF0)>>16)&0xffff
  115  00001108  25293000	addui	r9,r9,(LC0_LF0)&0xffff
  116  0000110c  afa90000	sw	(r29),r9
  117  00001110  0c000218	jal	_Printf
  118  00001114  54000000	nop; not filled.
  119  00001118  8c890000	lw	r9,(r4)
  120  0000111c  afa90000	sw	(r29),r9
  121  00001120  0c000208	jal	_Printf
  122  00001124  54000000	nop; not filled.
  123  00001128  3c090000	lhi	r9,((LC1_LF0)>>16)&0xffff
  124  0000112c  25293008	addui	r9,r9,(LC1_LF0)&0xffff
  125  00001130  afa90000	sw	(r29),r9
  126  00001134  0c0001f4	jal	_Printf
  127  00001138  54000000	nop; not filled.
  128  0000113c  0c0002a0	jal	_Exit
  129  00001140  54000000	nop; not filled.
  130  00001144  23bd0008	addi	r29,r29,#8
  131  00001148          	L14_LF0:
  132  00001148  23bdfff0	addi	r29,r29,#-16
  133  0000114c  8c890004	lw	r9,4(r4)
  134  00001150  afa90000	sw	(r29),r9
  135  00001154  20090000	addi	r9,r0,#0
  136  00001158  afa90004	sw	4(r29),r9
  137  0000115c  2009000a	addi	r9,r0,#10
  138  00001160  afa90008	sw	8(r29),r9
  139  00001164  0c000b24	jal	_dstrtol
  140  00001168  54000000	nop; not filled.
  141  0000116c  00014020	add	r8,r0,r1
  142  00001170  8c890008	lw	r9,8(r4)
  143  00001174  afa90000	sw	(r29),r9
  144  00001178  20090000	addi	r9,r0,#0
  145  0000117c  afa90004	sw	4(r29),r9
  146  00001180  2009000a	addi	r9,r0,#10
  147  00001184  afa90008	sw	8(r29),r9
  148  00001188  0c000b00	jal	_dstrtol
  149  0000118c  54000000	nop; not filled.
  150  00001190  00013820	add	r7,r0,r1
  151  00001194  8c89000c	lw	r9,12(r4)
  152  00001198  afa90000	sw	(r29),r9
  153  0000119c  20090000	addi	r9,r0,#0
  154  000011a0  afa90004	sw	4(r29),r9
  155  000011a4  2009000a	addi	r9,r0,#10
  156  000011a8  afa90008	sw	8(r29),r9
  157  000011ac  0c000adc	jal	_dstrtol
  158  000011b0  54000000	nop; not filled.
  159  000011b4  00013020	add	r6,r0,r1
  160  000011b8  8c890010	lw	r9,16(r4)
  161  000011bc  afa90000	sw	(r29),r9
  162  000011c0  20090000	addi	r9,r0,#0
  163  000011c4  afa90004	sw	4(r29),r9
  164  000011c8  2009000a	addi	r9,r0,#10
  165  000011cc  afa90008	sw	8(r29),r9
  166  000011d0  0c000ab8	jal	_dstrtol
  167  000011d4  54000000	nop; not filled.
  168  000011d8  00012820	add	r5,r0,r1
  169  000011dc  8c890014	lw	r9,20(r4)
  170  000011e0  afa90000	sw	(r29),r9
  171  000011e4  20090000	addi	r9,r0,#0
  172  000011e8  afa90004	sw	4(r29),r9
  173  000011ec  2009000a	addi	r9,r0,#10
  174  000011f0  afa90008	sw	8(r29),r9
  175  000011f4  0c000a94	jal	_dstrtol
  176  000011f8  54000000	nop; not filled.
  177  000011fc  00011820	add	r3,r0,r1
  178  00001200  20020000	addi	r2,r0,#0
  179  00001204  23bd0010	addi	r29,r29,#16
  180  00001208  0043082a	slt	r1,r2,r3
  181  0000120c  10200060	beqz	r1,L16_LF0
  182  00001210  54000000	nop; not filled.
  183  00001214          	L18_LF0:
  184  00001214  23bdfff8	addi	r29,r29,#-8
  185  00001218  afa70000	sw	(r29),r7
  186  0000121c  0c000154	jal	_sem_wait
  187  00001220  54000000	nop; not filled.
  188  00001224  afa60000	sw	(r29),r6
  189  00001228  0c000154	jal	_sem_signal
  190  0000122c  54000000	nop; not filled.
  191  00001230  afa50000	sw	(r29),r5
  192  00001234  0c000148	jal	_sem_signal
  193  00001238  54000000	nop; not filled.
  194  0000123c  0c0000f8	jal	_getpid
  195  00001240  54000000	nop; not filled.
  196  00001244  3c090000	lhi	r9,((LC2_LF0)>>16)&0xffff
  197  00001248  25293058	addui	r9,r9,(LC2_LF0)&0xffff
  198  0000124c  afa90000	sw	(r29),r9
  199  00001250  afa10004	sw	4(r29),r1
  200  00001254  0c0000d4	jal	_Printf
  201  00001258  54000000	nop; not filled.
  202  0000125c  23bd0008	addi	r29,r29,#8
  203  00001260  20420001	addi	r2,r2,#1
  204  00001264  0043082a	slt	r1,r2,r3
  205  00001268  1420ffa8	bnez	r1,L18_LF0
  206  0000126c  54000000	nop; not filled.
  207  00001270          	L16_LF0:
  208  00001270  23bdfff8	addi	r29,r29,#-8
  209  00001274  afa80000	sw	(r29),r8
  210  00001278  0c000104	jal	_sem_signal
  211  0000127c  54000000	nop; not filled.
  212  00001280  23bd0008	addi	r29,r29,#8
  213  00001284  64210001	snei	r1,r1,#1
  214  00001288  10200050	beqz	r1,L20_LF0
  215  0000128c  54000000	nop; not filled.
  216  00001290  23bdfff8	addi	r29,r29,#-8
  217  00001294  3c090000	lhi	r9,((LC3_LF0)>>16)&0xffff
  218  00001298  2529307c	addui	r9,r9,(LC3_LF0)&0xffff
  219  0000129c  afa90000	sw	(r29),r9
  220  000012a0  afa80004	sw	4(r29),r8
  221  000012a4  0c000084	jal	_Printf
  222  000012a8  54000000	nop; not filled.
  223  000012ac  8c840000	lw	r4,(r4)
  224  000012b0  afa40000	sw	(r29),r4
  225  000012b4  0c000074	jal	_Printf
  226  000012b8  54000000	nop; not filled.
  227  000012bc  3c090000	lhi	r9,((LC4_LF0)>>16)&0xffff
  228  000012c0  252930a8	addui	r9,r9,(LC4_LF0)&0xffff
  229  000012c4  afa90000	sw	(r29),r9
  230  000012c8  0c000060	jal	_Printf
  231  000012cc  54000000	nop; not filled.
  232  000012d0  0c00010c	jal	_Exit
  233  000012d4  54000000	nop; not filled.
  234  000012d8  23bd0008	addi	r29,r29,#8
  235  000012dc          	L20_LF0:
  236  000012dc  0c000e48	jal	_exit
  237  000012e0  54000000	nop
  238  000012e4          	.endproc _main
  239                      ;;;
  240                      ;;; Stub functions for DLX traps.
  241                      ;;;
  242                      ;;; Ethan L. Miller, 1999.  Released to the public domain.
  243                      ;;;
  244                      ;;; The traps such as Open and Close
  245                      ;;; (note the capital letters) are for use by user programs.  The traps
  246                      ;;; with names such as open and close (lower case) are for use by the OS.
  247                      ;;;
  250  000012e4          	.align 2
  252                      ;;; The following are the traps to be used by user-level programs
  253                      ;;;
  255  000012e4          	.align 2
  256  000012e4          	.proc _Open
  257  000012e4          	.global _Open
  258  000012e4          	_Open:
  259                      ;;; Note that trap #0x213 actually causes a trap vector in the OS of
  260                      ;;; 0x1213.  The same is true for other user traps.  Thus, a user trap
  261                      ;;; with trap #0x240 will result in a trap vector of 0x1240 in the OS.
  262  000012e4  44000213	trap	#0x213
  263  000012e8  4be00000	jr	r31
  264  000012ec  54000000	nop
  265  000012f0          	.endproc _Open
  267  000012f0          	.proc _Close
  268  000012f0          	.global _Close
  269  000012f0          	_Close:
  270  000012f0  44000214	trap	#0x214
  271  000012f4  4be00000	jr	r31
  272  000012f8  54000000	nop
  273  000012fc          	.endproc _Close
  275  000012fc          	.proc _Read
  276  000012fc          	.global _Read
  277  000012fc          	_Read:
  278  000012fc  44000210	trap	#0x210
  279  00001300  4be00000	jr	r31
  280  00001304  54000000	nop
  281  00001308          	.endproc _Read
  283  00001308          	.proc _Write
  284  00001308          	.global _Write
  285  00001308          	_Write:
  286  00001308  44000211	trap	#0x211
  287  0000130c  4be00000	jr	r31
  288  00001310  54000000	nop
  289  00001314          	.endproc _Write
  291  00001314          	.proc _Lseek
  292  00001314          	.global _Lseek
  293  00001314          	_Lseek:
  294  00001314  44000212	trap	#0x212
  295  00001318  4be00000	jr	r31
  296  0000131c  54000000	nop
  297  00001320          	.endproc _Lseek
  299  00001320          	.proc _Putchar
  300  00001320          	.global _Putchar
  301  00001320          	_Putchar:
  302  00001320  44000280	trap	#0x280
  303  00001324  4be00000	jr	r31
  304  00001328  54000000	nop
  305  0000132c          	.endproc _Putchar
  307  0000132c          	.proc _Printf
  308  0000132c          	.global _Printf
  309  0000132c          	_Printf:
  310  0000132c  44000201	trap	#0x201
  311  00001330  4be00000	jr	r31
  312  00001334  54000000	nop
  313  00001338          	.endproc _Printf
  315  00001338          	.proc _getpid
  316  00001338          	.global _getpid
  317  00001338          	_getpid:
  318  00001338  44000431	trap	#0x431
  319  0000133c  4be00000	jr	r31
  320  00001340  54000000	nop
  321  00001344          	.endproc _getpid
  323  00001344          	.proc _process_create
  324  00001344          	.global _process_create
  325  00001344          	_process_create:
  326  00001344  44000432	trap	#0x432
  327  00001348  4be00000	jr	r31
  328  0000134c  54000000	nop
  329  00001350          	.endproc _process_create
  331  00001350          	.proc _shmget
  332  00001350          	.global _shmget
  333  00001350          	_shmget:
  334  00001350  44000440	trap	#0x440
  335  00001354  4be00000	jr	r31
  336  00001358  54000000	nop
  337  0000135c          	.endproc _shmget
  339  0000135c          	.proc _shmat
  340  0000135c          	.global _shmat
  341  0000135c          	_shmat:
  342  0000135c  44000441	trap	#0x441
  343  00001360  4be00000	jr	r31
  344  00001364  54000000	nop
  345  00001368          	.endproc _shmat
  347  00001368          	.proc _sem_create
  348  00001368          	.global _sem_create
  349  00001368          	_sem_create:
  350  00001368  44000450	trap	#0x450
  351  0000136c  4be00000	jr	r31
  352  00001370  54000000	nop
  353  00001374          	.endproc _sem_create
  355  00001374          	.proc _sem_wait
  356  00001374          	.global _sem_wait
  357  00001374          	_sem_wait:
  358  00001374  44000451	trap	#0x451
  359  00001378  4be00000	jr	r31
  360  0000137c  54000000	nop
  361  00001380          	.endproc _sem_wait
  363  00001380          	.proc _sem_signal
  364  00001380          	.global _sem_signal
  365  00001380          	_sem_signal:
  366  00001380  44000452	trap	#0x452
  367  00001384  4be00000	jr	r31
  368  00001388  54000000	nop
  369  0000138c          	.endproc _sem_signal
  371  0000138c          	.proc _lock_create
  372  0000138c          	.global _lock_create
  373  0000138c          	_lock_create:
  374  0000138c  44000453	trap	#0x453
  375  00001390  4be00000	jr	r31
  376  00001394  54000000	nop
  377  00001398          	.endproc _lock_create
  379  00001398          	.proc _lock_acquire
  380  00001398          	.global _lock_acquire
  381  00001398          	_lock_acquire:
  382  00001398  44000454	trap	#0x454
  383  0000139c  4be00000	jr	r31
  384  000013a0  54000000	nop
  385  000013a4          	.endproc _lock_acquire
  387  000013a4          	.proc _lock_release
  388  000013a4          	.global _lock_release
  389  000013a4          	_lock_release:
  390  000013a4  44000455	trap	#0x455
  391  000013a8  4be00000	jr	r31
  392  000013ac  54000000	nop
  393  000013b0          	.endproc _lock_release
  395  000013b0          	.proc _cond_create
  396  000013b0          	.global _cond_create
  397  000013b0          	_cond_create:
  398  000013b0  44000456	trap	#0x456
  399  000013b4  4be00000	jr	r31
  400  000013b8  54000000	nop
  401  000013bc          	.endproc _cond_create
  403  000013bc          	.proc _cond_wait
  404  000013bc          	.global _cond_wait
  405  000013bc          	_cond_wait:
  406  000013bc  44000457	trap	#0x457
  407  000013c0  4be00000	jr	r31
  408  000013c4  54000000	nop
  409  000013c8          	.endproc _cond_wait
  411  000013c8          	.proc _cond_signal
  412  000013c8          	.global _cond_signal
  413  000013c8          	_cond_signal:
  414  000013c8  44000458	trap	#0x458
  415  000013cc  4be00000	jr	r31
  416  000013d0  54000000	nop
  417  000013d4          	.endproc _cond_signal
  419  000013d4          	.proc _cond_broadcast
  420  000013d4          	.global _cond_broadcast
  421  000013d4          	_cond_broadcast:
  422  000013d4  44000455	trap	#0x455
  423  000013d8  4be00000	jr	r31
  424  000013dc  54000000	nop
  425  000013e0          	.endproc _cond_broadcast
  427  000013e0          	.proc _Exit
  428  000013e0          	.global _Exit
  429  000013e0          	_Exit:
  430  000013e0  44000500	trap	#0x500
  431  000013e4  4be00000	jr	r31
  432  000013e8  54000000	nop
  433  000013ec          	.endproc _Exit
  434                      ; Compiled by GCC
  436  000013ec          	.align 2
  437  000013ec          	.proc _isspace
  438  000013ec          	.global _isspace
  439  000013ec          	_isspace:
  440                      ;  Function 'isspace'; 0 bytes of locals, 3 regs to save.
  441  000013ec  afbefffc	sw	-4(r29),r30; push fp
  442  000013f0  001df020	add	r30,r0,r29; fp = sp
  443  000013f4  afbffff8	sw	-8(r29),r31; push ret addr
  444  000013f8  2fbd0018	subui	r29,r29,#24; alloc local storage
  445  000013fc  afa20000	sw	0(r29),r2
  446  00001400  afa30004	sw	4(r29),r3
  447  00001404  afa40008	sw	8(r29),r4
  448  00001408  83c20003	lb	r2,3(r30)
  449  0000140c  20010000	addi	r1,r0,#0
  450  00001410  304300ff	andi	r3,r2,#0x00ff
  451  00001414  60640020	seqi	r4,r3,#32
  452  00001418  1480002c	bnez	r4,L3_LF2
  453  0000141c  54000000	nop; delay slot nop
  454  00001420  304300ff	andi	r3,r2,#0x00ff
  455  00001424  60640009	seqi	r4,r3,#9
  456  00001428  1480001c	bnez	r4,L3_LF2
  457  0000142c  54000000	nop; delay slot nop
  458  00001430  304300ff	andi	r3,r2,#0x00ff
  459  00001434  6064000a	seqi	r4,r3,#10
  460  00001438  1480000c	bnez	r4,L3_LF2
  461  0000143c  54000000	nop; delay slot nop
  462  00001440  08000008	j	L2_LF2
  463  00001444  54000000	nop; delay slot nop
  464  00001448          	L3_LF2:
  465  00001448  20010001	addi	r1,r0,#1
  466  0000144c          	L2_LF2:
  467  0000144c  08000004	j	L1_LF2
  468  00001450  54000000	nop; delay slot nop
  469  00001454          	L1_LF2:
  470  00001454  8fa20000	lw	r2,0(r29)
  471  00001458  8fa30004	lw	r3,4(r29)
  472  0000145c  8fa40008	lw	r4,8(r29)
  473  00001460  8fdffff8	lw	r31,-8(r30)
  474  00001464  001ee820	add	r29,r0,r30
  475  00001468  8fdefffc	lw	r30,-4(r30)
  476  0000146c  4be00000	jr	r31
  477  00001470  54000000	nop
  478  00001474          	.endproc _isspace
  479  00001474          	.align 2
  480  00001474          	.proc _isxdigit
  481  00001474          	.global _isxdigit
  482  00001474          	_isxdigit:
  483                      ;  Function 'isxdigit'; 0 bytes of locals, 3 regs to save.
  484  00001474  afbefffc	sw	-4(r29),r30; push fp
  485  00001478  001df020	add	r30,r0,r29; fp = sp
  486  0000147c  afbffff8	sw	-8(r29),r31; push ret addr
  487  00001480  2fbd0018	subui	r29,r29,#24; alloc local storage
  488  00001484  afa20000	sw	0(r29),r2
  489  00001488  afa30004	sw	4(r29),r3
  490  0000148c  afa40008	sw	8(r29),r4
  491  00001490  83c20003	lb	r2,3(r30)
  492  00001494  20010000	addi	r1,r0,#0
  493  00001498  304300ff	andi	r3,r2,#0x00ff
  494  0000149c  6c64002f	sgtui	r4,r3,#47
  495  000014a0  1080001c	beqz	r4,L7_LF2
  496  000014a4  54000000	nop; delay slot nop
  497  000014a8  304300ff	andi	r3,r2,#0x00ff
  498  000014ac  70640039	sleui	r4,r3,#57
  499  000014b0  1480005c	bnez	r4,L6_LF2
  500  000014b4  54000000	nop; delay slot nop
  501  000014b8  08000004	j	L7_LF2
  502  000014bc  54000000	nop; delay slot nop
  503  000014c0          	L7_LF2:
  504  000014c0  304300ff	andi	r3,r2,#0x00ff
  505  000014c4  6c640060	sgtui	r4,r3,#96
  506  000014c8  1080001c	beqz	r4,L8_LF2
  507  000014cc  54000000	nop; delay slot nop
  508  000014d0  304300ff	andi	r3,r2,#0x00ff
  509  000014d4  70640066	sleui	r4,r3,#102
  510  000014d8  14800034	bnez	r4,L6_LF2
  511  000014dc  54000000	nop; delay slot nop
  512  000014e0  08000004	j	L8_LF2
  513  000014e4  54000000	nop; delay slot nop
  514  000014e8          	L8_LF2:
  515  000014e8  304300ff	andi	r3,r2,#0x00ff
  516  000014ec  6c640040	sgtui	r4,r3,#64
  517  000014f0  10800020	beqz	r4,L5_LF2
  518  000014f4  54000000	nop; delay slot nop
  519  000014f8  304300ff	andi	r3,r2,#0x00ff
  520  000014fc  70640041	sleui	r4,r3,#65
  521  00001500  1480000c	bnez	r4,L6_LF2
  522  00001504  54000000	nop; delay slot nop
  523  00001508  08000008	j	L5_LF2
  524  0000150c  54000000	nop; delay slot nop
  525  00001510          	L6_LF2:
  526  00001510  20010001	addi	r1,r0,#1
  527  00001514          	L5_LF2:
  528  00001514  08000004	j	L4_LF2
  529  00001518  54000000	nop; delay slot nop
  530  0000151c          	L4_LF2:
  531  0000151c  8fa20000	lw	r2,0(r29)
  532  00001520  8fa30004	lw	r3,4(r29)
  533  00001524  8fa40008	lw	r4,8(r29)
  534  00001528  8fdffff8	lw	r31,-8(r30)
  535  0000152c  001ee820	add	r29,r0,r30
  536  00001530  8fdefffc	lw	r30,-4(r30)
  537  00001534  4be00000	jr	r31
  538  00001538  54000000	nop
  539  0000153c          	.endproc _isxdigit
  540  0000153c          	.align 2
  541  0000153c          	.proc _dstrcpy
  542  0000153c          	.global _dstrcpy
  543  0000153c          	_dstrcpy:
  544                      ;  Function 'dstrcpy'; 8 bytes of locals, 2 regs to save.
  545  0000153c  afbefffc	sw	-4(r29),r30; push fp
  546  00001540  001df020	add	r30,r0,r29; fp = sp
  547  00001544  afbffff8	sw	-8(r29),r31; push ret addr
  548  00001548  2fbd0018	subui	r29,r29,#24; alloc local storage
  549  0000154c  afa20000	sw	0(r29),r2
  550  00001550  afa30004	sw	4(r29),r3
  551  00001554  8fc10000	lw	r1,(r30)
  552  00001558  afc1fff4	sw	-12(r30),r1
  553  0000155c          	L10_LF2:
  554  0000155c  8fc10000	lw	r1,(r30)
  555  00001560  20220001	addi	r2,r1,#1
  556  00001564  afc20000	sw	(r30),r2
  557  00001568  8fc20004	lw	r2,4(r30)
  558  0000156c  20430001	addi	r3,r2,#1
  559  00001570  afc30004	sw	4(r30),r3
  560  00001574  80420000	lb	r2,(r2)
  561  00001578  a0220000	sb	(r1),r2
  562  0000157c  a3c2fff3	sb	-13(r30),r2
  563  00001580          	L12_LF2:
  564  00001580  93c1fff3	lbu	r1,-13(r30)
  565  00001584  64220000	snei	r2,r1,#0
  566  00001588  1440000c	bnez	r2,L13_LF2
  567  0000158c  54000000	nop; delay slot nop
  568  00001590  0800000c	j	L11_LF2
  569  00001594  54000000	nop; delay slot nop
  570  00001598          	L13_LF2:
  571  00001598  0bffffc0	j	L10_LF2
  572  0000159c  54000000	nop; delay slot nop
  573  000015a0          	L11_LF2:
  574  000015a0  8fc1fff4	lw	r1,-12(r30)
  575  000015a4  08000004	j	L9_LF2
  576  000015a8  54000000	nop; delay slot nop
  577  000015ac          	L9_LF2:
  578  000015ac  8fa20000	lw	r2,0(r29)
  579  000015b0  8fa30004	lw	r3,4(r29)
  580  000015b4  8fdffff8	lw	r31,-8(r30)
  581  000015b8  001ee820	add	r29,r0,r30
  582  000015bc  8fdefffc	lw	r30,-4(r30)
  583  000015c0  4be00000	jr	r31
  584  000015c4  54000000	nop
  585  000015c8          	.endproc _dstrcpy
  586  000015c8          	.align 2
  587  000015c8          	.proc _dstrncpy
  588  000015c8          	.global _dstrncpy
  589  000015c8          	_dstrncpy:
  590                      ;  Function 'dstrncpy'; 8 bytes of locals, 2 regs to save.
  591  000015c8  afbefffc	sw	-4(r29),r30; push fp
  592  000015cc  001df020	add	r30,r0,r29; fp = sp
  593  000015d0  afbffff8	sw	-8(r29),r31; push ret addr
  594  000015d4  2fbd0018	subui	r29,r29,#24; alloc local storage
  595  000015d8  afa20000	sw	0(r29),r2
  596  000015dc  afa30004	sw	4(r29),r3
  597  000015e0  8fc10000	lw	r1,(r30)
  598  000015e4  afc1fff4	sw	-12(r30),r1
  599  000015e8          	L15_LF2:
  600  000015e8  8fc10008	lw	r1,8(r30)
  601  000015ec  2022ffff	addi	r2,r1,#-1
  602  000015f0  afc20008	sw	8(r30),r2
  603  000015f4  70210000	slei	r1,r1,#0
  604  000015f8  1020000c	beqz	r1,L18_LF2
  605  000015fc  54000000	nop; delay slot nop
  606  00001600  08000048	j	L16_LF2
  607  00001604  54000000	nop; delay slot nop
  608  00001608          	L18_LF2:
  609  00001608  8fc10000	lw	r1,(r30)
  610  0000160c  20220001	addi	r2,r1,#1
  611  00001610  afc20000	sw	(r30),r2
  612  00001614  8fc20004	lw	r2,4(r30)
  613  00001618  20430001	addi	r3,r2,#1
  614  0000161c  afc30004	sw	4(r30),r3
  615  00001620  80420000	lb	r2,(r2)
  616  00001624  a0220000	sb	(r1),r2
  617  00001628  a3c2fff3	sb	-13(r30),r2
  618  0000162c          	L17_LF2:
  619  0000162c  93c1fff3	lbu	r1,-13(r30)
  620  00001630  64220000	snei	r2,r1,#0
  621  00001634  1440000c	bnez	r2,L19_LF2
  622  00001638  54000000	nop; delay slot nop
  623  0000163c  0800000c	j	L16_LF2
  624  00001640  54000000	nop; delay slot nop
  625  00001644          	L19_LF2:
  626  00001644  0bffffa0	j	L15_LF2
  627  00001648  54000000	nop; delay slot nop
  628  0000164c          	L16_LF2:
  629  0000164c  8fc1fff4	lw	r1,-12(r30)
  630  00001650  08000004	j	L14_LF2
  631  00001654  54000000	nop; delay slot nop
  632  00001658          	L14_LF2:
  633  00001658  8fa20000	lw	r2,0(r29)
  634  0000165c  8fa30004	lw	r3,4(r29)
  635  00001660  8fdffff8	lw	r31,-8(r30)
  636  00001664  001ee820	add	r29,r0,r30
  637  00001668  8fdefffc	lw	r30,-4(r30)
  638  0000166c  4be00000	jr	r31
  639  00001670  54000000	nop
  640  00001674          	.endproc _dstrncpy
  641  00001674          	.align 2
  642  00001674          	.proc _dstrcat
  643  00001674          	.global _dstrcat
  644  00001674          	_dstrcat:
  645                      ;  Function 'dstrcat'; 8 bytes of locals, 1 regs to save.
  646  00001674  afbefffc	sw	-4(r29),r30; push fp
  647  00001678  001df020	add	r30,r0,r29; fp = sp
  648  0000167c  afbffff8	sw	-8(r29),r31; push ret addr
  649  00001680  2fbd0018	subui	r29,r29,#24; alloc local storage
  650  00001684  afa20000	sw	0(r29),r2
  651  00001688  8fc10000	lw	r1,(r30)
  652  0000168c  afc1fff4	sw	-12(r30),r1
  653  00001690          	L21_LF2:
  654  00001690  8fc10000	lw	r1,(r30)
  655  00001694  90220000	lbu	r2,(r1)
  656  00001698  64410000	snei	r1,r2,#0
  657  0000169c  1420000c	bnez	r1,L23_LF2
  658  000016a0  54000000	nop; delay slot nop
  659  000016a4  0800001c	j	L22_LF2
  660  000016a8  54000000	nop; delay slot nop
  661  000016ac          	L23_LF2:
  662  000016ac  8fc20000	lw	r2,(r30)
  663  000016b0  20410001	addi	r1,r2,#1
  664  000016b4  00011020	add	r2,r0,r1
  665  000016b8  afc20000	sw	(r30),r2
  666  000016bc  0bffffd0	j	L21_LF2
  667  000016c0  54000000	nop; delay slot nop
  668  000016c4          	L22_LF2:
  669  000016c4  23bdfff8	addi	r29,r29,#-8
  670  000016c8  001d0820	add	r1,r0,r29
  671  000016cc  8fc20000	lw	r2,(r30)
  672  000016d0  ac220000	sw	(r1),r2
  673  000016d4  8fc20004	lw	r2,4(r30)
  674  000016d8  ac220004	sw	4(r1),r2
  675  000016dc  0ffffe5c	jal	_dstrcpy
  676  000016e0  54000000	nop; delay slot nop
  677  000016e4  23bd0008	addi	r29,r29,#8
  678  000016e8  8fc1fff4	lw	r1,-12(r30)
  679  000016ec  08000004	j	L20_LF2
  680  000016f0  54000000	nop; delay slot nop
  681  000016f4          	L20_LF2:
  682  000016f4  8fa20000	lw	r2,0(r29)
  683  000016f8  8fdffff8	lw	r31,-8(r30)
  684  000016fc  001ee820	add	r29,r0,r30
  685  00001700  8fdefffc	lw	r30,-4(r30)
  686  00001704  4be00000	jr	r31
  687  00001708  54000000	nop
  688  0000170c          	.endproc _dstrcat
  689  0000170c          	.align 2
  690  0000170c          	.proc _dstrncmp
  691  0000170c          	.global _dstrncmp
  692  0000170c          	_dstrncmp:
  693                      ;  Function 'dstrncmp'; 8 bytes of locals, 2 regs to save.
  694  0000170c  afbefffc	sw	-4(r29),r30; push fp
  695  00001710  001df020	add	r30,r0,r29; fp = sp
  696  00001714  afbffff8	sw	-8(r29),r31; push ret addr
  697  00001718  2fbd0018	subui	r29,r29,#24; alloc local storage
  698  0000171c  afa20000	sw	0(r29),r2
  699  00001720  afa30004	sw	4(r29),r3
  700  00001724  54000000	nop
  701  00001728  20010000	addi	r1,r0,#0
  702  0000172c  afc1fff4	sw	-12(r30),r1
  703  00001730          	L25_LF2:
  704  00001730  8fc1fff4	lw	r1,-12(r30)
  705  00001734  8fc20008	lw	r2,8(r30)
  706  00001738  0022082a	slt	r1,r1,r2
  707  0000173c  1420000c	bnez	r1,L28_LF2
  708  00001740  54000000	nop; delay slot nop
  709  00001744  08000088	j	L26_LF2
  710  00001748  54000000	nop; delay slot nop
  711  0000174c          	L28_LF2:
  712  0000174c  8fc10004	lw	r1,4(r30)
  713  00001750  90220000	lbu	r2,(r1)
  714  00001754  64410000	snei	r1,r2,#0
  715  00001758  14200018	bnez	r1,L29_LF2
  716  0000175c  54000000	nop; delay slot nop
  717  00001760  20010000	addi	r1,r0,#0
  718  00001764  080000d8	j	L24_LF2
  719  00001768  54000000	nop; delay slot nop
  720  0000176c  08000028	j	L30_LF2
  721  00001770  54000000	nop; delay slot nop
  722  00001774          	L29_LF2:
  723  00001774  8fc10000	lw	r1,(r30)
  724  00001778  8fc20004	lw	r2,4(r30)
  725  0000177c  90210000	lbu	r1,(r1)
  726  00001780  90420000	lbu	r2,(r2)
  727  00001784  00220829	sne	r1,r1,r2
  728  00001788  1020000c	beqz	r1,L30_LF2
  729  0000178c  54000000	nop; delay slot nop
  730  00001790  0800003c	j	L26_LF2
  731  00001794  54000000	nop; delay slot nop
  732  00001798          	L31_LF2:
  733  00001798          	L30_LF2:
  734  00001798  8fc20000	lw	r2,(r30)
  735  0000179c  20410001	addi	r1,r2,#1
  736  000017a0  00011020	add	r2,r0,r1
  737  000017a4  afc20000	sw	(r30),r2
  738  000017a8  8fc20004	lw	r2,4(r30)
  739  000017ac  20410001	addi	r1,r2,#1
  740  000017b0  00011020	add	r2,r0,r1
  741  000017b4  afc20004	sw	4(r30),r2
  742  000017b8          	L27_LF2:
  743  000017b8  8fc2fff4	lw	r2,-12(r30)
  744  000017bc  20410001	addi	r1,r2,#1
  745  000017c0  00011020	add	r2,r0,r1
  746  000017c4  afc2fff4	sw	-12(r30),r2
  747  000017c8  0bffff64	j	L25_LF2
  748  000017cc  54000000	nop; delay slot nop
  749  000017d0          	L26_LF2:
  750  000017d0  8fc1fff4	lw	r1,-12(r30)
  751  000017d4  8fc20008	lw	r2,8(r30)
  752  000017d8  00220828	seq	r1,r1,r2
  753  000017dc  10200018	beqz	r1,L32_LF2
  754  000017e0  54000000	nop; delay slot nop
  755  000017e4  20010000	addi	r1,r0,#0
  756  000017e8  08000054	j	L24_LF2
  757  000017ec  54000000	nop; delay slot nop
  758  000017f0  0800004c	j	L33_LF2
  759  000017f4  54000000	nop; delay slot nop
  760  000017f8          	L32_LF2:
  761  000017f8  8fc20000	lw	r2,(r30)
  762  000017fc  90410000	lbu	r1,(r2)
  763  00001800  8fc20004	lw	r2,4(r30)
  764  00001804  90430000	lbu	r3,(r2)
  765  00001808  00230822	sub	r1,r1,r3
  766  0000180c  74220000	sgei	r2,r1,#0
  767  00001810  10400020	beqz	r2,L34_LF2
  768  00001814  54000000	nop; delay slot nop
  769  00001818  8fc10000	lw	r1,(r30)
  770  0000181c  8fc20004	lw	r2,4(r30)
  771  00001820  90210000	lbu	r1,(r1)
  772  00001824  90420000	lbu	r2,(r2)
  773  00001828  00220829	sne	r1,r1,r2
  774  0000182c  08000008	j	L35_LF2
  775  00001830  54000000	nop; delay slot nop
  776  00001834          	L34_LF2:
  777  00001834  2001ffff	addi	r1,r0,#-1
  778  00001838          	L35_LF2:
  779  00001838  08000004	j	L24_LF2
  780  0000183c  54000000	nop; delay slot nop
  781  00001840          	L33_LF2:
  782  00001840          	L24_LF2:
  783  00001840  8fa20000	lw	r2,0(r29)
  784  00001844  8fa30004	lw	r3,4(r29)
  785  00001848  8fdffff8	lw	r31,-8(r30)
  786  0000184c  001ee820	add	r29,r0,r30
  787  00001850  8fdefffc	lw	r30,-4(r30)
  788  00001854  4be00000	jr	r31
  789  00001858  54000000	nop
  790  0000185c          	.endproc _dstrncmp
  791  0000185c          	.align 2
  792  0000185c          	.proc _dstrlen
  793  0000185c          	.global _dstrlen
  794  0000185c          	_dstrlen:
  795                      ;  Function 'dstrlen'; 8 bytes of locals, 1 regs to save.
  796  0000185c  afbefffc	sw	-4(r29),r30; push fp
  797  00001860  001df020	add	r30,r0,r29; fp = sp
  798  00001864  afbffff8	sw	-8(r29),r31; push ret addr
  799  00001868  2fbd0018	subui	r29,r29,#24; alloc local storage
  800  0000186c  afa20000	sw	0(r29),r2
  801  00001870  20010000	addi	r1,r0,#0
  802  00001874  afc1fff4	sw	-12(r30),r1
  803  00001878          	L37_LF2:
  804  00001878  8fc10000	lw	r1,(r30)
  805  0000187c  20220001	addi	r2,r1,#1
  806  00001880  afc20000	sw	(r30),r2
  807  00001884  90210000	lbu	r1,(r1)
  808  00001888  64220000	snei	r2,r1,#0
  809  0000188c  1440000c	bnez	r2,L39_LF2
  810  00001890  54000000	nop; delay slot nop
  811  00001894  0800001c	j	L38_LF2
  812  00001898  54000000	nop; delay slot nop
  813  0000189c          	L39_LF2:
  814  0000189c  8fc2fff4	lw	r2,-12(r30)
  815  000018a0  20410001	addi	r1,r2,#1
  816  000018a4  00011020	add	r2,r0,r1
  817  000018a8  afc2fff4	sw	-12(r30),r2
  818  000018ac  0bffffc8	j	L37_LF2
  819  000018b0  54000000	nop; delay slot nop
  820  000018b4          	L38_LF2:
  821  000018b4  8fc1fff4	lw	r1,-12(r30)
  822  000018b8  08000004	j	L36_LF2
  823  000018bc  54000000	nop; delay slot nop
  824  000018c0          	L36_LF2:
  825  000018c0  8fa20000	lw	r2,0(r29)
  826  000018c4  8fdffff8	lw	r31,-8(r30)
  827  000018c8  001ee820	add	r29,r0,r30
  828  000018cc  8fdefffc	lw	r30,-4(r30)
  829  000018d0  4be00000	jr	r31
  830  000018d4  54000000	nop
  831  000018d8          	.endproc _dstrlen
  832  000018d8          	.align 2
  833  000018d8          	.proc _dstrstr
  834  000018d8          	.global _dstrstr
  835  000018d8          	_dstrstr:
  836                      ;  Function 'dstrstr'; 8 bytes of locals, 1 regs to save.
  837  000018d8  afbefffc	sw	-4(r29),r30; push fp
  838  000018dc  001df020	add	r30,r0,r29; fp = sp
  839  000018e0  afbffff8	sw	-8(r29),r31; push ret addr
  840  000018e4  2fbd0018	subui	r29,r29,#24; alloc local storage
  841  000018e8  afa20000	sw	0(r29),r2
  842  000018ec  23bdfff8	addi	r29,r29,#-8
  843  000018f0  001d0820	add	r1,r0,r29
  844  000018f4  8fc20004	lw	r2,4(r30)
  845  000018f8  ac220000	sw	(r1),r2
  846  000018fc  0fffff5c	jal	_dstrlen
  847  00001900  54000000	nop; delay slot nop
  848  00001904  23bd0008	addi	r29,r29,#8
  849  00001908  afc1fff4	sw	-12(r30),r1
  850  0000190c          	L41_LF2:
  851  0000190c  8fc10000	lw	r1,(r30)
  852  00001910  90220000	lbu	r2,(r1)
  853  00001914  64410000	snei	r1,r2,#0
  854  00001918  1420000c	bnez	r1,L43_LF2
  855  0000191c  54000000	nop; delay slot nop
  856  00001920  08000060	j	L42_LF2
  857  00001924  54000000	nop; delay slot nop
  858  00001928          	L43_LF2:
  859  00001928  23bdfff0	addi	r29,r29,#-16
  860  0000192c  001d0820	add	r1,r0,r29
  861  00001930  8fc20000	lw	r2,(r30)
  862  00001934  ac220000	sw	(r1),r2
  863  00001938  8fc20004	lw	r2,4(r30)
  864  0000193c  ac220004	sw	4(r1),r2
  865  00001940  8fc2fff4	lw	r2,-12(r30)
  866  00001944  ac220008	sw	8(r1),r2
  867  00001948  0ffffdc0	jal	_dstrncmp
  868  0000194c  54000000	nop; delay slot nop
  869  00001950  23bd0010	addi	r29,r29,#16
  870  00001954  64220000	snei	r2,r1,#0
  871  00001958  14400010	bnez	r2,L44_LF2
  872  0000195c  54000000	nop; delay slot nop
  873  00001960  8fc10000	lw	r1,(r30)
  874  00001964  08000028	j	L40_LF2
  875  00001968  54000000	nop; delay slot nop
  876  0000196c          	L44_LF2:
  877  0000196c  8fc20000	lw	r2,(r30)
  878  00001970  20410001	addi	r1,r2,#1
  879  00001974  00011020	add	r2,r0,r1
  880  00001978  afc20000	sw	(r30),r2
  881  0000197c  0bffff8c	j	L41_LF2
  882  00001980  54000000	nop; delay slot nop
  883  00001984          	L42_LF2:
  884  00001984  20010000	addi	r1,r0,#0
  885  00001988  08000004	j	L40_LF2
  886  0000198c  54000000	nop; delay slot nop
  887  00001990          	L40_LF2:
  888  00001990  8fa20000	lw	r2,0(r29)
  889  00001994  8fdffff8	lw	r31,-8(r30)
  890  00001998  001ee820	add	r29,r0,r30
  891  0000199c  8fdefffc	lw	r30,-4(r30)
  892  000019a0  4be00000	jr	r31
  893  000019a4  54000000	nop
  894  000019a8          	.endproc _dstrstr
  895  000019a8          	.align 2
  896  000019a8          	.proc _dmindex
  897  000019a8          	.global _dmindex
  898  000019a8          	_dmindex:
  899                      ;  Function 'dmindex'; 8 bytes of locals, 1 regs to save.
  900  000019a8  afbefffc	sw	-4(r29),r30; push fp
  901  000019ac  001df020	add	r30,r0,r29; fp = sp
  902  000019b0  afbffff8	sw	-8(r29),r31; push ret addr
  903  000019b4  2fbd0018	subui	r29,r29,#24; alloc local storage
  904  000019b8  afa20000	sw	0(r29),r2
  905  000019bc  54000000	nop
  906  000019c0          	L46_LF2:
  907  000019c0  8fc10000	lw	r1,(r30)
  908  000019c4  90220000	lbu	r2,(r1)
  909  000019c8  64410000	snei	r1,r2,#0
  910  000019cc  1420000c	bnez	r1,L48_LF2
  911  000019d0  54000000	nop; delay slot nop
  912  000019d4  08000070	j	L47_LF2
  913  000019d8  54000000	nop; delay slot nop
  914  000019dc          	L48_LF2:
  915  000019dc  8fc10004	lw	r1,4(r30)
  916  000019e0  afc1fff4	sw	-12(r30),r1
  917  000019e4          	L49_LF2:
  918  000019e4  8fc1fff4	lw	r1,-12(r30)
  919  000019e8  90220000	lbu	r2,(r1)
  920  000019ec  64410000	snei	r1,r2,#0
  921  000019f0  1420000c	bnez	r1,L52_LF2
  922  000019f4  54000000	nop; delay slot nop
  923  000019f8  08000044	j	L50_LF2
  924  000019fc  54000000	nop; delay slot nop
  925  00001a00          	L52_LF2:
  926  00001a00  8fc10000	lw	r1,(r30)
  927  00001a04  8fc2fff4	lw	r2,-12(r30)
  928  00001a08  90210000	lbu	r1,(r1)
  929  00001a0c  90420000	lbu	r2,(r2)
  930  00001a10  00220828	seq	r1,r1,r2
  931  00001a14  10200010	beqz	r1,L51_LF2
  932  00001a18  54000000	nop; delay slot nop
  933  00001a1c  8fc10000	lw	r1,(r30)
  934  00001a20  08000030	j	L45_LF2
  935  00001a24  54000000	nop; delay slot nop
  936  00001a28          	L53_LF2:
  937  00001a28          	L51_LF2:
  938  00001a28  8fc2fff4	lw	r2,-12(r30)
  939  00001a2c  20410001	addi	r1,r2,#1
  940  00001a30  00011020	add	r2,r0,r1
  941  00001a34  afc2fff4	sw	-12(r30),r2
  942  00001a38  0bffffa8	j	L49_LF2
  943  00001a3c  54000000	nop; delay slot nop
  944  00001a40          	L50_LF2:
  945  00001a40  0bffff7c	j	L46_LF2
  946  00001a44  54000000	nop; delay slot nop
  947  00001a48          	L47_LF2:
  948  00001a48  20010000	addi	r1,r0,#0
  949  00001a4c  08000004	j	L45_LF2
  950  00001a50  54000000	nop; delay slot nop
  951  00001a54          	L45_LF2:
  952  00001a54  8fa20000	lw	r2,0(r29)
  953  00001a58  8fdffff8	lw	r31,-8(r30)
  954  00001a5c  001ee820	add	r29,r0,r30
  955  00001a60  8fdefffc	lw	r30,-4(r30)
  956  00001a64  4be00000	jr	r31
  957  00001a68  54000000	nop
  958  00001a6c          	.endproc _dmindex
  959  00001a6c          	.align 2
  960  00001a6c          	.proc _dindex
  961  00001a6c          	.global _dindex
  962  00001a6c          	_dindex:
  963                      ;  Function 'dindex'; 0 bytes of locals, 1 regs to save.
  964  00001a6c  afbefffc	sw	-4(r29),r30; push fp
  965  00001a70  001df020	add	r30,r0,r29; fp = sp
  966  00001a74  afbffff8	sw	-8(r29),r31; push ret addr
  967  00001a78  2fbd0010	subui	r29,r29,#16; alloc local storage
  968  00001a7c  afa20000	sw	0(r29),r2
  969  00001a80  54000000	nop
  970  00001a84          	L55_LF2:
  971  00001a84  8fc10000	lw	r1,(r30)
  972  00001a88  90220000	lbu	r2,(r1)
  973  00001a8c  64410000	snei	r1,r2,#0
  974  00001a90  1420000c	bnez	r1,L57_LF2
  975  00001a94  54000000	nop; delay slot nop
  976  00001a98  08000040	j	L56_LF2
  977  00001a9c  54000000	nop; delay slot nop
  978  00001aa0          	L57_LF2:
  979  00001aa0  8fc10000	lw	r1,(r30)
  980  00001aa4  90220000	lbu	r2,(r1)
  981  00001aa8  8fc10004	lw	r1,4(r30)
  982  00001aac  00411028	seq	r2,r2,r1
  983  00001ab0  10400010	beqz	r2,L58_LF2
  984  00001ab4  54000000	nop; delay slot nop
  985  00001ab8  8fc10000	lw	r1,(r30)
  986  00001abc  08000028	j	L54_LF2
  987  00001ac0  54000000	nop; delay slot nop
  988  00001ac4          	L58_LF2:
  989  00001ac4  8fc20000	lw	r2,(r30)
  990  00001ac8  20410001	addi	r1,r2,#1
  991  00001acc  00011020	add	r2,r0,r1
  992  00001ad0  afc20000	sw	(r30),r2
  993  00001ad4  0bffffac	j	L55_LF2
  994  00001ad8  54000000	nop; delay slot nop
  995  00001adc          	L56_LF2:
  996  00001adc  20010000	addi	r1,r0,#0
  997  00001ae0  08000004	j	L54_LF2
  998  00001ae4  54000000	nop; delay slot nop
  999  00001ae8          	L54_LF2:
 1000  00001ae8  8fa20000	lw	r2,0(r29)
 1001  00001aec  8fdffff8	lw	r31,-8(r30)
 1002  00001af0  001ee820	add	r29,r0,r30
 1003  00001af4  8fdefffc	lw	r30,-4(r30)
 1004  00001af8  4be00000	jr	r31
 1005  00001afc  54000000	nop
 1006  00001b00          	.endproc _dindex
 1007  00001b00          	.align 2
 1008  00001b00          	.proc _ditoa
 1009  00001b00          	.global _ditoa
 1010  00001b00          	_ditoa:
 1011                      ;  Function 'ditoa'; 8 bytes of locals, 2 regs to save.
 1012  00001b00  afbefffc	sw	-4(r29),r30; push fp
 1013  00001b04  001df020	add	r30,r0,r29; fp = sp
 1014  00001b08  afbffff8	sw	-8(r29),r31; push ret addr
 1015  00001b0c  2fbd0018	subui	r29,r29,#24; alloc local storage
 1016  00001b10  afa20000	sw	0(r29),r2
 1017  00001b14  afa30004	sw	4(r29),r3
 1018  00001b18  8fc10000	lw	r1,(r30)
 1019  00001b1c  68220000	slti	r2,r1,#0
 1020  00001b20  1040002c	beqz	r2,L60_LF2
 1021  00001b24  54000000	nop; delay slot nop
 1022  00001b28  8fc10004	lw	r1,4(r30)
 1023  00001b2c  20220001	addi	r2,r1,#1
 1024  00001b30  afc20004	sw	4(r30),r2
 1025  00001b34  2002002d	addi	r2,r0,(#0x2d)&0xff
 1026  00001b38  a0220000	sb	(r1),r2
 1027  00001b3c  8fc10000	lw	r1,(r30)
 1028  00001b40  00011022	sub	r2,r0,r1
 1029  00001b44  afc20000	sw	(r30),r2
 1030  00001b48  08000118	j	L61_LF2
 1031  00001b4c  54000000	nop; delay slot nop
 1032  00001b50          	L60_LF2:
 1033  00001b50  8fc10000	lw	r1,(r30)
 1034  00001b54  64220000	snei	r2,r1,#0
 1035  00001b58  14400020	bnez	r2,L62_LF2
 1036  00001b5c  54000000	nop; delay slot nop
 1037  00001b60  8fc10004	lw	r1,4(r30)
 1038  00001b64  20220001	addi	r2,r1,#1
 1039  00001b68  afc20004	sw	4(r30),r2
 1040  00001b6c  20020030	addi	r2,r0,(#0x30)&0xff
 1041  00001b70  a0220000	sb	(r1),r2
 1042  00001b74  080000ec	j	L61_LF2
 1043  00001b78  54000000	nop; delay slot nop
 1044  00001b7c          	L62_LF2:
 1045  00001b7c  20010001	addi	r1,r0,#1
 1046  00001b80  afc1fff4	sw	-12(r30),r1
 1047  00001b84          	L64_LF2:
 1048  00001b84  8fc1fff4	lw	r1,-12(r30)
 1049  00001b88  8fc20000	lw	r2,(r30)
 1050  00001b8c  0022082c	sle	r1,r1,r2
 1051  00001b90  1420000c	bnez	r1,L66_LF2
 1052  00001b94  54000000	nop; delay slot nop
 1053  00001b98  08000024	j	L65_LF2
 1054  00001b9c  54000000	nop; delay slot nop
 1055  00001ba0          	L67_LF2:
 1056  00001ba0          	L66_LF2:
 1057  00001ba0  8fc1fff4	lw	r1,-12(r30)
 1058  00001ba4  00011820	add	r3,r0,r1
 1059  00001ba8  50620002	slli	r2,r3,#0x2
 1060  00001bac  00411020	add	r2,r2,r1
 1061  00001bb0  50410001	slli	r1,r2,#0x1
 1062  00001bb4  afc1fff4	sw	-12(r30),r1
 1063  00001bb8  0bffffc8	j	L64_LF2
 1064  00001bbc  54000000	nop; delay slot nop
 1065  00001bc0          	L65_LF2:
 1066  00001bc0  54000000	nop
 1067  00001bc4          	L68_LF2:
 1068  00001bc4  8fc1fff4	lw	r1,-12(r30)
 1069  00001bc8  2002000a	addi	r2,r0,#10
 1070  00001bcc  00200035	movi2fp	f0,r1
 1071  00001bd0  00400835	movi2fp	f1,r2
 1072  00001bd4  0401000f	div	f0,f0,f1
 1073  00001bd8  00000834	movfp2i	r1,f0
 1074  00001bdc  afc1fff4	sw	-12(r30),r1
 1075  00001be0  8fc10004	lw	r1,4(r30)
 1076  00001be4  20220001	addi	r2,r1,#1
 1077  00001be8  afc20004	sw	4(r30),r2
 1078  00001bec  8fc20000	lw	r2,(r30)
 1079  00001bf0  8fc3fff4	lw	r3,-12(r30)
 1080  00001bf4  00400035	movi2fp	f0,r2
 1081  00001bf8  00600835	movi2fp	f1,r3
 1082  00001bfc  0401000f	div	f0,f0,f1
 1083  00001c00  00001034	movfp2i	r2,f0
 1084  00001c04  00021820	add	r3,r0,r2
 1085  00001c08  20620030	addi	r2,r3,#48
 1086  00001c0c  a0220000	sb	(r1),r2
 1087  00001c10  8fc10000	lw	r1,(r30)
 1088  00001c14  8fc3fff4	lw	r3,-12(r30)
 1089  00001c18  00200035	movi2fp	f0,r1
 1090  00001c1c  00600835	movi2fp	f1,r3
 1091  00001c20  0401000f	div	f0,f0,f1
 1092  00001c24  00001034	movfp2i	r2,f0
 1093  00001c28  8fc3fff4	lw	r3,-12(r30)
 1094  00001c2c  00400035	movi2fp	f0,r2
 1095  00001c30  00600835	movi2fp	f1,r3
 1096  00001c34  0401000e	mult	f0,f0,f1
 1097  00001c38  00001034	movfp2i	r2,f0
 1098  00001c3c  00220822	sub	r1,r1,r2
 1099  00001c40  afc10000	sw	(r30),r1
 1100  00001c44          	L70_LF2:
 1101  00001c44  8fc1fff4	lw	r1,-12(r30)
 1102  00001c48  6c220001	sgti	r2,r1,#1
 1103  00001c4c  1440000c	bnez	r2,L71_LF2
 1104  00001c50  54000000	nop; delay slot nop
 1105  00001c54  0800000c	j	L61_LF2
 1106  00001c58  54000000	nop; delay slot nop
 1107  00001c5c          	L71_LF2:
 1108  00001c5c  0bffff64	j	L68_LF2
 1109  00001c60  54000000	nop; delay slot nop
 1110  00001c64          	L69_LF2:
 1111  00001c64          	L63_LF2:
 1112  00001c64          	L61_LF2:
 1113  00001c64  8fc10004	lw	r1,4(r30)
 1114  00001c68  20020000	addi	r2,r0,(#0x0)&0xff
 1115  00001c6c  a0220000	sb	(r1),r2
 1116  00001c70          	L59_LF2:
 1117  00001c70  8fa20000	lw	r2,0(r29)
 1118  00001c74  8fa30004	lw	r3,4(r29)
 1119  00001c78  8fdffff8	lw	r31,-8(r30)
 1120  00001c7c  001ee820	add	r29,r0,r30
 1121  00001c80  8fdefffc	lw	r30,-4(r30)
 1122  00001c84  4be00000	jr	r31
 1123  00001c88  54000000	nop
 1124  00001c8c          	.endproc _ditoa
 1125  00001c8c          	.align 2
 1126  00001c8c          	.proc _dstrtol
 1127  00001c8c          	.global _dstrtol
 1128  00001c8c          	_dstrtol:
 1129                      ;  Function 'dstrtol'; 16 bytes of locals, 1 regs to save.
 1130  00001c8c  afbefffc	sw	-4(r29),r30; push fp
 1131  00001c90  001df020	add	r30,r0,r29; fp = sp
 1132  00001c94  afbffff8	sw	-8(r29),r31; push ret addr
 1133  00001c98  2fbd0020	subui	r29,r29,#32; alloc local storage
 1134  00001c9c  afa20000	sw	0(r29),r2
 1135  00001ca0  20010000	addi	r1,r0,#0
 1136  00001ca4  afc1fff4	sw	-12(r30),r1
 1137  00001ca8          	L73_LF2:
 1138  00001ca8  8fc10000	lw	r1,(r30)
 1139  00001cac  90220000	lbu	r2,(r1)
 1140  00001cb0  60410020	seqi	r1,r2,#32
 1141  00001cb4  14200034	bnez	r1,L75_LF2
 1142  00001cb8  54000000	nop; delay slot nop
 1143  00001cbc  8fc10000	lw	r1,(r30)
 1144  00001cc0  90220000	lbu	r2,(r1)
 1145  00001cc4  60410009	seqi	r1,r2,#9
 1146  00001cc8  14200020	bnez	r1,L75_LF2
 1147  00001ccc  54000000	nop; delay slot nop
 1148  00001cd0  8fc10000	lw	r1,(r30)
 1149  00001cd4  90220000	lbu	r2,(r1)
 1150  00001cd8  6041000a	seqi	r1,r2,#10
 1151  00001cdc  1420000c	bnez	r1,L75_LF2
 1152  00001ce0  54000000	nop; delay slot nop
 1153  00001ce4  0800001c	j	L74_LF2
 1154  00001ce8  54000000	nop; delay slot nop
 1155  00001cec          	L75_LF2:
 1156  00001cec  8fc20000	lw	r2,(r30)
 1157  00001cf0  20410001	addi	r1,r2,#1
 1158  00001cf4  00011020	add	r2,r0,r1
 1159  00001cf8  afc20000	sw	(r30),r2
 1160  00001cfc  0bffffa8	j	L73_LF2
 1161  00001d00  54000000	nop; delay slot nop
 1162  00001d04          	L74_LF2:
 1163  00001d04  8fc10004	lw	r1,4(r30)
 1164  00001d08  64220000	snei	r2,r1,#0
 1165  00001d0c  10400010	beqz	r2,L76_LF2
 1166  00001d10  54000000	nop; delay slot nop
 1167  00001d14  8fc10004	lw	r1,4(r30)
 1168  00001d18  8fc20000	lw	r2,(r30)
 1169  00001d1c  ac220000	sw	(r1),r2
 1170  00001d20          	L76_LF2:
 1171  00001d20  8fc10000	lw	r1,(r30)
 1172  00001d24  90220000	lbu	r2,(r1)
 1173  00001d28  64410000	snei	r1,r2,#0
 1174  00001d2c  14200010	bnez	r1,L77_LF2
 1175  00001d30  54000000	nop; delay slot nop
 1176  00001d34  8fc1fff4	lw	r1,-12(r30)
 1177  00001d38  08000294	j	L72_LF2
 1178  00001d3c  54000000	nop; delay slot nop
 1179  00001d40          	L77_LF2:
 1180  00001d40  8fc10000	lw	r1,(r30)
 1181  00001d44  90220000	lbu	r2,(r1)
 1182  00001d48  6041002d	seqi	r1,r2,#45
 1183  00001d4c  10200024	beqz	r1,L78_LF2
 1184  00001d50  54000000	nop; delay slot nop
 1185  00001d54  2001ffff	addi	r1,r0,#-1
 1186  00001d58  afc1ffec	sw	-20(r30),r1
 1187  00001d5c  8fc20000	lw	r2,(r30)
 1188  00001d60  20410001	addi	r1,r2,#1
 1189  00001d64  00011020	add	r2,r0,r1
 1190  00001d68  afc20000	sw	(r30),r2
 1191  00001d6c  0800000c	j	L79_LF2
 1192  00001d70  54000000	nop; delay slot nop
 1193  00001d74          	L78_LF2:
 1194  00001d74  20010001	addi	r1,r0,#1
 1195  00001d78  afc1ffec	sw	-20(r30),r1
 1196  00001d7c          	L79_LF2:
 1197  00001d7c  8fc10008	lw	r1,8(r30)
 1198  00001d80  64220000	snei	r2,r1,#0
 1199  00001d84  14400090	bnez	r2,L80_LF2
 1200  00001d88  54000000	nop; delay slot nop
 1201  00001d8c  8fc10000	lw	r1,(r30)
 1202  00001d90  90220000	lbu	r2,(r1)
 1203  00001d94  60410030	seqi	r1,r2,#48
 1204  00001d98  10200074	beqz	r1,L81_LF2
 1205  00001d9c  54000000	nop; delay slot nop
 1206  00001da0  8fc20000	lw	r2,(r30)
 1207  00001da4  20410001	addi	r1,r2,#1
 1208  00001da8  00011020	add	r2,r0,r1
 1209  00001dac  afc20000	sw	(r30),r2
 1210  00001db0  8fc10000	lw	r1,(r30)
 1211  00001db4  90220000	lbu	r2,(r1)
 1212  00001db8  60410078	seqi	r1,r2,#120
 1213  00001dbc  14200020	bnez	r1,L83_LF2
 1214  00001dc0  54000000	nop; delay slot nop
 1215  00001dc4  8fc10000	lw	r1,(r30)
 1216  00001dc8  90220000	lbu	r2,(r1)
 1217  00001dcc  60410058	seqi	r1,r2,#88
 1218  00001dd0  1420000c	bnez	r1,L83_LF2
 1219  00001dd4  54000000	nop; delay slot nop
 1220  00001dd8  08000024	j	L82_LF2
 1221  00001ddc  54000000	nop; delay slot nop
 1222  00001de0          	L83_LF2:
 1223  00001de0  20010010	addi	r1,r0,#16
 1224  00001de4  afc10008	sw	8(r30),r1
 1225  00001de8  8fc20000	lw	r2,(r30)
 1226  00001dec  20410001	addi	r1,r2,#1
 1227  00001df0  00011020	add	r2,r0,r1
 1228  00001df4  afc20000	sw	(r30),r2
 1229  00001df8  0800000c	j	L84_LF2
 1230  00001dfc  54000000	nop; delay slot nop
 1231  00001e00          	L82_LF2:
 1232  00001e00  20010008	addi	r1,r0,#8
 1233  00001e04  afc10008	sw	8(r30),r1
 1234  00001e08          	L84_LF2:
 1235  00001e08  0800000c	j	L80_LF2
 1236  00001e0c  54000000	nop; delay slot nop
 1237  00001e10          	L81_LF2:
 1238  00001e10  2001000a	addi	r1,r0,#10
 1239  00001e14  afc10008	sw	8(r30),r1
 1240  00001e18          	L85_LF2:
 1241  00001e18          	L80_LF2:
 1242  00001e18  8fc10008	lw	r1,8(r30)
 1243  00001e1c  70220000	slei	r2,r1,#0
 1244  00001e20  1440001c	bnez	r2,L87_LF2
 1245  00001e24  54000000	nop; delay slot nop
 1246  00001e28  8fc10008	lw	r1,8(r30)
 1247  00001e2c  6c220010	sgti	r2,r1,#16
 1248  00001e30  1440000c	bnez	r2,L87_LF2
 1249  00001e34  54000000	nop; delay slot nop
 1250  00001e38  08000010	j	L86_LF2
 1251  00001e3c  54000000	nop; delay slot nop
 1252  00001e40          	L87_LF2:
 1253  00001e40  8fc1fff4	lw	r1,-12(r30)
 1254  00001e44  08000188	j	L72_LF2
 1255  00001e48  54000000	nop; delay slot nop
 1256  00001e4c          	L86_LF2:
 1257  00001e4c  54000000	nop
 1258  00001e50          	L88_LF2:
 1259  00001e50  8fc10000	lw	r1,(r30)
 1260  00001e54  90220000	lbu	r2,(r1)
 1261  00001e58  6c41002f	sgtui	r1,r2,#47
 1262  00001e5c  10200030	beqz	r1,L91_LF2
 1263  00001e60  54000000	nop; delay slot nop
 1264  00001e64  8fc10000	lw	r1,(r30)
 1265  00001e68  90220000	lbu	r2,(r1)
 1266  00001e6c  70410039	sleui	r1,r2,#57
 1267  00001e70  1020001c	beqz	r1,L91_LF2
 1268  00001e74  54000000	nop; delay slot nop
 1269  00001e78  8fc10000	lw	r1,(r30)
 1270  00001e7c  90220000	lbu	r2,(r1)
 1271  00001e80  2041ffd0	addi	r1,r2,#-48
 1272  00001e84  afc1fff0	sw	-16(r30),r1
 1273  00001e88  0800008c	j	L92_LF2
 1274  00001e8c  54000000	nop; delay slot nop
 1275  00001e90          	L91_LF2:
 1276  00001e90  8fc10000	lw	r1,(r30)
 1277  00001e94  90220000	lbu	r2,(r1)
 1278  00001e98  6c410060	sgtui	r1,r2,#96
 1279  00001e9c  10200030	beqz	r1,L93_LF2
 1280  00001ea0  54000000	nop; delay slot nop
 1281  00001ea4  8fc10000	lw	r1,(r30)
 1282  00001ea8  90220000	lbu	r2,(r1)
 1283  00001eac  7041007a	sleui	r1,r2,#122
 1284  00001eb0  1020001c	beqz	r1,L93_LF2
 1285  00001eb4  54000000	nop; delay slot nop
 1286  00001eb8  8fc10000	lw	r1,(r30)
 1287  00001ebc  90220000	lbu	r2,(r1)
 1288  00001ec0  2041ffa9	addi	r1,r2,#-87
 1289  00001ec4  afc1fff0	sw	-16(r30),r1
 1290  00001ec8  0800004c	j	L92_LF2
 1291  00001ecc  54000000	nop; delay slot nop
 1292  00001ed0          	L93_LF2:
 1293  00001ed0  8fc10000	lw	r1,(r30)
 1294  00001ed4  90220000	lbu	r2,(r1)
 1295  00001ed8  6c410040	sgtui	r1,r2,#64
 1296  00001edc  10200030	beqz	r1,L95_LF2
 1297  00001ee0  54000000	nop; delay slot nop
 1298  00001ee4  8fc10000	lw	r1,(r30)
 1299  00001ee8  90220000	lbu	r2,(r1)
 1300  00001eec  7041005a	sleui	r1,r2,#90
 1301  00001ef0  1020001c	beqz	r1,L95_LF2
 1302  00001ef4  54000000	nop; delay slot nop
 1303  00001ef8  8fc10000	lw	r1,(r30)
 1304  00001efc  90220000	lbu	r2,(r1)
 1305  00001f00  2041ffc9	addi	r1,r2,#-55
 1306  00001f04  afc1fff0	sw	-16(r30),r1
 1307  00001f08  0800000c	j	L92_LF2
 1308  00001f0c  54000000	nop; delay slot nop
 1309  00001f10          	L95_LF2:
 1310  00001f10  200103e8	addi	r1,r0,#1000
 1311  00001f14  afc1fff0	sw	-16(r30),r1
 1312  00001f18          	L96_LF2:
 1313  00001f18          	L94_LF2:
 1314  00001f18          	L92_LF2:
 1315  00001f18  8fc1fff0	lw	r1,-16(r30)
 1316  00001f1c  8fc20008	lw	r2,8(r30)
 1317  00001f20  0022082a	slt	r1,r1,r2
 1318  00001f24  10200040	beqz	r1,L90_LF2
 1319  00001f28  54000000	nop; delay slot nop
 1320  00001f2c  8fc1fff4	lw	r1,-12(r30)
 1321  00001f30  8fc20008	lw	r2,8(r30)
 1322  00001f34  00200035	movi2fp	f0,r1
 1323  00001f38  00400835	movi2fp	f1,r2
 1324  00001f3c  0401000e	mult	f0,f0,f1
 1325  00001f40  00000834	movfp2i	r1,f0
 1326  00001f44  afc1fff4	sw	-12(r30),r1
 1327  00001f48  8fc1fff4	lw	r1,-12(r30)
 1328  00001f4c  8fc2fff0	lw	r2,-16(r30)
 1329  00001f50  00220820	add	r1,r1,r2
 1330  00001f54  afc1fff4	sw	-12(r30),r1
 1331  00001f58  8fc20000	lw	r2,(r30)
 1332  00001f5c  20410001	addi	r1,r2,#1
 1333  00001f60  00011020	add	r2,r0,r1
 1334  00001f64  afc20000	sw	(r30),r2
 1335  00001f68          	L97_LF2:
 1336  00001f68          	L90_LF2:
 1337  00001f68  8fc1fff0	lw	r1,-16(r30)
 1338  00001f6c  8fc20008	lw	r2,8(r30)
 1339  00001f70  0022082a	slt	r1,r1,r2
 1340  00001f74  1420000c	bnez	r1,L98_LF2
 1341  00001f78  54000000	nop; delay slot nop
 1342  00001f7c  0800000c	j	L89_LF2
 1343  00001f80  54000000	nop; delay slot nop
 1344  00001f84          	L98_LF2:
 1345  00001f84  0bfffec8	j	L88_LF2
 1346  00001f88  54000000	nop; delay slot nop
 1347  00001f8c          	L89_LF2:
 1348  00001f8c  8fc10004	lw	r1,4(r30)
 1349  00001f90  64220000	snei	r2,r1,#0
 1350  00001f94  10400010	beqz	r2,L99_LF2
 1351  00001f98  54000000	nop; delay slot nop
 1352  00001f9c  8fc10004	lw	r1,4(r30)
 1353  00001fa0  8fc20000	lw	r2,(r30)
 1354  00001fa4  ac220000	sw	(r1),r2
 1355  00001fa8          	L99_LF2:
 1356  00001fa8  8fc1fff4	lw	r1,-12(r30)
 1357  00001fac  8fc2ffec	lw	r2,-20(r30)
 1358  00001fb0  00200035	movi2fp	f0,r1
 1359  00001fb4  00400835	movi2fp	f1,r2
 1360  00001fb8  0401000e	mult	f0,f0,f1
 1361  00001fbc  00000834	movfp2i	r1,f0
 1362  00001fc0  afc1fff4	sw	-12(r30),r1
 1363  00001fc4  8fc1fff4	lw	r1,-12(r30)
 1364  00001fc8  08000004	j	L72_LF2
 1365  00001fcc  54000000	nop; delay slot nop
 1366  00001fd0          	L72_LF2:
 1367  00001fd0  8fa20000	lw	r2,0(r29)
 1368  00001fd4  8fdffff8	lw	r31,-8(r30)
 1369  00001fd8  001ee820	add	r29,r0,r30
 1370  00001fdc  8fdefffc	lw	r30,-4(r30)
 1371  00001fe0  4be00000	jr	r31
 1372  00001fe4  54000000	nop
 1373  00001fe8          	.endproc _dstrtol
 1374  00001fe8          	.align 2
 1375  00001fe8          	.proc _bcopy
 1376  00001fe8          	.global _bcopy
 1377  00001fe8          	_bcopy:
 1378                      ;  Function 'bcopy'; 0 bytes of locals, 2 regs to save.
 1379  00001fe8  afbefffc	sw	-4(r29),r30; push fp
 1380  00001fec  001df020	add	r30,r0,r29; fp = sp
 1381  00001ff0  afbffff8	sw	-8(r29),r31; push ret addr
 1382  00001ff4  2fbd0010	subui	r29,r29,#16; alloc local storage
 1383  00001ff8  afa20000	sw	0(r29),r2
 1384  00001ffc  afa30004	sw	4(r29),r3
 1385  00002000  54000000	nop
 1386  00002004          	L101_LF2:
 1387  00002004  8fc10008	lw	r1,8(r30)
 1388  00002008  2022ffff	addi	r2,r1,#-1
 1389  0000200c  afc20008	sw	8(r30),r2
 1390  00002010  6c210000	sgti	r1,r1,#0
 1391  00002014  1420000c	bnez	r1,L103_LF2
 1392  00002018  54000000	nop; delay slot nop
 1393  0000201c  0800002c	j	L102_LF2
 1394  00002020  54000000	nop; delay slot nop
 1395  00002024          	L103_LF2:
 1396  00002024  8fc10004	lw	r1,4(r30)
 1397  00002028  20220001	addi	r2,r1,#1
 1398  0000202c  afc20004	sw	4(r30),r2
 1399  00002030  8fc20000	lw	r2,(r30)
 1400  00002034  20430001	addi	r3,r2,#1
 1401  00002038  afc30000	sw	(r30),r3
 1402  0000203c  80420000	lb	r2,(r2)
 1403  00002040  a0220000	sb	(r1),r2
 1404  00002044  0bffffbc	j	L101_LF2
 1405  00002048  54000000	nop; delay slot nop
 1406  0000204c          	L102_LF2:
 1407  0000204c          	L100_LF2:
 1408  0000204c  8fa20000	lw	r2,0(r29)
 1409  00002050  8fa30004	lw	r3,4(r29)
 1410  00002054  8fdffff8	lw	r31,-8(r30)
 1411  00002058  001ee820	add	r29,r0,r30
 1412  0000205c  8fdefffc	lw	r30,-4(r30)
 1413  00002060  4be00000	jr	r31
 1414  00002064  54000000	nop
 1415  00002068          	.endproc _bcopy
 1416  00002068          	.align 2
 1417  00002068          	.proc _bzero
 1418  00002068          	.global _bzero
 1419  00002068          	_bzero:
 1420                      ;  Function 'bzero'; 0 bytes of locals, 1 regs to save.
 1421  00002068  afbefffc	sw	-4(r29),r30; push fp
 1422  0000206c  001df020	add	r30,r0,r29; fp = sp
 1423  00002070  afbffff8	sw	-8(r29),r31; push ret addr
 1424  00002074  2fbd0010	subui	r29,r29,#16; alloc local storage
 1425  00002078  afa20000	sw	0(r29),r2
 1426  0000207c  54000000	nop
 1427  00002080          	L105_LF2:
 1428  00002080  8fc10004	lw	r1,4(r30)
 1429  00002084  2022ffff	addi	r2,r1,#-1
 1430  00002088  afc20004	sw	4(r30),r2
 1431  0000208c  6c210000	sgti	r1,r1,#0
 1432  00002090  1420000c	bnez	r1,L107_LF2
 1433  00002094  54000000	nop; delay slot nop
 1434  00002098  08000020	j	L106_LF2
 1435  0000209c  54000000	nop; delay slot nop
 1436  000020a0          	L107_LF2:
 1437  000020a0  8fc10000	lw	r1,(r30)
 1438  000020a4  20220001	addi	r2,r1,#1
 1439  000020a8  afc20000	sw	(r30),r2
 1440  000020ac  20020000	addi	r2,r0,(#0x0)&0xff
 1441  000020b0  a0220000	sb	(r1),r2
 1442  000020b4  0bffffc8	j	L105_LF2
 1443  000020b8  54000000	nop; delay slot nop
 1444  000020bc          	L106_LF2:
 1445  000020bc          	L104_LF2:
 1446  000020bc  8fa20000	lw	r2,0(r29)
 1447  000020c0  8fdffff8	lw	r31,-8(r30)
 1448  000020c4  001ee820	add	r29,r0,r30
 1449  000020c8  8fdefffc	lw	r30,-4(r30)
 1450  000020cc  4be00000	jr	r31
 1451  000020d0  54000000	nop
 1452  000020d4          	.endproc _bzero
 1453  000020d4          	.align 2
 1454  000020d4          	.proc _min
 1455  000020d4          	.global _min
 1456  000020d4          	_min:
 1457                      ;  Function 'min'; 0 bytes of locals, 2 regs to save.
 1458  000020d4  afbefffc	sw	-4(r29),r30; push fp
 1459  000020d8  001df020	add	r30,r0,r29; fp = sp
 1460  000020dc  afbffff8	sw	-8(r29),r31; push ret addr
 1461  000020e0  2fbd0010	subui	r29,r29,#16; alloc local storage
 1462  000020e4  afa20000	sw	0(r29),r2
 1463  000020e8  afa30004	sw	4(r29),r3
 1464  000020ec  8fc10000	lw	r1,(r30)
 1465  000020f0  8fc20004	lw	r2,4(r30)
 1466  000020f4  0022182c	sle	r3,r1,r2
 1467  000020f8  14600008	bnez	r3,L109_LF2
 1468  000020fc  54000000	nop; delay slot nop
 1469  00002100  8fc10004	lw	r1,4(r30)
 1470  00002104          	L109_LF2:
 1471  00002104  08000004	j	L108_LF2
 1472  00002108  54000000	nop; delay slot nop
 1473  0000210c          	L108_LF2:
 1474  0000210c  8fa20000	lw	r2,0(r29)
 1475  00002110  8fa30004	lw	r3,4(r29)
 1476  00002114  8fdffff8	lw	r31,-8(r30)
 1477  00002118  001ee820	add	r29,r0,r30
 1478  0000211c  8fdefffc	lw	r30,-4(r30)
 1479  00002120  4be00000	jr	r31
 1480  00002124  54000000	nop
 1481  00002128          	.endproc _min
 1482                      ;;; Ethan L. Miller, 1999.  Released to the public domain
 1483                      ;;;
 1484                      ;;; Most of the traps are called in files from libtraps.
 1487  00002128          	.align 2
 1488  00002128          	.proc _exit
 1489  00002128          	.global _exit
 1490  00002128          	_exit:
 1491  00002128  44000300	trap	#0x300
 1492  0000212c  4be00000	jr	r31
 1493  00002130  54000000	nop
 1494  00002134          	.endproc _exit
 1496                      ; for the benefit of gcc.
 1497  00002134          	.proc ___main
 1498  00002134          	.global ___main
 1499  00002134          	___main:
 1500  00002134  4be00000	jr	r31
 1501  00002138  54000000	nop
 1502  0000213c          	.endproc ___main
 1503  0000213c          	.text
 1504  0000213c          	.global _etext
 1505  0000213c          	_etext:
 1506  0000213c          	.align 3
 1507  00002140          	.data
 1508  000030b3          	.global _edata
 1509  000030b3          	_edata:
