 line   address	contents
    1                      ; Linked by DLX-LD.
    2                      ; MemSize 24576
    3                      ; Data size: 462
    4                      ; Text size: 5140
    5                      ; Stack size: 8192
    6  00000000          	.text 0x1000
    7  00001000          	.data 0x3000
    8                      ; Compiled by GCC
    9  00003000          	.text
   10  00001000          	.align 2
   11  00001000          	.proc _isspace
   12  00001000          	.global _isspace
   13  00001000          	_isspace:
   14                      ;  Function 'isspace'; 0 bytes of locals, 1 regs to save.
   15  00001000  afbefffc	sw	-4(r29),r30; push fp
   16  00001004  001df020	add	r30,r0,r29; fp = sp
   17  00001008  afbffff8	sw	-8(r29),r31; push ret addr
   18  0000100c  2fbd0010	subui	r29,r29,#16; alloc local storage
   19  00001010  afa20000	sw	0(r29),r2
   20  00001014  83c20003	lb	r2,3(r30)
   21  00001018  201f0000	addi	r31,r0,#0
   22  0000101c  304100ff	andi	r1,r2,#0x00ff
   23  00001020  60210020	seqi	r1,r1,#32
   24  00001024  14200018	bnez	r1,L6_LF0
   25  00001028  54000000	nop; not filled.
   26  0000102c  2041fff7	addi	r1,r2,#-9
   27  00001030  302100ff	andi	r1,r1,#0x00ff
   28  00001034  70210001	sleui	r1,r1,#1
   29  00001038  10200008	beqz	r1,L5_LF0
   30  0000103c  54000000	nop; not filled.
   31  00001040          	L6_LF0:
   32  00001040  201f0001	addi	r31,r0,#1
   33  00001044          	L5_LF0:
   34  00001044  001f0820	add	r1,r0,r31
   35  00001048  8fa20000	lw	r2,0(r29)
   36  0000104c  8fdffff8	lw	r31,-8(r30)
   37  00001050  001ee820	add	r29,r0,r30
   38  00001054  8fdefffc	lw	r30,-4(r30)
   39  00001058  4be00000	jr	r31
   40  0000105c  54000000	nop
   41  00001060          	.endproc _isspace
   42  00001060          	.align 2
   43  00001060          	.proc _isxdigit
   44  00001060          	.global _isxdigit
   45  00001060          	_isxdigit:
   46                      ;  Function 'isxdigit'; 0 bytes of locals, 1 regs to save.
   47  00001060  afbefffc	sw	-4(r29),r30; push fp
   48  00001064  001df020	add	r30,r0,r29; fp = sp
   49  00001068  afbffff8	sw	-8(r29),r31; push ret addr
   50  0000106c  2fbd0010	subui	r29,r29,#16; alloc local storage
   51  00001070  afa20000	sw	0(r29),r2
   52  00001074  83df0003	lb	r31,3(r30)
   53  00001078  20020000	addi	r2,r0,#0
   54  0000107c  23e1ffd0	addi	r1,r31,#-48
   55  00001080  302100ff	andi	r1,r1,#0x00ff
   56  00001084  70210009	sleui	r1,r1,#9
   57  00001088  14200028	bnez	r1,L12_LF0
   58  0000108c  54000000	nop; not filled.
   59  00001090  23e1ff9f	addi	r1,r31,#-97
   60  00001094  302100ff	andi	r1,r1,#0x00ff
   61  00001098  70210005	sleui	r1,r1,#5
   62  0000109c  14200014	bnez	r1,L12_LF0
   63  000010a0  54000000	nop; not filled.
   64  000010a4  33e100ff	andi	r1,r31,#0x00ff
   65  000010a8  64210041	snei	r1,r1,#65
   66  000010ac  14200008	bnez	r1,L11_LF0
   67  000010b0  54000000	nop; not filled.
   68  000010b4          	L12_LF0:
   69  000010b4  20020001	addi	r2,r0,#1
   70  000010b8          	L11_LF0:
   71  000010b8  00020820	add	r1,r0,r2
   72  000010bc  8fa20000	lw	r2,0(r29)
   73  000010c0  8fdffff8	lw	r31,-8(r30)
   74  000010c4  001ee820	add	r29,r0,r30
   75  000010c8  8fdefffc	lw	r30,-4(r30)
   76  000010cc  4be00000	jr	r31
   77  000010d0  54000000	nop
   78  000010d4          	.endproc _isxdigit
   79  000010d4          	.data
   80  00003000          	.align 2
   81  00003000          	LC0_LF0:
   82  00003000  55736167	.ascii "Usage: \000"
   82  00003004  653a2000	
   83  00003008          	.align 2
   84  00003008          	LC1_LF0:
   85  00003008  203c6e75	.ascii " <number of processes to create>\n\000"
   85  0000300c  6d626572	
   85  00003010  206f6620	
   85  00003014  70726f63	
   85  00003018  65737365	
   85  0000301c  7320746f	
   85  00003020  20637265	
   85  00003024  6174653e	
   85  00003028  0a00    	
   86  0000302a          	.align 2
   87  0000302c          	LC2_LF0:
   88  0000302c  43726561	.ascii "Creating %d processes\n\000"
   88  00003030  74696e67	
   88  00003034  20256420	
   88  00003038  70726f63	
   88  0000303c  65737365	
   88  00003040  730a00  	
   89  00003043          	.align 2
   90  00003044          	LC3_LF0:
   91  00003044  4552524f	.ascii "ERROR: could not allocate shared memory page in \000"
   91  00003048  523a2063	
   91  0000304c  6f756c64	
   91  00003050  206e6f74	
   91  00003054  20616c6c	
   91  00003058  6f636174	
   91  0000305c  65207368	
   91  00003060  61726564	
   91  00003064  206d656d	
   91  00003068  6f727920	
   91  0000306c  70616765	
   91  00003070  20696e20	
   91  00003074  00      	
   92  00003075          	.align 2
   93  00003078          	LC4_LF0:
   94  00003078  2c206578	.ascii ", exiting...\n\000"
   94  0000307c  6974696e	
   94  00003080  672e2e2e	
   94  00003084  0a00    	
   95  00003086          	.align 2
   96  00003088          	LC5_LF0:
   97  00003088  436f756c	.ascii "Could not map the shared page to virtual address in \000"
   97  0000308c  64206e6f	
   97  00003090  74206d61	
   97  00003094  70207468	
   97  00003098  65207368	
   97  0000309c  61726564	
   97  000030a0  20706167	
   97  000030a4  6520746f	
   97  000030a8  20766972	
   97  000030ac  7475616c	
   97  000030b0  20616464	
   97  000030b4  72657373	
   97  000030b8  20696e20	
   97  000030bc  00      	
   98  000030bd          	.align 2
   99  000030c0          	LC6_LF0:
  100  000030c0  2c206578	.ascii ", exiting..\n\000"
  100  000030c4  6974696e	
  100  000030c8  672e2e0a	
  100  000030cc  00      	
  101  000030cd          	.align 2
  102  000030d0          	LC7_LF0:
  103  000030d0  42616420	.ascii "Bad sem_create in \000"
  103  000030d4  73656d5f	
  103  000030d8  63726561	
  103  000030dc  74652069	
  103  000030e0  6e2000  	
  104  000030e3          	.align 2
  105  000030e4          	LC8_LF0:
  106  000030e4  0a00    	.ascii "\n\000"
  107  000030e6          	.align 2
  108  000030e8          	LC9_LF0:
  109  000030e8  42616420	.ascii "Bad lock_create in\000"
  109  000030ec  6c6f636b	
  109  000030f0  5f637265	
  109  000030f4  61746520	
  109  000030f8  696e00  	
  110  000030fb          	.align 2
  111  000030fc          	LC10_LF0:
  112  000030fc  32204261	.ascii "2 Bad cond_create in \000"
  112  00003100  6420636f	
  112  00003104  6e645f63	
  112  00003108  72656174	
  112  0000310c  6520696e	
  112  00003110  2000    	
  113  00003112          	.align 2
  114  00003114          	LC11_LF0:
  115  00003114  31204261	.ascii "1 Bad cond_create in\000"
  115  00003118  6420636f	
  115  0000311c  6e645f63	
  115  00003120  72656174	
  115  00003124  6520696e	
  115  00003128  00      	
  116  00003129          	.align 2
  117  0000312c          	LC12_LF0:
  118  0000312c  70726f64	.ascii "producer.dlx.obj\000"
  118  00003130  75636572	
  118  00003134  2e646c78	
  118  00003138  2e6f626a	
  118  0000313c  00      	
  119  0000313d          	.align 2
  120  00003140          	LC13_LF0:
  121  00003140  636f6e73	.ascii "consumer.dlx.obj\000"
  121  00003144  756d6572	
  121  00003148  2e646c78	
  121  0000314c  2e6f626a	
  121  00003150  00      	
  122  00003151          	.align 2
  123  00003154          	LC14_LF0:
  124  00003154  50726f63	.ascii "Processes %d created\n\000"
  124  00003158  65737365	
  124  0000315c  73202564	
  124  00003160  20637265	
  124  00003164  61746564	
  124  00003168  0a00    	
  125  0000316a          	.align 2
  126  0000316c          	LC15_LF0:
  127  0000316c  42616420	.ascii "Bad semaphore s_procs_completed (%d) in \000"
  127  00003170  73656d61	
  127  00003174  70686f72	
  127  00003178  6520735f	
  127  0000317c  70726f63	
  127  00003180  735f636f	
  127  00003184  6d706c65	
  127  00003188  74656420	
  127  0000318c  28256429	
  127  00003190  20696e20	
  127  00003194  00      	
  128  00003195          	.align 2
  129  00003198          	LC16_LF0:
  130  00003198  416c6c20	.ascii "All other processes completed, exiting main process.\n\000"
  130  0000319c  6f746865	
  130  000031a0  72207072	
  130  000031a4  6f636573	
  130  000031a8  73657320	
  130  000031ac  636f6d70	
  130  000031b0  6c657465	
  130  000031b4  642c2065	
  130  000031b8  78697469	
  130  000031bc  6e67206d	
  130  000031c0  61696e20	
  130  000031c4  70726f63	
  130  000031c8  6573732e	
  130  000031cc  0a00    	
  131  000031ce          	.text
  132  000010d4          	.align 2
  133  000010d4          	.proc _main
  134  000010d4          	.global _main
  135  000010d4          	_main:
  136                      ;  Function 'main'; 80 bytes of locals, 0 regs to save.
  137  000010d4  afbefffc	sw	-4(r29),r30; push fp
  138  000010d8  001df020	add	r30,r0,r29; fp = sp
  139  000010dc  afbffff8	sw	-8(r29),r31; push ret addr
  140  000010e0  2fbd0058	subui	r29,r29,#88; alloc local storage
  141  000010e4  8fc20000	lw	r2,(r30)
  142  000010e8  8fc90004	lw	r9,4(r30)
  143  000010ec  0c00131c	jal	___main
  144  000010f0  54000000	nop; not filled.
  145  000010f4  64410002	snei	r1,r2,#2
  146  000010f8  1020004c	beqz	r1,L14_LF0
  147  000010fc  54000000	nop; not filled.
  148  00001100  23bdfff8	addi	r29,r29,#-8
  149  00001104  3c0c0000	lhi	r12,((LC0_LF0)>>16)&0xffff
  150  00001108  258c3000	addui	r12,r12,(LC0_LF0)&0xffff
  151  0000110c  afac0000	sw	(r29),r12
  152  00001110  0c0004f0	jal	_Printf
  153  00001114  54000000	nop; not filled.
  154  00001118  8d2c0000	lw	r12,(r9)
  155  0000111c  afac0000	sw	(r29),r12
  156  00001120  0c0004e0	jal	_Printf
  157  00001124  54000000	nop; not filled.
  158  00001128  3c0c0000	lhi	r12,((LC1_LF0)>>16)&0xffff
  159  0000112c  258c3008	addui	r12,r12,(LC1_LF0)&0xffff
  160  00001130  afac0000	sw	(r29),r12
  161  00001134  0c0004cc	jal	_Printf
  162  00001138  54000000	nop; not filled.
  163  0000113c  0c000578	jal	_Exit
  164  00001140  54000000	nop; not filled.
  165  00001144  23bd0008	addi	r29,r29,#8
  166  00001148          	L14_LF0:
  167  00001148  23bdfff0	addi	r29,r29,#-16
  168  0000114c  8d2c0004	lw	r12,4(r9)
  169  00001150  afac0000	sw	(r29),r12
  170  00001154  200c0000	addi	r12,r0,#0
  171  00001158  afac0004	sw	4(r29),r12
  172  0000115c  200c000a	addi	r12,r0,#10
  173  00001160  afac0008	sw	8(r29),r12
  174  00001164  0c000dfc	jal	_dstrtol
  175  00001168  54000000	nop; not filled.
  176  0000116c  00015020	add	r10,r0,r1
  177  00001170  3c0c0000	lhi	r12,((LC2_LF0)>>16)&0xffff
  178  00001174  258c302c	addui	r12,r12,(LC2_LF0)&0xffff
  179  00001178  afac0000	sw	(r29),r12
  180  0000117c  afaa0004	sw	4(r29),r10
  181  00001180  0c000480	jal	_Printf
  182  00001184  54000000	nop; not filled.
  183  00001188  0c00049c	jal	_shmget
  184  0000118c  54000000	nop; not filled.
  185  00001190  00012020	add	r4,r0,r1
  186  00001194  23bd0010	addi	r29,r29,#16
  187  00001198  64810000	snei	r1,r4,#0
  188  0000119c  1420004c	bnez	r1,L15_LF0
  189  000011a0  54000000	nop; not filled.
  190  000011a4  23bdfff8	addi	r29,r29,#-8
  191  000011a8  3c0c0000	lhi	r12,((LC3_LF0)>>16)&0xffff
  192  000011ac  258c3044	addui	r12,r12,(LC3_LF0)&0xffff
  193  000011b0  afac0000	sw	(r29),r12
  194  000011b4  0c00044c	jal	_Printf
  195  000011b8  54000000	nop; not filled.
  196  000011bc  8d2c0000	lw	r12,(r9)
  197  000011c0  afac0000	sw	(r29),r12
  198  000011c4  0c00043c	jal	_Printf
  199  000011c8  54000000	nop; not filled.
  200  000011cc  3c0c0000	lhi	r12,((LC4_LF0)>>16)&0xffff
  201  000011d0  258c3078	addui	r12,r12,(LC4_LF0)&0xffff
  202  000011d4  afac0000	sw	(r29),r12
  203  000011d8  0c000428	jal	_Printf
  204  000011dc  54000000	nop; not filled.
  205  000011e0  0c0004d4	jal	_Exit
  206  000011e4  54000000	nop; not filled.
  207  000011e8  23bd0008	addi	r29,r29,#8
  208  000011ec          	L15_LF0:
  209  000011ec  23bdfff8	addi	r29,r29,#-8
  210  000011f0  afa40000	sw	(r29),r4
  211  000011f4  0c00043c	jal	_shmat
  212  000011f8  54000000	nop; not filled.
  213  000011fc  00011020	add	r2,r0,r1
  214  00001200  23bd0008	addi	r29,r29,#8
  215  00001204  64410000	snei	r1,r2,#0
  216  00001208  1420004c	bnez	r1,L16_LF0
  217  0000120c  54000000	nop; not filled.
  218  00001210  23bdfff8	addi	r29,r29,#-8
  219  00001214  3c0c0000	lhi	r12,((LC5_LF0)>>16)&0xffff
  220  00001218  258c3088	addui	r12,r12,(LC5_LF0)&0xffff
  221  0000121c  afac0000	sw	(r29),r12
  222  00001220  0c0003e0	jal	_Printf
  223  00001224  54000000	nop; not filled.
  224  00001228  8d2c0000	lw	r12,(r9)
  225  0000122c  afac0000	sw	(r29),r12
  226  00001230  0c0003d0	jal	_Printf
  227  00001234  54000000	nop; not filled.
  228  00001238  3c0c0000	lhi	r12,((LC6_LF0)>>16)&0xffff
  229  0000123c  258c30c0	addui	r12,r12,(LC6_LF0)&0xffff
  230  00001240  afac0000	sw	(r29),r12
  231  00001244  0c0003bc	jal	_Printf
  232  00001248  54000000	nop; not filled.
  233  0000124c  0c000468	jal	_Exit
  234  00001250  54000000	nop; not filled.
  235  00001254  23bd0008	addi	r29,r29,#8
  236  00001258          	L16_LF0:
  237  00001258  200c0000	addi	r12,r0,#0
  238  0000125c  ac4c0000	sw	(r2),r12
  239  00001260  ac4c0004	sw	4(r2),r12
  240  00001264  23bdfff8	addi	r29,r29,#-8
  241  00001268  20010001	addi	r1,r0,#1
  242  0000126c  002a0822	sub	r1,r1,r10
  243  00001270  afa10000	sw	(r29),r1
  244  00001274  0c0003c8	jal	_sem_create
  245  00001278  54000000	nop; not filled.
  246  0000127c  00014020	add	r8,r0,r1
  247  00001280  23bd0008	addi	r29,r29,#8
  248  00001284  6101ffff	seqi	r1,r8,#-1
  249  00001288  1020004c	beqz	r1,L17_LF0
  250  0000128c  54000000	nop; not filled.
  251  00001290  23bdfff8	addi	r29,r29,#-8
  252  00001294  3c0c0000	lhi	r12,((LC7_LF0)>>16)&0xffff
  253  00001298  258c30d0	addui	r12,r12,(LC7_LF0)&0xffff
  254  0000129c  afac0000	sw	(r29),r12
  255  000012a0  0c000360	jal	_Printf
  256  000012a4  54000000	nop; not filled.
  257  000012a8  8d2c0000	lw	r12,(r9)
  258  000012ac  afac0000	sw	(r29),r12
  259  000012b0  0c000350	jal	_Printf
  260  000012b4  54000000	nop; not filled.
  261  000012b8  3c0c0000	lhi	r12,((LC8_LF0)>>16)&0xffff
  262  000012bc  258c30e4	addui	r12,r12,(LC8_LF0)&0xffff
  263  000012c0  afac0000	sw	(r29),r12
  264  000012c4  0c00033c	jal	_Printf
  265  000012c8  54000000	nop; not filled.
  266  000012cc  0c0003e8	jal	_Exit
  267  000012d0  54000000	nop; not filled.
  268  000012d4  23bd0008	addi	r29,r29,#8
  269  000012d8          	L17_LF0:
  270  000012d8  0c000388	jal	_lock_create
  271  000012dc  54000000	nop; not filled.
  272  000012e0  00011020	add	r2,r0,r1
  273  000012e4  6041ffff	seqi	r1,r2,#-1
  274  000012e8  1020004c	beqz	r1,L18_LF0
  275  000012ec  54000000	nop; not filled.
  276  000012f0  23bdfff8	addi	r29,r29,#-8
  277  000012f4  3c0c0000	lhi	r12,((LC9_LF0)>>16)&0xffff
  278  000012f8  258c30e8	addui	r12,r12,(LC9_LF0)&0xffff
  279  000012fc  afac0000	sw	(r29),r12
  280  00001300  0c000300	jal	_Printf
  281  00001304  54000000	nop; not filled.
  282  00001308  8d2c0000	lw	r12,(r9)
  283  0000130c  afac0000	sw	(r29),r12
  284  00001310  0c0002f0	jal	_Printf
  285  00001314  54000000	nop; not filled.
  286  00001318  3c0c0000	lhi	r12,((LC8_LF0)>>16)&0xffff
  287  0000131c  258c30e4	addui	r12,r12,(LC8_LF0)&0xffff
  288  00001320  afac0000	sw	(r29),r12
  289  00001324  0c0002dc	jal	_Printf
  290  00001328  54000000	nop; not filled.
  291  0000132c  0c000388	jal	_Exit
  292  00001330  54000000	nop; not filled.
  293  00001334  23bd0008	addi	r29,r29,#8
  294  00001338          	L18_LF0:
  295  00001338  23bdfff8	addi	r29,r29,#-8
  296  0000133c  afa20000	sw	(r29),r2
  297  00001340  0c000344	jal	_cond_create
  298  00001344  54000000	nop; not filled.
  299  00001348  00015820	add	r11,r0,r1
  300  0000134c  23bd0008	addi	r29,r29,#8
  301  00001350  6161ffff	seqi	r1,r11,#-1
  302  00001354  1020004c	beqz	r1,L19_LF0
  303  00001358  54000000	nop; not filled.
  304  0000135c  23bdfff8	addi	r29,r29,#-8
  305  00001360  3c0c0000	lhi	r12,((LC10_LF0)>>16)&0xffff
  306  00001364  258c30fc	addui	r12,r12,(LC10_LF0)&0xffff
  307  00001368  afac0000	sw	(r29),r12
  308  0000136c  0c000294	jal	_Printf
  309  00001370  54000000	nop; not filled.
  310  00001374  8d2c0000	lw	r12,(r9)
  311  00001378  afac0000	sw	(r29),r12
  312  0000137c  0c000284	jal	_Printf
  313  00001380  54000000	nop; not filled.
  314  00001384  3c0c0000	lhi	r12,((LC8_LF0)>>16)&0xffff
  315  00001388  258c30e4	addui	r12,r12,(LC8_LF0)&0xffff
  316  0000138c  afac0000	sw	(r29),r12
  317  00001390  0c000270	jal	_Printf
  318  00001394  54000000	nop; not filled.
  319  00001398  0c00031c	jal	_Exit
  320  0000139c  54000000	nop; not filled.
  321  000013a0  23bd0008	addi	r29,r29,#8
  322  000013a4          	L19_LF0:
  323  000013a4  23bdfff8	addi	r29,r29,#-8
  324  000013a8  afa20000	sw	(r29),r2
  325  000013ac  0c0002d8	jal	_cond_create
  326  000013b0  54000000	nop; not filled.
  327  000013b4  00011820	add	r3,r0,r1
  328  000013b8  23bd0008	addi	r29,r29,#8
  329  000013bc  6061ffff	seqi	r1,r3,#-1
  330  000013c0  1020004c	beqz	r1,L20_LF0
  331  000013c4  54000000	nop; not filled.
  332  000013c8  23bdfff8	addi	r29,r29,#-8
  333  000013cc  3c0c0000	lhi	r12,((LC11_LF0)>>16)&0xffff
  334  000013d0  258c3114	addui	r12,r12,(LC11_LF0)&0xffff
  335  000013d4  afac0000	sw	(r29),r12
  336  000013d8  0c000228	jal	_Printf
  337  000013dc  54000000	nop; not filled.
  338  000013e0  8d2c0000	lw	r12,(r9)
  339  000013e4  afac0000	sw	(r29),r12
  340  000013e8  0c000218	jal	_Printf
  341  000013ec  54000000	nop; not filled.
  342  000013f0  3c0c0000	lhi	r12,((LC8_LF0)>>16)&0xffff
  343  000013f4  258c30e4	addui	r12,r12,(LC8_LF0)&0xffff
  344  000013f8  afac0000	sw	(r29),r12
  345  000013fc  0c000204	jal	_Printf
  346  00001400  54000000	nop; not filled.
  347  00001404  0c0002b0	jal	_Exit
  348  00001408  54000000	nop; not filled.
  349  0000140c  23bd0008	addi	r29,r29,#8
  350  00001410          	L20_LF0:
  351  00001410  23bdfff8	addi	r29,r29,#-8
  352  00001414  afa40000	sw	(r29),r4
  353  00001418  23c7ffe8	addi	r7,r30,#-24
  354  0000141c  afa70004	sw	4(r29),r7
  355  00001420  0c0009b4	jal	_ditoa
  356  00001424  54000000	nop; not filled.
  357  00001428  afa80000	sw	(r29),r8
  358  0000142c  23c6ffd8	addi	r6,r30,#-40
  359  00001430  afa60004	sw	4(r29),r6
  360  00001434  0c0009a0	jal	_ditoa
  361  00001438  54000000	nop; not filled.
  362  0000143c  afa20000	sw	(r29),r2
  363  00001440  23c5ffc8	addi	r5,r30,#-56
  364  00001444  afa50004	sw	4(r29),r5
  365  00001448  0c00098c	jal	_ditoa
  366  0000144c  54000000	nop; not filled.
  367  00001450  afab0000	sw	(r29),r11
  368  00001454  23c4ffb8	addi	r4,r30,#-72
  369  00001458  afa40004	sw	4(r29),r4
  370  0000145c  0c000978	jal	_ditoa
  371  00001460  54000000	nop; not filled.
  372  00001464  afa30000	sw	(r29),r3
  373  00001468  23c3ffa8	addi	r3,r30,#-88
  374  0000146c  afa30004	sw	4(r29),r3
  375  00001470  0c000964	jal	_ditoa
  376  00001474  54000000	nop; not filled.
  377  00001478  20020000	addi	r2,r0,#0
  378  0000147c  23bd0008	addi	r29,r29,#8
  379  00001480  004a082a	slt	r1,r2,r10
  380  00001484  102000a4	beqz	r1,L22_LF0
  381  00001488  54000000	nop; not filled.
  382  0000148c          	L24_LF0:
  383  0000148c  23bdffe0	addi	r29,r29,#-32
  384  00001490  3c0c0000	lhi	r12,((LC12_LF0)>>16)&0xffff
  385  00001494  258c312c	addui	r12,r12,(LC12_LF0)&0xffff
  386  00001498  afac0000	sw	(r29),r12
  387  0000149c  afa70004	sw	4(r29),r7
  388  000014a0  afa60008	sw	8(r29),r6
  389  000014a4  afa5000c	sw	12(r29),r5
  390  000014a8  afa40010	sw	16(r29),r4
  391  000014ac  afa30014	sw	20(r29),r3
  392  000014b0  200c0000	addi	r12,r0,#0
  393  000014b4  afac0018	sw	24(r29),r12
  394  000014b8  0c000160	jal	_process_create
  395  000014bc  54000000	nop; not filled.
  396  000014c0  23bd0020	addi	r29,r29,#32
  397  000014c4  23bdffe0	addi	r29,r29,#-32
  398  000014c8  3c0c0000	lhi	r12,((LC13_LF0)>>16)&0xffff
  399  000014cc  258c3140	addui	r12,r12,(LC13_LF0)&0xffff
  400  000014d0  afac0000	sw	(r29),r12
  401  000014d4  afa70004	sw	4(r29),r7
  402  000014d8  afa60008	sw	8(r29),r6
  403  000014dc  afa5000c	sw	12(r29),r5
  404  000014e0  afa40010	sw	16(r29),r4
  405  000014e4  afa30014	sw	20(r29),r3
  406  000014e8  200c0000	addi	r12,r0,#0
  407  000014ec  afac0018	sw	24(r29),r12
  408  000014f0  0c000128	jal	_process_create
  409  000014f4  54000000	nop; not filled.
  410  000014f8  23bd0020	addi	r29,r29,#32
  411  000014fc  23bdfff8	addi	r29,r29,#-8
  412  00001500  3c0c0000	lhi	r12,((LC14_LF0)>>16)&0xffff
  413  00001504  258c3154	addui	r12,r12,(LC14_LF0)&0xffff
  414  00001508  afac0000	sw	(r29),r12
  415  0000150c  afa20004	sw	4(r29),r2
  416  00001510  0c0000f0	jal	_Printf
  417  00001514  54000000	nop; not filled.
  418  00001518  23bd0008	addi	r29,r29,#8
  419  0000151c  20420001	addi	r2,r2,#1
  420  00001520  004a082a	slt	r1,r2,r10
  421  00001524  1420ff64	bnez	r1,L24_LF0
  422  00001528  54000000	nop; not filled.
  423  0000152c          	L22_LF0:
  424  0000152c  23bdfff8	addi	r29,r29,#-8
  425  00001530  afa80000	sw	(r29),r8
  426  00001534  0c000114	jal	_sem_wait
  427  00001538  54000000	nop; not filled.
  428  0000153c  23bd0008	addi	r29,r29,#8
  429  00001540  64210001	snei	r1,r1,#1
  430  00001544  10200050	beqz	r1,L26_LF0
  431  00001548  54000000	nop; not filled.
  432  0000154c  23bdfff8	addi	r29,r29,#-8
  433  00001550  3c0c0000	lhi	r12,((LC15_LF0)>>16)&0xffff
  434  00001554  258c316c	addui	r12,r12,(LC15_LF0)&0xffff
  435  00001558  afac0000	sw	(r29),r12
  436  0000155c  afa80004	sw	4(r29),r8
  437  00001560  0c0000a0	jal	_Printf
  438  00001564  54000000	nop; not filled.
  439  00001568  8d290000	lw	r9,(r9)
  440  0000156c  afa90000	sw	(r29),r9
  441  00001570  0c000090	jal	_Printf
  442  00001574  54000000	nop; not filled.
  443  00001578  3c0c0000	lhi	r12,((LC8_LF0)>>16)&0xffff
  444  0000157c  258c30e4	addui	r12,r12,(LC8_LF0)&0xffff
  445  00001580  afac0000	sw	(r29),r12
  446  00001584  0c00007c	jal	_Printf
  447  00001588  54000000	nop; not filled.
  448  0000158c  0c000128	jal	_Exit
  449  00001590  54000000	nop; not filled.
  450  00001594  23bd0008	addi	r29,r29,#8
  451  00001598          	L26_LF0:
  452  00001598  23bdfff8	addi	r29,r29,#-8
  453  0000159c  3c0c0000	lhi	r12,((LC16_LF0)>>16)&0xffff
  454  000015a0  258c3198	addui	r12,r12,(LC16_LF0)&0xffff
  455  000015a4  afac0000	sw	(r29),r12
  456  000015a8  0c000058	jal	_Printf
  457  000015ac  54000000	nop; not filled.
  458  000015b0  23bd0008	addi	r29,r29,#8
  459  000015b4  0c000e48	jal	_exit
  460  000015b8  54000000	nop
  461  000015bc          	.endproc _main
  462                      ;;;
  463                      ;;; Stub functions for DLX traps.
  464                      ;;;
  465                      ;;; Ethan L. Miller, 1999.  Released to the public domain.
  466                      ;;;
  467                      ;;; The traps such as Open and Close
  468                      ;;; (note the capital letters) are for use by user programs.  The traps
  469                      ;;; with names such as open and close (lower case) are for use by the OS.
  470                      ;;;
  473  000015bc          	.align 2
  475                      ;;; The following are the traps to be used by user-level programs
  476                      ;;;
  478  000015bc          	.align 2
  479  000015bc          	.proc _Open
  480  000015bc          	.global _Open
  481  000015bc          	_Open:
  482                      ;;; Note that trap #0x213 actually causes a trap vector in the OS of
  483                      ;;; 0x1213.  The same is true for other user traps.  Thus, a user trap
  484                      ;;; with trap #0x240 will result in a trap vector of 0x1240 in the OS.
  485  000015bc  44000213	trap	#0x213
  486  000015c0  4be00000	jr	r31
  487  000015c4  54000000	nop
  488  000015c8          	.endproc _Open
  490  000015c8          	.proc _Close
  491  000015c8          	.global _Close
  492  000015c8          	_Close:
  493  000015c8  44000214	trap	#0x214
  494  000015cc  4be00000	jr	r31
  495  000015d0  54000000	nop
  496  000015d4          	.endproc _Close
  498  000015d4          	.proc _Read
  499  000015d4          	.global _Read
  500  000015d4          	_Read:
  501  000015d4  44000210	trap	#0x210
  502  000015d8  4be00000	jr	r31
  503  000015dc  54000000	nop
  504  000015e0          	.endproc _Read
  506  000015e0          	.proc _Write
  507  000015e0          	.global _Write
  508  000015e0          	_Write:
  509  000015e0  44000211	trap	#0x211
  510  000015e4  4be00000	jr	r31
  511  000015e8  54000000	nop
  512  000015ec          	.endproc _Write
  514  000015ec          	.proc _Lseek
  515  000015ec          	.global _Lseek
  516  000015ec          	_Lseek:
  517  000015ec  44000212	trap	#0x212
  518  000015f0  4be00000	jr	r31
  519  000015f4  54000000	nop
  520  000015f8          	.endproc _Lseek
  522  000015f8          	.proc _Putchar
  523  000015f8          	.global _Putchar
  524  000015f8          	_Putchar:
  525  000015f8  44000280	trap	#0x280
  526  000015fc  4be00000	jr	r31
  527  00001600  54000000	nop
  528  00001604          	.endproc _Putchar
  530  00001604          	.proc _Printf
  531  00001604          	.global _Printf
  532  00001604          	_Printf:
  533  00001604  44000201	trap	#0x201
  534  00001608  4be00000	jr	r31
  535  0000160c  54000000	nop
  536  00001610          	.endproc _Printf
  538  00001610          	.proc _getpid
  539  00001610          	.global _getpid
  540  00001610          	_getpid:
  541  00001610  44000431	trap	#0x431
  542  00001614  4be00000	jr	r31
  543  00001618  54000000	nop
  544  0000161c          	.endproc _getpid
  546  0000161c          	.proc _process_create
  547  0000161c          	.global _process_create
  548  0000161c          	_process_create:
  549  0000161c  44000432	trap	#0x432
  550  00001620  4be00000	jr	r31
  551  00001624  54000000	nop
  552  00001628          	.endproc _process_create
  554  00001628          	.proc _shmget
  555  00001628          	.global _shmget
  556  00001628          	_shmget:
  557  00001628  44000440	trap	#0x440
  558  0000162c  4be00000	jr	r31
  559  00001630  54000000	nop
  560  00001634          	.endproc _shmget
  562  00001634          	.proc _shmat
  563  00001634          	.global _shmat
  564  00001634          	_shmat:
  565  00001634  44000441	trap	#0x441
  566  00001638  4be00000	jr	r31
  567  0000163c  54000000	nop
  568  00001640          	.endproc _shmat
  570  00001640          	.proc _sem_create
  571  00001640          	.global _sem_create
  572  00001640          	_sem_create:
  573  00001640  44000450	trap	#0x450
  574  00001644  4be00000	jr	r31
  575  00001648  54000000	nop
  576  0000164c          	.endproc _sem_create
  578  0000164c          	.proc _sem_wait
  579  0000164c          	.global _sem_wait
  580  0000164c          	_sem_wait:
  581  0000164c  44000451	trap	#0x451
  582  00001650  4be00000	jr	r31
  583  00001654  54000000	nop
  584  00001658          	.endproc _sem_wait
  586  00001658          	.proc _sem_signal
  587  00001658          	.global _sem_signal
  588  00001658          	_sem_signal:
  589  00001658  44000452	trap	#0x452
  590  0000165c  4be00000	jr	r31
  591  00001660  54000000	nop
  592  00001664          	.endproc _sem_signal
  594  00001664          	.proc _lock_create
  595  00001664          	.global _lock_create
  596  00001664          	_lock_create:
  597  00001664  44000453	trap	#0x453
  598  00001668  4be00000	jr	r31
  599  0000166c  54000000	nop
  600  00001670          	.endproc _lock_create
  602  00001670          	.proc _lock_acquire
  603  00001670          	.global _lock_acquire
  604  00001670          	_lock_acquire:
  605  00001670  44000454	trap	#0x454
  606  00001674  4be00000	jr	r31
  607  00001678  54000000	nop
  608  0000167c          	.endproc _lock_acquire
  610  0000167c          	.proc _lock_release
  611  0000167c          	.global _lock_release
  612  0000167c          	_lock_release:
  613  0000167c  44000455	trap	#0x455
  614  00001680  4be00000	jr	r31
  615  00001684  54000000	nop
  616  00001688          	.endproc _lock_release
  618  00001688          	.proc _cond_create
  619  00001688          	.global _cond_create
  620  00001688          	_cond_create:
  621  00001688  44000456	trap	#0x456
  622  0000168c  4be00000	jr	r31
  623  00001690  54000000	nop
  624  00001694          	.endproc _cond_create
  626  00001694          	.proc _cond_wait
  627  00001694          	.global _cond_wait
  628  00001694          	_cond_wait:
  629  00001694  44000457	trap	#0x457
  630  00001698  4be00000	jr	r31
  631  0000169c  54000000	nop
  632  000016a0          	.endproc _cond_wait
  634  000016a0          	.proc _cond_signal
  635  000016a0          	.global _cond_signal
  636  000016a0          	_cond_signal:
  637  000016a0  44000458	trap	#0x458
  638  000016a4  4be00000	jr	r31
  639  000016a8  54000000	nop
  640  000016ac          	.endproc _cond_signal
  642  000016ac          	.proc _cond_broadcast
  643  000016ac          	.global _cond_broadcast
  644  000016ac          	_cond_broadcast:
  645  000016ac  44000455	trap	#0x455
  646  000016b0  4be00000	jr	r31
  647  000016b4  54000000	nop
  648  000016b8          	.endproc _cond_broadcast
  650  000016b8          	.proc _Exit
  651  000016b8          	.global _Exit
  652  000016b8          	_Exit:
  653  000016b8  44000500	trap	#0x500
  654  000016bc  4be00000	jr	r31
  655  000016c0  54000000	nop
  656  000016c4          	.endproc _Exit
  657                      ; Compiled by GCC
  659  000016c4          	.align 2
  660  000016c4          	.proc _isspace
  661  000016c4          	.global _isspace
  662  000016c4          	_isspace:
  663                      ;  Function 'isspace'; 0 bytes of locals, 3 regs to save.
  664  000016c4  afbefffc	sw	-4(r29),r30; push fp
  665  000016c8  001df020	add	r30,r0,r29; fp = sp
  666  000016cc  afbffff8	sw	-8(r29),r31; push ret addr
  667  000016d0  2fbd0018	subui	r29,r29,#24; alloc local storage
  668  000016d4  afa20000	sw	0(r29),r2
  669  000016d8  afa30004	sw	4(r29),r3
  670  000016dc  afa40008	sw	8(r29),r4
  671  000016e0  83c20003	lb	r2,3(r30)
  672  000016e4  20010000	addi	r1,r0,#0
  673  000016e8  304300ff	andi	r3,r2,#0x00ff
  674  000016ec  60640020	seqi	r4,r3,#32
  675  000016f0  1480002c	bnez	r4,L3_LF2
  676  000016f4  54000000	nop; delay slot nop
  677  000016f8  304300ff	andi	r3,r2,#0x00ff
  678  000016fc  60640009	seqi	r4,r3,#9
  679  00001700  1480001c	bnez	r4,L3_LF2
  680  00001704  54000000	nop; delay slot nop
  681  00001708  304300ff	andi	r3,r2,#0x00ff
  682  0000170c  6064000a	seqi	r4,r3,#10
  683  00001710  1480000c	bnez	r4,L3_LF2
  684  00001714  54000000	nop; delay slot nop
  685  00001718  08000008	j	L2_LF2
  686  0000171c  54000000	nop; delay slot nop
  687  00001720          	L3_LF2:
  688  00001720  20010001	addi	r1,r0,#1
  689  00001724          	L2_LF2:
  690  00001724  08000004	j	L1_LF2
  691  00001728  54000000	nop; delay slot nop
  692  0000172c          	L1_LF2:
  693  0000172c  8fa20000	lw	r2,0(r29)
  694  00001730  8fa30004	lw	r3,4(r29)
  695  00001734  8fa40008	lw	r4,8(r29)
  696  00001738  8fdffff8	lw	r31,-8(r30)
  697  0000173c  001ee820	add	r29,r0,r30
  698  00001740  8fdefffc	lw	r30,-4(r30)
  699  00001744  4be00000	jr	r31
  700  00001748  54000000	nop
  701  0000174c          	.endproc _isspace
  702  0000174c          	.align 2
  703  0000174c          	.proc _isxdigit
  704  0000174c          	.global _isxdigit
  705  0000174c          	_isxdigit:
  706                      ;  Function 'isxdigit'; 0 bytes of locals, 3 regs to save.
  707  0000174c  afbefffc	sw	-4(r29),r30; push fp
  708  00001750  001df020	add	r30,r0,r29; fp = sp
  709  00001754  afbffff8	sw	-8(r29),r31; push ret addr
  710  00001758  2fbd0018	subui	r29,r29,#24; alloc local storage
  711  0000175c  afa20000	sw	0(r29),r2
  712  00001760  afa30004	sw	4(r29),r3
  713  00001764  afa40008	sw	8(r29),r4
  714  00001768  83c20003	lb	r2,3(r30)
  715  0000176c  20010000	addi	r1,r0,#0
  716  00001770  304300ff	andi	r3,r2,#0x00ff
  717  00001774  6c64002f	sgtui	r4,r3,#47
  718  00001778  1080001c	beqz	r4,L7_LF2
  719  0000177c  54000000	nop; delay slot nop
  720  00001780  304300ff	andi	r3,r2,#0x00ff
  721  00001784  70640039	sleui	r4,r3,#57
  722  00001788  1480005c	bnez	r4,L6_LF2
  723  0000178c  54000000	nop; delay slot nop
  724  00001790  08000004	j	L7_LF2
  725  00001794  54000000	nop; delay slot nop
  726  00001798          	L7_LF2:
  727  00001798  304300ff	andi	r3,r2,#0x00ff
  728  0000179c  6c640060	sgtui	r4,r3,#96
  729  000017a0  1080001c	beqz	r4,L8_LF2
  730  000017a4  54000000	nop; delay slot nop
  731  000017a8  304300ff	andi	r3,r2,#0x00ff
  732  000017ac  70640066	sleui	r4,r3,#102
  733  000017b0  14800034	bnez	r4,L6_LF2
  734  000017b4  54000000	nop; delay slot nop
  735  000017b8  08000004	j	L8_LF2
  736  000017bc  54000000	nop; delay slot nop
  737  000017c0          	L8_LF2:
  738  000017c0  304300ff	andi	r3,r2,#0x00ff
  739  000017c4  6c640040	sgtui	r4,r3,#64
  740  000017c8  10800020	beqz	r4,L5_LF2
  741  000017cc  54000000	nop; delay slot nop
  742  000017d0  304300ff	andi	r3,r2,#0x00ff
  743  000017d4  70640041	sleui	r4,r3,#65
  744  000017d8  1480000c	bnez	r4,L6_LF2
  745  000017dc  54000000	nop; delay slot nop
  746  000017e0  08000008	j	L5_LF2
  747  000017e4  54000000	nop; delay slot nop
  748  000017e8          	L6_LF2:
  749  000017e8  20010001	addi	r1,r0,#1
  750  000017ec          	L5_LF2:
  751  000017ec  08000004	j	L4_LF2
  752  000017f0  54000000	nop; delay slot nop
  753  000017f4          	L4_LF2:
  754  000017f4  8fa20000	lw	r2,0(r29)
  755  000017f8  8fa30004	lw	r3,4(r29)
  756  000017fc  8fa40008	lw	r4,8(r29)
  757  00001800  8fdffff8	lw	r31,-8(r30)
  758  00001804  001ee820	add	r29,r0,r30
  759  00001808  8fdefffc	lw	r30,-4(r30)
  760  0000180c  4be00000	jr	r31
  761  00001810  54000000	nop
  762  00001814          	.endproc _isxdigit
  763  00001814          	.align 2
  764  00001814          	.proc _dstrcpy
  765  00001814          	.global _dstrcpy
  766  00001814          	_dstrcpy:
  767                      ;  Function 'dstrcpy'; 8 bytes of locals, 2 regs to save.
  768  00001814  afbefffc	sw	-4(r29),r30; push fp
  769  00001818  001df020	add	r30,r0,r29; fp = sp
  770  0000181c  afbffff8	sw	-8(r29),r31; push ret addr
  771  00001820  2fbd0018	subui	r29,r29,#24; alloc local storage
  772  00001824  afa20000	sw	0(r29),r2
  773  00001828  afa30004	sw	4(r29),r3
  774  0000182c  8fc10000	lw	r1,(r30)
  775  00001830  afc1fff4	sw	-12(r30),r1
  776  00001834          	L10_LF2:
  777  00001834  8fc10000	lw	r1,(r30)
  778  00001838  20220001	addi	r2,r1,#1
  779  0000183c  afc20000	sw	(r30),r2
  780  00001840  8fc20004	lw	r2,4(r30)
  781  00001844  20430001	addi	r3,r2,#1
  782  00001848  afc30004	sw	4(r30),r3
  783  0000184c  80420000	lb	r2,(r2)
  784  00001850  a0220000	sb	(r1),r2
  785  00001854  a3c2fff3	sb	-13(r30),r2
  786  00001858          	L12_LF2:
  787  00001858  93c1fff3	lbu	r1,-13(r30)
  788  0000185c  64220000	snei	r2,r1,#0
  789  00001860  1440000c	bnez	r2,L13_LF2
  790  00001864  54000000	nop; delay slot nop
  791  00001868  0800000c	j	L11_LF2
  792  0000186c  54000000	nop; delay slot nop
  793  00001870          	L13_LF2:
  794  00001870  0bffffc0	j	L10_LF2
  795  00001874  54000000	nop; delay slot nop
  796  00001878          	L11_LF2:
  797  00001878  8fc1fff4	lw	r1,-12(r30)
  798  0000187c  08000004	j	L9_LF2
  799  00001880  54000000	nop; delay slot nop
  800  00001884          	L9_LF2:
  801  00001884  8fa20000	lw	r2,0(r29)
  802  00001888  8fa30004	lw	r3,4(r29)
  803  0000188c  8fdffff8	lw	r31,-8(r30)
  804  00001890  001ee820	add	r29,r0,r30
  805  00001894  8fdefffc	lw	r30,-4(r30)
  806  00001898  4be00000	jr	r31
  807  0000189c  54000000	nop
  808  000018a0          	.endproc _dstrcpy
  809  000018a0          	.align 2
  810  000018a0          	.proc _dstrncpy
  811  000018a0          	.global _dstrncpy
  812  000018a0          	_dstrncpy:
  813                      ;  Function 'dstrncpy'; 8 bytes of locals, 2 regs to save.
  814  000018a0  afbefffc	sw	-4(r29),r30; push fp
  815  000018a4  001df020	add	r30,r0,r29; fp = sp
  816  000018a8  afbffff8	sw	-8(r29),r31; push ret addr
  817  000018ac  2fbd0018	subui	r29,r29,#24; alloc local storage
  818  000018b0  afa20000	sw	0(r29),r2
  819  000018b4  afa30004	sw	4(r29),r3
  820  000018b8  8fc10000	lw	r1,(r30)
  821  000018bc  afc1fff4	sw	-12(r30),r1
  822  000018c0          	L15_LF2:
  823  000018c0  8fc10008	lw	r1,8(r30)
  824  000018c4  2022ffff	addi	r2,r1,#-1
  825  000018c8  afc20008	sw	8(r30),r2
  826  000018cc  70210000	slei	r1,r1,#0
  827  000018d0  1020000c	beqz	r1,L18_LF2
  828  000018d4  54000000	nop; delay slot nop
  829  000018d8  08000048	j	L16_LF2
  830  000018dc  54000000	nop; delay slot nop
  831  000018e0          	L18_LF2:
  832  000018e0  8fc10000	lw	r1,(r30)
  833  000018e4  20220001	addi	r2,r1,#1
  834  000018e8  afc20000	sw	(r30),r2
  835  000018ec  8fc20004	lw	r2,4(r30)
  836  000018f0  20430001	addi	r3,r2,#1
  837  000018f4  afc30004	sw	4(r30),r3
  838  000018f8  80420000	lb	r2,(r2)
  839  000018fc  a0220000	sb	(r1),r2
  840  00001900  a3c2fff3	sb	-13(r30),r2
  841  00001904          	L17_LF2:
  842  00001904  93c1fff3	lbu	r1,-13(r30)
  843  00001908  64220000	snei	r2,r1,#0
  844  0000190c  1440000c	bnez	r2,L19_LF2
  845  00001910  54000000	nop; delay slot nop
  846  00001914  0800000c	j	L16_LF2
  847  00001918  54000000	nop; delay slot nop
  848  0000191c          	L19_LF2:
  849  0000191c  0bffffa0	j	L15_LF2
  850  00001920  54000000	nop; delay slot nop
  851  00001924          	L16_LF2:
  852  00001924  8fc1fff4	lw	r1,-12(r30)
  853  00001928  08000004	j	L14_LF2
  854  0000192c  54000000	nop; delay slot nop
  855  00001930          	L14_LF2:
  856  00001930  8fa20000	lw	r2,0(r29)
  857  00001934  8fa30004	lw	r3,4(r29)
  858  00001938  8fdffff8	lw	r31,-8(r30)
  859  0000193c  001ee820	add	r29,r0,r30
  860  00001940  8fdefffc	lw	r30,-4(r30)
  861  00001944  4be00000	jr	r31
  862  00001948  54000000	nop
  863  0000194c          	.endproc _dstrncpy
  864  0000194c          	.align 2
  865  0000194c          	.proc _dstrcat
  866  0000194c          	.global _dstrcat
  867  0000194c          	_dstrcat:
  868                      ;  Function 'dstrcat'; 8 bytes of locals, 1 regs to save.
  869  0000194c  afbefffc	sw	-4(r29),r30; push fp
  870  00001950  001df020	add	r30,r0,r29; fp = sp
  871  00001954  afbffff8	sw	-8(r29),r31; push ret addr
  872  00001958  2fbd0018	subui	r29,r29,#24; alloc local storage
  873  0000195c  afa20000	sw	0(r29),r2
  874  00001960  8fc10000	lw	r1,(r30)
  875  00001964  afc1fff4	sw	-12(r30),r1
  876  00001968          	L21_LF2:
  877  00001968  8fc10000	lw	r1,(r30)
  878  0000196c  90220000	lbu	r2,(r1)
  879  00001970  64410000	snei	r1,r2,#0
  880  00001974  1420000c	bnez	r1,L23_LF2
  881  00001978  54000000	nop; delay slot nop
  882  0000197c  0800001c	j	L22_LF2
  883  00001980  54000000	nop; delay slot nop
  884  00001984          	L23_LF2:
  885  00001984  8fc20000	lw	r2,(r30)
  886  00001988  20410001	addi	r1,r2,#1
  887  0000198c  00011020	add	r2,r0,r1
  888  00001990  afc20000	sw	(r30),r2
  889  00001994  0bffffd0	j	L21_LF2
  890  00001998  54000000	nop; delay slot nop
  891  0000199c          	L22_LF2:
  892  0000199c  23bdfff8	addi	r29,r29,#-8
  893  000019a0  001d0820	add	r1,r0,r29
  894  000019a4  8fc20000	lw	r2,(r30)
  895  000019a8  ac220000	sw	(r1),r2
  896  000019ac  8fc20004	lw	r2,4(r30)
  897  000019b0  ac220004	sw	4(r1),r2
  898  000019b4  0ffffe5c	jal	_dstrcpy
  899  000019b8  54000000	nop; delay slot nop
  900  000019bc  23bd0008	addi	r29,r29,#8
  901  000019c0  8fc1fff4	lw	r1,-12(r30)
  902  000019c4  08000004	j	L20_LF2
  903  000019c8  54000000	nop; delay slot nop
  904  000019cc          	L20_LF2:
  905  000019cc  8fa20000	lw	r2,0(r29)
  906  000019d0  8fdffff8	lw	r31,-8(r30)
  907  000019d4  001ee820	add	r29,r0,r30
  908  000019d8  8fdefffc	lw	r30,-4(r30)
  909  000019dc  4be00000	jr	r31
  910  000019e0  54000000	nop
  911  000019e4          	.endproc _dstrcat
  912  000019e4          	.align 2
  913  000019e4          	.proc _dstrncmp
  914  000019e4          	.global _dstrncmp
  915  000019e4          	_dstrncmp:
  916                      ;  Function 'dstrncmp'; 8 bytes of locals, 2 regs to save.
  917  000019e4  afbefffc	sw	-4(r29),r30; push fp
  918  000019e8  001df020	add	r30,r0,r29; fp = sp
  919  000019ec  afbffff8	sw	-8(r29),r31; push ret addr
  920  000019f0  2fbd0018	subui	r29,r29,#24; alloc local storage
  921  000019f4  afa20000	sw	0(r29),r2
  922  000019f8  afa30004	sw	4(r29),r3
  923  000019fc  54000000	nop
  924  00001a00  20010000	addi	r1,r0,#0
  925  00001a04  afc1fff4	sw	-12(r30),r1
  926  00001a08          	L25_LF2:
  927  00001a08  8fc1fff4	lw	r1,-12(r30)
  928  00001a0c  8fc20008	lw	r2,8(r30)
  929  00001a10  0022082a	slt	r1,r1,r2
  930  00001a14  1420000c	bnez	r1,L28_LF2
  931  00001a18  54000000	nop; delay slot nop
  932  00001a1c  08000088	j	L26_LF2
  933  00001a20  54000000	nop; delay slot nop
  934  00001a24          	L28_LF2:
  935  00001a24  8fc10004	lw	r1,4(r30)
  936  00001a28  90220000	lbu	r2,(r1)
  937  00001a2c  64410000	snei	r1,r2,#0
  938  00001a30  14200018	bnez	r1,L29_LF2
  939  00001a34  54000000	nop; delay slot nop
  940  00001a38  20010000	addi	r1,r0,#0
  941  00001a3c  080000d8	j	L24_LF2
  942  00001a40  54000000	nop; delay slot nop
  943  00001a44  08000028	j	L30_LF2
  944  00001a48  54000000	nop; delay slot nop
  945  00001a4c          	L29_LF2:
  946  00001a4c  8fc10000	lw	r1,(r30)
  947  00001a50  8fc20004	lw	r2,4(r30)
  948  00001a54  90210000	lbu	r1,(r1)
  949  00001a58  90420000	lbu	r2,(r2)
  950  00001a5c  00220829	sne	r1,r1,r2
  951  00001a60  1020000c	beqz	r1,L30_LF2
  952  00001a64  54000000	nop; delay slot nop
  953  00001a68  0800003c	j	L26_LF2
  954  00001a6c  54000000	nop; delay slot nop
  955  00001a70          	L31_LF2:
  956  00001a70          	L30_LF2:
  957  00001a70  8fc20000	lw	r2,(r30)
  958  00001a74  20410001	addi	r1,r2,#1
  959  00001a78  00011020	add	r2,r0,r1
  960  00001a7c  afc20000	sw	(r30),r2
  961  00001a80  8fc20004	lw	r2,4(r30)
  962  00001a84  20410001	addi	r1,r2,#1
  963  00001a88  00011020	add	r2,r0,r1
  964  00001a8c  afc20004	sw	4(r30),r2
  965  00001a90          	L27_LF2:
  966  00001a90  8fc2fff4	lw	r2,-12(r30)
  967  00001a94  20410001	addi	r1,r2,#1
  968  00001a98  00011020	add	r2,r0,r1
  969  00001a9c  afc2fff4	sw	-12(r30),r2
  970  00001aa0  0bffff64	j	L25_LF2
  971  00001aa4  54000000	nop; delay slot nop
  972  00001aa8          	L26_LF2:
  973  00001aa8  8fc1fff4	lw	r1,-12(r30)
  974  00001aac  8fc20008	lw	r2,8(r30)
  975  00001ab0  00220828	seq	r1,r1,r2
  976  00001ab4  10200018	beqz	r1,L32_LF2
  977  00001ab8  54000000	nop; delay slot nop
  978  00001abc  20010000	addi	r1,r0,#0
  979  00001ac0  08000054	j	L24_LF2
  980  00001ac4  54000000	nop; delay slot nop
  981  00001ac8  0800004c	j	L33_LF2
  982  00001acc  54000000	nop; delay slot nop
  983  00001ad0          	L32_LF2:
  984  00001ad0  8fc20000	lw	r2,(r30)
  985  00001ad4  90410000	lbu	r1,(r2)
  986  00001ad8  8fc20004	lw	r2,4(r30)
  987  00001adc  90430000	lbu	r3,(r2)
  988  00001ae0  00230822	sub	r1,r1,r3
  989  00001ae4  74220000	sgei	r2,r1,#0
  990  00001ae8  10400020	beqz	r2,L34_LF2
  991  00001aec  54000000	nop; delay slot nop
  992  00001af0  8fc10000	lw	r1,(r30)
  993  00001af4  8fc20004	lw	r2,4(r30)
  994  00001af8  90210000	lbu	r1,(r1)
  995  00001afc  90420000	lbu	r2,(r2)
  996  00001b00  00220829	sne	r1,r1,r2
  997  00001b04  08000008	j	L35_LF2
  998  00001b08  54000000	nop; delay slot nop
  999  00001b0c          	L34_LF2:
 1000  00001b0c  2001ffff	addi	r1,r0,#-1
 1001  00001b10          	L35_LF2:
 1002  00001b10  08000004	j	L24_LF2
 1003  00001b14  54000000	nop; delay slot nop
 1004  00001b18          	L33_LF2:
 1005  00001b18          	L24_LF2:
 1006  00001b18  8fa20000	lw	r2,0(r29)
 1007  00001b1c  8fa30004	lw	r3,4(r29)
 1008  00001b20  8fdffff8	lw	r31,-8(r30)
 1009  00001b24  001ee820	add	r29,r0,r30
 1010  00001b28  8fdefffc	lw	r30,-4(r30)
 1011  00001b2c  4be00000	jr	r31
 1012  00001b30  54000000	nop
 1013  00001b34          	.endproc _dstrncmp
 1014  00001b34          	.align 2
 1015  00001b34          	.proc _dstrlen
 1016  00001b34          	.global _dstrlen
 1017  00001b34          	_dstrlen:
 1018                      ;  Function 'dstrlen'; 8 bytes of locals, 1 regs to save.
 1019  00001b34  afbefffc	sw	-4(r29),r30; push fp
 1020  00001b38  001df020	add	r30,r0,r29; fp = sp
 1021  00001b3c  afbffff8	sw	-8(r29),r31; push ret addr
 1022  00001b40  2fbd0018	subui	r29,r29,#24; alloc local storage
 1023  00001b44  afa20000	sw	0(r29),r2
 1024  00001b48  20010000	addi	r1,r0,#0
 1025  00001b4c  afc1fff4	sw	-12(r30),r1
 1026  00001b50          	L37_LF2:
 1027  00001b50  8fc10000	lw	r1,(r30)
 1028  00001b54  20220001	addi	r2,r1,#1
 1029  00001b58  afc20000	sw	(r30),r2
 1030  00001b5c  90210000	lbu	r1,(r1)
 1031  00001b60  64220000	snei	r2,r1,#0
 1032  00001b64  1440000c	bnez	r2,L39_LF2
 1033  00001b68  54000000	nop; delay slot nop
 1034  00001b6c  0800001c	j	L38_LF2
 1035  00001b70  54000000	nop; delay slot nop
 1036  00001b74          	L39_LF2:
 1037  00001b74  8fc2fff4	lw	r2,-12(r30)
 1038  00001b78  20410001	addi	r1,r2,#1
 1039  00001b7c  00011020	add	r2,r0,r1
 1040  00001b80  afc2fff4	sw	-12(r30),r2
 1041  00001b84  0bffffc8	j	L37_LF2
 1042  00001b88  54000000	nop; delay slot nop
 1043  00001b8c          	L38_LF2:
 1044  00001b8c  8fc1fff4	lw	r1,-12(r30)
 1045  00001b90  08000004	j	L36_LF2
 1046  00001b94  54000000	nop; delay slot nop
 1047  00001b98          	L36_LF2:
 1048  00001b98  8fa20000	lw	r2,0(r29)
 1049  00001b9c  8fdffff8	lw	r31,-8(r30)
 1050  00001ba0  001ee820	add	r29,r0,r30
 1051  00001ba4  8fdefffc	lw	r30,-4(r30)
 1052  00001ba8  4be00000	jr	r31
 1053  00001bac  54000000	nop
 1054  00001bb0          	.endproc _dstrlen
 1055  00001bb0          	.align 2
 1056  00001bb0          	.proc _dstrstr
 1057  00001bb0          	.global _dstrstr
 1058  00001bb0          	_dstrstr:
 1059                      ;  Function 'dstrstr'; 8 bytes of locals, 1 regs to save.
 1060  00001bb0  afbefffc	sw	-4(r29),r30; push fp
 1061  00001bb4  001df020	add	r30,r0,r29; fp = sp
 1062  00001bb8  afbffff8	sw	-8(r29),r31; push ret addr
 1063  00001bbc  2fbd0018	subui	r29,r29,#24; alloc local storage
 1064  00001bc0  afa20000	sw	0(r29),r2
 1065  00001bc4  23bdfff8	addi	r29,r29,#-8
 1066  00001bc8  001d0820	add	r1,r0,r29
 1067  00001bcc  8fc20004	lw	r2,4(r30)
 1068  00001bd0  ac220000	sw	(r1),r2
 1069  00001bd4  0fffff5c	jal	_dstrlen
 1070  00001bd8  54000000	nop; delay slot nop
 1071  00001bdc  23bd0008	addi	r29,r29,#8
 1072  00001be0  afc1fff4	sw	-12(r30),r1
 1073  00001be4          	L41_LF2:
 1074  00001be4  8fc10000	lw	r1,(r30)
 1075  00001be8  90220000	lbu	r2,(r1)
 1076  00001bec  64410000	snei	r1,r2,#0
 1077  00001bf0  1420000c	bnez	r1,L43_LF2
 1078  00001bf4  54000000	nop; delay slot nop
 1079  00001bf8  08000060	j	L42_LF2
 1080  00001bfc  54000000	nop; delay slot nop
 1081  00001c00          	L43_LF2:
 1082  00001c00  23bdfff0	addi	r29,r29,#-16
 1083  00001c04  001d0820	add	r1,r0,r29
 1084  00001c08  8fc20000	lw	r2,(r30)
 1085  00001c0c  ac220000	sw	(r1),r2
 1086  00001c10  8fc20004	lw	r2,4(r30)
 1087  00001c14  ac220004	sw	4(r1),r2
 1088  00001c18  8fc2fff4	lw	r2,-12(r30)
 1089  00001c1c  ac220008	sw	8(r1),r2
 1090  00001c20  0ffffdc0	jal	_dstrncmp
 1091  00001c24  54000000	nop; delay slot nop
 1092  00001c28  23bd0010	addi	r29,r29,#16
 1093  00001c2c  64220000	snei	r2,r1,#0
 1094  00001c30  14400010	bnez	r2,L44_LF2
 1095  00001c34  54000000	nop; delay slot nop
 1096  00001c38  8fc10000	lw	r1,(r30)
 1097  00001c3c  08000028	j	L40_LF2
 1098  00001c40  54000000	nop; delay slot nop
 1099  00001c44          	L44_LF2:
 1100  00001c44  8fc20000	lw	r2,(r30)
 1101  00001c48  20410001	addi	r1,r2,#1
 1102  00001c4c  00011020	add	r2,r0,r1
 1103  00001c50  afc20000	sw	(r30),r2
 1104  00001c54  0bffff8c	j	L41_LF2
 1105  00001c58  54000000	nop; delay slot nop
 1106  00001c5c          	L42_LF2:
 1107  00001c5c  20010000	addi	r1,r0,#0
 1108  00001c60  08000004	j	L40_LF2
 1109  00001c64  54000000	nop; delay slot nop
 1110  00001c68          	L40_LF2:
 1111  00001c68  8fa20000	lw	r2,0(r29)
 1112  00001c6c  8fdffff8	lw	r31,-8(r30)
 1113  00001c70  001ee820	add	r29,r0,r30
 1114  00001c74  8fdefffc	lw	r30,-4(r30)
 1115  00001c78  4be00000	jr	r31
 1116  00001c7c  54000000	nop
 1117  00001c80          	.endproc _dstrstr
 1118  00001c80          	.align 2
 1119  00001c80          	.proc _dmindex
 1120  00001c80          	.global _dmindex
 1121  00001c80          	_dmindex:
 1122                      ;  Function 'dmindex'; 8 bytes of locals, 1 regs to save.
 1123  00001c80  afbefffc	sw	-4(r29),r30; push fp
 1124  00001c84  001df020	add	r30,r0,r29; fp = sp
 1125  00001c88  afbffff8	sw	-8(r29),r31; push ret addr
 1126  00001c8c  2fbd0018	subui	r29,r29,#24; alloc local storage
 1127  00001c90  afa20000	sw	0(r29),r2
 1128  00001c94  54000000	nop
 1129  00001c98          	L46_LF2:
 1130  00001c98  8fc10000	lw	r1,(r30)
 1131  00001c9c  90220000	lbu	r2,(r1)
 1132  00001ca0  64410000	snei	r1,r2,#0
 1133  00001ca4  1420000c	bnez	r1,L48_LF2
 1134  00001ca8  54000000	nop; delay slot nop
 1135  00001cac  08000070	j	L47_LF2
 1136  00001cb0  54000000	nop; delay slot nop
 1137  00001cb4          	L48_LF2:
 1138  00001cb4  8fc10004	lw	r1,4(r30)
 1139  00001cb8  afc1fff4	sw	-12(r30),r1
 1140  00001cbc          	L49_LF2:
 1141  00001cbc  8fc1fff4	lw	r1,-12(r30)
 1142  00001cc0  90220000	lbu	r2,(r1)
 1143  00001cc4  64410000	snei	r1,r2,#0
 1144  00001cc8  1420000c	bnez	r1,L52_LF2
 1145  00001ccc  54000000	nop; delay slot nop
 1146  00001cd0  08000044	j	L50_LF2
 1147  00001cd4  54000000	nop; delay slot nop
 1148  00001cd8          	L52_LF2:
 1149  00001cd8  8fc10000	lw	r1,(r30)
 1150  00001cdc  8fc2fff4	lw	r2,-12(r30)
 1151  00001ce0  90210000	lbu	r1,(r1)
 1152  00001ce4  90420000	lbu	r2,(r2)
 1153  00001ce8  00220828	seq	r1,r1,r2
 1154  00001cec  10200010	beqz	r1,L51_LF2
 1155  00001cf0  54000000	nop; delay slot nop
 1156  00001cf4  8fc10000	lw	r1,(r30)
 1157  00001cf8  08000030	j	L45_LF2
 1158  00001cfc  54000000	nop; delay slot nop
 1159  00001d00          	L53_LF2:
 1160  00001d00          	L51_LF2:
 1161  00001d00  8fc2fff4	lw	r2,-12(r30)
 1162  00001d04  20410001	addi	r1,r2,#1
 1163  00001d08  00011020	add	r2,r0,r1
 1164  00001d0c  afc2fff4	sw	-12(r30),r2
 1165  00001d10  0bffffa8	j	L49_LF2
 1166  00001d14  54000000	nop; delay slot nop
 1167  00001d18          	L50_LF2:
 1168  00001d18  0bffff7c	j	L46_LF2
 1169  00001d1c  54000000	nop; delay slot nop
 1170  00001d20          	L47_LF2:
 1171  00001d20  20010000	addi	r1,r0,#0
 1172  00001d24  08000004	j	L45_LF2
 1173  00001d28  54000000	nop; delay slot nop
 1174  00001d2c          	L45_LF2:
 1175  00001d2c  8fa20000	lw	r2,0(r29)
 1176  00001d30  8fdffff8	lw	r31,-8(r30)
 1177  00001d34  001ee820	add	r29,r0,r30
 1178  00001d38  8fdefffc	lw	r30,-4(r30)
 1179  00001d3c  4be00000	jr	r31
 1180  00001d40  54000000	nop
 1181  00001d44          	.endproc _dmindex
 1182  00001d44          	.align 2
 1183  00001d44          	.proc _dindex
 1184  00001d44          	.global _dindex
 1185  00001d44          	_dindex:
 1186                      ;  Function 'dindex'; 0 bytes of locals, 1 regs to save.
 1187  00001d44  afbefffc	sw	-4(r29),r30; push fp
 1188  00001d48  001df020	add	r30,r0,r29; fp = sp
 1189  00001d4c  afbffff8	sw	-8(r29),r31; push ret addr
 1190  00001d50  2fbd0010	subui	r29,r29,#16; alloc local storage
 1191  00001d54  afa20000	sw	0(r29),r2
 1192  00001d58  54000000	nop
 1193  00001d5c          	L55_LF2:
 1194  00001d5c  8fc10000	lw	r1,(r30)
 1195  00001d60  90220000	lbu	r2,(r1)
 1196  00001d64  64410000	snei	r1,r2,#0
 1197  00001d68  1420000c	bnez	r1,L57_LF2
 1198  00001d6c  54000000	nop; delay slot nop
 1199  00001d70  08000040	j	L56_LF2
 1200  00001d74  54000000	nop; delay slot nop
 1201  00001d78          	L57_LF2:
 1202  00001d78  8fc10000	lw	r1,(r30)
 1203  00001d7c  90220000	lbu	r2,(r1)
 1204  00001d80  8fc10004	lw	r1,4(r30)
 1205  00001d84  00411028	seq	r2,r2,r1
 1206  00001d88  10400010	beqz	r2,L58_LF2
 1207  00001d8c  54000000	nop; delay slot nop
 1208  00001d90  8fc10000	lw	r1,(r30)
 1209  00001d94  08000028	j	L54_LF2
 1210  00001d98  54000000	nop; delay slot nop
 1211  00001d9c          	L58_LF2:
 1212  00001d9c  8fc20000	lw	r2,(r30)
 1213  00001da0  20410001	addi	r1,r2,#1
 1214  00001da4  00011020	add	r2,r0,r1
 1215  00001da8  afc20000	sw	(r30),r2
 1216  00001dac  0bffffac	j	L55_LF2
 1217  00001db0  54000000	nop; delay slot nop
 1218  00001db4          	L56_LF2:
 1219  00001db4  20010000	addi	r1,r0,#0
 1220  00001db8  08000004	j	L54_LF2
 1221  00001dbc  54000000	nop; delay slot nop
 1222  00001dc0          	L54_LF2:
 1223  00001dc0  8fa20000	lw	r2,0(r29)
 1224  00001dc4  8fdffff8	lw	r31,-8(r30)
 1225  00001dc8  001ee820	add	r29,r0,r30
 1226  00001dcc  8fdefffc	lw	r30,-4(r30)
 1227  00001dd0  4be00000	jr	r31
 1228  00001dd4  54000000	nop
 1229  00001dd8          	.endproc _dindex
 1230  00001dd8          	.align 2
 1231  00001dd8          	.proc _ditoa
 1232  00001dd8          	.global _ditoa
 1233  00001dd8          	_ditoa:
 1234                      ;  Function 'ditoa'; 8 bytes of locals, 2 regs to save.
 1235  00001dd8  afbefffc	sw	-4(r29),r30; push fp
 1236  00001ddc  001df020	add	r30,r0,r29; fp = sp
 1237  00001de0  afbffff8	sw	-8(r29),r31; push ret addr
 1238  00001de4  2fbd0018	subui	r29,r29,#24; alloc local storage
 1239  00001de8  afa20000	sw	0(r29),r2
 1240  00001dec  afa30004	sw	4(r29),r3
 1241  00001df0  8fc10000	lw	r1,(r30)
 1242  00001df4  68220000	slti	r2,r1,#0
 1243  00001df8  1040002c	beqz	r2,L60_LF2
 1244  00001dfc  54000000	nop; delay slot nop
 1245  00001e00  8fc10004	lw	r1,4(r30)
 1246  00001e04  20220001	addi	r2,r1,#1
 1247  00001e08  afc20004	sw	4(r30),r2
 1248  00001e0c  2002002d	addi	r2,r0,(#0x2d)&0xff
 1249  00001e10  a0220000	sb	(r1),r2
 1250  00001e14  8fc10000	lw	r1,(r30)
 1251  00001e18  00011022	sub	r2,r0,r1
 1252  00001e1c  afc20000	sw	(r30),r2
 1253  00001e20  08000118	j	L61_LF2
 1254  00001e24  54000000	nop; delay slot nop
 1255  00001e28          	L60_LF2:
 1256  00001e28  8fc10000	lw	r1,(r30)
 1257  00001e2c  64220000	snei	r2,r1,#0
 1258  00001e30  14400020	bnez	r2,L62_LF2
 1259  00001e34  54000000	nop; delay slot nop
 1260  00001e38  8fc10004	lw	r1,4(r30)
 1261  00001e3c  20220001	addi	r2,r1,#1
 1262  00001e40  afc20004	sw	4(r30),r2
 1263  00001e44  20020030	addi	r2,r0,(#0x30)&0xff
 1264  00001e48  a0220000	sb	(r1),r2
 1265  00001e4c  080000ec	j	L61_LF2
 1266  00001e50  54000000	nop; delay slot nop
 1267  00001e54          	L62_LF2:
 1268  00001e54  20010001	addi	r1,r0,#1
 1269  00001e58  afc1fff4	sw	-12(r30),r1
 1270  00001e5c          	L64_LF2:
 1271  00001e5c  8fc1fff4	lw	r1,-12(r30)
 1272  00001e60  8fc20000	lw	r2,(r30)
 1273  00001e64  0022082c	sle	r1,r1,r2
 1274  00001e68  1420000c	bnez	r1,L66_LF2
 1275  00001e6c  54000000	nop; delay slot nop
 1276  00001e70  08000024	j	L65_LF2
 1277  00001e74  54000000	nop; delay slot nop
 1278  00001e78          	L67_LF2:
 1279  00001e78          	L66_LF2:
 1280  00001e78  8fc1fff4	lw	r1,-12(r30)
 1281  00001e7c  00011820	add	r3,r0,r1
 1282  00001e80  50620002	slli	r2,r3,#0x2
 1283  00001e84  00411020	add	r2,r2,r1
 1284  00001e88  50410001	slli	r1,r2,#0x1
 1285  00001e8c  afc1fff4	sw	-12(r30),r1
 1286  00001e90  0bffffc8	j	L64_LF2
 1287  00001e94  54000000	nop; delay slot nop
 1288  00001e98          	L65_LF2:
 1289  00001e98  54000000	nop
 1290  00001e9c          	L68_LF2:
 1291  00001e9c  8fc1fff4	lw	r1,-12(r30)
 1292  00001ea0  2002000a	addi	r2,r0,#10
 1293  00001ea4  00200035	movi2fp	f0,r1
 1294  00001ea8  00400835	movi2fp	f1,r2
 1295  00001eac  0401000f	div	f0,f0,f1
 1296  00001eb0  00000834	movfp2i	r1,f0
 1297  00001eb4  afc1fff4	sw	-12(r30),r1
 1298  00001eb8  8fc10004	lw	r1,4(r30)
 1299  00001ebc  20220001	addi	r2,r1,#1
 1300  00001ec0  afc20004	sw	4(r30),r2
 1301  00001ec4  8fc20000	lw	r2,(r30)
 1302  00001ec8  8fc3fff4	lw	r3,-12(r30)
 1303  00001ecc  00400035	movi2fp	f0,r2
 1304  00001ed0  00600835	movi2fp	f1,r3
 1305  00001ed4  0401000f	div	f0,f0,f1
 1306  00001ed8  00001034	movfp2i	r2,f0
 1307  00001edc  00021820	add	r3,r0,r2
 1308  00001ee0  20620030	addi	r2,r3,#48
 1309  00001ee4  a0220000	sb	(r1),r2
 1310  00001ee8  8fc10000	lw	r1,(r30)
 1311  00001eec  8fc3fff4	lw	r3,-12(r30)
 1312  00001ef0  00200035	movi2fp	f0,r1
 1313  00001ef4  00600835	movi2fp	f1,r3
 1314  00001ef8  0401000f	div	f0,f0,f1
 1315  00001efc  00001034	movfp2i	r2,f0
 1316  00001f00  8fc3fff4	lw	r3,-12(r30)
 1317  00001f04  00400035	movi2fp	f0,r2
 1318  00001f08  00600835	movi2fp	f1,r3
 1319  00001f0c  0401000e	mult	f0,f0,f1
 1320  00001f10  00001034	movfp2i	r2,f0
 1321  00001f14  00220822	sub	r1,r1,r2
 1322  00001f18  afc10000	sw	(r30),r1
 1323  00001f1c          	L70_LF2:
 1324  00001f1c  8fc1fff4	lw	r1,-12(r30)
 1325  00001f20  6c220001	sgti	r2,r1,#1
 1326  00001f24  1440000c	bnez	r2,L71_LF2
 1327  00001f28  54000000	nop; delay slot nop
 1328  00001f2c  0800000c	j	L61_LF2
 1329  00001f30  54000000	nop; delay slot nop
 1330  00001f34          	L71_LF2:
 1331  00001f34  0bffff64	j	L68_LF2
 1332  00001f38  54000000	nop; delay slot nop
 1333  00001f3c          	L69_LF2:
 1334  00001f3c          	L63_LF2:
 1335  00001f3c          	L61_LF2:
 1336  00001f3c  8fc10004	lw	r1,4(r30)
 1337  00001f40  20020000	addi	r2,r0,(#0x0)&0xff
 1338  00001f44  a0220000	sb	(r1),r2
 1339  00001f48          	L59_LF2:
 1340  00001f48  8fa20000	lw	r2,0(r29)
 1341  00001f4c  8fa30004	lw	r3,4(r29)
 1342  00001f50  8fdffff8	lw	r31,-8(r30)
 1343  00001f54  001ee820	add	r29,r0,r30
 1344  00001f58  8fdefffc	lw	r30,-4(r30)
 1345  00001f5c  4be00000	jr	r31
 1346  00001f60  54000000	nop
 1347  00001f64          	.endproc _ditoa
 1348  00001f64          	.align 2
 1349  00001f64          	.proc _dstrtol
 1350  00001f64          	.global _dstrtol
 1351  00001f64          	_dstrtol:
 1352                      ;  Function 'dstrtol'; 16 bytes of locals, 1 regs to save.
 1353  00001f64  afbefffc	sw	-4(r29),r30; push fp
 1354  00001f68  001df020	add	r30,r0,r29; fp = sp
 1355  00001f6c  afbffff8	sw	-8(r29),r31; push ret addr
 1356  00001f70  2fbd0020	subui	r29,r29,#32; alloc local storage
 1357  00001f74  afa20000	sw	0(r29),r2
 1358  00001f78  20010000	addi	r1,r0,#0
 1359  00001f7c  afc1fff4	sw	-12(r30),r1
 1360  00001f80          	L73_LF2:
 1361  00001f80  8fc10000	lw	r1,(r30)
 1362  00001f84  90220000	lbu	r2,(r1)
 1363  00001f88  60410020	seqi	r1,r2,#32
 1364  00001f8c  14200034	bnez	r1,L75_LF2
 1365  00001f90  54000000	nop; delay slot nop
 1366  00001f94  8fc10000	lw	r1,(r30)
 1367  00001f98  90220000	lbu	r2,(r1)
 1368  00001f9c  60410009	seqi	r1,r2,#9
 1369  00001fa0  14200020	bnez	r1,L75_LF2
 1370  00001fa4  54000000	nop; delay slot nop
 1371  00001fa8  8fc10000	lw	r1,(r30)
 1372  00001fac  90220000	lbu	r2,(r1)
 1373  00001fb0  6041000a	seqi	r1,r2,#10
 1374  00001fb4  1420000c	bnez	r1,L75_LF2
 1375  00001fb8  54000000	nop; delay slot nop
 1376  00001fbc  0800001c	j	L74_LF2
 1377  00001fc0  54000000	nop; delay slot nop
 1378  00001fc4          	L75_LF2:
 1379  00001fc4  8fc20000	lw	r2,(r30)
 1380  00001fc8  20410001	addi	r1,r2,#1
 1381  00001fcc  00011020	add	r2,r0,r1
 1382  00001fd0  afc20000	sw	(r30),r2
 1383  00001fd4  0bffffa8	j	L73_LF2
 1384  00001fd8  54000000	nop; delay slot nop
 1385  00001fdc          	L74_LF2:
 1386  00001fdc  8fc10004	lw	r1,4(r30)
 1387  00001fe0  64220000	snei	r2,r1,#0
 1388  00001fe4  10400010	beqz	r2,L76_LF2
 1389  00001fe8  54000000	nop; delay slot nop
 1390  00001fec  8fc10004	lw	r1,4(r30)
 1391  00001ff0  8fc20000	lw	r2,(r30)
 1392  00001ff4  ac220000	sw	(r1),r2
 1393  00001ff8          	L76_LF2:
 1394  00001ff8  8fc10000	lw	r1,(r30)
 1395  00001ffc  90220000	lbu	r2,(r1)
 1396  00002000  64410000	snei	r1,r2,#0
 1397  00002004  14200010	bnez	r1,L77_LF2
 1398  00002008  54000000	nop; delay slot nop
 1399  0000200c  8fc1fff4	lw	r1,-12(r30)
 1400  00002010  08000294	j	L72_LF2
 1401  00002014  54000000	nop; delay slot nop
 1402  00002018          	L77_LF2:
 1403  00002018  8fc10000	lw	r1,(r30)
 1404  0000201c  90220000	lbu	r2,(r1)
 1405  00002020  6041002d	seqi	r1,r2,#45
 1406  00002024  10200024	beqz	r1,L78_LF2
 1407  00002028  54000000	nop; delay slot nop
 1408  0000202c  2001ffff	addi	r1,r0,#-1
 1409  00002030  afc1ffec	sw	-20(r30),r1
 1410  00002034  8fc20000	lw	r2,(r30)
 1411  00002038  20410001	addi	r1,r2,#1
 1412  0000203c  00011020	add	r2,r0,r1
 1413  00002040  afc20000	sw	(r30),r2
 1414  00002044  0800000c	j	L79_LF2
 1415  00002048  54000000	nop; delay slot nop
 1416  0000204c          	L78_LF2:
 1417  0000204c  20010001	addi	r1,r0,#1
 1418  00002050  afc1ffec	sw	-20(r30),r1
 1419  00002054          	L79_LF2:
 1420  00002054  8fc10008	lw	r1,8(r30)
 1421  00002058  64220000	snei	r2,r1,#0
 1422  0000205c  14400090	bnez	r2,L80_LF2
 1423  00002060  54000000	nop; delay slot nop
 1424  00002064  8fc10000	lw	r1,(r30)
 1425  00002068  90220000	lbu	r2,(r1)
 1426  0000206c  60410030	seqi	r1,r2,#48
 1427  00002070  10200074	beqz	r1,L81_LF2
 1428  00002074  54000000	nop; delay slot nop
 1429  00002078  8fc20000	lw	r2,(r30)
 1430  0000207c  20410001	addi	r1,r2,#1
 1431  00002080  00011020	add	r2,r0,r1
 1432  00002084  afc20000	sw	(r30),r2
 1433  00002088  8fc10000	lw	r1,(r30)
 1434  0000208c  90220000	lbu	r2,(r1)
 1435  00002090  60410078	seqi	r1,r2,#120
 1436  00002094  14200020	bnez	r1,L83_LF2
 1437  00002098  54000000	nop; delay slot nop
 1438  0000209c  8fc10000	lw	r1,(r30)
 1439  000020a0  90220000	lbu	r2,(r1)
 1440  000020a4  60410058	seqi	r1,r2,#88
 1441  000020a8  1420000c	bnez	r1,L83_LF2
 1442  000020ac  54000000	nop; delay slot nop
 1443  000020b0  08000024	j	L82_LF2
 1444  000020b4  54000000	nop; delay slot nop
 1445  000020b8          	L83_LF2:
 1446  000020b8  20010010	addi	r1,r0,#16
 1447  000020bc  afc10008	sw	8(r30),r1
 1448  000020c0  8fc20000	lw	r2,(r30)
 1449  000020c4  20410001	addi	r1,r2,#1
 1450  000020c8  00011020	add	r2,r0,r1
 1451  000020cc  afc20000	sw	(r30),r2
 1452  000020d0  0800000c	j	L84_LF2
 1453  000020d4  54000000	nop; delay slot nop
 1454  000020d8          	L82_LF2:
 1455  000020d8  20010008	addi	r1,r0,#8
 1456  000020dc  afc10008	sw	8(r30),r1
 1457  000020e0          	L84_LF2:
 1458  000020e0  0800000c	j	L80_LF2
 1459  000020e4  54000000	nop; delay slot nop
 1460  000020e8          	L81_LF2:
 1461  000020e8  2001000a	addi	r1,r0,#10
 1462  000020ec  afc10008	sw	8(r30),r1
 1463  000020f0          	L85_LF2:
 1464  000020f0          	L80_LF2:
 1465  000020f0  8fc10008	lw	r1,8(r30)
 1466  000020f4  70220000	slei	r2,r1,#0
 1467  000020f8  1440001c	bnez	r2,L87_LF2
 1468  000020fc  54000000	nop; delay slot nop
 1469  00002100  8fc10008	lw	r1,8(r30)
 1470  00002104  6c220010	sgti	r2,r1,#16
 1471  00002108  1440000c	bnez	r2,L87_LF2
 1472  0000210c  54000000	nop; delay slot nop
 1473  00002110  08000010	j	L86_LF2
 1474  00002114  54000000	nop; delay slot nop
 1475  00002118          	L87_LF2:
 1476  00002118  8fc1fff4	lw	r1,-12(r30)
 1477  0000211c  08000188	j	L72_LF2
 1478  00002120  54000000	nop; delay slot nop
 1479  00002124          	L86_LF2:
 1480  00002124  54000000	nop
 1481  00002128          	L88_LF2:
 1482  00002128  8fc10000	lw	r1,(r30)
 1483  0000212c  90220000	lbu	r2,(r1)
 1484  00002130  6c41002f	sgtui	r1,r2,#47
 1485  00002134  10200030	beqz	r1,L91_LF2
 1486  00002138  54000000	nop; delay slot nop
 1487  0000213c  8fc10000	lw	r1,(r30)
 1488  00002140  90220000	lbu	r2,(r1)
 1489  00002144  70410039	sleui	r1,r2,#57
 1490  00002148  1020001c	beqz	r1,L91_LF2
 1491  0000214c  54000000	nop; delay slot nop
 1492  00002150  8fc10000	lw	r1,(r30)
 1493  00002154  90220000	lbu	r2,(r1)
 1494  00002158  2041ffd0	addi	r1,r2,#-48
 1495  0000215c  afc1fff0	sw	-16(r30),r1
 1496  00002160  0800008c	j	L92_LF2
 1497  00002164  54000000	nop; delay slot nop
 1498  00002168          	L91_LF2:
 1499  00002168  8fc10000	lw	r1,(r30)
 1500  0000216c  90220000	lbu	r2,(r1)
 1501  00002170  6c410060	sgtui	r1,r2,#96
 1502  00002174  10200030	beqz	r1,L93_LF2
 1503  00002178  54000000	nop; delay slot nop
 1504  0000217c  8fc10000	lw	r1,(r30)
 1505  00002180  90220000	lbu	r2,(r1)
 1506  00002184  7041007a	sleui	r1,r2,#122
 1507  00002188  1020001c	beqz	r1,L93_LF2
 1508  0000218c  54000000	nop; delay slot nop
 1509  00002190  8fc10000	lw	r1,(r30)
 1510  00002194  90220000	lbu	r2,(r1)
 1511  00002198  2041ffa9	addi	r1,r2,#-87
 1512  0000219c  afc1fff0	sw	-16(r30),r1
 1513  000021a0  0800004c	j	L92_LF2
 1514  000021a4  54000000	nop; delay slot nop
 1515  000021a8          	L93_LF2:
 1516  000021a8  8fc10000	lw	r1,(r30)
 1517  000021ac  90220000	lbu	r2,(r1)
 1518  000021b0  6c410040	sgtui	r1,r2,#64
 1519  000021b4  10200030	beqz	r1,L95_LF2
 1520  000021b8  54000000	nop; delay slot nop
 1521  000021bc  8fc10000	lw	r1,(r30)
 1522  000021c0  90220000	lbu	r2,(r1)
 1523  000021c4  7041005a	sleui	r1,r2,#90
 1524  000021c8  1020001c	beqz	r1,L95_LF2
 1525  000021cc  54000000	nop; delay slot nop
 1526  000021d0  8fc10000	lw	r1,(r30)
 1527  000021d4  90220000	lbu	r2,(r1)
 1528  000021d8  2041ffc9	addi	r1,r2,#-55
 1529  000021dc  afc1fff0	sw	-16(r30),r1
 1530  000021e0  0800000c	j	L92_LF2
 1531  000021e4  54000000	nop; delay slot nop
 1532  000021e8          	L95_LF2:
 1533  000021e8  200103e8	addi	r1,r0,#1000
 1534  000021ec  afc1fff0	sw	-16(r30),r1
 1535  000021f0          	L96_LF2:
 1536  000021f0          	L94_LF2:
 1537  000021f0          	L92_LF2:
 1538  000021f0  8fc1fff0	lw	r1,-16(r30)
 1539  000021f4  8fc20008	lw	r2,8(r30)
 1540  000021f8  0022082a	slt	r1,r1,r2
 1541  000021fc  10200040	beqz	r1,L90_LF2
 1542  00002200  54000000	nop; delay slot nop
 1543  00002204  8fc1fff4	lw	r1,-12(r30)
 1544  00002208  8fc20008	lw	r2,8(r30)
 1545  0000220c  00200035	movi2fp	f0,r1
 1546  00002210  00400835	movi2fp	f1,r2
 1547  00002214  0401000e	mult	f0,f0,f1
 1548  00002218  00000834	movfp2i	r1,f0
 1549  0000221c  afc1fff4	sw	-12(r30),r1
 1550  00002220  8fc1fff4	lw	r1,-12(r30)
 1551  00002224  8fc2fff0	lw	r2,-16(r30)
 1552  00002228  00220820	add	r1,r1,r2
 1553  0000222c  afc1fff4	sw	-12(r30),r1
 1554  00002230  8fc20000	lw	r2,(r30)
 1555  00002234  20410001	addi	r1,r2,#1
 1556  00002238  00011020	add	r2,r0,r1
 1557  0000223c  afc20000	sw	(r30),r2
 1558  00002240          	L97_LF2:
 1559  00002240          	L90_LF2:
 1560  00002240  8fc1fff0	lw	r1,-16(r30)
 1561  00002244  8fc20008	lw	r2,8(r30)
 1562  00002248  0022082a	slt	r1,r1,r2
 1563  0000224c  1420000c	bnez	r1,L98_LF2
 1564  00002250  54000000	nop; delay slot nop
 1565  00002254  0800000c	j	L89_LF2
 1566  00002258  54000000	nop; delay slot nop
 1567  0000225c          	L98_LF2:
 1568  0000225c  0bfffec8	j	L88_LF2
 1569  00002260  54000000	nop; delay slot nop
 1570  00002264          	L89_LF2:
 1571  00002264  8fc10004	lw	r1,4(r30)
 1572  00002268  64220000	snei	r2,r1,#0
 1573  0000226c  10400010	beqz	r2,L99_LF2
 1574  00002270  54000000	nop; delay slot nop
 1575  00002274  8fc10004	lw	r1,4(r30)
 1576  00002278  8fc20000	lw	r2,(r30)
 1577  0000227c  ac220000	sw	(r1),r2
 1578  00002280          	L99_LF2:
 1579  00002280  8fc1fff4	lw	r1,-12(r30)
 1580  00002284  8fc2ffec	lw	r2,-20(r30)
 1581  00002288  00200035	movi2fp	f0,r1
 1582  0000228c  00400835	movi2fp	f1,r2
 1583  00002290  0401000e	mult	f0,f0,f1
 1584  00002294  00000834	movfp2i	r1,f0
 1585  00002298  afc1fff4	sw	-12(r30),r1
 1586  0000229c  8fc1fff4	lw	r1,-12(r30)
 1587  000022a0  08000004	j	L72_LF2
 1588  000022a4  54000000	nop; delay slot nop
 1589  000022a8          	L72_LF2:
 1590  000022a8  8fa20000	lw	r2,0(r29)
 1591  000022ac  8fdffff8	lw	r31,-8(r30)
 1592  000022b0  001ee820	add	r29,r0,r30
 1593  000022b4  8fdefffc	lw	r30,-4(r30)
 1594  000022b8  4be00000	jr	r31
 1595  000022bc  54000000	nop
 1596  000022c0          	.endproc _dstrtol
 1597  000022c0          	.align 2
 1598  000022c0          	.proc _bcopy
 1599  000022c0          	.global _bcopy
 1600  000022c0          	_bcopy:
 1601                      ;  Function 'bcopy'; 0 bytes of locals, 2 regs to save.
 1602  000022c0  afbefffc	sw	-4(r29),r30; push fp
 1603  000022c4  001df020	add	r30,r0,r29; fp = sp
 1604  000022c8  afbffff8	sw	-8(r29),r31; push ret addr
 1605  000022cc  2fbd0010	subui	r29,r29,#16; alloc local storage
 1606  000022d0  afa20000	sw	0(r29),r2
 1607  000022d4  afa30004	sw	4(r29),r3
 1608  000022d8  54000000	nop
 1609  000022dc          	L101_LF2:
 1610  000022dc  8fc10008	lw	r1,8(r30)
 1611  000022e0  2022ffff	addi	r2,r1,#-1
 1612  000022e4  afc20008	sw	8(r30),r2
 1613  000022e8  6c210000	sgti	r1,r1,#0
 1614  000022ec  1420000c	bnez	r1,L103_LF2
 1615  000022f0  54000000	nop; delay slot nop
 1616  000022f4  0800002c	j	L102_LF2
 1617  000022f8  54000000	nop; delay slot nop
 1618  000022fc          	L103_LF2:
 1619  000022fc  8fc10004	lw	r1,4(r30)
 1620  00002300  20220001	addi	r2,r1,#1
 1621  00002304  afc20004	sw	4(r30),r2
 1622  00002308  8fc20000	lw	r2,(r30)
 1623  0000230c  20430001	addi	r3,r2,#1
 1624  00002310  afc30000	sw	(r30),r3
 1625  00002314  80420000	lb	r2,(r2)
 1626  00002318  a0220000	sb	(r1),r2
 1627  0000231c  0bffffbc	j	L101_LF2
 1628  00002320  54000000	nop; delay slot nop
 1629  00002324          	L102_LF2:
 1630  00002324          	L100_LF2:
 1631  00002324  8fa20000	lw	r2,0(r29)
 1632  00002328  8fa30004	lw	r3,4(r29)
 1633  0000232c  8fdffff8	lw	r31,-8(r30)
 1634  00002330  001ee820	add	r29,r0,r30
 1635  00002334  8fdefffc	lw	r30,-4(r30)
 1636  00002338  4be00000	jr	r31
 1637  0000233c  54000000	nop
 1638  00002340          	.endproc _bcopy
 1639  00002340          	.align 2
 1640  00002340          	.proc _bzero
 1641  00002340          	.global _bzero
 1642  00002340          	_bzero:
 1643                      ;  Function 'bzero'; 0 bytes of locals, 1 regs to save.
 1644  00002340  afbefffc	sw	-4(r29),r30; push fp
 1645  00002344  001df020	add	r30,r0,r29; fp = sp
 1646  00002348  afbffff8	sw	-8(r29),r31; push ret addr
 1647  0000234c  2fbd0010	subui	r29,r29,#16; alloc local storage
 1648  00002350  afa20000	sw	0(r29),r2
 1649  00002354  54000000	nop
 1650  00002358          	L105_LF2:
 1651  00002358  8fc10004	lw	r1,4(r30)
 1652  0000235c  2022ffff	addi	r2,r1,#-1
 1653  00002360  afc20004	sw	4(r30),r2
 1654  00002364  6c210000	sgti	r1,r1,#0
 1655  00002368  1420000c	bnez	r1,L107_LF2
 1656  0000236c  54000000	nop; delay slot nop
 1657  00002370  08000020	j	L106_LF2
 1658  00002374  54000000	nop; delay slot nop
 1659  00002378          	L107_LF2:
 1660  00002378  8fc10000	lw	r1,(r30)
 1661  0000237c  20220001	addi	r2,r1,#1
 1662  00002380  afc20000	sw	(r30),r2
 1663  00002384  20020000	addi	r2,r0,(#0x0)&0xff
 1664  00002388  a0220000	sb	(r1),r2
 1665  0000238c  0bffffc8	j	L105_LF2
 1666  00002390  54000000	nop; delay slot nop
 1667  00002394          	L106_LF2:
 1668  00002394          	L104_LF2:
 1669  00002394  8fa20000	lw	r2,0(r29)
 1670  00002398  8fdffff8	lw	r31,-8(r30)
 1671  0000239c  001ee820	add	r29,r0,r30
 1672  000023a0  8fdefffc	lw	r30,-4(r30)
 1673  000023a4  4be00000	jr	r31
 1674  000023a8  54000000	nop
 1675  000023ac          	.endproc _bzero
 1676  000023ac          	.align 2
 1677  000023ac          	.proc _min
 1678  000023ac          	.global _min
 1679  000023ac          	_min:
 1680                      ;  Function 'min'; 0 bytes of locals, 2 regs to save.
 1681  000023ac  afbefffc	sw	-4(r29),r30; push fp
 1682  000023b0  001df020	add	r30,r0,r29; fp = sp
 1683  000023b4  afbffff8	sw	-8(r29),r31; push ret addr
 1684  000023b8  2fbd0010	subui	r29,r29,#16; alloc local storage
 1685  000023bc  afa20000	sw	0(r29),r2
 1686  000023c0  afa30004	sw	4(r29),r3
 1687  000023c4  8fc10000	lw	r1,(r30)
 1688  000023c8  8fc20004	lw	r2,4(r30)
 1689  000023cc  0022182c	sle	r3,r1,r2
 1690  000023d0  14600008	bnez	r3,L109_LF2
 1691  000023d4  54000000	nop; delay slot nop
 1692  000023d8  8fc10004	lw	r1,4(r30)
 1693  000023dc          	L109_LF2:
 1694  000023dc  08000004	j	L108_LF2
 1695  000023e0  54000000	nop; delay slot nop
 1696  000023e4          	L108_LF2:
 1697  000023e4  8fa20000	lw	r2,0(r29)
 1698  000023e8  8fa30004	lw	r3,4(r29)
 1699  000023ec  8fdffff8	lw	r31,-8(r30)
 1700  000023f0  001ee820	add	r29,r0,r30
 1701  000023f4  8fdefffc	lw	r30,-4(r30)
 1702  000023f8  4be00000	jr	r31
 1703  000023fc  54000000	nop
 1704  00002400          	.endproc _min
 1705                      ;;; Ethan L. Miller, 1999.  Released to the public domain
 1706                      ;;;
 1707                      ;;; Most of the traps are called in files from libtraps.
 1710  00002400          	.align 2
 1711  00002400          	.proc _exit
 1712  00002400          	.global _exit
 1713  00002400          	_exit:
 1714  00002400  44000300	trap	#0x300
 1715  00002404  4be00000	jr	r31
 1716  00002408  54000000	nop
 1717  0000240c          	.endproc _exit
 1719                      ; for the benefit of gcc.
 1720  0000240c          	.proc ___main
 1721  0000240c          	.global ___main
 1722  0000240c          	___main:
 1723  0000240c  4be00000	jr	r31
 1724  00002410  54000000	nop
 1725  00002414          	.endproc ___main
 1726  00002414          	.text
 1727  00002414          	.global _etext
 1728  00002414          	_etext:
 1729  00002414          	.align 3
 1730  00002418          	.data
 1731  000031ce          	.global _edata
 1732  000031ce          	_edata:
