 line   address	contents
    1                      ; Linked by DLX-LD.
    2                      ; MemSize 24576
    3                      ; Data size: 579
    4                      ; Text size: 5752
    5                      ; Stack size: 8192
    6  00000000          	.text 0x1000
    7  00001000          	.data 0x3000
    8                      ; Compiled by GCC
    9  00003000          	.text
   10  00001000          	.align 2
   11  00001000          	.proc _isspace
   12  00001000          	.global _isspace
   13  00001000          	_isspace:
   14                      ;  Function 'isspace'; 0 bytes of locals, 1 regs to save.
   15  00001000  afbefffc	sw	-4(r29),r30; push fp
   16  00001004  001df020	add	r30,r0,r29; fp = sp
   17  00001008  afbffff8	sw	-8(r29),r31; push ret addr
   18  0000100c  2fbd0010	subui	r29,r29,#16; alloc local storage
   19  00001010  afa20000	sw	0(r29),r2
   20  00001014  83c20003	lb	r2,3(r30)
   21  00001018  201f0000	addi	r31,r0,#0
   22  0000101c  304100ff	andi	r1,r2,#0x00ff
   23  00001020  60210020	seqi	r1,r1,#32
   24  00001024  14200018	bnez	r1,L6_LF0
   25  00001028  54000000	nop; not filled.
   26  0000102c  2041fff7	addi	r1,r2,#-9
   27  00001030  302100ff	andi	r1,r1,#0x00ff
   28  00001034  70210001	sleui	r1,r1,#1
   29  00001038  10200008	beqz	r1,L5_LF0
   30  0000103c  54000000	nop; not filled.
   31  00001040          	L6_LF0:
   32  00001040  201f0001	addi	r31,r0,#1
   33  00001044          	L5_LF0:
   34  00001044  001f0820	add	r1,r0,r31
   35  00001048  8fa20000	lw	r2,0(r29)
   36  0000104c  8fdffff8	lw	r31,-8(r30)
   37  00001050  001ee820	add	r29,r0,r30
   38  00001054  8fdefffc	lw	r30,-4(r30)
   39  00001058  4be00000	jr	r31
   40  0000105c  54000000	nop
   41  00001060          	.endproc _isspace
   42  00001060          	.align 2
   43  00001060          	.proc _isxdigit
   44  00001060          	.global _isxdigit
   45  00001060          	_isxdigit:
   46                      ;  Function 'isxdigit'; 0 bytes of locals, 1 regs to save.
   47  00001060  afbefffc	sw	-4(r29),r30; push fp
   48  00001064  001df020	add	r30,r0,r29; fp = sp
   49  00001068  afbffff8	sw	-8(r29),r31; push ret addr
   50  0000106c  2fbd0010	subui	r29,r29,#16; alloc local storage
   51  00001070  afa20000	sw	0(r29),r2
   52  00001074  83df0003	lb	r31,3(r30)
   53  00001078  20020000	addi	r2,r0,#0
   54  0000107c  23e1ffd0	addi	r1,r31,#-48
   55  00001080  302100ff	andi	r1,r1,#0x00ff
   56  00001084  70210009	sleui	r1,r1,#9
   57  00001088  14200028	bnez	r1,L12_LF0
   58  0000108c  54000000	nop; not filled.
   59  00001090  23e1ff9f	addi	r1,r31,#-97
   60  00001094  302100ff	andi	r1,r1,#0x00ff
   61  00001098  70210005	sleui	r1,r1,#5
   62  0000109c  14200014	bnez	r1,L12_LF0
   63  000010a0  54000000	nop; not filled.
   64  000010a4  33e100ff	andi	r1,r31,#0x00ff
   65  000010a8  64210041	snei	r1,r1,#65
   66  000010ac  14200008	bnez	r1,L11_LF0
   67  000010b0  54000000	nop; not filled.
   68  000010b4          	L12_LF0:
   69  000010b4  20020001	addi	r2,r0,#1
   70  000010b8          	L11_LF0:
   71  000010b8  00020820	add	r1,r0,r2
   72  000010bc  8fa20000	lw	r2,0(r29)
   73  000010c0  8fdffff8	lw	r31,-8(r30)
   74  000010c4  001ee820	add	r29,r0,r30
   75  000010c8  8fdefffc	lw	r30,-4(r30)
   76  000010cc  4be00000	jr	r31
   77  000010d0  54000000	nop
   78  000010d4          	.endproc _isxdigit
   79  000010d4          	.data
   80  00003000          	.align 2
   81  00003000          	LC0_LF0:
   82  00003000  4f3200  	.ascii "O2\000"
   83  00003003          	.align 2
   84  00003004          	LC1_LF0:
   85  00003004  433200  	.ascii "C2\000"
   86  00003007          	.align 2
   87  00003008          	LC2_LF0:
   88  00003008  55736167	.ascii "Usage\000"
   88  0000300c  6500    	
   89  0000300e          	.align 2
   90  00003010          	LC3_LF0:
   91  00003010  3c68616e	.ascii "<handle_to_shared_memory_page> <handle_to_page_mapped_semaphore<handle"
   91  00003014  646c655f	
   91  00003018  746f5f73	
   91  0000301c  68617265	
   91  00003020  645f6d65	
   91  00003024  6d6f7279	
   91  00003028  5f706167	
   91  0000302c  653e203c	
   91  00003030  68616e64	
   91  00003034  6c655f74	
   91  00003038  6f5f7061	
   91  0000303c  67655f6d	
   91  00003040  61707065	
   91  00003044  645f7365	
   91  00003048  6d617068	
   91  0000304c  6f72653c	
   91  00003050  68616e64	
   91  00003054  6c65    	
   92  00003056  20746f20	.ascii " to lock>\000"
   92  0000305a  6c6f636b	
   92  0000305e  3e00    	
   93  00003060          	.align 2
   94  00003060          	LC4_LF0:
   95  00003060  52656163	.ascii "Reaction 2: %d. Couldn\'t open CO mailbox\n\000"
   95  00003064  74696f6e	
   95  00003068  20323a20	
   95  0000306c  25642e20	
   95  00003070  436f756c	
   95  00003074  646e2774	
   95  00003078  206f7065	
   95  0000307c  6e20434f	
   95  00003080  206d6169	
   95  00003084  6c626f78	
   95  00003088  0a00    	
   96  0000308a          	.align 2
   97  0000308c          	LC5_LF0:
   98  0000308c  52656163	.ascii "Reaction 2: %d. Couldn\'t open O2 mailbox\n\000"
   98  00003090  74696f6e	
   98  00003094  20323a20	
   98  00003098  25642e20	
   98  0000309c  436f756c	
   98  000030a0  646e2774	
   98  000030a4  206f7065	
   98  000030a8  6e204f32	
   98  000030ac  206d6169	
   98  000030b0  6c626f78	
   98  000030b4  0a00    	
   99  000030b6          	.align 2
  100  000030b8          	LC6_LF0:
  101  000030b8  52656163	.ascii "Reaction 2: %d. Couldn\'t open C2 mailbox\n\000"
  101  000030bc  74696f6e	
  101  000030c0  20323a20	
  101  000030c4  25642e20	
  101  000030c8  436f756c	
  101  000030cc  646e2774	
  101  000030d0  206f7065	
  101  000030d4  6e204332	
  101  000030d8  206d6169	
  101  000030dc  6c626f78	
  101  000030e0  0a00    	
  102  000030e2          	.align 2
  103  000030e4          	LC7_LF0:
  104  000030e4  52656163	.ascii "Reaction 2: %d. Couldn\'t receive CO\n\000"
  104  000030e8  74696f6e	
  104  000030ec  20323a20	
  104  000030f0  25642e20	
  104  000030f4  436f756c	
  104  000030f8  646e2774	
  104  000030fc  20726563	
  104  00003100  65697665	
  104  00003104  20434f0a	
  104  00003108  00      	
  105  00003109          	.align 2
  106  0000310c          	LC8_LF0:
  107  0000310c  52656163	.ascii "Reaction 2: %d. Couldn\'t send O2 mailbox\n\000"
  107  00003110  74696f6e	
  107  00003114  20323a20	
  107  00003118  25642e20	
  107  0000311c  436f756c	
  107  00003120  646e2774	
  107  00003124  2073656e	
  107  00003128  64204f32	
  107  0000312c  206d6169	
  107  00003130  6c626f78	
  107  00003134  0a00    	
  108  00003136          	.align 2
  109  00003138          	LC9_LF0:
  110  00003138  52656163	.ascii "Reaction 2: %d. Couldn\'t send C2 mailbox\n\000"
  110  0000313c  74696f6e	
  110  00003140  20323a20	
  110  00003144  25642e20	
  110  00003148  436f756c	
  110  0000314c  646e2774	
  110  00003150  2073656e	
  110  00003154  64204332	
  110  00003158  206d6169	
  110  0000315c  6c626f78	
  110  00003160  0a00    	
  111  00003162          	.align 2
  112  00003164          	LC10_LF0:
  113  00003164  52656163	.ascii "Reaction 2: %d. Couldn\'t close O2 mailbox\n\000"
  113  00003168  74696f6e	
  113  0000316c  20323a20	
  113  00003170  25642e20	
  113  00003174  436f756c	
  113  00003178  646e2774	
  113  0000317c  20636c6f	
  113  00003180  7365204f	
  113  00003184  32206d61	
  113  00003188  696c626f	
  113  0000318c  780a00  	
  114  0000318f          	.align 2
  115  00003190          	LC11_LF0:
  116  00003190  52656163	.ascii "Reaction 2: %d. Couldn\'t close CO mailbox\n\000"
  116  00003194  74696f6e	
  116  00003198  20323a20	
  116  0000319c  25642e20	
  116  000031a0  436f756c	
  116  000031a4  646e2774	
  116  000031a8  20636c6f	
  116  000031ac  73652043	
  116  000031b0  4f206d61	
  116  000031b4  696c626f	
  116  000031b8  780a00  	
  117  000031bb          	.align 2
  118  000031bc          	LC12_LF0:
  119  000031bc  52656163	.ascii "Reaction 2: %d. Couldn\'t close C2 mailbox\n\000"
  119  000031c0  74696f6e	
  119  000031c4  20323a20	
  119  000031c8  25642e20	
  119  000031cc  436f756c	
  119  000031d0  646e2774	
  119  000031d4  20636c6f	
  119  000031d8  73652043	
  119  000031dc  32206d61	
  119  000031e0  696c626f	
  119  000031e4  780a00  	
  120  000031e7          	.align 2
  121  000031e8          	LC13_LF0:
  122  000031e8  434f202d	.ascii "CO -> 2 O2 + 2 C2 reacted, PID:%d\n\000"
  122  000031ec  3e203220	
  122  000031f0  4f32202b	
  122  000031f4  20322043	
  122  000031f8  32207265	
  122  000031fc  61637465	
  122  00003200  642c2050	
  122  00003204  49443a25	
  122  00003208  640a00  	
  123  0000320b          	.align 2
  124  0000320c          	LC14_LF0:
  125  0000320c  42616420	.ascii "Bad semaphore s_procs_completed (%d) in \000"
  125  00003210  73656d61	
  125  00003214  70686f72	
  125  00003218  6520735f	
  125  0000321c  70726f63	
  125  00003220  735f636f	
  125  00003224  6d706c65	
  125  00003228  74656420	
  125  0000322c  28256429	
  125  00003230  20696e20	
  125  00003234  00      	
  126  00003235          	.align 2
  127  00003238          	LC15_LF0:
  128  00003238  65786974	.ascii "exiting..\n\000"
  128  0000323c  696e672e	
  128  00003240  2e0a00  	
  129  00003243          	.text
  130  000010d4          	.align 2
  131  000010d4          	.proc _main
  132  000010d4          	.global _main
  133  000010d4          	_main:
  134                      ;  Function 'main'; 24 bytes of locals, 0 regs to save.
  135  000010d4  afbefffc	sw	-4(r29),r30; push fp
  136  000010d8  001df020	add	r30,r0,r29; fp = sp
  137  000010dc  afbffff8	sw	-8(r29),r31; push ret addr
  138  000010e0  2fbd0020	subui	r29,r29,#32; alloc local storage
  139  000010e4  8fc20000	lw	r2,(r30)
  140  000010e8  8fc60004	lw	r6,4(r30)
  141  000010ec  0c001580	jal	___main
  142  000010f0  54000000	nop; not filled.
  143  000010f4  3c010000	lhi	r1,((LC0_LF0)>>16)&0xffff
  144  000010f8  24213000	addui	r1,r1,(LC0_LF0)&0xffff
  145  000010fc  80280000	lb	r8,(r1)
  146  00001100  a3c8fff0	sb	-16(r30),r8
  147  00001104  80280001	lb	r8,1(r1)
  148  00001108  a3c8fff1	sb	-15(r30),r8
  149  0000110c  80210002	lb	r1,2(r1)
  150  00001110  a3c1fff2	sb	-14(r30),r1
  151  00001114  3c010000	lhi	r1,((LC1_LF0)>>16)&0xffff
  152  00001118  24213004	addui	r1,r1,(LC1_LF0)&0xffff
  153  0000111c  80280000	lb	r8,(r1)
  154  00001120  a3c8ffe8	sb	-24(r30),r8
  155  00001124  80280001	lb	r8,1(r1)
  156  00001128  a3c8ffe9	sb	-23(r30),r8
  157  0000112c  80210002	lb	r1,2(r1)
  158  00001130  a3c1ffea	sb	-22(r30),r1
  159  00001134  64410005	snei	r1,r2,#5
  160  00001138  1020004c	beqz	r1,L14_LF0
  161  0000113c  54000000	nop; not filled.
  162  00001140  23bdfff8	addi	r29,r29,#-8
  163  00001144  3c080000	lhi	r8,((LC2_LF0)>>16)&0xffff
  164  00001148  25083008	addui	r8,r8,(LC2_LF0)&0xffff
  165  0000114c  afa80000	sw	(r29),r8
  166  00001150  0c00066c	jal	_Printf
  167  00001154  54000000	nop; not filled.
  168  00001158  8cc80000	lw	r8,(r6)
  169  0000115c  afa80000	sw	(r29),r8
  170  00001160  0c00065c	jal	_Printf
  171  00001164  54000000	nop; not filled.
  172  00001168  3c080000	lhi	r8,((LC3_LF0)>>16)&0xffff
  173  0000116c  25083010	addui	r8,r8,(LC3_LF0)&0xffff
  174  00001170  afa80000	sw	(r29),r8
  175  00001174  0c000648	jal	_Printf
  176  00001178  54000000	nop; not filled.
  177  0000117c  0c000748	jal	_Exit
  178  00001180  54000000	nop; not filled.
  179  00001184  23bd0008	addi	r29,r29,#8
  180  00001188          	L14_LF0:
  181  00001188  23bdfff0	addi	r29,r29,#-16
  182  0000118c  8cc80010	lw	r8,16(r6)
  183  00001190  afa80000	sw	(r29),r8
  184  00001194  20080000	addi	r8,r0,#0
  185  00001198  afa80004	sw	4(r29),r8
  186  0000119c  2008000a	addi	r8,r0,#10
  187  000011a0  afa80008	sw	8(r29),r8
  188  000011a4  0c000fcc	jal	_dstrtol
  189  000011a8  54000000	nop; not filled.
  190  000011ac  00013820	add	r7,r0,r1
  191  000011b0  8cc80004	lw	r8,4(r6)
  192  000011b4  afa80000	sw	(r29),r8
  193  000011b8  20080000	addi	r8,r0,#0
  194  000011bc  afa80004	sw	4(r29),r8
  195  000011c0  2008000a	addi	r8,r0,#10
  196  000011c4  afa80008	sw	8(r29),r8
  197  000011c8  0c000fa8	jal	_dstrtol
  198  000011cc  54000000	nop; not filled.
  199  000011d0  00011820	add	r3,r0,r1
  200  000011d4  8cc80008	lw	r8,8(r6)
  201  000011d8  afa80000	sw	(r29),r8
  202  000011dc  20080000	addi	r8,r0,#0
  203  000011e0  afa80004	sw	4(r29),r8
  204  000011e4  2008000a	addi	r8,r0,#10
  205  000011e8  afa80008	sw	8(r29),r8
  206  000011ec  0c000f84	jal	_dstrtol
  207  000011f0  54000000	nop; not filled.
  208  000011f4  00012020	add	r4,r0,r1
  209  000011f8  8cc8000c	lw	r8,12(r6)
  210  000011fc  afa80000	sw	(r29),r8
  211  00001200  20080000	addi	r8,r0,#0
  212  00001204  afa80004	sw	4(r29),r8
  213  00001208  2008000a	addi	r8,r0,#10
  214  0000120c  afa80008	sw	8(r29),r8
  215  00001210  0c000f60	jal	_dstrtol
  216  00001214  54000000	nop; not filled.
  217  00001218  00012820	add	r5,r0,r1
  218  0000121c  afa30000	sw	(r29),r3
  219  00001220  0c00065c	jal	_mbox_open
  220  00001224  54000000	nop; not filled.
  221  00001228  23bd0010	addi	r29,r29,#16
  222  0000122c  64210001	snei	r1,r1,#1
  223  00001230  10200034	beqz	r1,L15_LF0
  224  00001234  54000000	nop; not filled.
  225  00001238  0c000590	jal	_getpid
  226  0000123c  54000000	nop; not filled.
  227  00001240  23bdfff8	addi	r29,r29,#-8
  228  00001244  3c080000	lhi	r8,((LC4_LF0)>>16)&0xffff
  229  00001248  25083060	addui	r8,r8,(LC4_LF0)&0xffff
  230  0000124c  afa80000	sw	(r29),r8
  231  00001250  afa10004	sw	4(r29),r1
  232  00001254  0c000568	jal	_Printf
  233  00001258  54000000	nop; not filled.
  234  0000125c  0c000668	jal	_Exit
  235  00001260  54000000	nop; not filled.
  236  00001264  23bd0008	addi	r29,r29,#8
  237  00001268          	L15_LF0:
  238  00001268  23bdfff8	addi	r29,r29,#-8
  239  0000126c  afa40000	sw	(r29),r4
  240  00001270  0c00060c	jal	_mbox_open
  241  00001274  54000000	nop; not filled.
  242  00001278  23bd0008	addi	r29,r29,#8
  243  0000127c  64210001	snei	r1,r1,#1
  244  00001280  10200034	beqz	r1,L16_LF0
  245  00001284  54000000	nop; not filled.
  246  00001288  0c000540	jal	_getpid
  247  0000128c  54000000	nop; not filled.
  248  00001290  23bdfff8	addi	r29,r29,#-8
  249  00001294  3c080000	lhi	r8,((LC5_LF0)>>16)&0xffff
  250  00001298  2508308c	addui	r8,r8,(LC5_LF0)&0xffff
  251  0000129c  afa80000	sw	(r29),r8
  252  000012a0  afa10004	sw	4(r29),r1
  253  000012a4  0c000518	jal	_Printf
  254  000012a8  54000000	nop; not filled.
  255  000012ac  0c000618	jal	_Exit
  256  000012b0  54000000	nop; not filled.
  257  000012b4  23bd0008	addi	r29,r29,#8
  258  000012b8          	L16_LF0:
  259  000012b8  23bdfff8	addi	r29,r29,#-8
  260  000012bc  afa50000	sw	(r29),r5
  261  000012c0  0c0005bc	jal	_mbox_open
  262  000012c4  54000000	nop; not filled.
  263  000012c8  23bd0008	addi	r29,r29,#8
  264  000012cc  64210001	snei	r1,r1,#1
  265  000012d0  10200034	beqz	r1,L17_LF0
  266  000012d4  54000000	nop; not filled.
  267  000012d8  0c0004f0	jal	_getpid
  268  000012dc  54000000	nop; not filled.
  269  000012e0  23bdfff8	addi	r29,r29,#-8
  270  000012e4  3c080000	lhi	r8,((LC6_LF0)>>16)&0xffff
  271  000012e8  250830b8	addui	r8,r8,(LC6_LF0)&0xffff
  272  000012ec  afa80000	sw	(r29),r8
  273  000012f0  afa10004	sw	4(r29),r1
  274  000012f4  0c0004c8	jal	_Printf
  275  000012f8  54000000	nop; not filled.
  276  000012fc  0c0005c8	jal	_Exit
  277  00001300  54000000	nop; not filled.
  278  00001304  23bd0008	addi	r29,r29,#8
  279  00001308          	L17_LF0:
  280  00001308  23bdfff0	addi	r29,r29,#-16
  281  0000130c  afa30000	sw	(r29),r3
  282  00001310  20080002	addi	r8,r0,#2
  283  00001314  afa80004	sw	4(r29),r8
  284  00001318  23c2ffe0	addi	r2,r30,#-32
  285  0000131c  afa20008	sw	8(r29),r2
  286  00001320  0c000580	jal	_mbox_recv
  287  00001324  54000000	nop; not filled.
  288  00001328  23bd0010	addi	r29,r29,#16
  289  0000132c  6021ffff	seqi	r1,r1,#-1
  290  00001330  10200034	beqz	r1,L18_LF0
  291  00001334  54000000	nop; not filled.
  292  00001338  0c000490	jal	_getpid
  293  0000133c  54000000	nop; not filled.
  294  00001340  23bdfff8	addi	r29,r29,#-8
  295  00001344  3c080000	lhi	r8,((LC7_LF0)>>16)&0xffff
  296  00001348  250830e4	addui	r8,r8,(LC7_LF0)&0xffff
  297  0000134c  afa80000	sw	(r29),r8
  298  00001350  afa10004	sw	4(r29),r1
  299  00001354  0c000468	jal	_Printf
  300  00001358  54000000	nop; not filled.
  301  0000135c  0c000568	jal	_Exit
  302  00001360  54000000	nop; not filled.
  303  00001364  23bd0008	addi	r29,r29,#8
  304  00001368          	L18_LF0:
  305  00001368  23bdfff0	addi	r29,r29,#-16
  306  0000136c  afa30000	sw	(r29),r3
  307  00001370  20080002	addi	r8,r0,#2
  308  00001374  afa80004	sw	4(r29),r8
  309  00001378  afa20008	sw	8(r29),r2
  310  0000137c  0c000524	jal	_mbox_recv
  311  00001380  54000000	nop; not filled.
  312  00001384  23bd0010	addi	r29,r29,#16
  313  00001388  6021ffff	seqi	r1,r1,#-1
  314  0000138c  10200034	beqz	r1,L19_LF0
  315  00001390  54000000	nop; not filled.
  316  00001394  0c000434	jal	_getpid
  317  00001398  54000000	nop; not filled.
  318  0000139c  23bdfff8	addi	r29,r29,#-8
  319  000013a0  3c080000	lhi	r8,((LC7_LF0)>>16)&0xffff
  320  000013a4  250830e4	addui	r8,r8,(LC7_LF0)&0xffff
  321  000013a8  afa80000	sw	(r29),r8
  322  000013ac  afa10004	sw	4(r29),r1
  323  000013b0  0c00040c	jal	_Printf
  324  000013b4  54000000	nop; not filled.
  325  000013b8  0c00050c	jal	_Exit
  326  000013bc  54000000	nop; not filled.
  327  000013c0  23bd0008	addi	r29,r29,#8
  328  000013c4          	L19_LF0:
  329  000013c4  23bdfff0	addi	r29,r29,#-16
  330  000013c8  afa30000	sw	(r29),r3
  331  000013cc  20080002	addi	r8,r0,#2
  332  000013d0  afa80004	sw	4(r29),r8
  333  000013d4  afa20008	sw	8(r29),r2
  334  000013d8  0c0004c8	jal	_mbox_recv
  335  000013dc  54000000	nop; not filled.
  336  000013e0  23bd0010	addi	r29,r29,#16
  337  000013e4  6021ffff	seqi	r1,r1,#-1
  338  000013e8  10200034	beqz	r1,L20_LF0
  339  000013ec  54000000	nop; not filled.
  340  000013f0  0c0003d8	jal	_getpid
  341  000013f4  54000000	nop; not filled.
  342  000013f8  23bdfff8	addi	r29,r29,#-8
  343  000013fc  3c080000	lhi	r8,((LC7_LF0)>>16)&0xffff
  344  00001400  250830e4	addui	r8,r8,(LC7_LF0)&0xffff
  345  00001404  afa80000	sw	(r29),r8
  346  00001408  afa10004	sw	4(r29),r1
  347  0000140c  0c0003b0	jal	_Printf
  348  00001410  54000000	nop; not filled.
  349  00001414  0c0004b0	jal	_Exit
  350  00001418  54000000	nop; not filled.
  351  0000141c  23bd0008	addi	r29,r29,#8
  352  00001420          	L20_LF0:
  353  00001420  23bdfff0	addi	r29,r29,#-16
  354  00001424  afa30000	sw	(r29),r3
  355  00001428  20080002	addi	r8,r0,#2
  356  0000142c  afa80004	sw	4(r29),r8
  357  00001430  afa20008	sw	8(r29),r2
  358  00001434  0c00046c	jal	_mbox_recv
  359  00001438  54000000	nop; not filled.
  360  0000143c  23bd0010	addi	r29,r29,#16
  361  00001440  6021ffff	seqi	r1,r1,#-1
  362  00001444  10200034	beqz	r1,L21_LF0
  363  00001448  54000000	nop; not filled.
  364  0000144c  0c00037c	jal	_getpid
  365  00001450  54000000	nop; not filled.
  366  00001454  23bdfff8	addi	r29,r29,#-8
  367  00001458  3c080000	lhi	r8,((LC7_LF0)>>16)&0xffff
  368  0000145c  250830e4	addui	r8,r8,(LC7_LF0)&0xffff
  369  00001460  afa80000	sw	(r29),r8
  370  00001464  afa10004	sw	4(r29),r1
  371  00001468  0c000354	jal	_Printf
  372  0000146c  54000000	nop; not filled.
  373  00001470  0c000454	jal	_Exit
  374  00001474  54000000	nop; not filled.
  375  00001478  23bd0008	addi	r29,r29,#8
  376  0000147c          	L21_LF0:
  377  0000147c  23bdfff0	addi	r29,r29,#-16
  378  00001480  afa40000	sw	(r29),r4
  379  00001484  20080002	addi	r8,r0,#2
  380  00001488  afa80004	sw	4(r29),r8
  381  0000148c  23c2fff0	addi	r2,r30,#-16
  382  00001490  afa20008	sw	8(r29),r2
  383  00001494  0c000400	jal	_mbox_send
  384  00001498  54000000	nop; not filled.
  385  0000149c  23bd0010	addi	r29,r29,#16
  386  000014a0  64210001	snei	r1,r1,#1
  387  000014a4  10200034	beqz	r1,L22_LF0
  388  000014a8  54000000	nop; not filled.
  389  000014ac  0c00031c	jal	_getpid
  390  000014b0  54000000	nop; not filled.
  391  000014b4  23bdfff8	addi	r29,r29,#-8
  392  000014b8  3c080000	lhi	r8,((LC8_LF0)>>16)&0xffff
  393  000014bc  2508310c	addui	r8,r8,(LC8_LF0)&0xffff
  394  000014c0  afa80000	sw	(r29),r8
  395  000014c4  afa10004	sw	4(r29),r1
  396  000014c8  0c0002f4	jal	_Printf
  397  000014cc  54000000	nop; not filled.
  398  000014d0  0c0003f4	jal	_Exit
  399  000014d4  54000000	nop; not filled.
  400  000014d8  23bd0008	addi	r29,r29,#8
  401  000014dc          	L22_LF0:
  402  000014dc  23bdfff0	addi	r29,r29,#-16
  403  000014e0  afa40000	sw	(r29),r4
  404  000014e4  20080002	addi	r8,r0,#2
  405  000014e8  afa80004	sw	4(r29),r8
  406  000014ec  afa20008	sw	8(r29),r2
  407  000014f0  0c0003a4	jal	_mbox_send
  408  000014f4  54000000	nop; not filled.
  409  000014f8  23bd0010	addi	r29,r29,#16
  410  000014fc  64210001	snei	r1,r1,#1
  411  00001500  10200034	beqz	r1,L23_LF0
  412  00001504  54000000	nop; not filled.
  413  00001508  0c0002c0	jal	_getpid
  414  0000150c  54000000	nop; not filled.
  415  00001510  23bdfff8	addi	r29,r29,#-8
  416  00001514  3c080000	lhi	r8,((LC8_LF0)>>16)&0xffff
  417  00001518  2508310c	addui	r8,r8,(LC8_LF0)&0xffff
  418  0000151c  afa80000	sw	(r29),r8
  419  00001520  afa10004	sw	4(r29),r1
  420  00001524  0c000298	jal	_Printf
  421  00001528  54000000	nop; not filled.
  422  0000152c  0c000398	jal	_Exit
  423  00001530  54000000	nop; not filled.
  424  00001534  23bd0008	addi	r29,r29,#8
  425  00001538          	L23_LF0:
  426  00001538  23bdfff0	addi	r29,r29,#-16
  427  0000153c  afa50000	sw	(r29),r5
  428  00001540  20080002	addi	r8,r0,#2
  429  00001544  afa80004	sw	4(r29),r8
  430  00001548  23c2ffe8	addi	r2,r30,#-24
  431  0000154c  afa20008	sw	8(r29),r2
  432  00001550  0c000344	jal	_mbox_send
  433  00001554  54000000	nop; not filled.
  434  00001558  23bd0010	addi	r29,r29,#16
  435  0000155c  64210001	snei	r1,r1,#1
  436  00001560  10200034	beqz	r1,L24_LF0
  437  00001564  54000000	nop; not filled.
  438  00001568  0c000260	jal	_getpid
  439  0000156c  54000000	nop; not filled.
  440  00001570  23bdfff8	addi	r29,r29,#-8
  441  00001574  3c080000	lhi	r8,((LC9_LF0)>>16)&0xffff
  442  00001578  25083138	addui	r8,r8,(LC9_LF0)&0xffff
  443  0000157c  afa80000	sw	(r29),r8
  444  00001580  afa10004	sw	4(r29),r1
  445  00001584  0c000238	jal	_Printf
  446  00001588  54000000	nop; not filled.
  447  0000158c  0c000338	jal	_Exit
  448  00001590  54000000	nop; not filled.
  449  00001594  23bd0008	addi	r29,r29,#8
  450  00001598          	L24_LF0:
  451  00001598  23bdfff0	addi	r29,r29,#-16
  452  0000159c  afa50000	sw	(r29),r5
  453  000015a0  20080002	addi	r8,r0,#2
  454  000015a4  afa80004	sw	4(r29),r8
  455  000015a8  afa20008	sw	8(r29),r2
  456  000015ac  0c0002e8	jal	_mbox_send
  457  000015b0  54000000	nop; not filled.
  458  000015b4  23bd0010	addi	r29,r29,#16
  459  000015b8  64210001	snei	r1,r1,#1
  460  000015bc  10200034	beqz	r1,L25_LF0
  461  000015c0  54000000	nop; not filled.
  462  000015c4  0c000204	jal	_getpid
  463  000015c8  54000000	nop; not filled.
  464  000015cc  23bdfff8	addi	r29,r29,#-8
  465  000015d0  3c080000	lhi	r8,((LC9_LF0)>>16)&0xffff
  466  000015d4  25083138	addui	r8,r8,(LC9_LF0)&0xffff
  467  000015d8  afa80000	sw	(r29),r8
  468  000015dc  afa10004	sw	4(r29),r1
  469  000015e0  0c0001dc	jal	_Printf
  470  000015e4  54000000	nop; not filled.
  471  000015e8  0c0002dc	jal	_Exit
  472  000015ec  54000000	nop; not filled.
  473  000015f0  23bd0008	addi	r29,r29,#8
  474  000015f4          	L25_LF0:
  475  000015f4  23bdfff8	addi	r29,r29,#-8
  476  000015f8  afa40000	sw	(r29),r4
  477  000015fc  0c00028c	jal	_mbox_close
  478  00001600  54000000	nop; not filled.
  479  00001604  23bd0008	addi	r29,r29,#8
  480  00001608  64210001	snei	r1,r1,#1
  481  0000160c  10200034	beqz	r1,L26_LF0
  482  00001610  54000000	nop; not filled.
  483  00001614  0c0001b4	jal	_getpid
  484  00001618  54000000	nop; not filled.
  485  0000161c  23bdfff8	addi	r29,r29,#-8
  486  00001620  3c080000	lhi	r8,((LC10_LF0)>>16)&0xffff
  487  00001624  25083164	addui	r8,r8,(LC10_LF0)&0xffff
  488  00001628  afa80000	sw	(r29),r8
  489  0000162c  afa10004	sw	4(r29),r1
  490  00001630  0c00018c	jal	_Printf
  491  00001634  54000000	nop; not filled.
  492  00001638  0c00028c	jal	_Exit
  493  0000163c  54000000	nop; not filled.
  494  00001640  23bd0008	addi	r29,r29,#8
  495  00001644          	L26_LF0:
  496  00001644  23bdfff8	addi	r29,r29,#-8
  497  00001648  afa30000	sw	(r29),r3
  498  0000164c  0c00023c	jal	_mbox_close
  499  00001650  54000000	nop; not filled.
  500  00001654  23bd0008	addi	r29,r29,#8
  501  00001658  64210001	snei	r1,r1,#1
  502  0000165c  10200034	beqz	r1,L27_LF0
  503  00001660  54000000	nop; not filled.
  504  00001664  0c000164	jal	_getpid
  505  00001668  54000000	nop; not filled.
  506  0000166c  23bdfff8	addi	r29,r29,#-8
  507  00001670  3c080000	lhi	r8,((LC11_LF0)>>16)&0xffff
  508  00001674  25083190	addui	r8,r8,(LC11_LF0)&0xffff
  509  00001678  afa80000	sw	(r29),r8
  510  0000167c  afa10004	sw	4(r29),r1
  511  00001680  0c00013c	jal	_Printf
  512  00001684  54000000	nop; not filled.
  513  00001688  0c00023c	jal	_Exit
  514  0000168c  54000000	nop; not filled.
  515  00001690  23bd0008	addi	r29,r29,#8
  516  00001694          	L27_LF0:
  517  00001694  23bdfff8	addi	r29,r29,#-8
  518  00001698  afa50000	sw	(r29),r5
  519  0000169c  0c0001ec	jal	_mbox_close
  520  000016a0  54000000	nop; not filled.
  521  000016a4  23bd0008	addi	r29,r29,#8
  522  000016a8  64210001	snei	r1,r1,#1
  523  000016ac  10200034	beqz	r1,L28_LF0
  524  000016b0  54000000	nop; not filled.
  525  000016b4  0c000114	jal	_getpid
  526  000016b8  54000000	nop; not filled.
  527  000016bc  23bdfff8	addi	r29,r29,#-8
  528  000016c0  3c080000	lhi	r8,((LC12_LF0)>>16)&0xffff
  529  000016c4  250831bc	addui	r8,r8,(LC12_LF0)&0xffff
  530  000016c8  afa80000	sw	(r29),r8
  531  000016cc  afa10004	sw	4(r29),r1
  532  000016d0  0c0000ec	jal	_Printf
  533  000016d4  54000000	nop; not filled.
  534  000016d8  0c0001ec	jal	_Exit
  535  000016dc  54000000	nop; not filled.
  536  000016e0  23bd0008	addi	r29,r29,#8
  537  000016e4          	L28_LF0:
  538  000016e4  0c0000e4	jal	_getpid
  539  000016e8  54000000	nop; not filled.
  540  000016ec  23bdfff8	addi	r29,r29,#-8
  541  000016f0  3c080000	lhi	r8,((LC13_LF0)>>16)&0xffff
  542  000016f4  250831e8	addui	r8,r8,(LC13_LF0)&0xffff
  543  000016f8  afa80000	sw	(r29),r8
  544  000016fc  afa10004	sw	4(r29),r1
  545  00001700  0c0000bc	jal	_Printf
  546  00001704  54000000	nop; not filled.
  547  00001708  afa70000	sw	(r29),r7
  548  0000170c  0c000104	jal	_sem_signal
  549  00001710  54000000	nop; not filled.
  550  00001714  23bd0008	addi	r29,r29,#8
  551  00001718  64210001	snei	r1,r1,#1
  552  0000171c  10200050	beqz	r1,L29_LF0
  553  00001720  54000000	nop; not filled.
  554  00001724  23bdfff8	addi	r29,r29,#-8
  555  00001728  3c080000	lhi	r8,((LC14_LF0)>>16)&0xffff
  556  0000172c  2508320c	addui	r8,r8,(LC14_LF0)&0xffff
  557  00001730  afa80000	sw	(r29),r8
  558  00001734  afa70004	sw	4(r29),r7
  559  00001738  0c000084	jal	_Printf
  560  0000173c  54000000	nop; not filled.
  561  00001740  8cc60000	lw	r6,(r6)
  562  00001744  afa60000	sw	(r29),r6
  563  00001748  0c000074	jal	_Printf
  564  0000174c  54000000	nop; not filled.
  565  00001750  3c080000	lhi	r8,((LC15_LF0)>>16)&0xffff
  566  00001754  25083238	addui	r8,r8,(LC15_LF0)&0xffff
  567  00001758  afa80000	sw	(r29),r8
  568  0000175c  0c000060	jal	_Printf
  569  00001760  54000000	nop; not filled.
  570  00001764  0c000160	jal	_Exit
  571  00001768  54000000	nop; not filled.
  572  0000176c  23bd0008	addi	r29,r29,#8
  573  00001770          	L29_LF0:
  574  00001770  0c000ef0	jal	_exit
  575  00001774  54000000	nop
  576  00001778          	.endproc _main
  577                      ;;;
  578                      ;;; Stub functions for DLX traps.
  579                      ;;;
  580                      ;;; Ethan L. Miller, 1999.  Released to the public domain.
  581                      ;;;
  582                      ;;; The traps such as Open and Close
  583                      ;;; (note the capital letters) are for use by user programs.  The traps
  584                      ;;; with names such as open and close (lower case) are for use by the OS.
  585                      ;;;
  588  00001778          	.align 2
  590                      ;;; The following are the traps to be used by user-level programs
  591                      ;;;
  593  00001778          	.align 2
  594  00001778          	.proc _Open
  595  00001778          	.global _Open
  596  00001778          	_Open:
  597                      ;;; Note that trap #0x213 actually causes a trap vector in the OS of
  598                      ;;; 0x1213.  The same is true for other user traps.  Thus, a user trap
  599                      ;;; with trap #0x240 will result in a trap vector of 0x1240 in the OS.
  600  00001778  44000213	trap	#0x213
  601  0000177c  4be00000	jr	r31
  602  00001780  54000000	nop
  603  00001784          	.endproc _Open
  605  00001784          	.proc _Close
  606  00001784          	.global _Close
  607  00001784          	_Close:
  608  00001784  44000214	trap	#0x214
  609  00001788  4be00000	jr	r31
  610  0000178c  54000000	nop
  611  00001790          	.endproc _Close
  613  00001790          	.proc _Read
  614  00001790          	.global _Read
  615  00001790          	_Read:
  616  00001790  44000210	trap	#0x210
  617  00001794  4be00000	jr	r31
  618  00001798  54000000	nop
  619  0000179c          	.endproc _Read
  621  0000179c          	.proc _Write
  622  0000179c          	.global _Write
  623  0000179c          	_Write:
  624  0000179c  44000211	trap	#0x211
  625  000017a0  4be00000	jr	r31
  626  000017a4  54000000	nop
  627  000017a8          	.endproc _Write
  629  000017a8          	.proc _Lseek
  630  000017a8          	.global _Lseek
  631  000017a8          	_Lseek:
  632  000017a8  44000212	trap	#0x212
  633  000017ac  4be00000	jr	r31
  634  000017b0  54000000	nop
  635  000017b4          	.endproc _Lseek
  637  000017b4          	.proc _Putchar
  638  000017b4          	.global _Putchar
  639  000017b4          	_Putchar:
  640  000017b4  44000280	trap	#0x280
  641  000017b8  4be00000	jr	r31
  642  000017bc  54000000	nop
  643  000017c0          	.endproc _Putchar
  645  000017c0          	.proc _Printf
  646  000017c0          	.global _Printf
  647  000017c0          	_Printf:
  648  000017c0  44000201	trap	#0x201
  649  000017c4  4be00000	jr	r31
  650  000017c8  54000000	nop
  651  000017cc          	.endproc _Printf
  653  000017cc          	.proc _getpid
  654  000017cc          	.global _getpid
  655  000017cc          	_getpid:
  656  000017cc  44000431	trap	#0x431
  657  000017d0  4be00000	jr	r31
  658  000017d4  54000000	nop
  659  000017d8          	.endproc _getpid
  661  000017d8          	.proc _process_create
  662  000017d8          	.global _process_create
  663  000017d8          	_process_create:
  664  000017d8  44000432	trap	#0x432
  665  000017dc  4be00000	jr	r31
  666  000017e0  54000000	nop
  667  000017e4          	.endproc _process_create
  669  000017e4          	.proc _shmget
  670  000017e4          	.global _shmget
  671  000017e4          	_shmget:
  672  000017e4  44000440	trap	#0x440
  673  000017e8  4be00000	jr	r31
  674  000017ec  54000000	nop
  675  000017f0          	.endproc _shmget
  677  000017f0          	.proc _shmat
  678  000017f0          	.global _shmat
  679  000017f0          	_shmat:
  680  000017f0  44000441	trap	#0x441
  681  000017f4  4be00000	jr	r31
  682  000017f8  54000000	nop
  683  000017fc          	.endproc _shmat
  685  000017fc          	.proc _sem_create
  686  000017fc          	.global _sem_create
  687  000017fc          	_sem_create:
  688  000017fc  44000450	trap	#0x450
  689  00001800  4be00000	jr	r31
  690  00001804  54000000	nop
  691  00001808          	.endproc _sem_create
  693  00001808          	.proc _sem_wait
  694  00001808          	.global _sem_wait
  695  00001808          	_sem_wait:
  696  00001808  44000451	trap	#0x451
  697  0000180c  4be00000	jr	r31
  698  00001810  54000000	nop
  699  00001814          	.endproc _sem_wait
  701  00001814          	.proc _sem_signal
  702  00001814          	.global _sem_signal
  703  00001814          	_sem_signal:
  704  00001814  44000452	trap	#0x452
  705  00001818  4be00000	jr	r31
  706  0000181c  54000000	nop
  707  00001820          	.endproc _sem_signal
  709  00001820          	.proc _lock_create
  710  00001820          	.global _lock_create
  711  00001820          	_lock_create:
  712  00001820  44000453	trap	#0x453
  713  00001824  4be00000	jr	r31
  714  00001828  54000000	nop
  715  0000182c          	.endproc _lock_create
  717  0000182c          	.proc _lock_acquire
  718  0000182c          	.global _lock_acquire
  719  0000182c          	_lock_acquire:
  720  0000182c  44000454	trap	#0x454
  721  00001830  4be00000	jr	r31
  722  00001834  54000000	nop
  723  00001838          	.endproc _lock_acquire
  725  00001838          	.proc _lock_release
  726  00001838          	.global _lock_release
  727  00001838          	_lock_release:
  728  00001838  44000455	trap	#0x455
  729  0000183c  4be00000	jr	r31
  730  00001840  54000000	nop
  731  00001844          	.endproc _lock_release
  733  00001844          	.proc _cond_create
  734  00001844          	.global _cond_create
  735  00001844          	_cond_create:
  736  00001844  44000456	trap	#0x456
  737  00001848  4be00000	jr	r31
  738  0000184c  54000000	nop
  739  00001850          	.endproc _cond_create
  741  00001850          	.proc _cond_wait
  742  00001850          	.global _cond_wait
  743  00001850          	_cond_wait:
  744  00001850  44000457	trap	#0x457
  745  00001854  4be00000	jr	r31
  746  00001858  54000000	nop
  747  0000185c          	.endproc _cond_wait
  749  0000185c          	.proc _cond_signal
  750  0000185c          	.global _cond_signal
  751  0000185c          	_cond_signal:
  752  0000185c  44000458	trap	#0x458
  753  00001860  4be00000	jr	r31
  754  00001864  54000000	nop
  755  00001868          	.endproc _cond_signal
  757  00001868          	.proc _cond_broadcast
  758  00001868          	.global _cond_broadcast
  759  00001868          	_cond_broadcast:
  760  00001868  44000459	trap	#0x459
  761  0000186c  4be00000	jr	r31
  762  00001870  54000000	nop
  763  00001874          	.endproc _cond_broadcast
  765  00001874          	.proc _mbox_create
  766  00001874          	.global _mbox_create
  767  00001874          	_mbox_create:
  768  00001874  44000460	trap	#0x460
  769  00001878  4be00000	jr	r31
  770  0000187c  54000000	nop
  771  00001880          	.endproc _mbox_create
  773  00001880          	.proc _mbox_open
  774  00001880          	.global _mbox_open
  775  00001880          	_mbox_open:
  776  00001880  44000461	trap	#0x461
  777  00001884  4be00000	jr	r31
  778  00001888  54000000	nop
  779  0000188c          	.endproc _mbox_open
  781  0000188c          	.proc _mbox_close
  782  0000188c          	.global _mbox_close
  783  0000188c          	_mbox_close:
  784  0000188c  44000462	trap	#0x462
  785  00001890  4be00000	jr	r31
  786  00001894  54000000	nop
  787  00001898          	.endproc _mbox_close
  789  00001898          	.proc _mbox_send
  790  00001898          	.global _mbox_send
  791  00001898          	_mbox_send:
  792  00001898  44000463	trap	#0x463
  793  0000189c  4be00000	jr	r31
  794  000018a0  54000000	nop
  795  000018a4          	.endproc _mbox_send
  797  000018a4          	.proc _mbox_recv
  798  000018a4          	.global _mbox_recv
  799  000018a4          	_mbox_recv:
  800  000018a4  44000464	trap	#0x464
  801  000018a8  4be00000	jr	r31
  802  000018ac  54000000	nop
  803  000018b0          	.endproc _mbox_recv
  805  000018b0          	.proc _sleep
  806  000018b0          	.global _sleep
  807  000018b0          	_sleep:
  808  000018b0  44000465	trap	#0x465
  809  000018b4  4be00000	jr	r31
  810  000018b8  54000000	nop
  811  000018bc          	.endproc _sleep
  813  000018bc          	.proc _yield
  814  000018bc          	.global _yield
  815  000018bc          	_yield:
  816  000018bc  44000466	trap	#0x466
  817  000018c0  4be00000	jr	r31
  818  000018c4  54000000	nop
  819  000018c8          	.endproc _yield
  822  000018c8          	.proc _Exit
  823  000018c8          	.global _Exit
  824  000018c8          	_Exit:
  825  000018c8  44000500	trap	#0x500
  826  000018cc  4be00000	jr	r31
  827  000018d0  54000000	nop
  828  000018d4          	.endproc _Exit
  829                      ; Compiled by GCC
  831  000018d4          	.align 2
  832  000018d4          	.proc _isspace
  833  000018d4          	.global _isspace
  834  000018d4          	_isspace:
  835                      ;  Function 'isspace'; 0 bytes of locals, 3 regs to save.
  836  000018d4  afbefffc	sw	-4(r29),r30; push fp
  837  000018d8  001df020	add	r30,r0,r29; fp = sp
  838  000018dc  afbffff8	sw	-8(r29),r31; push ret addr
  839  000018e0  2fbd0018	subui	r29,r29,#24; alloc local storage
  840  000018e4  afa20000	sw	0(r29),r2
  841  000018e8  afa30004	sw	4(r29),r3
  842  000018ec  afa40008	sw	8(r29),r4
  843  000018f0  83c20003	lb	r2,3(r30)
  844  000018f4  20010000	addi	r1,r0,#0
  845  000018f8  304300ff	andi	r3,r2,#0x00ff
  846  000018fc  60640020	seqi	r4,r3,#32
  847  00001900  1480002c	bnez	r4,L3_LF2
  848  00001904  54000000	nop; delay slot nop
  849  00001908  304300ff	andi	r3,r2,#0x00ff
  850  0000190c  60640009	seqi	r4,r3,#9
  851  00001910  1480001c	bnez	r4,L3_LF2
  852  00001914  54000000	nop; delay slot nop
  853  00001918  304300ff	andi	r3,r2,#0x00ff
  854  0000191c  6064000a	seqi	r4,r3,#10
  855  00001920  1480000c	bnez	r4,L3_LF2
  856  00001924  54000000	nop; delay slot nop
  857  00001928  08000008	j	L2_LF2
  858  0000192c  54000000	nop; delay slot nop
  859  00001930          	L3_LF2:
  860  00001930  20010001	addi	r1,r0,#1
  861  00001934          	L2_LF2:
  862  00001934  08000004	j	L1_LF2
  863  00001938  54000000	nop; delay slot nop
  864  0000193c          	L1_LF2:
  865  0000193c  8fa20000	lw	r2,0(r29)
  866  00001940  8fa30004	lw	r3,4(r29)
  867  00001944  8fa40008	lw	r4,8(r29)
  868  00001948  8fdffff8	lw	r31,-8(r30)
  869  0000194c  001ee820	add	r29,r0,r30
  870  00001950  8fdefffc	lw	r30,-4(r30)
  871  00001954  4be00000	jr	r31
  872  00001958  54000000	nop
  873  0000195c          	.endproc _isspace
  874  0000195c          	.align 2
  875  0000195c          	.proc _isxdigit
  876  0000195c          	.global _isxdigit
  877  0000195c          	_isxdigit:
  878                      ;  Function 'isxdigit'; 0 bytes of locals, 3 regs to save.
  879  0000195c  afbefffc	sw	-4(r29),r30; push fp
  880  00001960  001df020	add	r30,r0,r29; fp = sp
  881  00001964  afbffff8	sw	-8(r29),r31; push ret addr
  882  00001968  2fbd0018	subui	r29,r29,#24; alloc local storage
  883  0000196c  afa20000	sw	0(r29),r2
  884  00001970  afa30004	sw	4(r29),r3
  885  00001974  afa40008	sw	8(r29),r4
  886  00001978  83c20003	lb	r2,3(r30)
  887  0000197c  20010000	addi	r1,r0,#0
  888  00001980  304300ff	andi	r3,r2,#0x00ff
  889  00001984  6c64002f	sgtui	r4,r3,#47
  890  00001988  1080001c	beqz	r4,L7_LF2
  891  0000198c  54000000	nop; delay slot nop
  892  00001990  304300ff	andi	r3,r2,#0x00ff
  893  00001994  70640039	sleui	r4,r3,#57
  894  00001998  1480005c	bnez	r4,L6_LF2
  895  0000199c  54000000	nop; delay slot nop
  896  000019a0  08000004	j	L7_LF2
  897  000019a4  54000000	nop; delay slot nop
  898  000019a8          	L7_LF2:
  899  000019a8  304300ff	andi	r3,r2,#0x00ff
  900  000019ac  6c640060	sgtui	r4,r3,#96
  901  000019b0  1080001c	beqz	r4,L8_LF2
  902  000019b4  54000000	nop; delay slot nop
  903  000019b8  304300ff	andi	r3,r2,#0x00ff
  904  000019bc  70640066	sleui	r4,r3,#102
  905  000019c0  14800034	bnez	r4,L6_LF2
  906  000019c4  54000000	nop; delay slot nop
  907  000019c8  08000004	j	L8_LF2
  908  000019cc  54000000	nop; delay slot nop
  909  000019d0          	L8_LF2:
  910  000019d0  304300ff	andi	r3,r2,#0x00ff
  911  000019d4  6c640040	sgtui	r4,r3,#64
  912  000019d8  10800020	beqz	r4,L5_LF2
  913  000019dc  54000000	nop; delay slot nop
  914  000019e0  304300ff	andi	r3,r2,#0x00ff
  915  000019e4  70640041	sleui	r4,r3,#65
  916  000019e8  1480000c	bnez	r4,L6_LF2
  917  000019ec  54000000	nop; delay slot nop
  918  000019f0  08000008	j	L5_LF2
  919  000019f4  54000000	nop; delay slot nop
  920  000019f8          	L6_LF2:
  921  000019f8  20010001	addi	r1,r0,#1
  922  000019fc          	L5_LF2:
  923  000019fc  08000004	j	L4_LF2
  924  00001a00  54000000	nop; delay slot nop
  925  00001a04          	L4_LF2:
  926  00001a04  8fa20000	lw	r2,0(r29)
  927  00001a08  8fa30004	lw	r3,4(r29)
  928  00001a0c  8fa40008	lw	r4,8(r29)
  929  00001a10  8fdffff8	lw	r31,-8(r30)
  930  00001a14  001ee820	add	r29,r0,r30
  931  00001a18  8fdefffc	lw	r30,-4(r30)
  932  00001a1c  4be00000	jr	r31
  933  00001a20  54000000	nop
  934  00001a24          	.endproc _isxdigit
  935  00001a24          	.align 2
  936  00001a24          	.proc _dstrcpy
  937  00001a24          	.global _dstrcpy
  938  00001a24          	_dstrcpy:
  939                      ;  Function 'dstrcpy'; 8 bytes of locals, 2 regs to save.
  940  00001a24  afbefffc	sw	-4(r29),r30; push fp
  941  00001a28  001df020	add	r30,r0,r29; fp = sp
  942  00001a2c  afbffff8	sw	-8(r29),r31; push ret addr
  943  00001a30  2fbd0018	subui	r29,r29,#24; alloc local storage
  944  00001a34  afa20000	sw	0(r29),r2
  945  00001a38  afa30004	sw	4(r29),r3
  946  00001a3c  8fc10000	lw	r1,(r30)
  947  00001a40  afc1fff4	sw	-12(r30),r1
  948  00001a44          	L10_LF2:
  949  00001a44  8fc10000	lw	r1,(r30)
  950  00001a48  20220001	addi	r2,r1,#1
  951  00001a4c  afc20000	sw	(r30),r2
  952  00001a50  8fc20004	lw	r2,4(r30)
  953  00001a54  20430001	addi	r3,r2,#1
  954  00001a58  afc30004	sw	4(r30),r3
  955  00001a5c  80420000	lb	r2,(r2)
  956  00001a60  a0220000	sb	(r1),r2
  957  00001a64  a3c2fff3	sb	-13(r30),r2
  958  00001a68          	L12_LF2:
  959  00001a68  93c1fff3	lbu	r1,-13(r30)
  960  00001a6c  64220000	snei	r2,r1,#0
  961  00001a70  1440000c	bnez	r2,L13_LF2
  962  00001a74  54000000	nop; delay slot nop
  963  00001a78  0800000c	j	L11_LF2
  964  00001a7c  54000000	nop; delay slot nop
  965  00001a80          	L13_LF2:
  966  00001a80  0bffffc0	j	L10_LF2
  967  00001a84  54000000	nop; delay slot nop
  968  00001a88          	L11_LF2:
  969  00001a88  8fc1fff4	lw	r1,-12(r30)
  970  00001a8c  08000004	j	L9_LF2
  971  00001a90  54000000	nop; delay slot nop
  972  00001a94          	L9_LF2:
  973  00001a94  8fa20000	lw	r2,0(r29)
  974  00001a98  8fa30004	lw	r3,4(r29)
  975  00001a9c  8fdffff8	lw	r31,-8(r30)
  976  00001aa0  001ee820	add	r29,r0,r30
  977  00001aa4  8fdefffc	lw	r30,-4(r30)
  978  00001aa8  4be00000	jr	r31
  979  00001aac  54000000	nop
  980  00001ab0          	.endproc _dstrcpy
  981  00001ab0          	.align 2
  982  00001ab0          	.proc _dstrncpy
  983  00001ab0          	.global _dstrncpy
  984  00001ab0          	_dstrncpy:
  985                      ;  Function 'dstrncpy'; 8 bytes of locals, 2 regs to save.
  986  00001ab0  afbefffc	sw	-4(r29),r30; push fp
  987  00001ab4  001df020	add	r30,r0,r29; fp = sp
  988  00001ab8  afbffff8	sw	-8(r29),r31; push ret addr
  989  00001abc  2fbd0018	subui	r29,r29,#24; alloc local storage
  990  00001ac0  afa20000	sw	0(r29),r2
  991  00001ac4  afa30004	sw	4(r29),r3
  992  00001ac8  8fc10000	lw	r1,(r30)
  993  00001acc  afc1fff4	sw	-12(r30),r1
  994  00001ad0          	L15_LF2:
  995  00001ad0  8fc10008	lw	r1,8(r30)
  996  00001ad4  2022ffff	addi	r2,r1,#-1
  997  00001ad8  afc20008	sw	8(r30),r2
  998  00001adc  70210000	slei	r1,r1,#0
  999  00001ae0  1020000c	beqz	r1,L18_LF2
 1000  00001ae4  54000000	nop; delay slot nop
 1001  00001ae8  08000048	j	L16_LF2
 1002  00001aec  54000000	nop; delay slot nop
 1003  00001af0          	L18_LF2:
 1004  00001af0  8fc10000	lw	r1,(r30)
 1005  00001af4  20220001	addi	r2,r1,#1
 1006  00001af8  afc20000	sw	(r30),r2
 1007  00001afc  8fc20004	lw	r2,4(r30)
 1008  00001b00  20430001	addi	r3,r2,#1
 1009  00001b04  afc30004	sw	4(r30),r3
 1010  00001b08  80420000	lb	r2,(r2)
 1011  00001b0c  a0220000	sb	(r1),r2
 1012  00001b10  a3c2fff3	sb	-13(r30),r2
 1013  00001b14          	L17_LF2:
 1014  00001b14  93c1fff3	lbu	r1,-13(r30)
 1015  00001b18  64220000	snei	r2,r1,#0
 1016  00001b1c  1440000c	bnez	r2,L19_LF2
 1017  00001b20  54000000	nop; delay slot nop
 1018  00001b24  0800000c	j	L16_LF2
 1019  00001b28  54000000	nop; delay slot nop
 1020  00001b2c          	L19_LF2:
 1021  00001b2c  0bffffa0	j	L15_LF2
 1022  00001b30  54000000	nop; delay slot nop
 1023  00001b34          	L16_LF2:
 1024  00001b34  8fc1fff4	lw	r1,-12(r30)
 1025  00001b38  08000004	j	L14_LF2
 1026  00001b3c  54000000	nop; delay slot nop
 1027  00001b40          	L14_LF2:
 1028  00001b40  8fa20000	lw	r2,0(r29)
 1029  00001b44  8fa30004	lw	r3,4(r29)
 1030  00001b48  8fdffff8	lw	r31,-8(r30)
 1031  00001b4c  001ee820	add	r29,r0,r30
 1032  00001b50  8fdefffc	lw	r30,-4(r30)
 1033  00001b54  4be00000	jr	r31
 1034  00001b58  54000000	nop
 1035  00001b5c          	.endproc _dstrncpy
 1036  00001b5c          	.align 2
 1037  00001b5c          	.proc _dstrcat
 1038  00001b5c          	.global _dstrcat
 1039  00001b5c          	_dstrcat:
 1040                      ;  Function 'dstrcat'; 8 bytes of locals, 1 regs to save.
 1041  00001b5c  afbefffc	sw	-4(r29),r30; push fp
 1042  00001b60  001df020	add	r30,r0,r29; fp = sp
 1043  00001b64  afbffff8	sw	-8(r29),r31; push ret addr
 1044  00001b68  2fbd0018	subui	r29,r29,#24; alloc local storage
 1045  00001b6c  afa20000	sw	0(r29),r2
 1046  00001b70  8fc10000	lw	r1,(r30)
 1047  00001b74  afc1fff4	sw	-12(r30),r1
 1048  00001b78          	L21_LF2:
 1049  00001b78  8fc10000	lw	r1,(r30)
 1050  00001b7c  90220000	lbu	r2,(r1)
 1051  00001b80  64410000	snei	r1,r2,#0
 1052  00001b84  1420000c	bnez	r1,L23_LF2
 1053  00001b88  54000000	nop; delay slot nop
 1054  00001b8c  0800001c	j	L22_LF2
 1055  00001b90  54000000	nop; delay slot nop
 1056  00001b94          	L23_LF2:
 1057  00001b94  8fc20000	lw	r2,(r30)
 1058  00001b98  20410001	addi	r1,r2,#1
 1059  00001b9c  00011020	add	r2,r0,r1
 1060  00001ba0  afc20000	sw	(r30),r2
 1061  00001ba4  0bffffd0	j	L21_LF2
 1062  00001ba8  54000000	nop; delay slot nop
 1063  00001bac          	L22_LF2:
 1064  00001bac  23bdfff8	addi	r29,r29,#-8
 1065  00001bb0  001d0820	add	r1,r0,r29
 1066  00001bb4  8fc20000	lw	r2,(r30)
 1067  00001bb8  ac220000	sw	(r1),r2
 1068  00001bbc  8fc20004	lw	r2,4(r30)
 1069  00001bc0  ac220004	sw	4(r1),r2
 1070  00001bc4  0ffffe5c	jal	_dstrcpy
 1071  00001bc8  54000000	nop; delay slot nop
 1072  00001bcc  23bd0008	addi	r29,r29,#8
 1073  00001bd0  8fc1fff4	lw	r1,-12(r30)
 1074  00001bd4  08000004	j	L20_LF2
 1075  00001bd8  54000000	nop; delay slot nop
 1076  00001bdc          	L20_LF2:
 1077  00001bdc  8fa20000	lw	r2,0(r29)
 1078  00001be0  8fdffff8	lw	r31,-8(r30)
 1079  00001be4  001ee820	add	r29,r0,r30
 1080  00001be8  8fdefffc	lw	r30,-4(r30)
 1081  00001bec  4be00000	jr	r31
 1082  00001bf0  54000000	nop
 1083  00001bf4          	.endproc _dstrcat
 1084  00001bf4          	.align 2
 1085  00001bf4          	.proc _dstrncmp
 1086  00001bf4          	.global _dstrncmp
 1087  00001bf4          	_dstrncmp:
 1088                      ;  Function 'dstrncmp'; 8 bytes of locals, 2 regs to save.
 1089  00001bf4  afbefffc	sw	-4(r29),r30; push fp
 1090  00001bf8  001df020	add	r30,r0,r29; fp = sp
 1091  00001bfc  afbffff8	sw	-8(r29),r31; push ret addr
 1092  00001c00  2fbd0018	subui	r29,r29,#24; alloc local storage
 1093  00001c04  afa20000	sw	0(r29),r2
 1094  00001c08  afa30004	sw	4(r29),r3
 1095  00001c0c  54000000	nop
 1096  00001c10  20010000	addi	r1,r0,#0
 1097  00001c14  afc1fff4	sw	-12(r30),r1
 1098  00001c18          	L25_LF2:
 1099  00001c18  8fc1fff4	lw	r1,-12(r30)
 1100  00001c1c  8fc20008	lw	r2,8(r30)
 1101  00001c20  0022082a	slt	r1,r1,r2
 1102  00001c24  1420000c	bnez	r1,L28_LF2
 1103  00001c28  54000000	nop; delay slot nop
 1104  00001c2c  08000088	j	L26_LF2
 1105  00001c30  54000000	nop; delay slot nop
 1106  00001c34          	L28_LF2:
 1107  00001c34  8fc10004	lw	r1,4(r30)
 1108  00001c38  90220000	lbu	r2,(r1)
 1109  00001c3c  64410000	snei	r1,r2,#0
 1110  00001c40  14200018	bnez	r1,L29_LF2
 1111  00001c44  54000000	nop; delay slot nop
 1112  00001c48  20010000	addi	r1,r0,#0
 1113  00001c4c  080000d8	j	L24_LF2
 1114  00001c50  54000000	nop; delay slot nop
 1115  00001c54  08000028	j	L30_LF2
 1116  00001c58  54000000	nop; delay slot nop
 1117  00001c5c          	L29_LF2:
 1118  00001c5c  8fc10000	lw	r1,(r30)
 1119  00001c60  8fc20004	lw	r2,4(r30)
 1120  00001c64  90210000	lbu	r1,(r1)
 1121  00001c68  90420000	lbu	r2,(r2)
 1122  00001c6c  00220829	sne	r1,r1,r2
 1123  00001c70  1020000c	beqz	r1,L30_LF2
 1124  00001c74  54000000	nop; delay slot nop
 1125  00001c78  0800003c	j	L26_LF2
 1126  00001c7c  54000000	nop; delay slot nop
 1127  00001c80          	L31_LF2:
 1128  00001c80          	L30_LF2:
 1129  00001c80  8fc20000	lw	r2,(r30)
 1130  00001c84  20410001	addi	r1,r2,#1
 1131  00001c88  00011020	add	r2,r0,r1
 1132  00001c8c  afc20000	sw	(r30),r2
 1133  00001c90  8fc20004	lw	r2,4(r30)
 1134  00001c94  20410001	addi	r1,r2,#1
 1135  00001c98  00011020	add	r2,r0,r1
 1136  00001c9c  afc20004	sw	4(r30),r2
 1137  00001ca0          	L27_LF2:
 1138  00001ca0  8fc2fff4	lw	r2,-12(r30)
 1139  00001ca4  20410001	addi	r1,r2,#1
 1140  00001ca8  00011020	add	r2,r0,r1
 1141  00001cac  afc2fff4	sw	-12(r30),r2
 1142  00001cb0  0bffff64	j	L25_LF2
 1143  00001cb4  54000000	nop; delay slot nop
 1144  00001cb8          	L26_LF2:
 1145  00001cb8  8fc1fff4	lw	r1,-12(r30)
 1146  00001cbc  8fc20008	lw	r2,8(r30)
 1147  00001cc0  00220828	seq	r1,r1,r2
 1148  00001cc4  10200018	beqz	r1,L32_LF2
 1149  00001cc8  54000000	nop; delay slot nop
 1150  00001ccc  20010000	addi	r1,r0,#0
 1151  00001cd0  08000054	j	L24_LF2
 1152  00001cd4  54000000	nop; delay slot nop
 1153  00001cd8  0800004c	j	L33_LF2
 1154  00001cdc  54000000	nop; delay slot nop
 1155  00001ce0          	L32_LF2:
 1156  00001ce0  8fc20000	lw	r2,(r30)
 1157  00001ce4  90410000	lbu	r1,(r2)
 1158  00001ce8  8fc20004	lw	r2,4(r30)
 1159  00001cec  90430000	lbu	r3,(r2)
 1160  00001cf0  00230822	sub	r1,r1,r3
 1161  00001cf4  74220000	sgei	r2,r1,#0
 1162  00001cf8  10400020	beqz	r2,L34_LF2
 1163  00001cfc  54000000	nop; delay slot nop
 1164  00001d00  8fc10000	lw	r1,(r30)
 1165  00001d04  8fc20004	lw	r2,4(r30)
 1166  00001d08  90210000	lbu	r1,(r1)
 1167  00001d0c  90420000	lbu	r2,(r2)
 1168  00001d10  00220829	sne	r1,r1,r2
 1169  00001d14  08000008	j	L35_LF2
 1170  00001d18  54000000	nop; delay slot nop
 1171  00001d1c          	L34_LF2:
 1172  00001d1c  2001ffff	addi	r1,r0,#-1
 1173  00001d20          	L35_LF2:
 1174  00001d20  08000004	j	L24_LF2
 1175  00001d24  54000000	nop; delay slot nop
 1176  00001d28          	L33_LF2:
 1177  00001d28          	L24_LF2:
 1178  00001d28  8fa20000	lw	r2,0(r29)
 1179  00001d2c  8fa30004	lw	r3,4(r29)
 1180  00001d30  8fdffff8	lw	r31,-8(r30)
 1181  00001d34  001ee820	add	r29,r0,r30
 1182  00001d38  8fdefffc	lw	r30,-4(r30)
 1183  00001d3c  4be00000	jr	r31
 1184  00001d40  54000000	nop
 1185  00001d44          	.endproc _dstrncmp
 1186  00001d44          	.align 2
 1187  00001d44          	.proc _dstrlen
 1188  00001d44          	.global _dstrlen
 1189  00001d44          	_dstrlen:
 1190                      ;  Function 'dstrlen'; 8 bytes of locals, 1 regs to save.
 1191  00001d44  afbefffc	sw	-4(r29),r30; push fp
 1192  00001d48  001df020	add	r30,r0,r29; fp = sp
 1193  00001d4c  afbffff8	sw	-8(r29),r31; push ret addr
 1194  00001d50  2fbd0018	subui	r29,r29,#24; alloc local storage
 1195  00001d54  afa20000	sw	0(r29),r2
 1196  00001d58  20010000	addi	r1,r0,#0
 1197  00001d5c  afc1fff4	sw	-12(r30),r1
 1198  00001d60          	L37_LF2:
 1199  00001d60  8fc10000	lw	r1,(r30)
 1200  00001d64  20220001	addi	r2,r1,#1
 1201  00001d68  afc20000	sw	(r30),r2
 1202  00001d6c  90210000	lbu	r1,(r1)
 1203  00001d70  64220000	snei	r2,r1,#0
 1204  00001d74  1440000c	bnez	r2,L39_LF2
 1205  00001d78  54000000	nop; delay slot nop
 1206  00001d7c  0800001c	j	L38_LF2
 1207  00001d80  54000000	nop; delay slot nop
 1208  00001d84          	L39_LF2:
 1209  00001d84  8fc2fff4	lw	r2,-12(r30)
 1210  00001d88  20410001	addi	r1,r2,#1
 1211  00001d8c  00011020	add	r2,r0,r1
 1212  00001d90  afc2fff4	sw	-12(r30),r2
 1213  00001d94  0bffffc8	j	L37_LF2
 1214  00001d98  54000000	nop; delay slot nop
 1215  00001d9c          	L38_LF2:
 1216  00001d9c  8fc1fff4	lw	r1,-12(r30)
 1217  00001da0  08000004	j	L36_LF2
 1218  00001da4  54000000	nop; delay slot nop
 1219  00001da8          	L36_LF2:
 1220  00001da8  8fa20000	lw	r2,0(r29)
 1221  00001dac  8fdffff8	lw	r31,-8(r30)
 1222  00001db0  001ee820	add	r29,r0,r30
 1223  00001db4  8fdefffc	lw	r30,-4(r30)
 1224  00001db8  4be00000	jr	r31
 1225  00001dbc  54000000	nop
 1226  00001dc0          	.endproc _dstrlen
 1227  00001dc0          	.align 2
 1228  00001dc0          	.proc _dstrstr
 1229  00001dc0          	.global _dstrstr
 1230  00001dc0          	_dstrstr:
 1231                      ;  Function 'dstrstr'; 8 bytes of locals, 1 regs to save.
 1232  00001dc0  afbefffc	sw	-4(r29),r30; push fp
 1233  00001dc4  001df020	add	r30,r0,r29; fp = sp
 1234  00001dc8  afbffff8	sw	-8(r29),r31; push ret addr
 1235  00001dcc  2fbd0018	subui	r29,r29,#24; alloc local storage
 1236  00001dd0  afa20000	sw	0(r29),r2
 1237  00001dd4  23bdfff8	addi	r29,r29,#-8
 1238  00001dd8  001d0820	add	r1,r0,r29
 1239  00001ddc  8fc20004	lw	r2,4(r30)
 1240  00001de0  ac220000	sw	(r1),r2
 1241  00001de4  0fffff5c	jal	_dstrlen
 1242  00001de8  54000000	nop; delay slot nop
 1243  00001dec  23bd0008	addi	r29,r29,#8
 1244  00001df0  afc1fff4	sw	-12(r30),r1
 1245  00001df4          	L41_LF2:
 1246  00001df4  8fc10000	lw	r1,(r30)
 1247  00001df8  90220000	lbu	r2,(r1)
 1248  00001dfc  64410000	snei	r1,r2,#0
 1249  00001e00  1420000c	bnez	r1,L43_LF2
 1250  00001e04  54000000	nop; delay slot nop
 1251  00001e08  08000060	j	L42_LF2
 1252  00001e0c  54000000	nop; delay slot nop
 1253  00001e10          	L43_LF2:
 1254  00001e10  23bdfff0	addi	r29,r29,#-16
 1255  00001e14  001d0820	add	r1,r0,r29
 1256  00001e18  8fc20000	lw	r2,(r30)
 1257  00001e1c  ac220000	sw	(r1),r2
 1258  00001e20  8fc20004	lw	r2,4(r30)
 1259  00001e24  ac220004	sw	4(r1),r2
 1260  00001e28  8fc2fff4	lw	r2,-12(r30)
 1261  00001e2c  ac220008	sw	8(r1),r2
 1262  00001e30  0ffffdc0	jal	_dstrncmp
 1263  00001e34  54000000	nop; delay slot nop
 1264  00001e38  23bd0010	addi	r29,r29,#16
 1265  00001e3c  64220000	snei	r2,r1,#0
 1266  00001e40  14400010	bnez	r2,L44_LF2
 1267  00001e44  54000000	nop; delay slot nop
 1268  00001e48  8fc10000	lw	r1,(r30)
 1269  00001e4c  08000028	j	L40_LF2
 1270  00001e50  54000000	nop; delay slot nop
 1271  00001e54          	L44_LF2:
 1272  00001e54  8fc20000	lw	r2,(r30)
 1273  00001e58  20410001	addi	r1,r2,#1
 1274  00001e5c  00011020	add	r2,r0,r1
 1275  00001e60  afc20000	sw	(r30),r2
 1276  00001e64  0bffff8c	j	L41_LF2
 1277  00001e68  54000000	nop; delay slot nop
 1278  00001e6c          	L42_LF2:
 1279  00001e6c  20010000	addi	r1,r0,#0
 1280  00001e70  08000004	j	L40_LF2
 1281  00001e74  54000000	nop; delay slot nop
 1282  00001e78          	L40_LF2:
 1283  00001e78  8fa20000	lw	r2,0(r29)
 1284  00001e7c  8fdffff8	lw	r31,-8(r30)
 1285  00001e80  001ee820	add	r29,r0,r30
 1286  00001e84  8fdefffc	lw	r30,-4(r30)
 1287  00001e88  4be00000	jr	r31
 1288  00001e8c  54000000	nop
 1289  00001e90          	.endproc _dstrstr
 1290  00001e90          	.align 2
 1291  00001e90          	.proc _dmindex
 1292  00001e90          	.global _dmindex
 1293  00001e90          	_dmindex:
 1294                      ;  Function 'dmindex'; 8 bytes of locals, 1 regs to save.
 1295  00001e90  afbefffc	sw	-4(r29),r30; push fp
 1296  00001e94  001df020	add	r30,r0,r29; fp = sp
 1297  00001e98  afbffff8	sw	-8(r29),r31; push ret addr
 1298  00001e9c  2fbd0018	subui	r29,r29,#24; alloc local storage
 1299  00001ea0  afa20000	sw	0(r29),r2
 1300  00001ea4  54000000	nop
 1301  00001ea8          	L46_LF2:
 1302  00001ea8  8fc10000	lw	r1,(r30)
 1303  00001eac  90220000	lbu	r2,(r1)
 1304  00001eb0  64410000	snei	r1,r2,#0
 1305  00001eb4  1420000c	bnez	r1,L48_LF2
 1306  00001eb8  54000000	nop; delay slot nop
 1307  00001ebc  08000070	j	L47_LF2
 1308  00001ec0  54000000	nop; delay slot nop
 1309  00001ec4          	L48_LF2:
 1310  00001ec4  8fc10004	lw	r1,4(r30)
 1311  00001ec8  afc1fff4	sw	-12(r30),r1
 1312  00001ecc          	L49_LF2:
 1313  00001ecc  8fc1fff4	lw	r1,-12(r30)
 1314  00001ed0  90220000	lbu	r2,(r1)
 1315  00001ed4  64410000	snei	r1,r2,#0
 1316  00001ed8  1420000c	bnez	r1,L52_LF2
 1317  00001edc  54000000	nop; delay slot nop
 1318  00001ee0  08000044	j	L50_LF2
 1319  00001ee4  54000000	nop; delay slot nop
 1320  00001ee8          	L52_LF2:
 1321  00001ee8  8fc10000	lw	r1,(r30)
 1322  00001eec  8fc2fff4	lw	r2,-12(r30)
 1323  00001ef0  90210000	lbu	r1,(r1)
 1324  00001ef4  90420000	lbu	r2,(r2)
 1325  00001ef8  00220828	seq	r1,r1,r2
 1326  00001efc  10200010	beqz	r1,L51_LF2
 1327  00001f00  54000000	nop; delay slot nop
 1328  00001f04  8fc10000	lw	r1,(r30)
 1329  00001f08  08000030	j	L45_LF2
 1330  00001f0c  54000000	nop; delay slot nop
 1331  00001f10          	L53_LF2:
 1332  00001f10          	L51_LF2:
 1333  00001f10  8fc2fff4	lw	r2,-12(r30)
 1334  00001f14  20410001	addi	r1,r2,#1
 1335  00001f18  00011020	add	r2,r0,r1
 1336  00001f1c  afc2fff4	sw	-12(r30),r2
 1337  00001f20  0bffffa8	j	L49_LF2
 1338  00001f24  54000000	nop; delay slot nop
 1339  00001f28          	L50_LF2:
 1340  00001f28  0bffff7c	j	L46_LF2
 1341  00001f2c  54000000	nop; delay slot nop
 1342  00001f30          	L47_LF2:
 1343  00001f30  20010000	addi	r1,r0,#0
 1344  00001f34  08000004	j	L45_LF2
 1345  00001f38  54000000	nop; delay slot nop
 1346  00001f3c          	L45_LF2:
 1347  00001f3c  8fa20000	lw	r2,0(r29)
 1348  00001f40  8fdffff8	lw	r31,-8(r30)
 1349  00001f44  001ee820	add	r29,r0,r30
 1350  00001f48  8fdefffc	lw	r30,-4(r30)
 1351  00001f4c  4be00000	jr	r31
 1352  00001f50  54000000	nop
 1353  00001f54          	.endproc _dmindex
 1354  00001f54          	.align 2
 1355  00001f54          	.proc _dindex
 1356  00001f54          	.global _dindex
 1357  00001f54          	_dindex:
 1358                      ;  Function 'dindex'; 0 bytes of locals, 1 regs to save.
 1359  00001f54  afbefffc	sw	-4(r29),r30; push fp
 1360  00001f58  001df020	add	r30,r0,r29; fp = sp
 1361  00001f5c  afbffff8	sw	-8(r29),r31; push ret addr
 1362  00001f60  2fbd0010	subui	r29,r29,#16; alloc local storage
 1363  00001f64  afa20000	sw	0(r29),r2
 1364  00001f68  54000000	nop
 1365  00001f6c          	L55_LF2:
 1366  00001f6c  8fc10000	lw	r1,(r30)
 1367  00001f70  90220000	lbu	r2,(r1)
 1368  00001f74  64410000	snei	r1,r2,#0
 1369  00001f78  1420000c	bnez	r1,L57_LF2
 1370  00001f7c  54000000	nop; delay slot nop
 1371  00001f80  08000040	j	L56_LF2
 1372  00001f84  54000000	nop; delay slot nop
 1373  00001f88          	L57_LF2:
 1374  00001f88  8fc10000	lw	r1,(r30)
 1375  00001f8c  90220000	lbu	r2,(r1)
 1376  00001f90  8fc10004	lw	r1,4(r30)
 1377  00001f94  00411028	seq	r2,r2,r1
 1378  00001f98  10400010	beqz	r2,L58_LF2
 1379  00001f9c  54000000	nop; delay slot nop
 1380  00001fa0  8fc10000	lw	r1,(r30)
 1381  00001fa4  08000028	j	L54_LF2
 1382  00001fa8  54000000	nop; delay slot nop
 1383  00001fac          	L58_LF2:
 1384  00001fac  8fc20000	lw	r2,(r30)
 1385  00001fb0  20410001	addi	r1,r2,#1
 1386  00001fb4  00011020	add	r2,r0,r1
 1387  00001fb8  afc20000	sw	(r30),r2
 1388  00001fbc  0bffffac	j	L55_LF2
 1389  00001fc0  54000000	nop; delay slot nop
 1390  00001fc4          	L56_LF2:
 1391  00001fc4  20010000	addi	r1,r0,#0
 1392  00001fc8  08000004	j	L54_LF2
 1393  00001fcc  54000000	nop; delay slot nop
 1394  00001fd0          	L54_LF2:
 1395  00001fd0  8fa20000	lw	r2,0(r29)
 1396  00001fd4  8fdffff8	lw	r31,-8(r30)
 1397  00001fd8  001ee820	add	r29,r0,r30
 1398  00001fdc  8fdefffc	lw	r30,-4(r30)
 1399  00001fe0  4be00000	jr	r31
 1400  00001fe4  54000000	nop
 1401  00001fe8          	.endproc _dindex
 1402  00001fe8          	.align 2
 1403  00001fe8          	.proc _ditoa
 1404  00001fe8          	.global _ditoa
 1405  00001fe8          	_ditoa:
 1406                      ;  Function 'ditoa'; 8 bytes of locals, 2 regs to save.
 1407  00001fe8  afbefffc	sw	-4(r29),r30; push fp
 1408  00001fec  001df020	add	r30,r0,r29; fp = sp
 1409  00001ff0  afbffff8	sw	-8(r29),r31; push ret addr
 1410  00001ff4  2fbd0018	subui	r29,r29,#24; alloc local storage
 1411  00001ff8  afa20000	sw	0(r29),r2
 1412  00001ffc  afa30004	sw	4(r29),r3
 1413  00002000  8fc10000	lw	r1,(r30)
 1414  00002004  68220000	slti	r2,r1,#0
 1415  00002008  1040002c	beqz	r2,L60_LF2
 1416  0000200c  54000000	nop; delay slot nop
 1417  00002010  8fc10004	lw	r1,4(r30)
 1418  00002014  20220001	addi	r2,r1,#1
 1419  00002018  afc20004	sw	4(r30),r2
 1420  0000201c  2002002d	addi	r2,r0,(#0x2d)&0xff
 1421  00002020  a0220000	sb	(r1),r2
 1422  00002024  8fc10000	lw	r1,(r30)
 1423  00002028  00011022	sub	r2,r0,r1
 1424  0000202c  afc20000	sw	(r30),r2
 1425  00002030  08000118	j	L61_LF2
 1426  00002034  54000000	nop; delay slot nop
 1427  00002038          	L60_LF2:
 1428  00002038  8fc10000	lw	r1,(r30)
 1429  0000203c  64220000	snei	r2,r1,#0
 1430  00002040  14400020	bnez	r2,L62_LF2
 1431  00002044  54000000	nop; delay slot nop
 1432  00002048  8fc10004	lw	r1,4(r30)
 1433  0000204c  20220001	addi	r2,r1,#1
 1434  00002050  afc20004	sw	4(r30),r2
 1435  00002054  20020030	addi	r2,r0,(#0x30)&0xff
 1436  00002058  a0220000	sb	(r1),r2
 1437  0000205c  080000ec	j	L61_LF2
 1438  00002060  54000000	nop; delay slot nop
 1439  00002064          	L62_LF2:
 1440  00002064  20010001	addi	r1,r0,#1
 1441  00002068  afc1fff4	sw	-12(r30),r1
 1442  0000206c          	L64_LF2:
 1443  0000206c  8fc1fff4	lw	r1,-12(r30)
 1444  00002070  8fc20000	lw	r2,(r30)
 1445  00002074  0022082c	sle	r1,r1,r2
 1446  00002078  1420000c	bnez	r1,L66_LF2
 1447  0000207c  54000000	nop; delay slot nop
 1448  00002080  08000024	j	L65_LF2
 1449  00002084  54000000	nop; delay slot nop
 1450  00002088          	L67_LF2:
 1451  00002088          	L66_LF2:
 1452  00002088  8fc1fff4	lw	r1,-12(r30)
 1453  0000208c  00011820	add	r3,r0,r1
 1454  00002090  50620002	slli	r2,r3,#0x2
 1455  00002094  00411020	add	r2,r2,r1
 1456  00002098  50410001	slli	r1,r2,#0x1
 1457  0000209c  afc1fff4	sw	-12(r30),r1
 1458  000020a0  0bffffc8	j	L64_LF2
 1459  000020a4  54000000	nop; delay slot nop
 1460  000020a8          	L65_LF2:
 1461  000020a8  54000000	nop
 1462  000020ac          	L68_LF2:
 1463  000020ac  8fc1fff4	lw	r1,-12(r30)
 1464  000020b0  2002000a	addi	r2,r0,#10
 1465  000020b4  00200035	movi2fp	f0,r1
 1466  000020b8  00400835	movi2fp	f1,r2
 1467  000020bc  0401000f	div	f0,f0,f1
 1468  000020c0  00000834	movfp2i	r1,f0
 1469  000020c4  afc1fff4	sw	-12(r30),r1
 1470  000020c8  8fc10004	lw	r1,4(r30)
 1471  000020cc  20220001	addi	r2,r1,#1
 1472  000020d0  afc20004	sw	4(r30),r2
 1473  000020d4  8fc20000	lw	r2,(r30)
 1474  000020d8  8fc3fff4	lw	r3,-12(r30)
 1475  000020dc  00400035	movi2fp	f0,r2
 1476  000020e0  00600835	movi2fp	f1,r3
 1477  000020e4  0401000f	div	f0,f0,f1
 1478  000020e8  00001034	movfp2i	r2,f0
 1479  000020ec  00021820	add	r3,r0,r2
 1480  000020f0  20620030	addi	r2,r3,#48
 1481  000020f4  a0220000	sb	(r1),r2
 1482  000020f8  8fc10000	lw	r1,(r30)
 1483  000020fc  8fc3fff4	lw	r3,-12(r30)
 1484  00002100  00200035	movi2fp	f0,r1
 1485  00002104  00600835	movi2fp	f1,r3
 1486  00002108  0401000f	div	f0,f0,f1
 1487  0000210c  00001034	movfp2i	r2,f0
 1488  00002110  8fc3fff4	lw	r3,-12(r30)
 1489  00002114  00400035	movi2fp	f0,r2
 1490  00002118  00600835	movi2fp	f1,r3
 1491  0000211c  0401000e	mult	f0,f0,f1
 1492  00002120  00001034	movfp2i	r2,f0
 1493  00002124  00220822	sub	r1,r1,r2
 1494  00002128  afc10000	sw	(r30),r1
 1495  0000212c          	L70_LF2:
 1496  0000212c  8fc1fff4	lw	r1,-12(r30)
 1497  00002130  6c220001	sgti	r2,r1,#1
 1498  00002134  1440000c	bnez	r2,L71_LF2
 1499  00002138  54000000	nop; delay slot nop
 1500  0000213c  0800000c	j	L61_LF2
 1501  00002140  54000000	nop; delay slot nop
 1502  00002144          	L71_LF2:
 1503  00002144  0bffff64	j	L68_LF2
 1504  00002148  54000000	nop; delay slot nop
 1505  0000214c          	L69_LF2:
 1506  0000214c          	L63_LF2:
 1507  0000214c          	L61_LF2:
 1508  0000214c  8fc10004	lw	r1,4(r30)
 1509  00002150  20020000	addi	r2,r0,(#0x0)&0xff
 1510  00002154  a0220000	sb	(r1),r2
 1511  00002158          	L59_LF2:
 1512  00002158  8fa20000	lw	r2,0(r29)
 1513  0000215c  8fa30004	lw	r3,4(r29)
 1514  00002160  8fdffff8	lw	r31,-8(r30)
 1515  00002164  001ee820	add	r29,r0,r30
 1516  00002168  8fdefffc	lw	r30,-4(r30)
 1517  0000216c  4be00000	jr	r31
 1518  00002170  54000000	nop
 1519  00002174          	.endproc _ditoa
 1520  00002174          	.align 2
 1521  00002174          	.proc _dstrtol
 1522  00002174          	.global _dstrtol
 1523  00002174          	_dstrtol:
 1524                      ;  Function 'dstrtol'; 16 bytes of locals, 1 regs to save.
 1525  00002174  afbefffc	sw	-4(r29),r30; push fp
 1526  00002178  001df020	add	r30,r0,r29; fp = sp
 1527  0000217c  afbffff8	sw	-8(r29),r31; push ret addr
 1528  00002180  2fbd0020	subui	r29,r29,#32; alloc local storage
 1529  00002184  afa20000	sw	0(r29),r2
 1530  00002188  20010000	addi	r1,r0,#0
 1531  0000218c  afc1fff4	sw	-12(r30),r1
 1532  00002190          	L73_LF2:
 1533  00002190  8fc10000	lw	r1,(r30)
 1534  00002194  90220000	lbu	r2,(r1)
 1535  00002198  60410020	seqi	r1,r2,#32
 1536  0000219c  14200034	bnez	r1,L75_LF2
 1537  000021a0  54000000	nop; delay slot nop
 1538  000021a4  8fc10000	lw	r1,(r30)
 1539  000021a8  90220000	lbu	r2,(r1)
 1540  000021ac  60410009	seqi	r1,r2,#9
 1541  000021b0  14200020	bnez	r1,L75_LF2
 1542  000021b4  54000000	nop; delay slot nop
 1543  000021b8  8fc10000	lw	r1,(r30)
 1544  000021bc  90220000	lbu	r2,(r1)
 1545  000021c0  6041000a	seqi	r1,r2,#10
 1546  000021c4  1420000c	bnez	r1,L75_LF2
 1547  000021c8  54000000	nop; delay slot nop
 1548  000021cc  0800001c	j	L74_LF2
 1549  000021d0  54000000	nop; delay slot nop
 1550  000021d4          	L75_LF2:
 1551  000021d4  8fc20000	lw	r2,(r30)
 1552  000021d8  20410001	addi	r1,r2,#1
 1553  000021dc  00011020	add	r2,r0,r1
 1554  000021e0  afc20000	sw	(r30),r2
 1555  000021e4  0bffffa8	j	L73_LF2
 1556  000021e8  54000000	nop; delay slot nop
 1557  000021ec          	L74_LF2:
 1558  000021ec  8fc10004	lw	r1,4(r30)
 1559  000021f0  64220000	snei	r2,r1,#0
 1560  000021f4  10400010	beqz	r2,L76_LF2
 1561  000021f8  54000000	nop; delay slot nop
 1562  000021fc  8fc10004	lw	r1,4(r30)
 1563  00002200  8fc20000	lw	r2,(r30)
 1564  00002204  ac220000	sw	(r1),r2
 1565  00002208          	L76_LF2:
 1566  00002208  8fc10000	lw	r1,(r30)
 1567  0000220c  90220000	lbu	r2,(r1)
 1568  00002210  64410000	snei	r1,r2,#0
 1569  00002214  14200010	bnez	r1,L77_LF2
 1570  00002218  54000000	nop; delay slot nop
 1571  0000221c  8fc1fff4	lw	r1,-12(r30)
 1572  00002220  08000294	j	L72_LF2
 1573  00002224  54000000	nop; delay slot nop
 1574  00002228          	L77_LF2:
 1575  00002228  8fc10000	lw	r1,(r30)
 1576  0000222c  90220000	lbu	r2,(r1)
 1577  00002230  6041002d	seqi	r1,r2,#45
 1578  00002234  10200024	beqz	r1,L78_LF2
 1579  00002238  54000000	nop; delay slot nop
 1580  0000223c  2001ffff	addi	r1,r0,#-1
 1581  00002240  afc1ffec	sw	-20(r30),r1
 1582  00002244  8fc20000	lw	r2,(r30)
 1583  00002248  20410001	addi	r1,r2,#1
 1584  0000224c  00011020	add	r2,r0,r1
 1585  00002250  afc20000	sw	(r30),r2
 1586  00002254  0800000c	j	L79_LF2
 1587  00002258  54000000	nop; delay slot nop
 1588  0000225c          	L78_LF2:
 1589  0000225c  20010001	addi	r1,r0,#1
 1590  00002260  afc1ffec	sw	-20(r30),r1
 1591  00002264          	L79_LF2:
 1592  00002264  8fc10008	lw	r1,8(r30)
 1593  00002268  64220000	snei	r2,r1,#0
 1594  0000226c  14400090	bnez	r2,L80_LF2
 1595  00002270  54000000	nop; delay slot nop
 1596  00002274  8fc10000	lw	r1,(r30)
 1597  00002278  90220000	lbu	r2,(r1)
 1598  0000227c  60410030	seqi	r1,r2,#48
 1599  00002280  10200074	beqz	r1,L81_LF2
 1600  00002284  54000000	nop; delay slot nop
 1601  00002288  8fc20000	lw	r2,(r30)
 1602  0000228c  20410001	addi	r1,r2,#1
 1603  00002290  00011020	add	r2,r0,r1
 1604  00002294  afc20000	sw	(r30),r2
 1605  00002298  8fc10000	lw	r1,(r30)
 1606  0000229c  90220000	lbu	r2,(r1)
 1607  000022a0  60410078	seqi	r1,r2,#120
 1608  000022a4  14200020	bnez	r1,L83_LF2
 1609  000022a8  54000000	nop; delay slot nop
 1610  000022ac  8fc10000	lw	r1,(r30)
 1611  000022b0  90220000	lbu	r2,(r1)
 1612  000022b4  60410058	seqi	r1,r2,#88
 1613  000022b8  1420000c	bnez	r1,L83_LF2
 1614  000022bc  54000000	nop; delay slot nop
 1615  000022c0  08000024	j	L82_LF2
 1616  000022c4  54000000	nop; delay slot nop
 1617  000022c8          	L83_LF2:
 1618  000022c8  20010010	addi	r1,r0,#16
 1619  000022cc  afc10008	sw	8(r30),r1
 1620  000022d0  8fc20000	lw	r2,(r30)
 1621  000022d4  20410001	addi	r1,r2,#1
 1622  000022d8  00011020	add	r2,r0,r1
 1623  000022dc  afc20000	sw	(r30),r2
 1624  000022e0  0800000c	j	L84_LF2
 1625  000022e4  54000000	nop; delay slot nop
 1626  000022e8          	L82_LF2:
 1627  000022e8  20010008	addi	r1,r0,#8
 1628  000022ec  afc10008	sw	8(r30),r1
 1629  000022f0          	L84_LF2:
 1630  000022f0  0800000c	j	L80_LF2
 1631  000022f4  54000000	nop; delay slot nop
 1632  000022f8          	L81_LF2:
 1633  000022f8  2001000a	addi	r1,r0,#10
 1634  000022fc  afc10008	sw	8(r30),r1
 1635  00002300          	L85_LF2:
 1636  00002300          	L80_LF2:
 1637  00002300  8fc10008	lw	r1,8(r30)
 1638  00002304  70220000	slei	r2,r1,#0
 1639  00002308  1440001c	bnez	r2,L87_LF2
 1640  0000230c  54000000	nop; delay slot nop
 1641  00002310  8fc10008	lw	r1,8(r30)
 1642  00002314  6c220010	sgti	r2,r1,#16
 1643  00002318  1440000c	bnez	r2,L87_LF2
 1644  0000231c  54000000	nop; delay slot nop
 1645  00002320  08000010	j	L86_LF2
 1646  00002324  54000000	nop; delay slot nop
 1647  00002328          	L87_LF2:
 1648  00002328  8fc1fff4	lw	r1,-12(r30)
 1649  0000232c  08000188	j	L72_LF2
 1650  00002330  54000000	nop; delay slot nop
 1651  00002334          	L86_LF2:
 1652  00002334  54000000	nop
 1653  00002338          	L88_LF2:
 1654  00002338  8fc10000	lw	r1,(r30)
 1655  0000233c  90220000	lbu	r2,(r1)
 1656  00002340  6c41002f	sgtui	r1,r2,#47
 1657  00002344  10200030	beqz	r1,L91_LF2
 1658  00002348  54000000	nop; delay slot nop
 1659  0000234c  8fc10000	lw	r1,(r30)
 1660  00002350  90220000	lbu	r2,(r1)
 1661  00002354  70410039	sleui	r1,r2,#57
 1662  00002358  1020001c	beqz	r1,L91_LF2
 1663  0000235c  54000000	nop; delay slot nop
 1664  00002360  8fc10000	lw	r1,(r30)
 1665  00002364  90220000	lbu	r2,(r1)
 1666  00002368  2041ffd0	addi	r1,r2,#-48
 1667  0000236c  afc1fff0	sw	-16(r30),r1
 1668  00002370  0800008c	j	L92_LF2
 1669  00002374  54000000	nop; delay slot nop
 1670  00002378          	L91_LF2:
 1671  00002378  8fc10000	lw	r1,(r30)
 1672  0000237c  90220000	lbu	r2,(r1)
 1673  00002380  6c410060	sgtui	r1,r2,#96
 1674  00002384  10200030	beqz	r1,L93_LF2
 1675  00002388  54000000	nop; delay slot nop
 1676  0000238c  8fc10000	lw	r1,(r30)
 1677  00002390  90220000	lbu	r2,(r1)
 1678  00002394  7041007a	sleui	r1,r2,#122
 1679  00002398  1020001c	beqz	r1,L93_LF2
 1680  0000239c  54000000	nop; delay slot nop
 1681  000023a0  8fc10000	lw	r1,(r30)
 1682  000023a4  90220000	lbu	r2,(r1)
 1683  000023a8  2041ffa9	addi	r1,r2,#-87
 1684  000023ac  afc1fff0	sw	-16(r30),r1
 1685  000023b0  0800004c	j	L92_LF2
 1686  000023b4  54000000	nop; delay slot nop
 1687  000023b8          	L93_LF2:
 1688  000023b8  8fc10000	lw	r1,(r30)
 1689  000023bc  90220000	lbu	r2,(r1)
 1690  000023c0  6c410040	sgtui	r1,r2,#64
 1691  000023c4  10200030	beqz	r1,L95_LF2
 1692  000023c8  54000000	nop; delay slot nop
 1693  000023cc  8fc10000	lw	r1,(r30)
 1694  000023d0  90220000	lbu	r2,(r1)
 1695  000023d4  7041005a	sleui	r1,r2,#90
 1696  000023d8  1020001c	beqz	r1,L95_LF2
 1697  000023dc  54000000	nop; delay slot nop
 1698  000023e0  8fc10000	lw	r1,(r30)
 1699  000023e4  90220000	lbu	r2,(r1)
 1700  000023e8  2041ffc9	addi	r1,r2,#-55
 1701  000023ec  afc1fff0	sw	-16(r30),r1
 1702  000023f0  0800000c	j	L92_LF2
 1703  000023f4  54000000	nop; delay slot nop
 1704  000023f8          	L95_LF2:
 1705  000023f8  200103e8	addi	r1,r0,#1000
 1706  000023fc  afc1fff0	sw	-16(r30),r1
 1707  00002400          	L96_LF2:
 1708  00002400          	L94_LF2:
 1709  00002400          	L92_LF2:
 1710  00002400  8fc1fff0	lw	r1,-16(r30)
 1711  00002404  8fc20008	lw	r2,8(r30)
 1712  00002408  0022082a	slt	r1,r1,r2
 1713  0000240c  10200040	beqz	r1,L90_LF2
 1714  00002410  54000000	nop; delay slot nop
 1715  00002414  8fc1fff4	lw	r1,-12(r30)
 1716  00002418  8fc20008	lw	r2,8(r30)
 1717  0000241c  00200035	movi2fp	f0,r1
 1718  00002420  00400835	movi2fp	f1,r2
 1719  00002424  0401000e	mult	f0,f0,f1
 1720  00002428  00000834	movfp2i	r1,f0
 1721  0000242c  afc1fff4	sw	-12(r30),r1
 1722  00002430  8fc1fff4	lw	r1,-12(r30)
 1723  00002434  8fc2fff0	lw	r2,-16(r30)
 1724  00002438  00220820	add	r1,r1,r2
 1725  0000243c  afc1fff4	sw	-12(r30),r1
 1726  00002440  8fc20000	lw	r2,(r30)
 1727  00002444  20410001	addi	r1,r2,#1
 1728  00002448  00011020	add	r2,r0,r1
 1729  0000244c  afc20000	sw	(r30),r2
 1730  00002450          	L97_LF2:
 1731  00002450          	L90_LF2:
 1732  00002450  8fc1fff0	lw	r1,-16(r30)
 1733  00002454  8fc20008	lw	r2,8(r30)
 1734  00002458  0022082a	slt	r1,r1,r2
 1735  0000245c  1420000c	bnez	r1,L98_LF2
 1736  00002460  54000000	nop; delay slot nop
 1737  00002464  0800000c	j	L89_LF2
 1738  00002468  54000000	nop; delay slot nop
 1739  0000246c          	L98_LF2:
 1740  0000246c  0bfffec8	j	L88_LF2
 1741  00002470  54000000	nop; delay slot nop
 1742  00002474          	L89_LF2:
 1743  00002474  8fc10004	lw	r1,4(r30)
 1744  00002478  64220000	snei	r2,r1,#0
 1745  0000247c  10400010	beqz	r2,L99_LF2
 1746  00002480  54000000	nop; delay slot nop
 1747  00002484  8fc10004	lw	r1,4(r30)
 1748  00002488  8fc20000	lw	r2,(r30)
 1749  0000248c  ac220000	sw	(r1),r2
 1750  00002490          	L99_LF2:
 1751  00002490  8fc1fff4	lw	r1,-12(r30)
 1752  00002494  8fc2ffec	lw	r2,-20(r30)
 1753  00002498  00200035	movi2fp	f0,r1
 1754  0000249c  00400835	movi2fp	f1,r2
 1755  000024a0  0401000e	mult	f0,f0,f1
 1756  000024a4  00000834	movfp2i	r1,f0
 1757  000024a8  afc1fff4	sw	-12(r30),r1
 1758  000024ac  8fc1fff4	lw	r1,-12(r30)
 1759  000024b0  08000004	j	L72_LF2
 1760  000024b4  54000000	nop; delay slot nop
 1761  000024b8          	L72_LF2:
 1762  000024b8  8fa20000	lw	r2,0(r29)
 1763  000024bc  8fdffff8	lw	r31,-8(r30)
 1764  000024c0  001ee820	add	r29,r0,r30
 1765  000024c4  8fdefffc	lw	r30,-4(r30)
 1766  000024c8  4be00000	jr	r31
 1767  000024cc  54000000	nop
 1768  000024d0          	.endproc _dstrtol
 1769  000024d0          	.align 2
 1770  000024d0          	.proc _bcopy
 1771  000024d0          	.global _bcopy
 1772  000024d0          	_bcopy:
 1773                      ;  Function 'bcopy'; 0 bytes of locals, 2 regs to save.
 1774  000024d0  afbefffc	sw	-4(r29),r30; push fp
 1775  000024d4  001df020	add	r30,r0,r29; fp = sp
 1776  000024d8  afbffff8	sw	-8(r29),r31; push ret addr
 1777  000024dc  2fbd0010	subui	r29,r29,#16; alloc local storage
 1778  000024e0  afa20000	sw	0(r29),r2
 1779  000024e4  afa30004	sw	4(r29),r3
 1780  000024e8  54000000	nop
 1781  000024ec          	L101_LF2:
 1782  000024ec  8fc10008	lw	r1,8(r30)
 1783  000024f0  2022ffff	addi	r2,r1,#-1
 1784  000024f4  afc20008	sw	8(r30),r2
 1785  000024f8  6c210000	sgti	r1,r1,#0
 1786  000024fc  1420000c	bnez	r1,L103_LF2
 1787  00002500  54000000	nop; delay slot nop
 1788  00002504  0800002c	j	L102_LF2
 1789  00002508  54000000	nop; delay slot nop
 1790  0000250c          	L103_LF2:
 1791  0000250c  8fc10004	lw	r1,4(r30)
 1792  00002510  20220001	addi	r2,r1,#1
 1793  00002514  afc20004	sw	4(r30),r2
 1794  00002518  8fc20000	lw	r2,(r30)
 1795  0000251c  20430001	addi	r3,r2,#1
 1796  00002520  afc30000	sw	(r30),r3
 1797  00002524  80420000	lb	r2,(r2)
 1798  00002528  a0220000	sb	(r1),r2
 1799  0000252c  0bffffbc	j	L101_LF2
 1800  00002530  54000000	nop; delay slot nop
 1801  00002534          	L102_LF2:
 1802  00002534          	L100_LF2:
 1803  00002534  8fa20000	lw	r2,0(r29)
 1804  00002538  8fa30004	lw	r3,4(r29)
 1805  0000253c  8fdffff8	lw	r31,-8(r30)
 1806  00002540  001ee820	add	r29,r0,r30
 1807  00002544  8fdefffc	lw	r30,-4(r30)
 1808  00002548  4be00000	jr	r31
 1809  0000254c  54000000	nop
 1810  00002550          	.endproc _bcopy
 1811  00002550          	.align 2
 1812  00002550          	.proc _bzero
 1813  00002550          	.global _bzero
 1814  00002550          	_bzero:
 1815                      ;  Function 'bzero'; 0 bytes of locals, 1 regs to save.
 1816  00002550  afbefffc	sw	-4(r29),r30; push fp
 1817  00002554  001df020	add	r30,r0,r29; fp = sp
 1818  00002558  afbffff8	sw	-8(r29),r31; push ret addr
 1819  0000255c  2fbd0010	subui	r29,r29,#16; alloc local storage
 1820  00002560  afa20000	sw	0(r29),r2
 1821  00002564  54000000	nop
 1822  00002568          	L105_LF2:
 1823  00002568  8fc10004	lw	r1,4(r30)
 1824  0000256c  2022ffff	addi	r2,r1,#-1
 1825  00002570  afc20004	sw	4(r30),r2
 1826  00002574  6c210000	sgti	r1,r1,#0
 1827  00002578  1420000c	bnez	r1,L107_LF2
 1828  0000257c  54000000	nop; delay slot nop
 1829  00002580  08000020	j	L106_LF2
 1830  00002584  54000000	nop; delay slot nop
 1831  00002588          	L107_LF2:
 1832  00002588  8fc10000	lw	r1,(r30)
 1833  0000258c  20220001	addi	r2,r1,#1
 1834  00002590  afc20000	sw	(r30),r2
 1835  00002594  20020000	addi	r2,r0,(#0x0)&0xff
 1836  00002598  a0220000	sb	(r1),r2
 1837  0000259c  0bffffc8	j	L105_LF2
 1838  000025a0  54000000	nop; delay slot nop
 1839  000025a4          	L106_LF2:
 1840  000025a4          	L104_LF2:
 1841  000025a4  8fa20000	lw	r2,0(r29)
 1842  000025a8  8fdffff8	lw	r31,-8(r30)
 1843  000025ac  001ee820	add	r29,r0,r30
 1844  000025b0  8fdefffc	lw	r30,-4(r30)
 1845  000025b4  4be00000	jr	r31
 1846  000025b8  54000000	nop
 1847  000025bc          	.endproc _bzero
 1848  000025bc          	.align 2
 1849  000025bc          	.proc _min
 1850  000025bc          	.global _min
 1851  000025bc          	_min:
 1852                      ;  Function 'min'; 0 bytes of locals, 2 regs to save.
 1853  000025bc  afbefffc	sw	-4(r29),r30; push fp
 1854  000025c0  001df020	add	r30,r0,r29; fp = sp
 1855  000025c4  afbffff8	sw	-8(r29),r31; push ret addr
 1856  000025c8  2fbd0010	subui	r29,r29,#16; alloc local storage
 1857  000025cc  afa20000	sw	0(r29),r2
 1858  000025d0  afa30004	sw	4(r29),r3
 1859  000025d4  8fc10000	lw	r1,(r30)
 1860  000025d8  8fc20004	lw	r2,4(r30)
 1861  000025dc  0022182c	sle	r3,r1,r2
 1862  000025e0  14600008	bnez	r3,L109_LF2
 1863  000025e4  54000000	nop; delay slot nop
 1864  000025e8  8fc10004	lw	r1,4(r30)
 1865  000025ec          	L109_LF2:
 1866  000025ec  08000004	j	L108_LF2
 1867  000025f0  54000000	nop; delay slot nop
 1868  000025f4          	L108_LF2:
 1869  000025f4  8fa20000	lw	r2,0(r29)
 1870  000025f8  8fa30004	lw	r3,4(r29)
 1871  000025fc  8fdffff8	lw	r31,-8(r30)
 1872  00002600  001ee820	add	r29,r0,r30
 1873  00002604  8fdefffc	lw	r30,-4(r30)
 1874  00002608  4be00000	jr	r31
 1875  0000260c  54000000	nop
 1876  00002610          	.endproc _min
 1877  00002610          	.align 2
 1878  00002610          	.proc _max
 1879  00002610          	.global _max
 1880  00002610          	_max:
 1881                      ;  Function 'max'; 0 bytes of locals, 2 regs to save.
 1882  00002610  afbefffc	sw	-4(r29),r30; push fp
 1883  00002614  001df020	add	r30,r0,r29; fp = sp
 1884  00002618  afbffff8	sw	-8(r29),r31; push ret addr
 1885  0000261c  2fbd0010	subui	r29,r29,#16; alloc local storage
 1886  00002620  afa20000	sw	0(r29),r2
 1887  00002624  afa30004	sw	4(r29),r3
 1888  00002628  8fc10000	lw	r1,(r30)
 1889  0000262c  8fc20004	lw	r2,4(r30)
 1890  00002630  0022182d	sge	r3,r1,r2
 1891  00002634  14600008	bnez	r3,L111_LF2
 1892  00002638  54000000	nop; delay slot nop
 1893  0000263c  8fc10004	lw	r1,4(r30)
 1894  00002640          	L111_LF2:
 1895  00002640  08000004	j	L110_LF2
 1896  00002644  54000000	nop; delay slot nop
 1897  00002648          	L110_LF2:
 1898  00002648  8fa20000	lw	r2,0(r29)
 1899  0000264c  8fa30004	lw	r3,4(r29)
 1900  00002650  8fdffff8	lw	r31,-8(r30)
 1901  00002654  001ee820	add	r29,r0,r30
 1902  00002658  8fdefffc	lw	r30,-4(r30)
 1903  0000265c  4be00000	jr	r31
 1904  00002660  54000000	nop
 1905  00002664          	.endproc _max
 1906                      ;;; Ethan L. Miller, 1999.  Released to the public domain
 1907                      ;;;
 1908                      ;;; Most of the traps are called in files from libtraps.
 1911  00002664          	.align 2
 1912  00002664          	.proc _exit
 1913  00002664          	.global _exit
 1914  00002664          	_exit:
 1915  00002664  44000300	trap	#0x300
 1916  00002668  4be00000	jr	r31
 1917  0000266c  54000000	nop
 1918  00002670          	.endproc _exit
 1920                      ; for the benefit of gcc.
 1921  00002670          	.proc ___main
 1922  00002670          	.global ___main
 1923  00002670          	___main:
 1924  00002670  4be00000	jr	r31
 1925  00002674  54000000	nop
 1926  00002678          	.endproc ___main
 1927  00002678          	.text
 1928  00002678          	.global _etext
 1929  00002678          	_etext:
 1930  00002678          	.align 3
 1931  00002678          	.data
 1932  00003243          	.global _edata
 1933  00003243          	_edata:
