 line   address	contents
    1                      ; Linked by DLX-LD.
    2                      ; MemSize 24576
    3                      ; Data size: 435
    4                      ; Text size: 5052
    5                      ; Stack size: 8192
    6  00000000          	.text 0x1000
    7  00001000          	.data 0x3000
    8                      ; Compiled by GCC
    9  00003000          	.text
   10  00001000          	.align 2
   11  00001000          	.proc _isspace
   12  00001000          	.global _isspace
   13  00001000          	_isspace:
   14                      ;  Function 'isspace'; 0 bytes of locals, 1 regs to save.
   15  00001000  afbefffc	sw	-4(r29),r30; push fp
   16  00001004  001df020	add	r30,r0,r29; fp = sp
   17  00001008  afbffff8	sw	-8(r29),r31; push ret addr
   18  0000100c  2fbd0010	subui	r29,r29,#16; alloc local storage
   19  00001010  afa20000	sw	0(r29),r2
   20  00001014  83c20003	lb	r2,3(r30)
   21  00001018  201f0000	addi	r31,r0,#0
   22  0000101c  304100ff	andi	r1,r2,#0x00ff
   23  00001020  60210020	seqi	r1,r1,#32
   24  00001024  14200018	bnez	r1,L6_LF0
   25  00001028  54000000	nop; not filled.
   26  0000102c  2041fff7	addi	r1,r2,#-9
   27  00001030  302100ff	andi	r1,r1,#0x00ff
   28  00001034  70210001	sleui	r1,r1,#1
   29  00001038  10200008	beqz	r1,L5_LF0
   30  0000103c  54000000	nop; not filled.
   31  00001040          	L6_LF0:
   32  00001040  201f0001	addi	r31,r0,#1
   33  00001044          	L5_LF0:
   34  00001044  001f0820	add	r1,r0,r31
   35  00001048  8fa20000	lw	r2,0(r29)
   36  0000104c  8fdffff8	lw	r31,-8(r30)
   37  00001050  001ee820	add	r29,r0,r30
   38  00001054  8fdefffc	lw	r30,-4(r30)
   39  00001058  4be00000	jr	r31
   40  0000105c  54000000	nop
   41  00001060          	.endproc _isspace
   42  00001060          	.align 2
   43  00001060          	.proc _isxdigit
   44  00001060          	.global _isxdigit
   45  00001060          	_isxdigit:
   46                      ;  Function 'isxdigit'; 0 bytes of locals, 1 regs to save.
   47  00001060  afbefffc	sw	-4(r29),r30; push fp
   48  00001064  001df020	add	r30,r0,r29; fp = sp
   49  00001068  afbffff8	sw	-8(r29),r31; push ret addr
   50  0000106c  2fbd0010	subui	r29,r29,#16; alloc local storage
   51  00001070  afa20000	sw	0(r29),r2
   52  00001074  83df0003	lb	r31,3(r30)
   53  00001078  20020000	addi	r2,r0,#0
   54  0000107c  23e1ffd0	addi	r1,r31,#-48
   55  00001080  302100ff	andi	r1,r1,#0x00ff
   56  00001084  70210009	sleui	r1,r1,#9
   57  00001088  14200028	bnez	r1,L12_LF0
   58  0000108c  54000000	nop; not filled.
   59  00001090  23e1ff9f	addi	r1,r31,#-97
   60  00001094  302100ff	andi	r1,r1,#0x00ff
   61  00001098  70210005	sleui	r1,r1,#5
   62  0000109c  14200014	bnez	r1,L12_LF0
   63  000010a0  54000000	nop; not filled.
   64  000010a4  33e100ff	andi	r1,r31,#0x00ff
   65  000010a8  64210041	snei	r1,r1,#65
   66  000010ac  14200008	bnez	r1,L11_LF0
   67  000010b0  54000000	nop; not filled.
   68  000010b4          	L12_LF0:
   69  000010b4  20020001	addi	r2,r0,#1
   70  000010b8          	L11_LF0:
   71  000010b8  00020820	add	r1,r0,r2
   72  000010bc  8fa20000	lw	r2,0(r29)
   73  000010c0  8fdffff8	lw	r31,-8(r30)
   74  000010c4  001ee820	add	r29,r0,r30
   75  000010c8  8fdefffc	lw	r30,-4(r30)
   76  000010cc  4be00000	jr	r31
   77  000010d0  54000000	nop
   78  000010d4          	.endproc _isxdigit
   79  000010d4          	.data
   80  00003000          	.align 2
   81  00003000          	LC0_LF0:
   82  00003000  5300    	.ascii "S\000"
   83  00003002          	.align 2
   84  00003004          	LC1_LF0:
   85  00003004  55736167	.ascii "Usage\000"
   85  00003008  6500    	
   86  0000300a          	.align 2
   87  0000300c          	LC2_LF0:
   88  0000300c  3c68616e	.ascii "<handle_to_shared_memory_page> <handle_to_page_mapped_semaphore<handle"
   88  00003010  646c655f	
   88  00003014  746f5f73	
   88  00003018  68617265	
   88  0000301c  645f6d65	
   88  00003020  6d6f7279	
   88  00003024  5f706167	
   88  00003028  653e203c	
   88  0000302c  68616e64	
   88  00003030  6c655f74	
   88  00003034  6f5f7061	
   88  00003038  67655f6d	
   88  0000303c  61707065	
   88  00003040  645f7365	
   88  00003044  6d617068	
   88  00003048  6f72653c	
   88  0000304c  68616e64	
   88  00003050  6c65    	
   89  00003052  20746f20	.ascii " to lock>\000"
   89  00003056  6c6f636b	
   89  0000305a  3e00    	
   90  0000305c          	.align 2
   91  0000305c          	LC3_LF0:
   92  0000305c  52656163	.ascii "Reaction 1: %d. Couldn\'t open S2 mailbox\n\000"
   92  00003060  74696f6e	
   92  00003064  20313a20	
   92  00003068  25642e20	
   92  0000306c  436f756c	
   92  00003070  646e2774	
   92  00003074  206f7065	
   92  00003078  6e205332	
   92  0000307c  206d6169	
   92  00003080  6c626f78	
   92  00003084  0a00    	
   93  00003086          	.align 2
   94  00003088          	LC4_LF0:
   95  00003088  52656163	.ascii "Reaction 1: %d. Couldn\'t open S mailbox\n\000"
   95  0000308c  74696f6e	
   95  00003090  20313a20	
   95  00003094  25642e20	
   95  00003098  436f756c	
   95  0000309c  646e2774	
   95  000030a0  206f7065	
   95  000030a4  6e205320	
   95  000030a8  6d61696c	
   95  000030ac  626f780a	
   95  000030b0  00      	
   96  000030b1          	.align 2
   97  000030b4          	LC5_LF0:
   98  000030b4  52656163	.ascii "Reaction 1: %d. Couldn\'t receive S2\n\000"
   98  000030b8  74696f6e	
   98  000030bc  20313a20	
   98  000030c0  25642e20	
   98  000030c4  436f756c	
   98  000030c8  646e2774	
   98  000030cc  20726563	
   98  000030d0  65697665	
   98  000030d4  2053320a	
   98  000030d8  00      	
   99  000030d9          	.align 2
  100  000030dc          	LC6_LF0:
  101  000030dc  52656163	.ascii "Reaction 1: %d. Couldn\'t send S mailbox\n\000"
  101  000030e0  74696f6e	
  101  000030e4  20313a20	
  101  000030e8  25642e20	
  101  000030ec  436f756c	
  101  000030f0  646e2774	
  101  000030f4  2073656e	
  101  000030f8  64205320	
  101  000030fc  6d61696c	
  101  00003100  626f780a	
  101  00003104  00      	
  102  00003105          	.align 2
  103  00003108          	LC7_LF0:
  104  00003108  52656163	.ascii "Reaction 1: %d. Couldn\'t close S2 mailbox\n\000"
  104  0000310c  74696f6e	
  104  00003110  20313a20	
  104  00003114  25642e20	
  104  00003118  436f756c	
  104  0000311c  646e2774	
  104  00003120  20636c6f	
  104  00003124  73652053	
  104  00003128  32206d61	
  104  0000312c  696c626f	
  104  00003130  780a00  	
  105  00003133          	.align 2
  106  00003134          	LC8_LF0:
  107  00003134  52656163	.ascii "Reaction 1: %d. Couldn\'t close S mailbox\n\000"
  107  00003138  74696f6e	
  107  0000313c  20313a20	
  107  00003140  25642e20	
  107  00003144  436f756c	
  107  00003148  646e2774	
  107  0000314c  20636c6f	
  107  00003150  73652053	
  107  00003154  206d6169	
  107  00003158  6c626f78	
  107  0000315c  0a00    	
  108  0000315e          	.align 2
  109  00003160          	LC9_LF0:
  110  00003160  5332202d	.ascii "S2 -> 2 S reacted, PID:%d\n\000"
  110  00003164  3e203220	
  110  00003168  53207265	
  110  0000316c  61637465	
  110  00003170  642c2050	
  110  00003174  49443a25	
  110  00003178  640a00  	
  111  0000317b          	.align 2
  112  0000317c          	LC10_LF0:
  113  0000317c  42616420	.ascii "Bad semaphore s_procs_completed (%d) in \000"
  113  00003180  73656d61	
  113  00003184  70686f72	
  113  00003188  6520735f	
  113  0000318c  70726f63	
  113  00003190  735f636f	
  113  00003194  6d706c65	
  113  00003198  74656420	
  113  0000319c  28256429	
  113  000031a0  20696e20	
  113  000031a4  00      	
  114  000031a5          	.align 2
  115  000031a8          	LC11_LF0:
  116  000031a8  65786974	.ascii "exiting..\n\000"
  116  000031ac  696e672e	
  116  000031b0  2e0a00  	
  117  000031b3          	.text
  118  000010d4          	.align 2
  119  000010d4          	.proc _main
  120  000010d4          	.global _main
  121  000010d4          	_main:
  122                      ;  Function 'main'; 16 bytes of locals, 0 regs to save.
  123  000010d4  afbefffc	sw	-4(r29),r30; push fp
  124  000010d8  001df020	add	r30,r0,r29; fp = sp
  125  000010dc  afbffff8	sw	-8(r29),r31; push ret addr
  126  000010e0  2fbd0018	subui	r29,r29,#24; alloc local storage
  127  000010e4  8fc20000	lw	r2,(r30)
  128  000010e8  8fc50004	lw	r5,4(r30)
  129  000010ec  0c0012c4	jal	___main
  130  000010f0  54000000	nop; not filled.
  131  000010f4  3c010000	lhi	r1,((LC0_LF0)>>16)&0xffff
  132  000010f8  24213000	addui	r1,r1,(LC0_LF0)&0xffff
  133  000010fc  80270000	lb	r7,(r1)
  134  00001100  a3c7fff0	sb	-16(r30),r7
  135  00001104  80210001	lb	r1,1(r1)
  136  00001108  a3c1fff1	sb	-15(r30),r1
  137  0000110c  64410004	snei	r1,r2,#4
  138  00001110  1020004c	beqz	r1,L14_LF0
  139  00001114  54000000	nop; not filled.
  140  00001118  23bdfff8	addi	r29,r29,#-8
  141  0000111c  3c070000	lhi	r7,((LC1_LF0)>>16)&0xffff
  142  00001120  24e73004	addui	r7,r7,(LC1_LF0)&0xffff
  143  00001124  afa70000	sw	(r29),r7
  144  00001128  0c0003d8	jal	_Printf
  145  0000112c  54000000	nop; not filled.
  146  00001130  8ca70000	lw	r7,(r5)
  147  00001134  afa70000	sw	(r29),r7
  148  00001138  0c0003c8	jal	_Printf
  149  0000113c  54000000	nop; not filled.
  150  00001140  3c070000	lhi	r7,((LC2_LF0)>>16)&0xffff
  151  00001144  24e7300c	addui	r7,r7,(LC2_LF0)&0xffff
  152  00001148  afa70000	sw	(r29),r7
  153  0000114c  0c0003b4	jal	_Printf
  154  00001150  54000000	nop; not filled.
  155  00001154  0c0004b4	jal	_Exit
  156  00001158  54000000	nop; not filled.
  157  0000115c  23bd0008	addi	r29,r29,#8
  158  00001160          	L14_LF0:
  159  00001160  23bdfff0	addi	r29,r29,#-16
  160  00001164  8ca7000c	lw	r7,12(r5)
  161  00001168  afa70000	sw	(r29),r7
  162  0000116c  20070000	addi	r7,r0,#0
  163  00001170  afa70004	sw	4(r29),r7
  164  00001174  2007000a	addi	r7,r0,#10
  165  00001178  afa70008	sw	8(r29),r7
  166  0000117c  0c000d38	jal	_dstrtol
  167  00001180  54000000	nop; not filled.
  168  00001184  00013020	add	r6,r0,r1
  169  00001188  8ca70004	lw	r7,4(r5)
  170  0000118c  afa70000	sw	(r29),r7
  171  00001190  20070000	addi	r7,r0,#0
  172  00001194  afa70004	sw	4(r29),r7
  173  00001198  2007000a	addi	r7,r0,#10
  174  0000119c  afa70008	sw	8(r29),r7
  175  000011a0  0c000d14	jal	_dstrtol
  176  000011a4  54000000	nop; not filled.
  177  000011a8  00012020	add	r4,r0,r1
  178  000011ac  8ca70008	lw	r7,8(r5)
  179  000011b0  afa70000	sw	(r29),r7
  180  000011b4  20070000	addi	r7,r0,#0
  181  000011b8  afa70004	sw	4(r29),r7
  182  000011bc  2007000a	addi	r7,r0,#10
  183  000011c0  afa70008	sw	8(r29),r7
  184  000011c4  0c000cf0	jal	_dstrtol
  185  000011c8  54000000	nop; not filled.
  186  000011cc  00011820	add	r3,r0,r1
  187  000011d0  afa40000	sw	(r29),r4
  188  000011d4  0c0003ec	jal	_mbox_open
  189  000011d8  54000000	nop; not filled.
  190  000011dc  23bd0010	addi	r29,r29,#16
  191  000011e0  64210001	snei	r1,r1,#1
  192  000011e4  10200034	beqz	r1,L15_LF0
  193  000011e8  54000000	nop; not filled.
  194  000011ec  0c000320	jal	_getpid
  195  000011f0  54000000	nop; not filled.
  196  000011f4  23bdfff8	addi	r29,r29,#-8
  197  000011f8  3c070000	lhi	r7,((LC3_LF0)>>16)&0xffff
  198  000011fc  24e7305c	addui	r7,r7,(LC3_LF0)&0xffff
  199  00001200  afa70000	sw	(r29),r7
  200  00001204  afa10004	sw	4(r29),r1
  201  00001208  0c0002f8	jal	_Printf
  202  0000120c  54000000	nop; not filled.
  203  00001210  0c0003f8	jal	_Exit
  204  00001214  54000000	nop; not filled.
  205  00001218  23bd0008	addi	r29,r29,#8
  206  0000121c          	L15_LF0:
  207  0000121c  23bdfff8	addi	r29,r29,#-8
  208  00001220  afa30000	sw	(r29),r3
  209  00001224  0c00039c	jal	_mbox_open
  210  00001228  54000000	nop; not filled.
  211  0000122c  23bd0008	addi	r29,r29,#8
  212  00001230  64210001	snei	r1,r1,#1
  213  00001234  10200034	beqz	r1,L16_LF0
  214  00001238  54000000	nop; not filled.
  215  0000123c  0c0002d0	jal	_getpid
  216  00001240  54000000	nop; not filled.
  217  00001244  23bdfff8	addi	r29,r29,#-8
  218  00001248  3c070000	lhi	r7,((LC4_LF0)>>16)&0xffff
  219  0000124c  24e73088	addui	r7,r7,(LC4_LF0)&0xffff
  220  00001250  afa70000	sw	(r29),r7
  221  00001254  afa10004	sw	4(r29),r1
  222  00001258  0c0002a8	jal	_Printf
  223  0000125c  54000000	nop; not filled.
  224  00001260  0c0003a8	jal	_Exit
  225  00001264  54000000	nop; not filled.
  226  00001268  23bd0008	addi	r29,r29,#8
  227  0000126c          	L16_LF0:
  228  0000126c  23bdfff0	addi	r29,r29,#-16
  229  00001270  afa40000	sw	(r29),r4
  230  00001274  20070004	addi	r7,r0,#4
  231  00001278  afa70004	sw	4(r29),r7
  232  0000127c  23c1ffe8	addi	r1,r30,#-24
  233  00001280  afa10008	sw	8(r29),r1
  234  00001284  0c000360	jal	_mbox_recv
  235  00001288  54000000	nop; not filled.
  236  0000128c  23bd0010	addi	r29,r29,#16
  237  00001290  6021ffff	seqi	r1,r1,#-1
  238  00001294  10200034	beqz	r1,L17_LF0
  239  00001298  54000000	nop; not filled.
  240  0000129c  0c000270	jal	_getpid
  241  000012a0  54000000	nop; not filled.
  242  000012a4  23bdfff8	addi	r29,r29,#-8
  243  000012a8  3c070000	lhi	r7,((LC5_LF0)>>16)&0xffff
  244  000012ac  24e730b4	addui	r7,r7,(LC5_LF0)&0xffff
  245  000012b0  afa70000	sw	(r29),r7
  246  000012b4  afa10004	sw	4(r29),r1
  247  000012b8  0c000248	jal	_Printf
  248  000012bc  54000000	nop; not filled.
  249  000012c0  0c000348	jal	_Exit
  250  000012c4  54000000	nop; not filled.
  251  000012c8  23bd0008	addi	r29,r29,#8
  252  000012cc          	L17_LF0:
  253  000012cc  23bdfff0	addi	r29,r29,#-16
  254  000012d0  afa30000	sw	(r29),r3
  255  000012d4  20070001	addi	r7,r0,#1
  256  000012d8  afa70004	sw	4(r29),r7
  257  000012dc  23c2fff0	addi	r2,r30,#-16
  258  000012e0  afa20008	sw	8(r29),r2
  259  000012e4  0c0002f4	jal	_mbox_send
  260  000012e8  54000000	nop; not filled.
  261  000012ec  23bd0010	addi	r29,r29,#16
  262  000012f0  64210001	snei	r1,r1,#1
  263  000012f4  10200034	beqz	r1,L18_LF0
  264  000012f8  54000000	nop; not filled.
  265  000012fc  0c000210	jal	_getpid
  266  00001300  54000000	nop; not filled.
  267  00001304  23bdfff8	addi	r29,r29,#-8
  268  00001308  3c070000	lhi	r7,((LC6_LF0)>>16)&0xffff
  269  0000130c  24e730dc	addui	r7,r7,(LC6_LF0)&0xffff
  270  00001310  afa70000	sw	(r29),r7
  271  00001314  afa10004	sw	4(r29),r1
  272  00001318  0c0001e8	jal	_Printf
  273  0000131c  54000000	nop; not filled.
  274  00001320  0c0002e8	jal	_Exit
  275  00001324  54000000	nop; not filled.
  276  00001328  23bd0008	addi	r29,r29,#8
  277  0000132c          	L18_LF0:
  278  0000132c  23bdfff0	addi	r29,r29,#-16
  279  00001330  afa30000	sw	(r29),r3
  280  00001334  20070001	addi	r7,r0,#1
  281  00001338  afa70004	sw	4(r29),r7
  282  0000133c  afa20008	sw	8(r29),r2
  283  00001340  0c000298	jal	_mbox_send
  284  00001344  54000000	nop; not filled.
  285  00001348  23bd0010	addi	r29,r29,#16
  286  0000134c  64210001	snei	r1,r1,#1
  287  00001350  10200034	beqz	r1,L19_LF0
  288  00001354  54000000	nop; not filled.
  289  00001358  0c0001b4	jal	_getpid
  290  0000135c  54000000	nop; not filled.
  291  00001360  23bdfff8	addi	r29,r29,#-8
  292  00001364  3c070000	lhi	r7,((LC6_LF0)>>16)&0xffff
  293  00001368  24e730dc	addui	r7,r7,(LC6_LF0)&0xffff
  294  0000136c  afa70000	sw	(r29),r7
  295  00001370  afa10004	sw	4(r29),r1
  296  00001374  0c00018c	jal	_Printf
  297  00001378  54000000	nop; not filled.
  298  0000137c  0c00028c	jal	_Exit
  299  00001380  54000000	nop; not filled.
  300  00001384  23bd0008	addi	r29,r29,#8
  301  00001388          	L19_LF0:
  302  00001388  23bdfff8	addi	r29,r29,#-8
  303  0000138c  afa40000	sw	(r29),r4
  304  00001390  0c00023c	jal	_mbox_close
  305  00001394  54000000	nop; not filled.
  306  00001398  23bd0008	addi	r29,r29,#8
  307  0000139c  64210001	snei	r1,r1,#1
  308  000013a0  10200034	beqz	r1,L20_LF0
  309  000013a4  54000000	nop; not filled.
  310  000013a8  0c000164	jal	_getpid
  311  000013ac  54000000	nop; not filled.
  312  000013b0  23bdfff8	addi	r29,r29,#-8
  313  000013b4  3c070000	lhi	r7,((LC7_LF0)>>16)&0xffff
  314  000013b8  24e73108	addui	r7,r7,(LC7_LF0)&0xffff
  315  000013bc  afa70000	sw	(r29),r7
  316  000013c0  afa10004	sw	4(r29),r1
  317  000013c4  0c00013c	jal	_Printf
  318  000013c8  54000000	nop; not filled.
  319  000013cc  0c00023c	jal	_Exit
  320  000013d0  54000000	nop; not filled.
  321  000013d4  23bd0008	addi	r29,r29,#8
  322  000013d8          	L20_LF0:
  323  000013d8  23bdfff8	addi	r29,r29,#-8
  324  000013dc  afa30000	sw	(r29),r3
  325  000013e0  0c0001ec	jal	_mbox_close
  326  000013e4  54000000	nop; not filled.
  327  000013e8  23bd0008	addi	r29,r29,#8
  328  000013ec  64210001	snei	r1,r1,#1
  329  000013f0  10200034	beqz	r1,L21_LF0
  330  000013f4  54000000	nop; not filled.
  331  000013f8  0c000114	jal	_getpid
  332  000013fc  54000000	nop; not filled.
  333  00001400  23bdfff8	addi	r29,r29,#-8
  334  00001404  3c070000	lhi	r7,((LC8_LF0)>>16)&0xffff
  335  00001408  24e73134	addui	r7,r7,(LC8_LF0)&0xffff
  336  0000140c  afa70000	sw	(r29),r7
  337  00001410  afa10004	sw	4(r29),r1
  338  00001414  0c0000ec	jal	_Printf
  339  00001418  54000000	nop; not filled.
  340  0000141c  0c0001ec	jal	_Exit
  341  00001420  54000000	nop; not filled.
  342  00001424  23bd0008	addi	r29,r29,#8
  343  00001428          	L21_LF0:
  344  00001428  0c0000e4	jal	_getpid
  345  0000142c  54000000	nop; not filled.
  346  00001430  23bdfff8	addi	r29,r29,#-8
  347  00001434  3c070000	lhi	r7,((LC9_LF0)>>16)&0xffff
  348  00001438  24e73160	addui	r7,r7,(LC9_LF0)&0xffff
  349  0000143c  afa70000	sw	(r29),r7
  350  00001440  afa10004	sw	4(r29),r1
  351  00001444  0c0000bc	jal	_Printf
  352  00001448  54000000	nop; not filled.
  353  0000144c  afa60000	sw	(r29),r6
  354  00001450  0c000104	jal	_sem_signal
  355  00001454  54000000	nop; not filled.
  356  00001458  23bd0008	addi	r29,r29,#8
  357  0000145c  64210001	snei	r1,r1,#1
  358  00001460  10200050	beqz	r1,L22_LF0
  359  00001464  54000000	nop; not filled.
  360  00001468  23bdfff8	addi	r29,r29,#-8
  361  0000146c  3c070000	lhi	r7,((LC10_LF0)>>16)&0xffff
  362  00001470  24e7317c	addui	r7,r7,(LC10_LF0)&0xffff
  363  00001474  afa70000	sw	(r29),r7
  364  00001478  afa60004	sw	4(r29),r6
  365  0000147c  0c000084	jal	_Printf
  366  00001480  54000000	nop; not filled.
  367  00001484  8ca50000	lw	r5,(r5)
  368  00001488  afa50000	sw	(r29),r5
  369  0000148c  0c000074	jal	_Printf
  370  00001490  54000000	nop; not filled.
  371  00001494  3c070000	lhi	r7,((LC11_LF0)>>16)&0xffff
  372  00001498  24e731a8	addui	r7,r7,(LC11_LF0)&0xffff
  373  0000149c  afa70000	sw	(r29),r7
  374  000014a0  0c000060	jal	_Printf
  375  000014a4  54000000	nop; not filled.
  376  000014a8  0c000160	jal	_Exit
  377  000014ac  54000000	nop; not filled.
  378  000014b0  23bd0008	addi	r29,r29,#8
  379  000014b4          	L22_LF0:
  380  000014b4  0c000ef0	jal	_exit
  381  000014b8  54000000	nop
  382  000014bc          	.endproc _main
  383                      ;;;
  384                      ;;; Stub functions for DLX traps.
  385                      ;;;
  386                      ;;; Ethan L. Miller, 1999.  Released to the public domain.
  387                      ;;;
  388                      ;;; The traps such as Open and Close
  389                      ;;; (note the capital letters) are for use by user programs.  The traps
  390                      ;;; with names such as open and close (lower case) are for use by the OS.
  391                      ;;;
  394  000014bc          	.align 2
  396                      ;;; The following are the traps to be used by user-level programs
  397                      ;;;
  399  000014bc          	.align 2
  400  000014bc          	.proc _Open
  401  000014bc          	.global _Open
  402  000014bc          	_Open:
  403                      ;;; Note that trap #0x213 actually causes a trap vector in the OS of
  404                      ;;; 0x1213.  The same is true for other user traps.  Thus, a user trap
  405                      ;;; with trap #0x240 will result in a trap vector of 0x1240 in the OS.
  406  000014bc  44000213	trap	#0x213
  407  000014c0  4be00000	jr	r31
  408  000014c4  54000000	nop
  409  000014c8          	.endproc _Open
  411  000014c8          	.proc _Close
  412  000014c8          	.global _Close
  413  000014c8          	_Close:
  414  000014c8  44000214	trap	#0x214
  415  000014cc  4be00000	jr	r31
  416  000014d0  54000000	nop
  417  000014d4          	.endproc _Close
  419  000014d4          	.proc _Read
  420  000014d4          	.global _Read
  421  000014d4          	_Read:
  422  000014d4  44000210	trap	#0x210
  423  000014d8  4be00000	jr	r31
  424  000014dc  54000000	nop
  425  000014e0          	.endproc _Read
  427  000014e0          	.proc _Write
  428  000014e0          	.global _Write
  429  000014e0          	_Write:
  430  000014e0  44000211	trap	#0x211
  431  000014e4  4be00000	jr	r31
  432  000014e8  54000000	nop
  433  000014ec          	.endproc _Write
  435  000014ec          	.proc _Lseek
  436  000014ec          	.global _Lseek
  437  000014ec          	_Lseek:
  438  000014ec  44000212	trap	#0x212
  439  000014f0  4be00000	jr	r31
  440  000014f4  54000000	nop
  441  000014f8          	.endproc _Lseek
  443  000014f8          	.proc _Putchar
  444  000014f8          	.global _Putchar
  445  000014f8          	_Putchar:
  446  000014f8  44000280	trap	#0x280
  447  000014fc  4be00000	jr	r31
  448  00001500  54000000	nop
  449  00001504          	.endproc _Putchar
  451  00001504          	.proc _Printf
  452  00001504          	.global _Printf
  453  00001504          	_Printf:
  454  00001504  44000201	trap	#0x201
  455  00001508  4be00000	jr	r31
  456  0000150c  54000000	nop
  457  00001510          	.endproc _Printf
  459  00001510          	.proc _getpid
  460  00001510          	.global _getpid
  461  00001510          	_getpid:
  462  00001510  44000431	trap	#0x431
  463  00001514  4be00000	jr	r31
  464  00001518  54000000	nop
  465  0000151c          	.endproc _getpid
  467  0000151c          	.proc _process_create
  468  0000151c          	.global _process_create
  469  0000151c          	_process_create:
  470  0000151c  44000432	trap	#0x432
  471  00001520  4be00000	jr	r31
  472  00001524  54000000	nop
  473  00001528          	.endproc _process_create
  475  00001528          	.proc _shmget
  476  00001528          	.global _shmget
  477  00001528          	_shmget:
  478  00001528  44000440	trap	#0x440
  479  0000152c  4be00000	jr	r31
  480  00001530  54000000	nop
  481  00001534          	.endproc _shmget
  483  00001534          	.proc _shmat
  484  00001534          	.global _shmat
  485  00001534          	_shmat:
  486  00001534  44000441	trap	#0x441
  487  00001538  4be00000	jr	r31
  488  0000153c  54000000	nop
  489  00001540          	.endproc _shmat
  491  00001540          	.proc _sem_create
  492  00001540          	.global _sem_create
  493  00001540          	_sem_create:
  494  00001540  44000450	trap	#0x450
  495  00001544  4be00000	jr	r31
  496  00001548  54000000	nop
  497  0000154c          	.endproc _sem_create
  499  0000154c          	.proc _sem_wait
  500  0000154c          	.global _sem_wait
  501  0000154c          	_sem_wait:
  502  0000154c  44000451	trap	#0x451
  503  00001550  4be00000	jr	r31
  504  00001554  54000000	nop
  505  00001558          	.endproc _sem_wait
  507  00001558          	.proc _sem_signal
  508  00001558          	.global _sem_signal
  509  00001558          	_sem_signal:
  510  00001558  44000452	trap	#0x452
  511  0000155c  4be00000	jr	r31
  512  00001560  54000000	nop
  513  00001564          	.endproc _sem_signal
  515  00001564          	.proc _lock_create
  516  00001564          	.global _lock_create
  517  00001564          	_lock_create:
  518  00001564  44000453	trap	#0x453
  519  00001568  4be00000	jr	r31
  520  0000156c  54000000	nop
  521  00001570          	.endproc _lock_create
  523  00001570          	.proc _lock_acquire
  524  00001570          	.global _lock_acquire
  525  00001570          	_lock_acquire:
  526  00001570  44000454	trap	#0x454
  527  00001574  4be00000	jr	r31
  528  00001578  54000000	nop
  529  0000157c          	.endproc _lock_acquire
  531  0000157c          	.proc _lock_release
  532  0000157c          	.global _lock_release
  533  0000157c          	_lock_release:
  534  0000157c  44000455	trap	#0x455
  535  00001580  4be00000	jr	r31
  536  00001584  54000000	nop
  537  00001588          	.endproc _lock_release
  539  00001588          	.proc _cond_create
  540  00001588          	.global _cond_create
  541  00001588          	_cond_create:
  542  00001588  44000456	trap	#0x456
  543  0000158c  4be00000	jr	r31
  544  00001590  54000000	nop
  545  00001594          	.endproc _cond_create
  547  00001594          	.proc _cond_wait
  548  00001594          	.global _cond_wait
  549  00001594          	_cond_wait:
  550  00001594  44000457	trap	#0x457
  551  00001598  4be00000	jr	r31
  552  0000159c  54000000	nop
  553  000015a0          	.endproc _cond_wait
  555  000015a0          	.proc _cond_signal
  556  000015a0          	.global _cond_signal
  557  000015a0          	_cond_signal:
  558  000015a0  44000458	trap	#0x458
  559  000015a4  4be00000	jr	r31
  560  000015a8  54000000	nop
  561  000015ac          	.endproc _cond_signal
  563  000015ac          	.proc _cond_broadcast
  564  000015ac          	.global _cond_broadcast
  565  000015ac          	_cond_broadcast:
  566  000015ac  44000459	trap	#0x459
  567  000015b0  4be00000	jr	r31
  568  000015b4  54000000	nop
  569  000015b8          	.endproc _cond_broadcast
  571  000015b8          	.proc _mbox_create
  572  000015b8          	.global _mbox_create
  573  000015b8          	_mbox_create:
  574  000015b8  44000460	trap	#0x460
  575  000015bc  4be00000	jr	r31
  576  000015c0  54000000	nop
  577  000015c4          	.endproc _mbox_create
  579  000015c4          	.proc _mbox_open
  580  000015c4          	.global _mbox_open
  581  000015c4          	_mbox_open:
  582  000015c4  44000461	trap	#0x461
  583  000015c8  4be00000	jr	r31
  584  000015cc  54000000	nop
  585  000015d0          	.endproc _mbox_open
  587  000015d0          	.proc _mbox_close
  588  000015d0          	.global _mbox_close
  589  000015d0          	_mbox_close:
  590  000015d0  44000462	trap	#0x462
  591  000015d4  4be00000	jr	r31
  592  000015d8  54000000	nop
  593  000015dc          	.endproc _mbox_close
  595  000015dc          	.proc _mbox_send
  596  000015dc          	.global _mbox_send
  597  000015dc          	_mbox_send:
  598  000015dc  44000463	trap	#0x463
  599  000015e0  4be00000	jr	r31
  600  000015e4  54000000	nop
  601  000015e8          	.endproc _mbox_send
  603  000015e8          	.proc _mbox_recv
  604  000015e8          	.global _mbox_recv
  605  000015e8          	_mbox_recv:
  606  000015e8  44000464	trap	#0x464
  607  000015ec  4be00000	jr	r31
  608  000015f0  54000000	nop
  609  000015f4          	.endproc _mbox_recv
  611  000015f4          	.proc _sleep
  612  000015f4          	.global _sleep
  613  000015f4          	_sleep:
  614  000015f4  44000465	trap	#0x465
  615  000015f8  4be00000	jr	r31
  616  000015fc  54000000	nop
  617  00001600          	.endproc _sleep
  619  00001600          	.proc _yield
  620  00001600          	.global _yield
  621  00001600          	_yield:
  622  00001600  44000466	trap	#0x466
  623  00001604  4be00000	jr	r31
  624  00001608  54000000	nop
  625  0000160c          	.endproc _yield
  628  0000160c          	.proc _Exit
  629  0000160c          	.global _Exit
  630  0000160c          	_Exit:
  631  0000160c  44000500	trap	#0x500
  632  00001610  4be00000	jr	r31
  633  00001614  54000000	nop
  634  00001618          	.endproc _Exit
  635                      ; Compiled by GCC
  637  00001618          	.align 2
  638  00001618          	.proc _isspace
  639  00001618          	.global _isspace
  640  00001618          	_isspace:
  641                      ;  Function 'isspace'; 0 bytes of locals, 3 regs to save.
  642  00001618  afbefffc	sw	-4(r29),r30; push fp
  643  0000161c  001df020	add	r30,r0,r29; fp = sp
  644  00001620  afbffff8	sw	-8(r29),r31; push ret addr
  645  00001624  2fbd0018	subui	r29,r29,#24; alloc local storage
  646  00001628  afa20000	sw	0(r29),r2
  647  0000162c  afa30004	sw	4(r29),r3
  648  00001630  afa40008	sw	8(r29),r4
  649  00001634  83c20003	lb	r2,3(r30)
  650  00001638  20010000	addi	r1,r0,#0
  651  0000163c  304300ff	andi	r3,r2,#0x00ff
  652  00001640  60640020	seqi	r4,r3,#32
  653  00001644  1480002c	bnez	r4,L3_LF2
  654  00001648  54000000	nop; delay slot nop
  655  0000164c  304300ff	andi	r3,r2,#0x00ff
  656  00001650  60640009	seqi	r4,r3,#9
  657  00001654  1480001c	bnez	r4,L3_LF2
  658  00001658  54000000	nop; delay slot nop
  659  0000165c  304300ff	andi	r3,r2,#0x00ff
  660  00001660  6064000a	seqi	r4,r3,#10
  661  00001664  1480000c	bnez	r4,L3_LF2
  662  00001668  54000000	nop; delay slot nop
  663  0000166c  08000008	j	L2_LF2
  664  00001670  54000000	nop; delay slot nop
  665  00001674          	L3_LF2:
  666  00001674  20010001	addi	r1,r0,#1
  667  00001678          	L2_LF2:
  668  00001678  08000004	j	L1_LF2
  669  0000167c  54000000	nop; delay slot nop
  670  00001680          	L1_LF2:
  671  00001680  8fa20000	lw	r2,0(r29)
  672  00001684  8fa30004	lw	r3,4(r29)
  673  00001688  8fa40008	lw	r4,8(r29)
  674  0000168c  8fdffff8	lw	r31,-8(r30)
  675  00001690  001ee820	add	r29,r0,r30
  676  00001694  8fdefffc	lw	r30,-4(r30)
  677  00001698  4be00000	jr	r31
  678  0000169c  54000000	nop
  679  000016a0          	.endproc _isspace
  680  000016a0          	.align 2
  681  000016a0          	.proc _isxdigit
  682  000016a0          	.global _isxdigit
  683  000016a0          	_isxdigit:
  684                      ;  Function 'isxdigit'; 0 bytes of locals, 3 regs to save.
  685  000016a0  afbefffc	sw	-4(r29),r30; push fp
  686  000016a4  001df020	add	r30,r0,r29; fp = sp
  687  000016a8  afbffff8	sw	-8(r29),r31; push ret addr
  688  000016ac  2fbd0018	subui	r29,r29,#24; alloc local storage
  689  000016b0  afa20000	sw	0(r29),r2
  690  000016b4  afa30004	sw	4(r29),r3
  691  000016b8  afa40008	sw	8(r29),r4
  692  000016bc  83c20003	lb	r2,3(r30)
  693  000016c0  20010000	addi	r1,r0,#0
  694  000016c4  304300ff	andi	r3,r2,#0x00ff
  695  000016c8  6c64002f	sgtui	r4,r3,#47
  696  000016cc  1080001c	beqz	r4,L7_LF2
  697  000016d0  54000000	nop; delay slot nop
  698  000016d4  304300ff	andi	r3,r2,#0x00ff
  699  000016d8  70640039	sleui	r4,r3,#57
  700  000016dc  1480005c	bnez	r4,L6_LF2
  701  000016e0  54000000	nop; delay slot nop
  702  000016e4  08000004	j	L7_LF2
  703  000016e8  54000000	nop; delay slot nop
  704  000016ec          	L7_LF2:
  705  000016ec  304300ff	andi	r3,r2,#0x00ff
  706  000016f0  6c640060	sgtui	r4,r3,#96
  707  000016f4  1080001c	beqz	r4,L8_LF2
  708  000016f8  54000000	nop; delay slot nop
  709  000016fc  304300ff	andi	r3,r2,#0x00ff
  710  00001700  70640066	sleui	r4,r3,#102
  711  00001704  14800034	bnez	r4,L6_LF2
  712  00001708  54000000	nop; delay slot nop
  713  0000170c  08000004	j	L8_LF2
  714  00001710  54000000	nop; delay slot nop
  715  00001714          	L8_LF2:
  716  00001714  304300ff	andi	r3,r2,#0x00ff
  717  00001718  6c640040	sgtui	r4,r3,#64
  718  0000171c  10800020	beqz	r4,L5_LF2
  719  00001720  54000000	nop; delay slot nop
  720  00001724  304300ff	andi	r3,r2,#0x00ff
  721  00001728  70640041	sleui	r4,r3,#65
  722  0000172c  1480000c	bnez	r4,L6_LF2
  723  00001730  54000000	nop; delay slot nop
  724  00001734  08000008	j	L5_LF2
  725  00001738  54000000	nop; delay slot nop
  726  0000173c          	L6_LF2:
  727  0000173c  20010001	addi	r1,r0,#1
  728  00001740          	L5_LF2:
  729  00001740  08000004	j	L4_LF2
  730  00001744  54000000	nop; delay slot nop
  731  00001748          	L4_LF2:
  732  00001748  8fa20000	lw	r2,0(r29)
  733  0000174c  8fa30004	lw	r3,4(r29)
  734  00001750  8fa40008	lw	r4,8(r29)
  735  00001754  8fdffff8	lw	r31,-8(r30)
  736  00001758  001ee820	add	r29,r0,r30
  737  0000175c  8fdefffc	lw	r30,-4(r30)
  738  00001760  4be00000	jr	r31
  739  00001764  54000000	nop
  740  00001768          	.endproc _isxdigit
  741  00001768          	.align 2
  742  00001768          	.proc _dstrcpy
  743  00001768          	.global _dstrcpy
  744  00001768          	_dstrcpy:
  745                      ;  Function 'dstrcpy'; 8 bytes of locals, 2 regs to save.
  746  00001768  afbefffc	sw	-4(r29),r30; push fp
  747  0000176c  001df020	add	r30,r0,r29; fp = sp
  748  00001770  afbffff8	sw	-8(r29),r31; push ret addr
  749  00001774  2fbd0018	subui	r29,r29,#24; alloc local storage
  750  00001778  afa20000	sw	0(r29),r2
  751  0000177c  afa30004	sw	4(r29),r3
  752  00001780  8fc10000	lw	r1,(r30)
  753  00001784  afc1fff4	sw	-12(r30),r1
  754  00001788          	L10_LF2:
  755  00001788  8fc10000	lw	r1,(r30)
  756  0000178c  20220001	addi	r2,r1,#1
  757  00001790  afc20000	sw	(r30),r2
  758  00001794  8fc20004	lw	r2,4(r30)
  759  00001798  20430001	addi	r3,r2,#1
  760  0000179c  afc30004	sw	4(r30),r3
  761  000017a0  80420000	lb	r2,(r2)
  762  000017a4  a0220000	sb	(r1),r2
  763  000017a8  a3c2fff3	sb	-13(r30),r2
  764  000017ac          	L12_LF2:
  765  000017ac  93c1fff3	lbu	r1,-13(r30)
  766  000017b0  64220000	snei	r2,r1,#0
  767  000017b4  1440000c	bnez	r2,L13_LF2
  768  000017b8  54000000	nop; delay slot nop
  769  000017bc  0800000c	j	L11_LF2
  770  000017c0  54000000	nop; delay slot nop
  771  000017c4          	L13_LF2:
  772  000017c4  0bffffc0	j	L10_LF2
  773  000017c8  54000000	nop; delay slot nop
  774  000017cc          	L11_LF2:
  775  000017cc  8fc1fff4	lw	r1,-12(r30)
  776  000017d0  08000004	j	L9_LF2
  777  000017d4  54000000	nop; delay slot nop
  778  000017d8          	L9_LF2:
  779  000017d8  8fa20000	lw	r2,0(r29)
  780  000017dc  8fa30004	lw	r3,4(r29)
  781  000017e0  8fdffff8	lw	r31,-8(r30)
  782  000017e4  001ee820	add	r29,r0,r30
  783  000017e8  8fdefffc	lw	r30,-4(r30)
  784  000017ec  4be00000	jr	r31
  785  000017f0  54000000	nop
  786  000017f4          	.endproc _dstrcpy
  787  000017f4          	.align 2
  788  000017f4          	.proc _dstrncpy
  789  000017f4          	.global _dstrncpy
  790  000017f4          	_dstrncpy:
  791                      ;  Function 'dstrncpy'; 8 bytes of locals, 2 regs to save.
  792  000017f4  afbefffc	sw	-4(r29),r30; push fp
  793  000017f8  001df020	add	r30,r0,r29; fp = sp
  794  000017fc  afbffff8	sw	-8(r29),r31; push ret addr
  795  00001800  2fbd0018	subui	r29,r29,#24; alloc local storage
  796  00001804  afa20000	sw	0(r29),r2
  797  00001808  afa30004	sw	4(r29),r3
  798  0000180c  8fc10000	lw	r1,(r30)
  799  00001810  afc1fff4	sw	-12(r30),r1
  800  00001814          	L15_LF2:
  801  00001814  8fc10008	lw	r1,8(r30)
  802  00001818  2022ffff	addi	r2,r1,#-1
  803  0000181c  afc20008	sw	8(r30),r2
  804  00001820  70210000	slei	r1,r1,#0
  805  00001824  1020000c	beqz	r1,L18_LF2
  806  00001828  54000000	nop; delay slot nop
  807  0000182c  08000048	j	L16_LF2
  808  00001830  54000000	nop; delay slot nop
  809  00001834          	L18_LF2:
  810  00001834  8fc10000	lw	r1,(r30)
  811  00001838  20220001	addi	r2,r1,#1
  812  0000183c  afc20000	sw	(r30),r2
  813  00001840  8fc20004	lw	r2,4(r30)
  814  00001844  20430001	addi	r3,r2,#1
  815  00001848  afc30004	sw	4(r30),r3
  816  0000184c  80420000	lb	r2,(r2)
  817  00001850  a0220000	sb	(r1),r2
  818  00001854  a3c2fff3	sb	-13(r30),r2
  819  00001858          	L17_LF2:
  820  00001858  93c1fff3	lbu	r1,-13(r30)
  821  0000185c  64220000	snei	r2,r1,#0
  822  00001860  1440000c	bnez	r2,L19_LF2
  823  00001864  54000000	nop; delay slot nop
  824  00001868  0800000c	j	L16_LF2
  825  0000186c  54000000	nop; delay slot nop
  826  00001870          	L19_LF2:
  827  00001870  0bffffa0	j	L15_LF2
  828  00001874  54000000	nop; delay slot nop
  829  00001878          	L16_LF2:
  830  00001878  8fc1fff4	lw	r1,-12(r30)
  831  0000187c  08000004	j	L14_LF2
  832  00001880  54000000	nop; delay slot nop
  833  00001884          	L14_LF2:
  834  00001884  8fa20000	lw	r2,0(r29)
  835  00001888  8fa30004	lw	r3,4(r29)
  836  0000188c  8fdffff8	lw	r31,-8(r30)
  837  00001890  001ee820	add	r29,r0,r30
  838  00001894  8fdefffc	lw	r30,-4(r30)
  839  00001898  4be00000	jr	r31
  840  0000189c  54000000	nop
  841  000018a0          	.endproc _dstrncpy
  842  000018a0          	.align 2
  843  000018a0          	.proc _dstrcat
  844  000018a0          	.global _dstrcat
  845  000018a0          	_dstrcat:
  846                      ;  Function 'dstrcat'; 8 bytes of locals, 1 regs to save.
  847  000018a0  afbefffc	sw	-4(r29),r30; push fp
  848  000018a4  001df020	add	r30,r0,r29; fp = sp
  849  000018a8  afbffff8	sw	-8(r29),r31; push ret addr
  850  000018ac  2fbd0018	subui	r29,r29,#24; alloc local storage
  851  000018b0  afa20000	sw	0(r29),r2
  852  000018b4  8fc10000	lw	r1,(r30)
  853  000018b8  afc1fff4	sw	-12(r30),r1
  854  000018bc          	L21_LF2:
  855  000018bc  8fc10000	lw	r1,(r30)
  856  000018c0  90220000	lbu	r2,(r1)
  857  000018c4  64410000	snei	r1,r2,#0
  858  000018c8  1420000c	bnez	r1,L23_LF2
  859  000018cc  54000000	nop; delay slot nop
  860  000018d0  0800001c	j	L22_LF2
  861  000018d4  54000000	nop; delay slot nop
  862  000018d8          	L23_LF2:
  863  000018d8  8fc20000	lw	r2,(r30)
  864  000018dc  20410001	addi	r1,r2,#1
  865  000018e0  00011020	add	r2,r0,r1
  866  000018e4  afc20000	sw	(r30),r2
  867  000018e8  0bffffd0	j	L21_LF2
  868  000018ec  54000000	nop; delay slot nop
  869  000018f0          	L22_LF2:
  870  000018f0  23bdfff8	addi	r29,r29,#-8
  871  000018f4  001d0820	add	r1,r0,r29
  872  000018f8  8fc20000	lw	r2,(r30)
  873  000018fc  ac220000	sw	(r1),r2
  874  00001900  8fc20004	lw	r2,4(r30)
  875  00001904  ac220004	sw	4(r1),r2
  876  00001908  0ffffe5c	jal	_dstrcpy
  877  0000190c  54000000	nop; delay slot nop
  878  00001910  23bd0008	addi	r29,r29,#8
  879  00001914  8fc1fff4	lw	r1,-12(r30)
  880  00001918  08000004	j	L20_LF2
  881  0000191c  54000000	nop; delay slot nop
  882  00001920          	L20_LF2:
  883  00001920  8fa20000	lw	r2,0(r29)
  884  00001924  8fdffff8	lw	r31,-8(r30)
  885  00001928  001ee820	add	r29,r0,r30
  886  0000192c  8fdefffc	lw	r30,-4(r30)
  887  00001930  4be00000	jr	r31
  888  00001934  54000000	nop
  889  00001938          	.endproc _dstrcat
  890  00001938          	.align 2
  891  00001938          	.proc _dstrncmp
  892  00001938          	.global _dstrncmp
  893  00001938          	_dstrncmp:
  894                      ;  Function 'dstrncmp'; 8 bytes of locals, 2 regs to save.
  895  00001938  afbefffc	sw	-4(r29),r30; push fp
  896  0000193c  001df020	add	r30,r0,r29; fp = sp
  897  00001940  afbffff8	sw	-8(r29),r31; push ret addr
  898  00001944  2fbd0018	subui	r29,r29,#24; alloc local storage
  899  00001948  afa20000	sw	0(r29),r2
  900  0000194c  afa30004	sw	4(r29),r3
  901  00001950  54000000	nop
  902  00001954  20010000	addi	r1,r0,#0
  903  00001958  afc1fff4	sw	-12(r30),r1
  904  0000195c          	L25_LF2:
  905  0000195c  8fc1fff4	lw	r1,-12(r30)
  906  00001960  8fc20008	lw	r2,8(r30)
  907  00001964  0022082a	slt	r1,r1,r2
  908  00001968  1420000c	bnez	r1,L28_LF2
  909  0000196c  54000000	nop; delay slot nop
  910  00001970  08000088	j	L26_LF2
  911  00001974  54000000	nop; delay slot nop
  912  00001978          	L28_LF2:
  913  00001978  8fc10004	lw	r1,4(r30)
  914  0000197c  90220000	lbu	r2,(r1)
  915  00001980  64410000	snei	r1,r2,#0
  916  00001984  14200018	bnez	r1,L29_LF2
  917  00001988  54000000	nop; delay slot nop
  918  0000198c  20010000	addi	r1,r0,#0
  919  00001990  080000d8	j	L24_LF2
  920  00001994  54000000	nop; delay slot nop
  921  00001998  08000028	j	L30_LF2
  922  0000199c  54000000	nop; delay slot nop
  923  000019a0          	L29_LF2:
  924  000019a0  8fc10000	lw	r1,(r30)
  925  000019a4  8fc20004	lw	r2,4(r30)
  926  000019a8  90210000	lbu	r1,(r1)
  927  000019ac  90420000	lbu	r2,(r2)
  928  000019b0  00220829	sne	r1,r1,r2
  929  000019b4  1020000c	beqz	r1,L30_LF2
  930  000019b8  54000000	nop; delay slot nop
  931  000019bc  0800003c	j	L26_LF2
  932  000019c0  54000000	nop; delay slot nop
  933  000019c4          	L31_LF2:
  934  000019c4          	L30_LF2:
  935  000019c4  8fc20000	lw	r2,(r30)
  936  000019c8  20410001	addi	r1,r2,#1
  937  000019cc  00011020	add	r2,r0,r1
  938  000019d0  afc20000	sw	(r30),r2
  939  000019d4  8fc20004	lw	r2,4(r30)
  940  000019d8  20410001	addi	r1,r2,#1
  941  000019dc  00011020	add	r2,r0,r1
  942  000019e0  afc20004	sw	4(r30),r2
  943  000019e4          	L27_LF2:
  944  000019e4  8fc2fff4	lw	r2,-12(r30)
  945  000019e8  20410001	addi	r1,r2,#1
  946  000019ec  00011020	add	r2,r0,r1
  947  000019f0  afc2fff4	sw	-12(r30),r2
  948  000019f4  0bffff64	j	L25_LF2
  949  000019f8  54000000	nop; delay slot nop
  950  000019fc          	L26_LF2:
  951  000019fc  8fc1fff4	lw	r1,-12(r30)
  952  00001a00  8fc20008	lw	r2,8(r30)
  953  00001a04  00220828	seq	r1,r1,r2
  954  00001a08  10200018	beqz	r1,L32_LF2
  955  00001a0c  54000000	nop; delay slot nop
  956  00001a10  20010000	addi	r1,r0,#0
  957  00001a14  08000054	j	L24_LF2
  958  00001a18  54000000	nop; delay slot nop
  959  00001a1c  0800004c	j	L33_LF2
  960  00001a20  54000000	nop; delay slot nop
  961  00001a24          	L32_LF2:
  962  00001a24  8fc20000	lw	r2,(r30)
  963  00001a28  90410000	lbu	r1,(r2)
  964  00001a2c  8fc20004	lw	r2,4(r30)
  965  00001a30  90430000	lbu	r3,(r2)
  966  00001a34  00230822	sub	r1,r1,r3
  967  00001a38  74220000	sgei	r2,r1,#0
  968  00001a3c  10400020	beqz	r2,L34_LF2
  969  00001a40  54000000	nop; delay slot nop
  970  00001a44  8fc10000	lw	r1,(r30)
  971  00001a48  8fc20004	lw	r2,4(r30)
  972  00001a4c  90210000	lbu	r1,(r1)
  973  00001a50  90420000	lbu	r2,(r2)
  974  00001a54  00220829	sne	r1,r1,r2
  975  00001a58  08000008	j	L35_LF2
  976  00001a5c  54000000	nop; delay slot nop
  977  00001a60          	L34_LF2:
  978  00001a60  2001ffff	addi	r1,r0,#-1
  979  00001a64          	L35_LF2:
  980  00001a64  08000004	j	L24_LF2
  981  00001a68  54000000	nop; delay slot nop
  982  00001a6c          	L33_LF2:
  983  00001a6c          	L24_LF2:
  984  00001a6c  8fa20000	lw	r2,0(r29)
  985  00001a70  8fa30004	lw	r3,4(r29)
  986  00001a74  8fdffff8	lw	r31,-8(r30)
  987  00001a78  001ee820	add	r29,r0,r30
  988  00001a7c  8fdefffc	lw	r30,-4(r30)
  989  00001a80  4be00000	jr	r31
  990  00001a84  54000000	nop
  991  00001a88          	.endproc _dstrncmp
  992  00001a88          	.align 2
  993  00001a88          	.proc _dstrlen
  994  00001a88          	.global _dstrlen
  995  00001a88          	_dstrlen:
  996                      ;  Function 'dstrlen'; 8 bytes of locals, 1 regs to save.
  997  00001a88  afbefffc	sw	-4(r29),r30; push fp
  998  00001a8c  001df020	add	r30,r0,r29; fp = sp
  999  00001a90  afbffff8	sw	-8(r29),r31; push ret addr
 1000  00001a94  2fbd0018	subui	r29,r29,#24; alloc local storage
 1001  00001a98  afa20000	sw	0(r29),r2
 1002  00001a9c  20010000	addi	r1,r0,#0
 1003  00001aa0  afc1fff4	sw	-12(r30),r1
 1004  00001aa4          	L37_LF2:
 1005  00001aa4  8fc10000	lw	r1,(r30)
 1006  00001aa8  20220001	addi	r2,r1,#1
 1007  00001aac  afc20000	sw	(r30),r2
 1008  00001ab0  90210000	lbu	r1,(r1)
 1009  00001ab4  64220000	snei	r2,r1,#0
 1010  00001ab8  1440000c	bnez	r2,L39_LF2
 1011  00001abc  54000000	nop; delay slot nop
 1012  00001ac0  0800001c	j	L38_LF2
 1013  00001ac4  54000000	nop; delay slot nop
 1014  00001ac8          	L39_LF2:
 1015  00001ac8  8fc2fff4	lw	r2,-12(r30)
 1016  00001acc  20410001	addi	r1,r2,#1
 1017  00001ad0  00011020	add	r2,r0,r1
 1018  00001ad4  afc2fff4	sw	-12(r30),r2
 1019  00001ad8  0bffffc8	j	L37_LF2
 1020  00001adc  54000000	nop; delay slot nop
 1021  00001ae0          	L38_LF2:
 1022  00001ae0  8fc1fff4	lw	r1,-12(r30)
 1023  00001ae4  08000004	j	L36_LF2
 1024  00001ae8  54000000	nop; delay slot nop
 1025  00001aec          	L36_LF2:
 1026  00001aec  8fa20000	lw	r2,0(r29)
 1027  00001af0  8fdffff8	lw	r31,-8(r30)
 1028  00001af4  001ee820	add	r29,r0,r30
 1029  00001af8  8fdefffc	lw	r30,-4(r30)
 1030  00001afc  4be00000	jr	r31
 1031  00001b00  54000000	nop
 1032  00001b04          	.endproc _dstrlen
 1033  00001b04          	.align 2
 1034  00001b04          	.proc _dstrstr
 1035  00001b04          	.global _dstrstr
 1036  00001b04          	_dstrstr:
 1037                      ;  Function 'dstrstr'; 8 bytes of locals, 1 regs to save.
 1038  00001b04  afbefffc	sw	-4(r29),r30; push fp
 1039  00001b08  001df020	add	r30,r0,r29; fp = sp
 1040  00001b0c  afbffff8	sw	-8(r29),r31; push ret addr
 1041  00001b10  2fbd0018	subui	r29,r29,#24; alloc local storage
 1042  00001b14  afa20000	sw	0(r29),r2
 1043  00001b18  23bdfff8	addi	r29,r29,#-8
 1044  00001b1c  001d0820	add	r1,r0,r29
 1045  00001b20  8fc20004	lw	r2,4(r30)
 1046  00001b24  ac220000	sw	(r1),r2
 1047  00001b28  0fffff5c	jal	_dstrlen
 1048  00001b2c  54000000	nop; delay slot nop
 1049  00001b30  23bd0008	addi	r29,r29,#8
 1050  00001b34  afc1fff4	sw	-12(r30),r1
 1051  00001b38          	L41_LF2:
 1052  00001b38  8fc10000	lw	r1,(r30)
 1053  00001b3c  90220000	lbu	r2,(r1)
 1054  00001b40  64410000	snei	r1,r2,#0
 1055  00001b44  1420000c	bnez	r1,L43_LF2
 1056  00001b48  54000000	nop; delay slot nop
 1057  00001b4c  08000060	j	L42_LF2
 1058  00001b50  54000000	nop; delay slot nop
 1059  00001b54          	L43_LF2:
 1060  00001b54  23bdfff0	addi	r29,r29,#-16
 1061  00001b58  001d0820	add	r1,r0,r29
 1062  00001b5c  8fc20000	lw	r2,(r30)
 1063  00001b60  ac220000	sw	(r1),r2
 1064  00001b64  8fc20004	lw	r2,4(r30)
 1065  00001b68  ac220004	sw	4(r1),r2
 1066  00001b6c  8fc2fff4	lw	r2,-12(r30)
 1067  00001b70  ac220008	sw	8(r1),r2
 1068  00001b74  0ffffdc0	jal	_dstrncmp
 1069  00001b78  54000000	nop; delay slot nop
 1070  00001b7c  23bd0010	addi	r29,r29,#16
 1071  00001b80  64220000	snei	r2,r1,#0
 1072  00001b84  14400010	bnez	r2,L44_LF2
 1073  00001b88  54000000	nop; delay slot nop
 1074  00001b8c  8fc10000	lw	r1,(r30)
 1075  00001b90  08000028	j	L40_LF2
 1076  00001b94  54000000	nop; delay slot nop
 1077  00001b98          	L44_LF2:
 1078  00001b98  8fc20000	lw	r2,(r30)
 1079  00001b9c  20410001	addi	r1,r2,#1
 1080  00001ba0  00011020	add	r2,r0,r1
 1081  00001ba4  afc20000	sw	(r30),r2
 1082  00001ba8  0bffff8c	j	L41_LF2
 1083  00001bac  54000000	nop; delay slot nop
 1084  00001bb0          	L42_LF2:
 1085  00001bb0  20010000	addi	r1,r0,#0
 1086  00001bb4  08000004	j	L40_LF2
 1087  00001bb8  54000000	nop; delay slot nop
 1088  00001bbc          	L40_LF2:
 1089  00001bbc  8fa20000	lw	r2,0(r29)
 1090  00001bc0  8fdffff8	lw	r31,-8(r30)
 1091  00001bc4  001ee820	add	r29,r0,r30
 1092  00001bc8  8fdefffc	lw	r30,-4(r30)
 1093  00001bcc  4be00000	jr	r31
 1094  00001bd0  54000000	nop
 1095  00001bd4          	.endproc _dstrstr
 1096  00001bd4          	.align 2
 1097  00001bd4          	.proc _dmindex
 1098  00001bd4          	.global _dmindex
 1099  00001bd4          	_dmindex:
 1100                      ;  Function 'dmindex'; 8 bytes of locals, 1 regs to save.
 1101  00001bd4  afbefffc	sw	-4(r29),r30; push fp
 1102  00001bd8  001df020	add	r30,r0,r29; fp = sp
 1103  00001bdc  afbffff8	sw	-8(r29),r31; push ret addr
 1104  00001be0  2fbd0018	subui	r29,r29,#24; alloc local storage
 1105  00001be4  afa20000	sw	0(r29),r2
 1106  00001be8  54000000	nop
 1107  00001bec          	L46_LF2:
 1108  00001bec  8fc10000	lw	r1,(r30)
 1109  00001bf0  90220000	lbu	r2,(r1)
 1110  00001bf4  64410000	snei	r1,r2,#0
 1111  00001bf8  1420000c	bnez	r1,L48_LF2
 1112  00001bfc  54000000	nop; delay slot nop
 1113  00001c00  08000070	j	L47_LF2
 1114  00001c04  54000000	nop; delay slot nop
 1115  00001c08          	L48_LF2:
 1116  00001c08  8fc10004	lw	r1,4(r30)
 1117  00001c0c  afc1fff4	sw	-12(r30),r1
 1118  00001c10          	L49_LF2:
 1119  00001c10  8fc1fff4	lw	r1,-12(r30)
 1120  00001c14  90220000	lbu	r2,(r1)
 1121  00001c18  64410000	snei	r1,r2,#0
 1122  00001c1c  1420000c	bnez	r1,L52_LF2
 1123  00001c20  54000000	nop; delay slot nop
 1124  00001c24  08000044	j	L50_LF2
 1125  00001c28  54000000	nop; delay slot nop
 1126  00001c2c          	L52_LF2:
 1127  00001c2c  8fc10000	lw	r1,(r30)
 1128  00001c30  8fc2fff4	lw	r2,-12(r30)
 1129  00001c34  90210000	lbu	r1,(r1)
 1130  00001c38  90420000	lbu	r2,(r2)
 1131  00001c3c  00220828	seq	r1,r1,r2
 1132  00001c40  10200010	beqz	r1,L51_LF2
 1133  00001c44  54000000	nop; delay slot nop
 1134  00001c48  8fc10000	lw	r1,(r30)
 1135  00001c4c  08000030	j	L45_LF2
 1136  00001c50  54000000	nop; delay slot nop
 1137  00001c54          	L53_LF2:
 1138  00001c54          	L51_LF2:
 1139  00001c54  8fc2fff4	lw	r2,-12(r30)
 1140  00001c58  20410001	addi	r1,r2,#1
 1141  00001c5c  00011020	add	r2,r0,r1
 1142  00001c60  afc2fff4	sw	-12(r30),r2
 1143  00001c64  0bffffa8	j	L49_LF2
 1144  00001c68  54000000	nop; delay slot nop
 1145  00001c6c          	L50_LF2:
 1146  00001c6c  0bffff7c	j	L46_LF2
 1147  00001c70  54000000	nop; delay slot nop
 1148  00001c74          	L47_LF2:
 1149  00001c74  20010000	addi	r1,r0,#0
 1150  00001c78  08000004	j	L45_LF2
 1151  00001c7c  54000000	nop; delay slot nop
 1152  00001c80          	L45_LF2:
 1153  00001c80  8fa20000	lw	r2,0(r29)
 1154  00001c84  8fdffff8	lw	r31,-8(r30)
 1155  00001c88  001ee820	add	r29,r0,r30
 1156  00001c8c  8fdefffc	lw	r30,-4(r30)
 1157  00001c90  4be00000	jr	r31
 1158  00001c94  54000000	nop
 1159  00001c98          	.endproc _dmindex
 1160  00001c98          	.align 2
 1161  00001c98          	.proc _dindex
 1162  00001c98          	.global _dindex
 1163  00001c98          	_dindex:
 1164                      ;  Function 'dindex'; 0 bytes of locals, 1 regs to save.
 1165  00001c98  afbefffc	sw	-4(r29),r30; push fp
 1166  00001c9c  001df020	add	r30,r0,r29; fp = sp
 1167  00001ca0  afbffff8	sw	-8(r29),r31; push ret addr
 1168  00001ca4  2fbd0010	subui	r29,r29,#16; alloc local storage
 1169  00001ca8  afa20000	sw	0(r29),r2
 1170  00001cac  54000000	nop
 1171  00001cb0          	L55_LF2:
 1172  00001cb0  8fc10000	lw	r1,(r30)
 1173  00001cb4  90220000	lbu	r2,(r1)
 1174  00001cb8  64410000	snei	r1,r2,#0
 1175  00001cbc  1420000c	bnez	r1,L57_LF2
 1176  00001cc0  54000000	nop; delay slot nop
 1177  00001cc4  08000040	j	L56_LF2
 1178  00001cc8  54000000	nop; delay slot nop
 1179  00001ccc          	L57_LF2:
 1180  00001ccc  8fc10000	lw	r1,(r30)
 1181  00001cd0  90220000	lbu	r2,(r1)
 1182  00001cd4  8fc10004	lw	r1,4(r30)
 1183  00001cd8  00411028	seq	r2,r2,r1
 1184  00001cdc  10400010	beqz	r2,L58_LF2
 1185  00001ce0  54000000	nop; delay slot nop
 1186  00001ce4  8fc10000	lw	r1,(r30)
 1187  00001ce8  08000028	j	L54_LF2
 1188  00001cec  54000000	nop; delay slot nop
 1189  00001cf0          	L58_LF2:
 1190  00001cf0  8fc20000	lw	r2,(r30)
 1191  00001cf4  20410001	addi	r1,r2,#1
 1192  00001cf8  00011020	add	r2,r0,r1
 1193  00001cfc  afc20000	sw	(r30),r2
 1194  00001d00  0bffffac	j	L55_LF2
 1195  00001d04  54000000	nop; delay slot nop
 1196  00001d08          	L56_LF2:
 1197  00001d08  20010000	addi	r1,r0,#0
 1198  00001d0c  08000004	j	L54_LF2
 1199  00001d10  54000000	nop; delay slot nop
 1200  00001d14          	L54_LF2:
 1201  00001d14  8fa20000	lw	r2,0(r29)
 1202  00001d18  8fdffff8	lw	r31,-8(r30)
 1203  00001d1c  001ee820	add	r29,r0,r30
 1204  00001d20  8fdefffc	lw	r30,-4(r30)
 1205  00001d24  4be00000	jr	r31
 1206  00001d28  54000000	nop
 1207  00001d2c          	.endproc _dindex
 1208  00001d2c          	.align 2
 1209  00001d2c          	.proc _ditoa
 1210  00001d2c          	.global _ditoa
 1211  00001d2c          	_ditoa:
 1212                      ;  Function 'ditoa'; 8 bytes of locals, 2 regs to save.
 1213  00001d2c  afbefffc	sw	-4(r29),r30; push fp
 1214  00001d30  001df020	add	r30,r0,r29; fp = sp
 1215  00001d34  afbffff8	sw	-8(r29),r31; push ret addr
 1216  00001d38  2fbd0018	subui	r29,r29,#24; alloc local storage
 1217  00001d3c  afa20000	sw	0(r29),r2
 1218  00001d40  afa30004	sw	4(r29),r3
 1219  00001d44  8fc10000	lw	r1,(r30)
 1220  00001d48  68220000	slti	r2,r1,#0
 1221  00001d4c  1040002c	beqz	r2,L60_LF2
 1222  00001d50  54000000	nop; delay slot nop
 1223  00001d54  8fc10004	lw	r1,4(r30)
 1224  00001d58  20220001	addi	r2,r1,#1
 1225  00001d5c  afc20004	sw	4(r30),r2
 1226  00001d60  2002002d	addi	r2,r0,(#0x2d)&0xff
 1227  00001d64  a0220000	sb	(r1),r2
 1228  00001d68  8fc10000	lw	r1,(r30)
 1229  00001d6c  00011022	sub	r2,r0,r1
 1230  00001d70  afc20000	sw	(r30),r2
 1231  00001d74  08000118	j	L61_LF2
 1232  00001d78  54000000	nop; delay slot nop
 1233  00001d7c          	L60_LF2:
 1234  00001d7c  8fc10000	lw	r1,(r30)
 1235  00001d80  64220000	snei	r2,r1,#0
 1236  00001d84  14400020	bnez	r2,L62_LF2
 1237  00001d88  54000000	nop; delay slot nop
 1238  00001d8c  8fc10004	lw	r1,4(r30)
 1239  00001d90  20220001	addi	r2,r1,#1
 1240  00001d94  afc20004	sw	4(r30),r2
 1241  00001d98  20020030	addi	r2,r0,(#0x30)&0xff
 1242  00001d9c  a0220000	sb	(r1),r2
 1243  00001da0  080000ec	j	L61_LF2
 1244  00001da4  54000000	nop; delay slot nop
 1245  00001da8          	L62_LF2:
 1246  00001da8  20010001	addi	r1,r0,#1
 1247  00001dac  afc1fff4	sw	-12(r30),r1
 1248  00001db0          	L64_LF2:
 1249  00001db0  8fc1fff4	lw	r1,-12(r30)
 1250  00001db4  8fc20000	lw	r2,(r30)
 1251  00001db8  0022082c	sle	r1,r1,r2
 1252  00001dbc  1420000c	bnez	r1,L66_LF2
 1253  00001dc0  54000000	nop; delay slot nop
 1254  00001dc4  08000024	j	L65_LF2
 1255  00001dc8  54000000	nop; delay slot nop
 1256  00001dcc          	L67_LF2:
 1257  00001dcc          	L66_LF2:
 1258  00001dcc  8fc1fff4	lw	r1,-12(r30)
 1259  00001dd0  00011820	add	r3,r0,r1
 1260  00001dd4  50620002	slli	r2,r3,#0x2
 1261  00001dd8  00411020	add	r2,r2,r1
 1262  00001ddc  50410001	slli	r1,r2,#0x1
 1263  00001de0  afc1fff4	sw	-12(r30),r1
 1264  00001de4  0bffffc8	j	L64_LF2
 1265  00001de8  54000000	nop; delay slot nop
 1266  00001dec          	L65_LF2:
 1267  00001dec  54000000	nop
 1268  00001df0          	L68_LF2:
 1269  00001df0  8fc1fff4	lw	r1,-12(r30)
 1270  00001df4  2002000a	addi	r2,r0,#10
 1271  00001df8  00200035	movi2fp	f0,r1
 1272  00001dfc  00400835	movi2fp	f1,r2
 1273  00001e00  0401000f	div	f0,f0,f1
 1274  00001e04  00000834	movfp2i	r1,f0
 1275  00001e08  afc1fff4	sw	-12(r30),r1
 1276  00001e0c  8fc10004	lw	r1,4(r30)
 1277  00001e10  20220001	addi	r2,r1,#1
 1278  00001e14  afc20004	sw	4(r30),r2
 1279  00001e18  8fc20000	lw	r2,(r30)
 1280  00001e1c  8fc3fff4	lw	r3,-12(r30)
 1281  00001e20  00400035	movi2fp	f0,r2
 1282  00001e24  00600835	movi2fp	f1,r3
 1283  00001e28  0401000f	div	f0,f0,f1
 1284  00001e2c  00001034	movfp2i	r2,f0
 1285  00001e30  00021820	add	r3,r0,r2
 1286  00001e34  20620030	addi	r2,r3,#48
 1287  00001e38  a0220000	sb	(r1),r2
 1288  00001e3c  8fc10000	lw	r1,(r30)
 1289  00001e40  8fc3fff4	lw	r3,-12(r30)
 1290  00001e44  00200035	movi2fp	f0,r1
 1291  00001e48  00600835	movi2fp	f1,r3
 1292  00001e4c  0401000f	div	f0,f0,f1
 1293  00001e50  00001034	movfp2i	r2,f0
 1294  00001e54  8fc3fff4	lw	r3,-12(r30)
 1295  00001e58  00400035	movi2fp	f0,r2
 1296  00001e5c  00600835	movi2fp	f1,r3
 1297  00001e60  0401000e	mult	f0,f0,f1
 1298  00001e64  00001034	movfp2i	r2,f0
 1299  00001e68  00220822	sub	r1,r1,r2
 1300  00001e6c  afc10000	sw	(r30),r1
 1301  00001e70          	L70_LF2:
 1302  00001e70  8fc1fff4	lw	r1,-12(r30)
 1303  00001e74  6c220001	sgti	r2,r1,#1
 1304  00001e78  1440000c	bnez	r2,L71_LF2
 1305  00001e7c  54000000	nop; delay slot nop
 1306  00001e80  0800000c	j	L61_LF2
 1307  00001e84  54000000	nop; delay slot nop
 1308  00001e88          	L71_LF2:
 1309  00001e88  0bffff64	j	L68_LF2
 1310  00001e8c  54000000	nop; delay slot nop
 1311  00001e90          	L69_LF2:
 1312  00001e90          	L63_LF2:
 1313  00001e90          	L61_LF2:
 1314  00001e90  8fc10004	lw	r1,4(r30)
 1315  00001e94  20020000	addi	r2,r0,(#0x0)&0xff
 1316  00001e98  a0220000	sb	(r1),r2
 1317  00001e9c          	L59_LF2:
 1318  00001e9c  8fa20000	lw	r2,0(r29)
 1319  00001ea0  8fa30004	lw	r3,4(r29)
 1320  00001ea4  8fdffff8	lw	r31,-8(r30)
 1321  00001ea8  001ee820	add	r29,r0,r30
 1322  00001eac  8fdefffc	lw	r30,-4(r30)
 1323  00001eb0  4be00000	jr	r31
 1324  00001eb4  54000000	nop
 1325  00001eb8          	.endproc _ditoa
 1326  00001eb8          	.align 2
 1327  00001eb8          	.proc _dstrtol
 1328  00001eb8          	.global _dstrtol
 1329  00001eb8          	_dstrtol:
 1330                      ;  Function 'dstrtol'; 16 bytes of locals, 1 regs to save.
 1331  00001eb8  afbefffc	sw	-4(r29),r30; push fp
 1332  00001ebc  001df020	add	r30,r0,r29; fp = sp
 1333  00001ec0  afbffff8	sw	-8(r29),r31; push ret addr
 1334  00001ec4  2fbd0020	subui	r29,r29,#32; alloc local storage
 1335  00001ec8  afa20000	sw	0(r29),r2
 1336  00001ecc  20010000	addi	r1,r0,#0
 1337  00001ed0  afc1fff4	sw	-12(r30),r1
 1338  00001ed4          	L73_LF2:
 1339  00001ed4  8fc10000	lw	r1,(r30)
 1340  00001ed8  90220000	lbu	r2,(r1)
 1341  00001edc  60410020	seqi	r1,r2,#32
 1342  00001ee0  14200034	bnez	r1,L75_LF2
 1343  00001ee4  54000000	nop; delay slot nop
 1344  00001ee8  8fc10000	lw	r1,(r30)
 1345  00001eec  90220000	lbu	r2,(r1)
 1346  00001ef0  60410009	seqi	r1,r2,#9
 1347  00001ef4  14200020	bnez	r1,L75_LF2
 1348  00001ef8  54000000	nop; delay slot nop
 1349  00001efc  8fc10000	lw	r1,(r30)
 1350  00001f00  90220000	lbu	r2,(r1)
 1351  00001f04  6041000a	seqi	r1,r2,#10
 1352  00001f08  1420000c	bnez	r1,L75_LF2
 1353  00001f0c  54000000	nop; delay slot nop
 1354  00001f10  0800001c	j	L74_LF2
 1355  00001f14  54000000	nop; delay slot nop
 1356  00001f18          	L75_LF2:
 1357  00001f18  8fc20000	lw	r2,(r30)
 1358  00001f1c  20410001	addi	r1,r2,#1
 1359  00001f20  00011020	add	r2,r0,r1
 1360  00001f24  afc20000	sw	(r30),r2
 1361  00001f28  0bffffa8	j	L73_LF2
 1362  00001f2c  54000000	nop; delay slot nop
 1363  00001f30          	L74_LF2:
 1364  00001f30  8fc10004	lw	r1,4(r30)
 1365  00001f34  64220000	snei	r2,r1,#0
 1366  00001f38  10400010	beqz	r2,L76_LF2
 1367  00001f3c  54000000	nop; delay slot nop
 1368  00001f40  8fc10004	lw	r1,4(r30)
 1369  00001f44  8fc20000	lw	r2,(r30)
 1370  00001f48  ac220000	sw	(r1),r2
 1371  00001f4c          	L76_LF2:
 1372  00001f4c  8fc10000	lw	r1,(r30)
 1373  00001f50  90220000	lbu	r2,(r1)
 1374  00001f54  64410000	snei	r1,r2,#0
 1375  00001f58  14200010	bnez	r1,L77_LF2
 1376  00001f5c  54000000	nop; delay slot nop
 1377  00001f60  8fc1fff4	lw	r1,-12(r30)
 1378  00001f64  08000294	j	L72_LF2
 1379  00001f68  54000000	nop; delay slot nop
 1380  00001f6c          	L77_LF2:
 1381  00001f6c  8fc10000	lw	r1,(r30)
 1382  00001f70  90220000	lbu	r2,(r1)
 1383  00001f74  6041002d	seqi	r1,r2,#45
 1384  00001f78  10200024	beqz	r1,L78_LF2
 1385  00001f7c  54000000	nop; delay slot nop
 1386  00001f80  2001ffff	addi	r1,r0,#-1
 1387  00001f84  afc1ffec	sw	-20(r30),r1
 1388  00001f88  8fc20000	lw	r2,(r30)
 1389  00001f8c  20410001	addi	r1,r2,#1
 1390  00001f90  00011020	add	r2,r0,r1
 1391  00001f94  afc20000	sw	(r30),r2
 1392  00001f98  0800000c	j	L79_LF2
 1393  00001f9c  54000000	nop; delay slot nop
 1394  00001fa0          	L78_LF2:
 1395  00001fa0  20010001	addi	r1,r0,#1
 1396  00001fa4  afc1ffec	sw	-20(r30),r1
 1397  00001fa8          	L79_LF2:
 1398  00001fa8  8fc10008	lw	r1,8(r30)
 1399  00001fac  64220000	snei	r2,r1,#0
 1400  00001fb0  14400090	bnez	r2,L80_LF2
 1401  00001fb4  54000000	nop; delay slot nop
 1402  00001fb8  8fc10000	lw	r1,(r30)
 1403  00001fbc  90220000	lbu	r2,(r1)
 1404  00001fc0  60410030	seqi	r1,r2,#48
 1405  00001fc4  10200074	beqz	r1,L81_LF2
 1406  00001fc8  54000000	nop; delay slot nop
 1407  00001fcc  8fc20000	lw	r2,(r30)
 1408  00001fd0  20410001	addi	r1,r2,#1
 1409  00001fd4  00011020	add	r2,r0,r1
 1410  00001fd8  afc20000	sw	(r30),r2
 1411  00001fdc  8fc10000	lw	r1,(r30)
 1412  00001fe0  90220000	lbu	r2,(r1)
 1413  00001fe4  60410078	seqi	r1,r2,#120
 1414  00001fe8  14200020	bnez	r1,L83_LF2
 1415  00001fec  54000000	nop; delay slot nop
 1416  00001ff0  8fc10000	lw	r1,(r30)
 1417  00001ff4  90220000	lbu	r2,(r1)
 1418  00001ff8  60410058	seqi	r1,r2,#88
 1419  00001ffc  1420000c	bnez	r1,L83_LF2
 1420  00002000  54000000	nop; delay slot nop
 1421  00002004  08000024	j	L82_LF2
 1422  00002008  54000000	nop; delay slot nop
 1423  0000200c          	L83_LF2:
 1424  0000200c  20010010	addi	r1,r0,#16
 1425  00002010  afc10008	sw	8(r30),r1
 1426  00002014  8fc20000	lw	r2,(r30)
 1427  00002018  20410001	addi	r1,r2,#1
 1428  0000201c  00011020	add	r2,r0,r1
 1429  00002020  afc20000	sw	(r30),r2
 1430  00002024  0800000c	j	L84_LF2
 1431  00002028  54000000	nop; delay slot nop
 1432  0000202c          	L82_LF2:
 1433  0000202c  20010008	addi	r1,r0,#8
 1434  00002030  afc10008	sw	8(r30),r1
 1435  00002034          	L84_LF2:
 1436  00002034  0800000c	j	L80_LF2
 1437  00002038  54000000	nop; delay slot nop
 1438  0000203c          	L81_LF2:
 1439  0000203c  2001000a	addi	r1,r0,#10
 1440  00002040  afc10008	sw	8(r30),r1
 1441  00002044          	L85_LF2:
 1442  00002044          	L80_LF2:
 1443  00002044  8fc10008	lw	r1,8(r30)
 1444  00002048  70220000	slei	r2,r1,#0
 1445  0000204c  1440001c	bnez	r2,L87_LF2
 1446  00002050  54000000	nop; delay slot nop
 1447  00002054  8fc10008	lw	r1,8(r30)
 1448  00002058  6c220010	sgti	r2,r1,#16
 1449  0000205c  1440000c	bnez	r2,L87_LF2
 1450  00002060  54000000	nop; delay slot nop
 1451  00002064  08000010	j	L86_LF2
 1452  00002068  54000000	nop; delay slot nop
 1453  0000206c          	L87_LF2:
 1454  0000206c  8fc1fff4	lw	r1,-12(r30)
 1455  00002070  08000188	j	L72_LF2
 1456  00002074  54000000	nop; delay slot nop
 1457  00002078          	L86_LF2:
 1458  00002078  54000000	nop
 1459  0000207c          	L88_LF2:
 1460  0000207c  8fc10000	lw	r1,(r30)
 1461  00002080  90220000	lbu	r2,(r1)
 1462  00002084  6c41002f	sgtui	r1,r2,#47
 1463  00002088  10200030	beqz	r1,L91_LF2
 1464  0000208c  54000000	nop; delay slot nop
 1465  00002090  8fc10000	lw	r1,(r30)
 1466  00002094  90220000	lbu	r2,(r1)
 1467  00002098  70410039	sleui	r1,r2,#57
 1468  0000209c  1020001c	beqz	r1,L91_LF2
 1469  000020a0  54000000	nop; delay slot nop
 1470  000020a4  8fc10000	lw	r1,(r30)
 1471  000020a8  90220000	lbu	r2,(r1)
 1472  000020ac  2041ffd0	addi	r1,r2,#-48
 1473  000020b0  afc1fff0	sw	-16(r30),r1
 1474  000020b4  0800008c	j	L92_LF2
 1475  000020b8  54000000	nop; delay slot nop
 1476  000020bc          	L91_LF2:
 1477  000020bc  8fc10000	lw	r1,(r30)
 1478  000020c0  90220000	lbu	r2,(r1)
 1479  000020c4  6c410060	sgtui	r1,r2,#96
 1480  000020c8  10200030	beqz	r1,L93_LF2
 1481  000020cc  54000000	nop; delay slot nop
 1482  000020d0  8fc10000	lw	r1,(r30)
 1483  000020d4  90220000	lbu	r2,(r1)
 1484  000020d8  7041007a	sleui	r1,r2,#122
 1485  000020dc  1020001c	beqz	r1,L93_LF2
 1486  000020e0  54000000	nop; delay slot nop
 1487  000020e4  8fc10000	lw	r1,(r30)
 1488  000020e8  90220000	lbu	r2,(r1)
 1489  000020ec  2041ffa9	addi	r1,r2,#-87
 1490  000020f0  afc1fff0	sw	-16(r30),r1
 1491  000020f4  0800004c	j	L92_LF2
 1492  000020f8  54000000	nop; delay slot nop
 1493  000020fc          	L93_LF2:
 1494  000020fc  8fc10000	lw	r1,(r30)
 1495  00002100  90220000	lbu	r2,(r1)
 1496  00002104  6c410040	sgtui	r1,r2,#64
 1497  00002108  10200030	beqz	r1,L95_LF2
 1498  0000210c  54000000	nop; delay slot nop
 1499  00002110  8fc10000	lw	r1,(r30)
 1500  00002114  90220000	lbu	r2,(r1)
 1501  00002118  7041005a	sleui	r1,r2,#90
 1502  0000211c  1020001c	beqz	r1,L95_LF2
 1503  00002120  54000000	nop; delay slot nop
 1504  00002124  8fc10000	lw	r1,(r30)
 1505  00002128  90220000	lbu	r2,(r1)
 1506  0000212c  2041ffc9	addi	r1,r2,#-55
 1507  00002130  afc1fff0	sw	-16(r30),r1
 1508  00002134  0800000c	j	L92_LF2
 1509  00002138  54000000	nop; delay slot nop
 1510  0000213c          	L95_LF2:
 1511  0000213c  200103e8	addi	r1,r0,#1000
 1512  00002140  afc1fff0	sw	-16(r30),r1
 1513  00002144          	L96_LF2:
 1514  00002144          	L94_LF2:
 1515  00002144          	L92_LF2:
 1516  00002144  8fc1fff0	lw	r1,-16(r30)
 1517  00002148  8fc20008	lw	r2,8(r30)
 1518  0000214c  0022082a	slt	r1,r1,r2
 1519  00002150  10200040	beqz	r1,L90_LF2
 1520  00002154  54000000	nop; delay slot nop
 1521  00002158  8fc1fff4	lw	r1,-12(r30)
 1522  0000215c  8fc20008	lw	r2,8(r30)
 1523  00002160  00200035	movi2fp	f0,r1
 1524  00002164  00400835	movi2fp	f1,r2
 1525  00002168  0401000e	mult	f0,f0,f1
 1526  0000216c  00000834	movfp2i	r1,f0
 1527  00002170  afc1fff4	sw	-12(r30),r1
 1528  00002174  8fc1fff4	lw	r1,-12(r30)
 1529  00002178  8fc2fff0	lw	r2,-16(r30)
 1530  0000217c  00220820	add	r1,r1,r2
 1531  00002180  afc1fff4	sw	-12(r30),r1
 1532  00002184  8fc20000	lw	r2,(r30)
 1533  00002188  20410001	addi	r1,r2,#1
 1534  0000218c  00011020	add	r2,r0,r1
 1535  00002190  afc20000	sw	(r30),r2
 1536  00002194          	L97_LF2:
 1537  00002194          	L90_LF2:
 1538  00002194  8fc1fff0	lw	r1,-16(r30)
 1539  00002198  8fc20008	lw	r2,8(r30)
 1540  0000219c  0022082a	slt	r1,r1,r2
 1541  000021a0  1420000c	bnez	r1,L98_LF2
 1542  000021a4  54000000	nop; delay slot nop
 1543  000021a8  0800000c	j	L89_LF2
 1544  000021ac  54000000	nop; delay slot nop
 1545  000021b0          	L98_LF2:
 1546  000021b0  0bfffec8	j	L88_LF2
 1547  000021b4  54000000	nop; delay slot nop
 1548  000021b8          	L89_LF2:
 1549  000021b8  8fc10004	lw	r1,4(r30)
 1550  000021bc  64220000	snei	r2,r1,#0
 1551  000021c0  10400010	beqz	r2,L99_LF2
 1552  000021c4  54000000	nop; delay slot nop
 1553  000021c8  8fc10004	lw	r1,4(r30)
 1554  000021cc  8fc20000	lw	r2,(r30)
 1555  000021d0  ac220000	sw	(r1),r2
 1556  000021d4          	L99_LF2:
 1557  000021d4  8fc1fff4	lw	r1,-12(r30)
 1558  000021d8  8fc2ffec	lw	r2,-20(r30)
 1559  000021dc  00200035	movi2fp	f0,r1
 1560  000021e0  00400835	movi2fp	f1,r2
 1561  000021e4  0401000e	mult	f0,f0,f1
 1562  000021e8  00000834	movfp2i	r1,f0
 1563  000021ec  afc1fff4	sw	-12(r30),r1
 1564  000021f0  8fc1fff4	lw	r1,-12(r30)
 1565  000021f4  08000004	j	L72_LF2
 1566  000021f8  54000000	nop; delay slot nop
 1567  000021fc          	L72_LF2:
 1568  000021fc  8fa20000	lw	r2,0(r29)
 1569  00002200  8fdffff8	lw	r31,-8(r30)
 1570  00002204  001ee820	add	r29,r0,r30
 1571  00002208  8fdefffc	lw	r30,-4(r30)
 1572  0000220c  4be00000	jr	r31
 1573  00002210  54000000	nop
 1574  00002214          	.endproc _dstrtol
 1575  00002214          	.align 2
 1576  00002214          	.proc _bcopy
 1577  00002214          	.global _bcopy
 1578  00002214          	_bcopy:
 1579                      ;  Function 'bcopy'; 0 bytes of locals, 2 regs to save.
 1580  00002214  afbefffc	sw	-4(r29),r30; push fp
 1581  00002218  001df020	add	r30,r0,r29; fp = sp
 1582  0000221c  afbffff8	sw	-8(r29),r31; push ret addr
 1583  00002220  2fbd0010	subui	r29,r29,#16; alloc local storage
 1584  00002224  afa20000	sw	0(r29),r2
 1585  00002228  afa30004	sw	4(r29),r3
 1586  0000222c  54000000	nop
 1587  00002230          	L101_LF2:
 1588  00002230  8fc10008	lw	r1,8(r30)
 1589  00002234  2022ffff	addi	r2,r1,#-1
 1590  00002238  afc20008	sw	8(r30),r2
 1591  0000223c  6c210000	sgti	r1,r1,#0
 1592  00002240  1420000c	bnez	r1,L103_LF2
 1593  00002244  54000000	nop; delay slot nop
 1594  00002248  0800002c	j	L102_LF2
 1595  0000224c  54000000	nop; delay slot nop
 1596  00002250          	L103_LF2:
 1597  00002250  8fc10004	lw	r1,4(r30)
 1598  00002254  20220001	addi	r2,r1,#1
 1599  00002258  afc20004	sw	4(r30),r2
 1600  0000225c  8fc20000	lw	r2,(r30)
 1601  00002260  20430001	addi	r3,r2,#1
 1602  00002264  afc30000	sw	(r30),r3
 1603  00002268  80420000	lb	r2,(r2)
 1604  0000226c  a0220000	sb	(r1),r2
 1605  00002270  0bffffbc	j	L101_LF2
 1606  00002274  54000000	nop; delay slot nop
 1607  00002278          	L102_LF2:
 1608  00002278          	L100_LF2:
 1609  00002278  8fa20000	lw	r2,0(r29)
 1610  0000227c  8fa30004	lw	r3,4(r29)
 1611  00002280  8fdffff8	lw	r31,-8(r30)
 1612  00002284  001ee820	add	r29,r0,r30
 1613  00002288  8fdefffc	lw	r30,-4(r30)
 1614  0000228c  4be00000	jr	r31
 1615  00002290  54000000	nop
 1616  00002294          	.endproc _bcopy
 1617  00002294          	.align 2
 1618  00002294          	.proc _bzero
 1619  00002294          	.global _bzero
 1620  00002294          	_bzero:
 1621                      ;  Function 'bzero'; 0 bytes of locals, 1 regs to save.
 1622  00002294  afbefffc	sw	-4(r29),r30; push fp
 1623  00002298  001df020	add	r30,r0,r29; fp = sp
 1624  0000229c  afbffff8	sw	-8(r29),r31; push ret addr
 1625  000022a0  2fbd0010	subui	r29,r29,#16; alloc local storage
 1626  000022a4  afa20000	sw	0(r29),r2
 1627  000022a8  54000000	nop
 1628  000022ac          	L105_LF2:
 1629  000022ac  8fc10004	lw	r1,4(r30)
 1630  000022b0  2022ffff	addi	r2,r1,#-1
 1631  000022b4  afc20004	sw	4(r30),r2
 1632  000022b8  6c210000	sgti	r1,r1,#0
 1633  000022bc  1420000c	bnez	r1,L107_LF2
 1634  000022c0  54000000	nop; delay slot nop
 1635  000022c4  08000020	j	L106_LF2
 1636  000022c8  54000000	nop; delay slot nop
 1637  000022cc          	L107_LF2:
 1638  000022cc  8fc10000	lw	r1,(r30)
 1639  000022d0  20220001	addi	r2,r1,#1
 1640  000022d4  afc20000	sw	(r30),r2
 1641  000022d8  20020000	addi	r2,r0,(#0x0)&0xff
 1642  000022dc  a0220000	sb	(r1),r2
 1643  000022e0  0bffffc8	j	L105_LF2
 1644  000022e4  54000000	nop; delay slot nop
 1645  000022e8          	L106_LF2:
 1646  000022e8          	L104_LF2:
 1647  000022e8  8fa20000	lw	r2,0(r29)
 1648  000022ec  8fdffff8	lw	r31,-8(r30)
 1649  000022f0  001ee820	add	r29,r0,r30
 1650  000022f4  8fdefffc	lw	r30,-4(r30)
 1651  000022f8  4be00000	jr	r31
 1652  000022fc  54000000	nop
 1653  00002300          	.endproc _bzero
 1654  00002300          	.align 2
 1655  00002300          	.proc _min
 1656  00002300          	.global _min
 1657  00002300          	_min:
 1658                      ;  Function 'min'; 0 bytes of locals, 2 regs to save.
 1659  00002300  afbefffc	sw	-4(r29),r30; push fp
 1660  00002304  001df020	add	r30,r0,r29; fp = sp
 1661  00002308  afbffff8	sw	-8(r29),r31; push ret addr
 1662  0000230c  2fbd0010	subui	r29,r29,#16; alloc local storage
 1663  00002310  afa20000	sw	0(r29),r2
 1664  00002314  afa30004	sw	4(r29),r3
 1665  00002318  8fc10000	lw	r1,(r30)
 1666  0000231c  8fc20004	lw	r2,4(r30)
 1667  00002320  0022182c	sle	r3,r1,r2
 1668  00002324  14600008	bnez	r3,L109_LF2
 1669  00002328  54000000	nop; delay slot nop
 1670  0000232c  8fc10004	lw	r1,4(r30)
 1671  00002330          	L109_LF2:
 1672  00002330  08000004	j	L108_LF2
 1673  00002334  54000000	nop; delay slot nop
 1674  00002338          	L108_LF2:
 1675  00002338  8fa20000	lw	r2,0(r29)
 1676  0000233c  8fa30004	lw	r3,4(r29)
 1677  00002340  8fdffff8	lw	r31,-8(r30)
 1678  00002344  001ee820	add	r29,r0,r30
 1679  00002348  8fdefffc	lw	r30,-4(r30)
 1680  0000234c  4be00000	jr	r31
 1681  00002350  54000000	nop
 1682  00002354          	.endproc _min
 1683  00002354          	.align 2
 1684  00002354          	.proc _max
 1685  00002354          	.global _max
 1686  00002354          	_max:
 1687                      ;  Function 'max'; 0 bytes of locals, 2 regs to save.
 1688  00002354  afbefffc	sw	-4(r29),r30; push fp
 1689  00002358  001df020	add	r30,r0,r29; fp = sp
 1690  0000235c  afbffff8	sw	-8(r29),r31; push ret addr
 1691  00002360  2fbd0010	subui	r29,r29,#16; alloc local storage
 1692  00002364  afa20000	sw	0(r29),r2
 1693  00002368  afa30004	sw	4(r29),r3
 1694  0000236c  8fc10000	lw	r1,(r30)
 1695  00002370  8fc20004	lw	r2,4(r30)
 1696  00002374  0022182d	sge	r3,r1,r2
 1697  00002378  14600008	bnez	r3,L111_LF2
 1698  0000237c  54000000	nop; delay slot nop
 1699  00002380  8fc10004	lw	r1,4(r30)
 1700  00002384          	L111_LF2:
 1701  00002384  08000004	j	L110_LF2
 1702  00002388  54000000	nop; delay slot nop
 1703  0000238c          	L110_LF2:
 1704  0000238c  8fa20000	lw	r2,0(r29)
 1705  00002390  8fa30004	lw	r3,4(r29)
 1706  00002394  8fdffff8	lw	r31,-8(r30)
 1707  00002398  001ee820	add	r29,r0,r30
 1708  0000239c  8fdefffc	lw	r30,-4(r30)
 1709  000023a0  4be00000	jr	r31
 1710  000023a4  54000000	nop
 1711  000023a8          	.endproc _max
 1712                      ;;; Ethan L. Miller, 1999.  Released to the public domain
 1713                      ;;;
 1714                      ;;; Most of the traps are called in files from libtraps.
 1717  000023a8          	.align 2
 1718  000023a8          	.proc _exit
 1719  000023a8          	.global _exit
 1720  000023a8          	_exit:
 1721  000023a8  44000300	trap	#0x300
 1722  000023ac  4be00000	jr	r31
 1723  000023b0  54000000	nop
 1724  000023b4          	.endproc _exit
 1726                      ; for the benefit of gcc.
 1727  000023b4          	.proc ___main
 1728  000023b4          	.global ___main
 1729  000023b4          	___main:
 1730  000023b4  4be00000	jr	r31
 1731  000023b8  54000000	nop
 1732  000023bc          	.endproc ___main
 1733  000023bc          	.text
 1734  000023bc          	.global _etext
 1735  000023bc          	_etext:
 1736  000023bc          	.align 3
 1737  000023c0          	.data
 1738  000031b3          	.global _edata
 1739  000031b3          	_edata:
